2024-11-27 20:51:47,103 INFO o.a.j.u.JMeterUtils: Setting Locale to en_EN
2024-11-27 20:51:47,236 INFO o.a.j.JMeter: Loading user properties from: C:\Utils\apache-jmeter-5.6.3\bin\user.properties
2024-11-27 20:51:47,237 INFO o.a.j.JMeter: Loading system properties from: C:\Utils\apache-jmeter-5.6.3\bin\system.properties
2024-11-27 20:51:47,246 INFO o.a.j.JMeter: Copyright (c) 1998-2024 The Apache Software Foundation
2024-11-27 20:51:47,246 INFO o.a.j.JMeter: Version 5.6.3
2024-11-27 20:51:47,246 INFO o.a.j.JMeter: java.version=19.0.1
2024-11-27 20:51:47,247 INFO o.a.j.JMeter: java.vm.name=Java HotSpot(TM) 64-Bit Server VM
2024-11-27 20:51:47,254 INFO o.a.j.JMeter: os.name=Windows 10
2024-11-27 20:51:47,254 INFO o.a.j.JMeter: os.arch=amd64
2024-11-27 20:51:47,254 INFO o.a.j.JMeter: os.version=10.0
2024-11-27 20:51:47,254 INFO o.a.j.JMeter: file.encoding=UTF-8
2024-11-27 20:51:47,254 INFO o.a.j.JMeter: java.awt.headless=true
2024-11-27 20:51:47,254 INFO o.a.j.JMeter: Max memory     =1073741824
2024-11-27 20:51:47,255 INFO o.a.j.JMeter: Available Processors =16
2024-11-27 20:51:47,286 INFO o.a.j.JMeter: Default Locale=English (EN)
2024-11-27 20:51:47,287 INFO o.a.j.JMeter: JMeter  Locale=English (EN)
2024-11-27 20:51:47,287 INFO o.a.j.JMeter: JMeterHome=C:\Utils\apache-jmeter-5.6.3
2024-11-27 20:51:47,287 INFO o.a.j.JMeter: user.dir  =C:\Users\danie\Dropbox\bonjr\coding\VSProjects\Lets_SAS_RPI_Websites\Jmeter
2024-11-27 20:51:47,288 INFO o.a.j.JMeter: PWD       =C:\Users\danie\Dropbox\bonjr\coding\VSProjects\Lets_SAS_RPI_Websites\Jmeter
2024-11-27 20:51:51,948 INFO o.a.j.JMeter: IP: 169.254.5.254 Name: OlijebwaPC FullName: OlijebwaPC
2024-11-27 20:51:51,966 INFO o.a.j.s.FileServer: Default base='C:\Users\danie\Dropbox\bonjr\coding\VSProjects\Lets_SAS_RPI_Websites\Jmeter'
2024-11-27 20:51:51,967 INFO o.a.j.s.FileServer: Set new base='C:\Users\danie\Dropbox\bonjr\coding\VSProjects\Lets_SAS_RPI_Websites\Jmeter'
2024-11-27 20:51:52,895 INFO o.a.j.s.SaveService: Testplan (JMX) version: 2.2. Testlog (JTL) version: 2.2
2024-11-27 20:51:53,034 INFO o.a.j.s.SaveService: Using SaveService properties version 5.0
2024-11-27 20:51:53,037 INFO o.a.j.s.SaveService: Using SaveService properties file encoding UTF-8
2024-11-27 20:51:53,040 INFO o.a.j.s.SaveService: Loading file: C:\Users\danie\Dropbox\bonjr\coding\VSProjects\Lets_SAS_RPI_Websites\Jmeter\traffic_simulation_spike.jmx
2024-11-27 20:51:53,361 INFO o.a.j.p.h.s.HTTPSamplerBase: Parser for text/html is org.apache.jmeter.protocol.http.parser.LagartoBasedHtmlParser
2024-11-27 20:51:53,361 INFO o.a.j.p.h.s.HTTPSamplerBase: Parser for application/xhtml+xml is org.apache.jmeter.protocol.http.parser.LagartoBasedHtmlParser
2024-11-27 20:51:53,361 INFO o.a.j.p.h.s.HTTPSamplerBase: Parser for application/xml is org.apache.jmeter.protocol.http.parser.LagartoBasedHtmlParser
2024-11-27 20:51:53,362 INFO o.a.j.p.h.s.HTTPSamplerBase: Parser for text/xml is org.apache.jmeter.protocol.http.parser.LagartoBasedHtmlParser
2024-11-27 20:51:53,362 INFO o.a.j.p.h.s.HTTPSamplerBase: Parser for text/vnd.wap.wml is org.apache.jmeter.protocol.http.parser.RegexpHTMLParser
2024-11-27 20:51:53,362 INFO o.a.j.p.h.s.HTTPSamplerBase: Parser for text/css is org.apache.jmeter.protocol.http.parser.CssParser
2024-11-27 20:51:53,535 INFO o.a.j.JMeter: Creating summariser <summary>
2024-11-27 20:51:53,682 INFO o.a.j.e.StandardJMeterEngine: Running the test!
2024-11-27 20:51:53,683 INFO o.a.j.s.SampleEvent: List of sample_variables: [FLIGHTTOCOUNT, FLIGHTRETCOUNT, ONEWAY]
2024-11-27 20:51:53,683 INFO o.a.j.s.SampleEvent: List of sample_variables: [FLIGHTTOCOUNT, FLIGHTRETCOUNT, ONEWAY]
2024-11-27 20:51:53,687 INFO o.a.j.e.u.CompoundVariable: Note: Function class names must contain the string: '.functions.'
2024-11-27 20:51:53,688 INFO o.a.j.e.u.CompoundVariable: Note: Function class names must not contain the string: '.gui.'
2024-11-27 20:51:53,802 INFO o.a.j.r.ClassFinder: Will scan jar C:\Utils\apache-jmeter-5.6.3\lib\ext\jmeter-plugins-casutg-2.10.jar with filter ExtendsClassFilter [parents=[interface org.apache.jmeter.functions.Function], inner=false, contains=null, notContains=null]. Consider exposing JMeter plugins via META-INF/services, and add JMeter-Skip-Class-Scanning=true manifest attribute so JMeter can skip classfile scanning
2024-11-27 20:51:53,816 INFO o.a.j.r.ClassFinder: Will scan jar C:\Utils\apache-jmeter-5.6.3\lib\ext\json-simple-1.1.1.jar with filter ExtendsClassFilter [parents=[interface org.apache.jmeter.functions.Function], inner=false, contains=null, notContains=null]. Consider exposing JMeter plugins via META-INF/services, and add JMeter-Skip-Class-Scanning=true manifest attribute so JMeter can skip classfile scanning
2024-11-27 20:51:53,820 INFO o.a.j.r.ClassFinder: Will scan jar C:\Utils\apache-jmeter-5.6.3\lib\ext\acmeair-jmeter-2.0.0-SNAPSHOT.jar with filter ExtendsClassFilter [parents=[interface org.apache.jmeter.functions.Function], inner=false, contains=null, notContains=null]. Consider exposing JMeter plugins via META-INF/services, and add JMeter-Skip-Class-Scanning=true manifest attribute so JMeter can skip classfile scanning
2024-11-27 20:51:53,854 INFO o.a.j.r.ClassFinder: Will scan jar C:\Utils\apache-jmeter-5.6.3\lib\ext\jmeter-plugins-manager-1.6.jar with filter ExtendsClassFilter [parents=[interface org.apache.jmeter.functions.Function], inner=false, contains=null, notContains=null]. Consider exposing JMeter plugins via META-INF/services, and add JMeter-Skip-Class-Scanning=true manifest attribute so JMeter can skip classfile scanning
2024-11-27 20:51:54,161 INFO o.a.j.r.ClassFinder: Will scan jar C:\Utils\apache-jmeter-5.6.3\lib\ext\jmeter-plugins-manager-1.10.jar with filter ExtendsClassFilter [parents=[interface org.apache.jmeter.functions.Function], inner=false, contains=null, notContains=null]. Consider exposing JMeter plugins via META-INF/services, and add JMeter-Skip-Class-Scanning=true manifest attribute so JMeter can skip classfile scanning
2024-11-27 20:51:54,172 INFO o.a.j.JMeter: Running test (1732758714172)
2024-11-27 20:51:54,256 INFO o.a.j.e.StandardJMeterEngine: Starting ThreadGroup: 1 : Thread Group
2024-11-27 20:51:54,256 INFO o.a.j.e.StandardJMeterEngine: Starting 500 threads for group Thread Group.
2024-11-27 20:51:54,257 INFO o.a.j.e.StandardJMeterEngine: Thread will continue on error
2024-11-27 20:51:54,257 INFO o.a.j.t.ThreadGroup: Starting thread group... number=1 threads=500 ramp-up=10 delayedStart=false
2024-11-27 20:51:54,350 INFO o.a.j.t.JMeterThread: Thread started: Thread Group 1-1
2024-11-27 20:51:54,358 INFO o.a.j.t.JMeterThread: Thread started: Thread Group 1-4
2024-11-27 20:51:54,363 INFO o.a.j.t.ThreadGroup: Started thread group number 1
2024-11-27 20:51:54,363 INFO o.a.j.e.StandardJMeterEngine: All thread groups have been started
2024-11-27 20:51:54,379 INFO o.a.j.t.JMeterThread: Thread started: Thread Group 1-5
2024-11-27 20:51:54,379 INFO o.a.j.t.JMeterThread: Thread started: Thread Group 1-6
2024-11-27 20:51:54,401 INFO o.a.j.t.JMeterThread: Thread started: Thread Group 1-7
2024-11-27 20:51:54,540 INFO o.a.j.t.JMeterThread: Thread started: Thread Group 1-14
2024-11-27 20:51:54,555 INFO o.a.j.t.JMeterThread: Thread started: Thread Group 1-15
2024-11-27 20:51:54,570 INFO o.a.j.t.JMeterThread: Thread started: Thread Group 1-12
2024-11-27 20:51:54,580 INFO o.a.j.t.JMeterThread: Thread started: Thread Group 1-13
2024-11-27 20:51:54,705 INFO o.a.j.t.JMeterThread: Thread started: Thread Group 1-22
2024-11-27 20:51:55,405 INFO o.a.j.t.JMeterThread: Thread started: Thread Group 1-55
2024-11-27 20:51:55,551 INFO o.a.j.t.JMeterThread: Thread started: Thread Group 1-60
2024-11-27 20:51:55,726 INFO o.a.j.t.JMeterThread: Thread started: Thread Group 1-68
2024-11-27 20:51:57,192 INFO o.a.j.t.JMeterThread: Thread started: Thread Group 1-147
2024-11-27 20:51:57,630 INFO o.a.j.t.JMeterThread: Thread started: Thread Group 1-2
2024-11-27 20:51:56,746 INFO o.a.j.t.JMeterThread: Thread started: Thread Group 1-118
2024-11-27 20:51:56,403 INFO o.a.j.t.JMeterThread: Thread started: Thread Group 1-103
2024-11-27 20:51:56,365 INFO o.a.j.t.JMeterThread: Thread started: Thread Group 1-102
2024-11-27 20:51:56,151 INFO o.a.j.t.JMeterThread: Thread started: Thread Group 1-53
2024-11-27 20:51:55,901 INFO o.a.j.t.JMeterThread: Thread started: Thread Group 1-77
2024-11-27 20:51:56,043 INFO o.a.j.t.JMeterThread: Thread started: Thread Group 1-86
2024-11-27 20:51:55,879 INFO o.a.j.t.JMeterThread: Thread started: Thread Group 1-78
2024-11-27 20:51:55,842 INFO o.a.j.t.JMeterThread: Thread started: Thread Group 1-76
2024-11-27 20:51:56,116 INFO o.a.j.t.JMeterThread: Thread started: Thread Group 1-87
2024-11-27 20:51:57,628 INFO o.a.j.t.JMeterThread: Thread started: Thread Group 1-69
2024-11-27 20:51:57,628 INFO o.a.j.t.JMeterThread: Thread started: Thread Group 1-63
2024-11-27 20:51:55,544 INFO o.a.j.t.JMeterThread: Thread started: Thread Group 1-62
2024-11-27 20:51:55,694 INFO o.a.j.t.JMeterThread: Thread started: Thread Group 1-70
2024-11-27 20:51:55,575 INFO o.a.j.t.JMeterThread: Thread started: Thread Group 1-61
2024-11-27 20:51:57,448 INFO o.a.j.t.JMeterThread: Thread started: Thread Group 1-34
2024-11-27 20:51:57,313 INFO o.a.j.t.JMeterThread: Thread started: Thread Group 1-117
2024-11-27 20:51:57,632 INFO o.a.j.t.JMeterThread: Thread started: Thread Group 1-124
2024-11-27 20:51:57,429 INFO o.a.j.t.JMeterThread: Thread started: Thread Group 1-47
2024-11-27 20:51:57,495 INFO o.a.j.t.JMeterThread: Thread started: Thread Group 1-35
2024-11-27 20:51:57,628 INFO o.a.j.t.JMeterThread: Thread started: Thread Group 1-9
2024-11-27 20:51:55,390 INFO o.a.j.t.JMeterThread: Thread started: Thread Group 1-54
2024-11-27 20:51:55,308 INFO o.a.j.t.JMeterThread: Thread started: Thread Group 1-52
2024-11-27 20:51:57,628 INFO o.a.j.t.JMeterThread: Thread started: Thread Group 1-45
2024-11-27 20:51:57,628 INFO o.a.j.t.JMeterThread: Thread started: Thread Group 1-44
2024-11-27 20:51:57,633 INFO o.a.j.t.JMeterThread: Thread started: Thread Group 1-95
2024-11-27 20:51:55,047 INFO o.a.j.t.JMeterThread: Thread started: Thread Group 1-38
2024-11-27 20:51:55,087 INFO o.a.j.t.JMeterThread: Thread started: Thread Group 1-39
2024-11-27 20:51:55,206 INFO o.a.j.t.JMeterThread: Thread started: Thread Group 1-46
2024-11-27 20:51:57,628 INFO o.a.j.t.JMeterThread: Thread started: Thread Group 1-37
2024-11-27 20:51:57,634 INFO o.a.j.t.JMeterThread: Thread started: Thread Group 1-109
2024-11-27 20:51:57,628 INFO o.a.j.t.JMeterThread: Thread started: Thread Group 1-30
2024-11-27 20:51:54,893 INFO o.a.j.t.JMeterThread: Thread started: Thread Group 1-31
2024-11-27 20:51:57,634 INFO o.a.j.t.JMeterThread: Thread started: Thread Group 1-119
2024-11-27 20:51:55,001 INFO o.a.j.t.JMeterThread: Thread started: Thread Group 1-36
2024-11-27 20:51:57,628 INFO o.a.j.t.JMeterThread: Thread started: Thread Group 1-29
2024-11-27 20:51:54,765 INFO o.a.j.t.JMeterThread: Thread started: Thread Group 1-21
2024-11-27 20:51:54,699 INFO o.a.j.t.JMeterThread: Thread started: Thread Group 1-20
2024-11-27 20:51:54,866 INFO o.a.j.t.JMeterThread: Thread started: Thread Group 1-28
2024-11-27 20:51:54,726 INFO o.a.j.t.JMeterThread: Thread started: Thread Group 1-23
2024-11-27 20:51:57,475 INFO o.a.j.t.JMeterThread: Thread started: Thread Group 1-125
2024-11-27 20:51:56,530 INFO o.a.j.t.JMeterThread: Thread started: Thread Group 1-110
2024-11-27 20:51:55,216 INFO o.a.j.t.JMeterThread: Thread started: Thread Group 1-8
2024-11-27 20:51:57,311 INFO o.a.j.t.JMeterThread: Thread started: Thread Group 1-27
2024-11-27 20:51:57,632 INFO o.a.j.t.JMeterThread: Thread started: Thread Group 1-26
2024-11-27 20:51:57,730 INFO o.a.j.t.JMeterThread: Thread started: Thread Group 1-127
2024-11-27 20:51:57,747 INFO o.a.j.p.h.s.HTTPHCAbstractImpl: Local host = OlijebwaPC
2024-11-27 20:51:57,764 INFO o.a.j.t.JMeterThread: Thread started: Thread Group 1-139
2024-11-27 20:51:57,765 INFO o.a.j.t.JMeterThread: Thread started: Thread Group 1-140
2024-11-27 20:51:57,767 INFO o.a.j.p.h.s.HTTPHC4Impl: HTTP request retry count = 0
2024-11-27 20:51:57,769 INFO o.a.j.s.SampleResult: Note: Sample TimeStamps are START times
2024-11-27 20:51:57,770 INFO o.a.j.s.SampleResult: sampleresult.default.encoding is set to UTF-8
2024-11-27 20:51:57,770 INFO o.a.j.s.SampleResult: sampleresult.useNanoTime=true
2024-11-27 20:51:57,770 INFO o.a.j.s.SampleResult: sampleresult.nanoThreadSleep=5000
2024-11-27 20:51:57,809 INFO o.a.j.t.JMeterThread: Thread started: Thread Group 1-133
2024-11-27 20:51:57,827 INFO o.a.j.t.JMeterThread: Thread started: Thread Group 1-134
2024-11-27 20:51:57,997 INFO o.a.j.t.JMeterThread: Thread started: Thread Group 1-141
2024-11-27 20:51:57,939 INFO o.a.j.t.JMeterThread: Thread started: Thread Group 1-58
2024-11-27 20:51:57,998 INFO o.a.j.t.JMeterThread: Thread started: Thread Group 1-142
2024-11-27 20:51:57,942 INFO o.a.j.t.JMeterThread: Thread started: Thread Group 1-3
2024-11-27 20:51:58,051 INFO o.a.j.t.JMeterThread: Thread started: Thread Group 1-10
2024-11-27 20:51:58,061 INFO o.a.j.t.JMeterThread: Thread started: Thread Group 1-16
2024-11-27 20:51:58,062 INFO o.a.j.t.JMeterThread: Thread started: Thread Group 1-11
2024-11-27 20:51:58,093 INFO o.a.j.t.JMeterThread: Thread started: Thread Group 1-17
2024-11-27 20:51:58,119 INFO o.a.j.t.JMeterThread: Thread started: Thread Group 1-149
2024-11-27 20:51:58,147 INFO o.a.j.t.JMeterThread: Thread started: Thread Group 1-150
2024-11-27 20:51:58,201 INFO o.a.j.t.JMeterThread: Thread started: Thread Group 1-18
2024-11-27 20:51:58,210 INFO o.a.j.t.JMeterThread: Thread started: Thread Group 1-19
2024-11-27 20:51:58,211 INFO o.a.j.t.JMeterThread: Thread started: Thread Group 1-67
2024-11-27 20:51:58,291 INFO o.a.j.t.JMeterThread: Thread started: Thread Group 1-155
2024-11-27 20:51:58,292 INFO o.a.j.t.JMeterThread: Thread started: Thread Group 1-156
2024-11-27 20:51:58,307 INFO o.a.j.t.JMeterThread: Thread started: Thread Group 1-157
2024-11-27 20:51:58,318 INFO o.a.j.t.JMeterThread: Thread started: Thread Group 1-74
2024-11-27 20:51:58,371 INFO o.a.j.t.JMeterThread: Thread started: Thread Group 1-24
2024-11-27 20:51:58,385 INFO o.a.j.t.JMeterThread: Thread started: Thread Group 1-25
2024-11-27 20:51:58,452 INFO o.a.j.t.JMeterThread: Thread started: Thread Group 1-209
2024-11-27 20:51:58,458 INFO o.a.j.t.JMeterThread: Thread started: Thread Group 1-43
2024-11-27 20:51:58,477 INFO o.a.j.t.JMeterThread: Thread started: Thread Group 1-32
2024-11-27 20:51:58,485 INFO o.a.j.t.JMeterThread: Thread started: Thread Group 1-33
2024-11-27 20:51:58,529 INFO o.a.j.t.JMeterThread: Thread started: Thread Group 1-40
2024-11-27 20:51:58,548 INFO o.a.j.t.JMeterThread: Thread started: Thread Group 1-41
2024-11-27 20:51:58,571 INFO o.a.j.t.JMeterThread: Thread started: Thread Group 1-42
2024-11-27 20:51:58,575 INFO o.a.j.p.h.p.BaseParser: Created org.apache.jmeter.protocol.http.parser.LagartoBasedHtmlParser
2024-11-27 20:51:58,604 INFO o.a.j.t.JMeterThread: Thread started: Thread Group 1-50
2024-11-27 20:51:58,616 INFO o.a.j.t.JMeterThread: Thread started: Thread Group 1-51
2024-11-27 20:51:58,667 INFO o.a.j.p.h.s.ResourcesDownloader: Creating ResourcesDownloader with keepalive_inseconds : 60
2024-11-27 20:51:58,743 INFO o.a.j.t.JMeterThread: Thread started: Thread Group 1-165
2024-11-27 20:51:58,797 INFO o.a.j.t.JMeterThread: Thread started: Thread Group 1-98
2024-11-27 20:51:58,804 INFO o.a.j.t.JMeterThread: Thread started: Thread Group 1-48
2024-11-27 20:51:58,860 INFO o.a.j.p.h.s.h.LazyLayeredConnectionSocketFactory: Setting up HTTPS TrustAll Socket Factory
2024-11-27 20:51:58,907 INFO o.a.j.t.JMeterThread: Thread started: Thread Group 1-59
2024-11-27 20:51:58,943 INFO o.a.j.t.JMeterThread: Thread started: Thread Group 1-56
2024-11-27 20:51:58,949 INFO o.a.j.t.JMeterThread: Thread started: Thread Group 1-57
2024-11-27 20:51:59,122 INFO o.a.j.t.JMeterThread: Thread started: Thread Group 1-71
2024-11-27 20:51:59,124 INFO o.a.j.t.JMeterThread: Thread started: Thread Group 1-65
2024-11-27 20:51:59,168 INFO o.a.j.t.JMeterThread: Thread started: Thread Group 1-66
2024-11-27 20:51:59,243 INFO o.a.j.t.JMeterThread: Thread started: Thread Group 1-72
2024-11-27 20:51:59,249 INFO o.a.j.t.JMeterThread: Thread started: Thread Group 1-73
2024-11-27 20:51:59,258 INFO o.a.j.t.JMeterThread: Thread started: Thread Group 1-75
2024-11-27 20:51:59,327 INFO o.a.j.t.JMeterThread: Thread started: Thread Group 1-188
2024-11-27 20:51:59,455 INFO o.a.j.t.JMeterThread: Thread started: Thread Group 1-122
2024-11-27 20:51:59,479 INFO o.a.j.t.JMeterThread: Thread started: Thread Group 1-82
2024-11-27 20:51:58,895 INFO o.a.j.t.JMeterThread: Thread started: Thread Group 1-49
2024-11-27 20:51:59,306 INFO o.a.j.t.JMeterThread: Thread started: Thread Group 1-79
2024-11-27 20:51:59,021 INFO o.a.j.t.JMeterThread: Thread started: Thread Group 1-180
2024-11-27 20:51:59,425 INFO o.a.j.t.JMeterThread: Thread started: Thread Group 1-81
2024-11-27 20:51:59,414 INFO o.a.j.t.JMeterThread: Thread started: Thread Group 1-80
2024-11-27 20:51:59,408 INFO o.a.j.t.JMeterThread: Thread started: Thread Group 1-84
2024-11-27 20:51:59,408 INFO o.a.j.t.JMeterThread: Thread started: Thread Group 1-85
2024-11-27 20:51:59,123 INFO o.a.j.t.JMeterThread: Thread started: Thread Group 1-64
2024-11-27 20:51:59,597 INFO o.a.j.u.JsseSSLManager: Using default SSL protocol: TLS
2024-11-27 20:51:59,597 INFO o.a.j.u.JsseSSLManager: SSL session context: per-thread
2024-11-27 20:51:59,625 INFO o.a.j.t.JMeterThread: Thread started: Thread Group 1-88
2024-11-27 20:51:59,626 INFO o.a.j.t.JMeterThread: Thread started: Thread Group 1-123
2024-11-27 20:51:59,652 INFO o.a.j.t.JMeterThread: Thread started: Thread Group 1-92
2024-11-27 20:51:59,681 INFO o.a.j.t.JMeterThread: Thread started: Thread Group 1-93
2024-11-27 20:51:59,704 INFO o.a.j.t.JMeterThread: Thread started: Thread Group 1-89
2024-11-27 20:51:59,802 INFO o.a.j.t.JMeterThread: Thread started: Thread Group 1-172
2024-11-27 20:51:59,881 INFO o.a.j.t.JMeterThread: Thread started: Thread Group 1-101
2024-11-27 20:51:59,893 INFO o.a.j.t.JMeterThread: Thread started: Thread Group 1-91
2024-11-27 20:51:59,903 INFO o.a.j.t.JMeterThread: Thread started: Thread Group 1-108
2024-11-27 20:51:59,903 INFO o.a.j.t.JMeterThread: Thread started: Thread Group 1-116
2024-11-27 20:51:59,803 INFO o.a.j.t.JMeterThread: Thread started: Thread Group 1-83
2024-11-27 20:51:59,803 INFO o.a.j.t.JMeterThread: Thread started: Thread Group 1-90
2024-11-27 20:51:59,856 INFO o.a.j.t.JMeterThread: Thread started: Thread Group 1-130
2024-11-27 20:51:59,845 INFO o.a.j.t.JMeterThread: Thread started: Thread Group 1-94
2024-11-27 20:51:59,905 INFO o.a.j.t.JMeterThread: Thread started: Thread Group 1-129
2024-11-27 20:51:59,878 INFO o.a.j.t.JMeterThread: Thread started: Thread Group 1-96
2024-11-27 20:51:59,906 INFO o.a.j.t.JMeterThread: Thread started: Thread Group 1-99
2024-11-27 20:51:59,908 INFO o.a.j.t.JMeterThread: Thread started: Thread Group 1-100
2024-11-27 20:51:59,879 INFO o.a.j.t.JMeterThread: Thread started: Thread Group 1-97
2024-11-27 20:51:59,922 INFO o.a.j.t.JMeterThread: Thread started: Thread Group 1-138
2024-11-27 20:51:59,921 INFO o.a.j.t.JMeterThread: Thread started: Thread Group 1-137
2024-11-27 20:51:59,969 INFO o.a.j.t.JMeterThread: Thread started: Thread Group 1-111
2024-11-27 20:52:00,001 INFO o.a.j.t.JMeterThread: Thread started: Thread Group 1-104
2024-11-27 20:52:00,018 INFO o.a.j.t.JMeterThread: Thread started: Thread Group 1-107
2024-11-27 20:52:00,018 INFO o.a.j.t.JMeterThread: Thread started: Thread Group 1-106
2024-11-27 20:52:00,018 INFO o.a.j.t.JMeterThread: Thread started: Thread Group 1-114
2024-11-27 20:52:00,024 INFO o.a.j.t.JMeterThread: Thread started: Thread Group 1-105
2024-11-27 20:52:00,126 INFO o.a.j.t.JMeterThread: Thread started: Thread Group 1-113
2024-11-27 20:52:00,134 INFO o.a.j.t.JMeterThread: Thread started: Thread Group 1-120
2024-11-27 20:52:00,134 INFO o.a.j.t.JMeterThread: Thread started: Thread Group 1-112
2024-11-27 20:52:00,219 INFO o.a.j.t.JMeterThread: Thread started: Thread Group 1-115
2024-11-27 20:52:00,276 INFO o.a.j.t.JMeterThread: Thread started: Thread Group 1-126
2024-11-27 20:52:00,420 INFO o.a.j.t.JMeterThread: Thread started: Thread Group 1-131
2024-11-27 20:52:00,424 INFO o.a.j.t.JMeterThread: Thread started: Thread Group 1-132
2024-11-27 20:52:00,462 INFO o.a.j.t.JMeterThread: Thread started: Thread Group 1-121
2024-11-27 20:52:00,542 INFO o.a.j.t.JMeterThread: Thread started: Thread Group 1-128
2024-11-27 20:52:00,601 INFO o.a.j.t.JMeterThread: Thread started: Thread Group 1-201
2024-11-27 20:52:01,618 INFO o.a.j.t.JMeterThread: Thread started: Thread Group 1-136
2024-11-27 20:52:01,618 INFO o.a.j.t.JMeterThread: Thread started: Thread Group 1-135
2024-11-27 20:52:01,624 INFO o.a.j.t.JMeterThread: Thread started: Thread Group 1-195
2024-11-27 20:52:01,626 INFO o.a.j.t.JMeterThread: Thread started: Thread Group 1-202
2024-11-27 20:52:01,626 INFO o.a.j.t.JMeterThread: Thread started: Thread Group 1-145
2024-11-27 20:52:01,629 INFO o.a.j.t.JMeterThread: Thread started: Thread Group 1-148
2024-11-27 20:52:01,630 INFO o.a.j.t.JMeterThread: Thread started: Thread Group 1-210
2024-11-27 20:52:01,633 INFO o.a.j.t.JMeterThread: Thread started: Thread Group 1-163
2024-11-27 20:52:01,633 INFO o.a.j.t.JMeterThread: Thread started: Thread Group 1-329
2024-11-27 20:52:01,634 INFO o.a.j.t.JMeterThread: Thread started: Thread Group 1-164
2024-11-27 20:52:01,635 INFO o.a.j.t.JMeterThread: Thread started: Thread Group 1-193
2024-11-27 20:52:01,629 INFO o.a.j.t.JMeterThread: Thread started: Thread Group 1-146
2024-11-27 20:52:01,638 INFO o.a.j.t.JMeterThread: Thread started: Thread Group 1-203
2024-11-27 20:52:01,639 INFO o.a.j.t.JMeterThread: Thread started: Thread Group 1-179
2024-11-27 20:52:01,639 INFO o.a.j.t.JMeterThread: Thread started: Thread Group 1-153
2024-11-27 20:52:01,639 INFO o.a.j.t.JMeterThread: Thread started: Thread Group 1-185
2024-11-27 20:52:01,639 INFO o.a.j.t.JMeterThread: Thread started: Thread Group 1-154
2024-11-27 20:52:01,641 INFO o.a.j.t.JMeterThread: Thread started: Thread Group 1-158
2024-11-27 20:52:01,641 INFO o.a.j.t.JMeterThread: Thread started: Thread Group 1-218
2024-11-27 20:52:01,641 INFO o.a.j.t.JMeterThread: Thread started: Thread Group 1-225
2024-11-27 20:52:01,642 INFO o.a.j.t.JMeterThread: Thread started: Thread Group 1-226
2024-11-27 20:52:01,642 INFO o.a.j.t.JMeterThread: Thread started: Thread Group 1-166
2024-11-27 20:52:01,642 INFO o.a.j.t.JMeterThread: Thread started: Thread Group 1-211
2024-11-27 20:52:01,642 INFO o.a.j.t.JMeterThread: Thread started: Thread Group 1-212
2024-11-27 20:52:01,643 INFO o.a.j.t.JMeterThread: Thread started: Thread Group 1-174
2024-11-27 20:52:01,643 INFO o.a.j.t.JMeterThread: Thread started: Thread Group 1-143
2024-11-27 20:52:01,643 INFO o.a.j.t.JMeterThread: Thread started: Thread Group 1-173
2024-11-27 20:52:01,643 INFO o.a.j.t.JMeterThread: Thread started: Thread Group 1-187
2024-11-27 20:52:01,643 INFO o.a.j.t.JMeterThread: Thread started: Thread Group 1-196
2024-11-27 20:52:01,644 INFO o.a.j.t.JMeterThread: Thread started: Thread Group 1-228
2024-11-27 20:52:01,644 INFO o.a.j.t.JMeterThread: Thread started: Thread Group 1-161
2024-11-27 20:52:01,644 INFO o.a.j.t.JMeterThread: Thread started: Thread Group 1-162
2024-11-27 20:52:01,645 INFO o.a.j.t.JMeterThread: Thread started: Thread Group 1-350
2024-11-27 20:52:01,645 INFO o.a.j.t.JMeterThread: Thread started: Thread Group 1-169
2024-11-27 20:52:01,645 INFO o.a.j.t.JMeterThread: Thread started: Thread Group 1-184
2024-11-27 20:52:01,645 INFO o.a.j.t.JMeterThread: Thread started: Thread Group 1-192
2024-11-27 20:52:01,645 INFO o.a.j.t.JMeterThread: Thread started: Thread Group 1-170
2024-11-27 20:52:01,645 INFO o.a.j.t.JMeterThread: Thread started: Thread Group 1-178
2024-11-27 20:52:01,645 INFO o.a.j.t.JMeterThread: Thread started: Thread Group 1-177
2024-11-27 20:52:01,646 INFO o.a.j.t.JMeterThread: Thread started: Thread Group 1-151
2024-11-27 20:52:01,646 INFO o.a.j.t.JMeterThread: Thread started: Thread Group 1-183
2024-11-27 20:52:01,646 INFO o.a.j.t.JMeterThread: Thread started: Thread Group 1-152
2024-11-27 20:52:01,647 INFO o.a.j.t.JMeterThread: Thread started: Thread Group 1-159
2024-11-27 20:52:01,647 INFO o.a.j.t.JMeterThread: Thread started: Thread Group 1-160
2024-11-27 20:52:01,658 INFO o.a.j.t.JMeterThread: Thread started: Thread Group 1-199
2024-11-27 20:52:01,659 INFO o.a.j.t.JMeterThread: Thread started: Thread Group 1-167
2024-11-27 20:52:01,659 INFO o.a.j.t.JMeterThread: Thread started: Thread Group 1-168
2024-11-27 20:52:01,660 INFO o.a.j.t.JMeterThread: Thread started: Thread Group 1-182
2024-11-27 20:52:01,660 INFO o.a.j.t.JMeterThread: Thread started: Thread Group 1-190
2024-11-27 20:52:01,660 INFO o.a.j.t.JMeterThread: Thread started: Thread Group 1-175
2024-11-27 20:52:01,660 INFO o.a.j.t.JMeterThread: Thread started: Thread Group 1-176
2024-11-27 20:52:01,660 INFO o.a.j.t.JMeterThread: Thread started: Thread Group 1-181
2024-11-27 20:52:01,660 INFO o.a.j.t.JMeterThread: Thread started: Thread Group 1-189
2024-11-27 20:52:01,660 INFO o.a.j.t.JMeterThread: Thread started: Thread Group 1-197
2024-11-27 20:52:01,645 INFO o.a.j.t.JMeterThread: Thread started: Thread Group 1-191
2024-11-27 20:52:01,644 INFO o.a.j.t.JMeterThread: Thread started: Thread Group 1-227
2024-11-27 20:52:01,678 INFO o.a.j.t.JMeterThread: Thread started: Thread Group 1-198
2024-11-27 20:52:01,643 INFO o.a.j.t.JMeterThread: Thread started: Thread Group 1-144
2024-11-27 20:52:01,639 INFO o.a.j.t.JMeterThread: Thread started: Thread Group 1-186
2024-11-27 20:52:01,639 INFO o.a.j.t.JMeterThread: Thread started: Thread Group 1-171
2024-11-27 20:52:01,636 INFO o.a.j.t.JMeterThread: Thread started: Thread Group 1-194
2024-11-27 20:52:01,674 INFO o.a.j.t.JMeterThread: Thread started: Thread Group 1-200
2024-11-27 20:52:01,772 INFO o.a.j.t.JMeterThread: Thread started: Thread Group 1-251
2024-11-27 20:52:01,775 INFO o.a.j.t.JMeterThread: Thread started: Thread Group 1-204
2024-11-27 20:52:01,789 INFO o.a.j.t.JMeterThread: Thread started: Thread Group 1-377
2024-11-27 20:52:01,799 INFO o.a.j.t.JMeterThread: Thread started: Thread Group 1-205
2024-11-27 20:52:01,835 INFO o.a.j.u.SSLManager: JmeterKeyStore Location:  type JKS
2024-11-27 20:52:01,839 INFO o.a.j.u.SSLManager: KeyStore created OK
2024-11-27 20:52:01,839 WARN o.a.j.u.SSLManager: Keystore file not found, loading empty keystore
2024-11-27 20:52:01,860 INFO o.a.j.t.JMeterThread: Thread started: Thread Group 1-206
2024-11-27 20:52:02,049 INFO o.a.j.t.JMeterThread: Thread started: Thread Group 1-220
2024-11-27 20:52:02,060 INFO o.a.j.t.JMeterThread: Thread started: Thread Group 1-208
2024-11-27 20:52:02,126 INFO o.a.j.t.JMeterThread: Thread started: Thread Group 1-213
2024-11-27 20:52:02,130 INFO o.a.j.t.JMeterThread: Thread started: Thread Group 1-217
2024-11-27 20:52:02,175 INFO o.a.j.t.JMeterThread: Thread started: Thread Group 1-219
2024-11-27 20:52:02,197 INFO o.a.j.t.JMeterThread: Thread started: Thread Group 1-214
2024-11-27 20:52:02,316 INFO o.a.j.t.JMeterThread: Thread started: Thread Group 1-215
2024-11-27 20:52:02,330 INFO o.a.j.t.JMeterThread: Thread started: Thread Group 1-216
2024-11-27 20:52:02,410 INFO o.a.j.t.JMeterThread: Thread started: Thread Group 1-235
2024-11-27 20:52:02,430 INFO o.a.j.t.JMeterThread: Thread started: Thread Group 1-236
2024-11-27 20:52:02,502 INFO o.a.j.t.JMeterThread: Thread started: Thread Group 1-223
2024-11-27 20:52:02,533 INFO o.a.j.t.JMeterThread: Thread started: Thread Group 1-222
2024-11-27 20:52:02,535 INFO o.a.j.t.JMeterThread: Thread started: Thread Group 1-221
2024-11-27 20:52:02,596 INFO o.a.j.t.JMeterThread: Thread started: Thread Group 1-233
2024-11-27 20:52:02,597 INFO o.a.j.t.JMeterThread: Thread started: Thread Group 1-234
2024-11-27 20:52:02,602 INFO o.a.j.t.JMeterThread: Thread started: Thread Group 1-232
2024-11-27 20:52:02,624 INFO o.a.j.t.JMeterThread: Thread started: Thread Group 1-229
2024-11-27 20:52:02,687 INFO o.a.j.t.JMeterThread: Thread started: Thread Group 1-242
2024-11-27 20:52:02,747 INFO o.a.j.t.JMeterThread: Thread started: Thread Group 1-244
2024-11-27 20:52:02,779 INFO o.a.j.t.JMeterThread: Thread started: Thread Group 1-289
2024-11-27 20:52:02,796 INFO o.a.j.t.JMeterThread: Thread started: Thread Group 1-237
2024-11-27 20:52:02,797 INFO o.a.j.t.JMeterThread: Thread started: Thread Group 1-238
2024-11-27 20:52:02,902 INFO o.a.j.t.JMeterThread: Thread started: Thread Group 1-257
2024-11-27 20:52:04,002 INFO o.a.j.t.JMeterThread: Thread started: Thread Group 1-276
2024-11-27 20:52:04,005 INFO o.a.j.t.JMeterThread: Thread started: Thread Group 1-297
2024-11-27 20:52:04,005 INFO o.a.j.t.JMeterThread: Thread started: Thread Group 1-290
2024-11-27 20:52:04,006 INFO o.a.j.t.JMeterThread: Thread started: Thread Group 1-306
2024-11-27 20:52:04,006 INFO o.a.j.t.JMeterThread: Thread started: Thread Group 1-314
2024-11-27 20:52:04,011 INFO o.a.j.t.JMeterThread: Thread started: Thread Group 1-270
2024-11-27 20:52:04,011 INFO o.a.j.t.JMeterThread: Thread started: Thread Group 1-269
2024-11-27 20:52:04,012 INFO o.a.j.t.JMeterThread: Thread started: Thread Group 1-277
2024-11-27 20:52:04,005 INFO o.a.j.t.JMeterThread: Thread started: Thread Group 1-298
2024-11-27 20:52:04,005 INFO o.a.j.t.JMeterThread: Thread started: Thread Group 1-305
2024-11-27 20:52:04,015 INFO o.a.j.t.JMeterThread: Thread started: Thread Group 1-263
2024-11-27 20:52:04,015 INFO o.a.j.t.JMeterThread: Thread started: Thread Group 1-264
2024-11-27 20:52:04,013 INFO o.a.j.t.JMeterThread: Thread started: Thread Group 1-278
2024-11-27 20:52:04,020 INFO o.a.j.t.JMeterThread: Thread started: Thread Group 1-283
2024-11-27 20:52:04,020 INFO o.a.j.t.JMeterThread: Thread started: Thread Group 1-284
2024-11-27 20:52:04,021 INFO o.a.j.t.JMeterThread: Thread started: Thread Group 1-272
2024-11-27 20:52:04,023 INFO o.a.j.t.JMeterThread: Thread started: Thread Group 1-291
2024-11-27 20:52:04,024 INFO o.a.j.t.JMeterThread: Thread started: Thread Group 1-299
2024-11-27 20:52:04,024 INFO o.a.j.t.JMeterThread: Thread started: Thread Group 1-300
2024-11-27 20:52:04,025 INFO o.a.j.t.JMeterThread: Thread started: Thread Group 1-315
2024-11-27 20:52:04,025 INFO o.a.j.t.JMeterThread: Thread started: Thread Group 1-316
2024-11-27 20:52:04,025 INFO o.a.j.t.JMeterThread: Thread started: Thread Group 1-307
2024-11-27 20:52:04,026 INFO o.a.j.t.JMeterThread: Thread started: Thread Group 1-279
2024-11-27 20:52:04,027 INFO o.a.j.t.JMeterThread: Thread started: Thread Group 1-280
2024-11-27 20:52:04,035 INFO o.a.j.t.JMeterThread: Thread started: Thread Group 1-287
2024-11-27 20:52:04,036 INFO o.a.j.t.JMeterThread: Thread started: Thread Group 1-288
2024-11-27 20:52:04,037 INFO o.a.j.t.JMeterThread: Thread started: Thread Group 1-295
2024-11-27 20:52:04,038 INFO o.a.j.t.JMeterThread: Thread started: Thread Group 1-296
2024-11-27 20:52:04,038 INFO o.a.j.t.JMeterThread: Thread started: Thread Group 1-285
2024-11-27 20:52:04,038 INFO o.a.j.t.JMeterThread: Thread started: Thread Group 1-303
2024-11-27 20:52:04,038 INFO o.a.j.t.JMeterThread: Thread started: Thread Group 1-286
2024-11-27 20:52:04,039 INFO o.a.j.t.JMeterThread: Thread started: Thread Group 1-304
2024-11-27 20:52:04,039 INFO o.a.j.t.JMeterThread: Thread started: Thread Group 1-312
2024-11-27 20:52:04,039 INFO o.a.j.t.JMeterThread: Thread started: Thread Group 1-311
2024-11-27 20:52:04,041 INFO o.a.j.t.JMeterThread: Thread started: Thread Group 1-293
2024-11-27 20:52:04,041 INFO o.a.j.t.JMeterThread: Thread started: Thread Group 1-301
2024-11-27 20:52:04,041 INFO o.a.j.t.JMeterThread: Thread started: Thread Group 1-309
2024-11-27 20:52:04,041 INFO o.a.j.t.JMeterThread: Thread started: Thread Group 1-310
2024-11-27 20:52:04,006 INFO o.a.j.t.JMeterThread: Thread started: Thread Group 1-313
2024-11-27 20:52:04,041 INFO o.a.j.t.JMeterThread: Thread started: Thread Group 1-302
2024-11-27 20:52:04,041 INFO o.a.j.t.JMeterThread: Thread started: Thread Group 1-294
2024-11-27 20:52:04,025 INFO o.a.j.t.JMeterThread: Thread started: Thread Group 1-308
2024-11-27 20:52:04,023 INFO o.a.j.t.JMeterThread: Thread started: Thread Group 1-292
2024-11-27 20:52:04,046 INFO o.a.j.t.JMeterThread: Thread started: Thread Group 1-317
2024-11-27 20:52:04,047 INFO o.a.j.t.JMeterThread: Thread started: Thread Group 1-318
2024-11-27 20:52:04,064 INFO o.a.j.t.JMeterThread: Thread started: Thread Group 1-321
2024-11-27 20:52:04,021 INFO o.a.j.t.JMeterThread: Thread started: Thread Group 1-271
2024-11-27 20:52:04,068 INFO o.a.j.t.JMeterThread: Thread started: Thread Group 1-319
2024-11-27 20:52:04,086 INFO o.a.j.t.JMeterThread: Thread started: Thread Group 1-322
2024-11-27 20:52:04,088 INFO o.a.j.t.JMeterThread: Thread started: Thread Group 1-320
2024-11-27 20:52:04,089 INFO o.a.j.t.JMeterThread: Thread started: Thread Group 1-207
2024-11-27 20:52:02,730 INFO o.a.j.t.JMeterThread: Thread started: Thread Group 1-243
2024-11-27 20:52:03,062 INFO o.a.j.t.JMeterThread: Thread started: Thread Group 1-268
2024-11-27 20:52:03,179 INFO o.a.j.t.JMeterThread: Thread started: Thread Group 1-266
2024-11-27 20:52:03,180 INFO o.a.j.t.JMeterThread: Thread started: Thread Group 1-274
2024-11-27 20:52:02,987 INFO o.a.j.t.JMeterThread: Thread started: Thread Group 1-265
2024-11-27 20:52:03,254 INFO o.a.j.t.JMeterThread: Thread started: Thread Group 1-275
2024-11-27 20:52:02,903 INFO o.a.j.t.JMeterThread: Thread started: Thread Group 1-258
2024-11-27 20:52:02,815 INFO o.a.j.t.JMeterThread: Thread started: Thread Group 1-250
2024-11-27 20:52:02,781 INFO o.a.j.t.JMeterThread: Thread started: Thread Group 1-252
2024-11-27 20:52:02,921 INFO o.a.j.t.JMeterThread: Thread started: Thread Group 1-259
2024-11-27 20:52:03,055 INFO o.a.j.t.JMeterThread: Thread started: Thread Group 1-267
2024-11-27 20:52:03,244 INFO o.a.j.t.JMeterThread: Thread started: Thread Group 1-282
2024-11-27 20:52:03,243 INFO o.a.j.t.JMeterThread: Thread started: Thread Group 1-281
2024-11-27 20:52:03,239 INFO o.a.j.t.JMeterThread: Thread started: Thread Group 1-273
2024-11-27 20:52:03,039 INFO o.a.j.t.JMeterThread: Thread started: Thread Group 1-254
2024-11-27 20:52:03,039 INFO o.a.j.t.JMeterThread: Thread started: Thread Group 1-253
2024-11-27 20:52:03,039 INFO o.a.j.t.JMeterThread: Thread started: Thread Group 1-261
2024-11-27 20:52:03,040 INFO o.a.j.t.JMeterThread: Thread started: Thread Group 1-262
2024-11-27 20:52:04,125 INFO o.a.j.t.JMeterThread: Thread started: Thread Group 1-248
2024-11-27 20:52:02,591 INFO o.a.j.t.JMeterThread: Thread started: Thread Group 1-231
2024-11-27 20:52:04,101 INFO o.a.j.t.JMeterThread: Thread started: Thread Group 1-430
2024-11-27 20:52:04,120 INFO o.a.j.t.JMeterThread: Thread started: Thread Group 1-323
2024-11-27 20:52:04,138 INFO o.a.j.t.JMeterThread: Thread started: Thread Group 1-324
2024-11-27 20:52:05,176 INFO o.a.j.t.JMeterThread: Thread started: Thread Group 1-366
2024-11-27 20:52:04,125 INFO o.a.j.t.JMeterThread: Thread started: Thread Group 1-256
2024-11-27 20:52:05,177 INFO o.a.j.t.JMeterThread: Thread started: Thread Group 1-326
2024-11-27 20:52:02,507 INFO o.a.j.t.JMeterThread: Thread started: Thread Group 1-224
2024-11-27 20:52:04,125 INFO o.a.j.t.JMeterThread: Thread started: Thread Group 1-255
2024-11-27 20:52:05,179 INFO o.a.j.t.JMeterThread: Thread started: Thread Group 1-328
2024-11-27 20:52:05,181 INFO o.a.j.t.JMeterThread: Thread started: Thread Group 1-358
2024-11-27 20:52:04,104 INFO o.a.j.t.JMeterThread: Thread started: Thread Group 1-260
2024-11-27 20:52:04,116 INFO o.a.j.t.JMeterThread: Thread started: Thread Group 1-246
2024-11-27 20:52:05,184 INFO o.a.j.t.JMeterThread: Thread started: Thread Group 1-357
2024-11-27 20:52:05,187 INFO o.a.j.t.JMeterThread: Thread started: Thread Group 1-349
2024-11-27 20:52:04,114 INFO o.a.j.t.JMeterThread: Thread started: Thread Group 1-245
2024-11-27 20:52:05,190 INFO o.a.j.t.JMeterThread: Thread started: Thread Group 1-330
2024-11-27 20:52:05,192 INFO o.a.j.t.JMeterThread: Thread started: Thread Group 1-338
2024-11-27 20:52:05,194 INFO o.a.j.t.JMeterThread: Thread started: Thread Group 1-346
2024-11-27 20:52:05,195 INFO o.a.j.t.JMeterThread: Thread started: Thread Group 1-353
2024-11-27 20:52:05,196 INFO o.a.j.t.JMeterThread: Thread started: Thread Group 1-354
2024-11-27 20:52:05,196 INFO o.a.j.t.JMeterThread: Thread started: Thread Group 1-361
2024-11-27 20:52:05,196 INFO o.a.j.t.JMeterThread: Thread started: Thread Group 1-362
2024-11-27 20:52:05,198 INFO o.a.j.t.JMeterThread: Thread started: Thread Group 1-334
2024-11-27 20:52:05,199 INFO o.a.j.t.JMeterThread: Thread started: Thread Group 1-333
2024-11-27 20:52:05,199 INFO o.a.j.t.JMeterThread: Thread started: Thread Group 1-337
2024-11-27 20:52:05,199 INFO o.a.j.t.JMeterThread: Thread started: Thread Group 1-331
2024-11-27 20:52:05,200 INFO o.a.j.t.JMeterThread: Thread started: Thread Group 1-332
2024-11-27 20:52:02,707 INFO o.a.j.t.JMeterThread: Thread started: Thread Group 1-239
2024-11-27 20:52:05,202 INFO o.a.j.t.JMeterThread: Thread started: Thread Group 1-371
2024-11-27 20:52:05,203 INFO o.a.j.t.JMeterThread: Thread started: Thread Group 1-372
2024-11-27 20:52:02,728 INFO o.a.j.t.JMeterThread: Thread started: Thread Group 1-240
2024-11-27 20:52:05,194 INFO o.a.j.t.JMeterThread: Thread started: Thread Group 1-345
2024-11-27 20:52:04,114 INFO o.a.j.t.JMeterThread: Thread started: Thread Group 1-230
2024-11-27 20:52:04,104 INFO o.a.j.t.JMeterThread: Thread started: Thread Group 1-241
2024-11-27 20:52:05,178 INFO o.a.j.t.JMeterThread: Thread started: Thread Group 1-325
2024-11-27 20:52:05,190 INFO o.a.j.t.JMeterThread: Thread started: Thread Group 1-342
2024-11-27 20:52:06,351 INFO o.a.j.t.JMeterThread: Thread started: Thread Group 1-422
2024-11-27 20:52:06,354 INFO o.a.j.t.JMeterThread: Thread started: Thread Group 1-391
2024-11-27 20:52:06,355 INFO o.a.j.t.JMeterThread: Thread started: Thread Group 1-340
2024-11-27 20:52:06,356 INFO o.a.j.t.JMeterThread: Thread started: Thread Group 1-339
2024-11-27 20:52:06,357 INFO o.a.j.t.JMeterThread: Thread started: Thread Group 1-347
2024-11-27 20:52:06,358 INFO o.a.j.t.JMeterThread: Thread started: Thread Group 1-348
2024-11-27 20:52:06,358 INFO o.a.j.t.JMeterThread: Thread started: Thread Group 1-390
2024-11-27 20:52:06,358 INFO o.a.j.t.JMeterThread: Thread started: Thread Group 1-355
2024-11-27 20:52:06,359 INFO o.a.j.t.JMeterThread: Thread started: Thread Group 1-356
2024-11-27 20:52:06,359 INFO o.a.j.t.JMeterThread: Thread started: Thread Group 1-387
2024-11-27 20:52:04,102 INFO o.a.j.t.JMeterThread: Thread started: Thread Group 1-249
2024-11-27 20:52:06,359 INFO o.a.j.t.JMeterThread: Thread started: Thread Group 1-335
2024-11-27 20:52:06,360 INFO o.a.j.t.JMeterThread: Thread started: Thread Group 1-363
2024-11-27 20:52:06,360 INFO o.a.j.t.JMeterThread: Thread started: Thread Group 1-336
2024-11-27 20:52:06,360 INFO o.a.j.t.JMeterThread: Thread started: Thread Group 1-404
2024-11-27 20:52:06,361 INFO o.a.j.t.JMeterThread: Thread started: Thread Group 1-343
2024-11-27 20:52:06,361 INFO o.a.j.t.JMeterThread: Thread started: Thread Group 1-395
2024-11-27 20:52:06,361 INFO o.a.j.t.JMeterThread: Thread started: Thread Group 1-344
2024-11-27 20:52:06,362 INFO o.a.j.t.JMeterThread: Thread started: Thread Group 1-398
2024-11-27 20:52:06,362 INFO o.a.j.t.JMeterThread: Thread started: Thread Group 1-379
2024-11-27 20:52:06,363 INFO o.a.j.t.JMeterThread: Thread started: Thread Group 1-359
2024-11-27 20:52:06,368 INFO o.a.j.t.JMeterThread: Thread started: Thread Group 1-423
2024-11-27 20:52:06,370 INFO o.a.j.t.JMeterThread: Thread started: Thread Group 1-406
2024-11-27 20:52:06,370 INFO o.a.j.t.JMeterThread: Thread started: Thread Group 1-375
2024-11-27 20:52:06,370 INFO o.a.j.t.JMeterThread: Thread started: Thread Group 1-351
2024-11-27 20:52:06,371 INFO o.a.j.t.JMeterThread: Thread started: Thread Group 1-431
2024-11-27 20:52:06,372 INFO o.a.j.t.JMeterThread: Thread started: Thread Group 1-416
2024-11-27 20:52:06,372 INFO o.a.j.t.JMeterThread: Thread started: Thread Group 1-408
2024-11-27 20:52:06,372 INFO o.a.j.t.JMeterThread: Thread started: Thread Group 1-405
2024-11-27 20:52:06,373 INFO o.a.j.t.JMeterThread: Thread started: Thread Group 1-368
2024-11-27 20:52:06,374 INFO o.a.j.t.JMeterThread: Thread started: Thread Group 1-401
2024-11-27 20:52:06,374 INFO o.a.j.t.JMeterThread: Thread started: Thread Group 1-381
2024-11-27 20:52:06,363 INFO o.a.j.t.JMeterThread: Thread started: Thread Group 1-394
2024-11-27 20:52:06,377 INFO o.a.j.t.JMeterThread: Thread started: Thread Group 1-414
2024-11-27 20:52:06,377 INFO o.a.j.t.JMeterThread: Thread started: Thread Group 1-396
2024-11-27 20:52:06,378 INFO o.a.j.t.JMeterThread: Thread started: Thread Group 1-374
2024-11-27 20:52:06,378 INFO o.a.j.t.JMeterThread: Thread started: Thread Group 1-400
2024-11-27 20:52:06,378 INFO o.a.j.t.JMeterThread: Thread started: Thread Group 1-393
2024-11-27 20:52:06,380 INFO o.a.j.t.JMeterThread: Thread started: Thread Group 1-402
2024-11-27 20:52:06,380 INFO o.a.j.t.JMeterThread: Thread started: Thread Group 1-433
2024-11-27 20:52:06,380 INFO o.a.j.t.JMeterThread: Thread started: Thread Group 1-409
2024-11-27 20:52:06,381 INFO o.a.j.t.JMeterThread: Thread started: Thread Group 1-373
2024-11-27 20:52:06,382 INFO o.a.j.t.JMeterThread: Thread started: Thread Group 1-411
2024-11-27 20:52:06,382 INFO o.a.j.t.JMeterThread: Thread started: Thread Group 1-376
2024-11-27 20:52:06,382 INFO o.a.j.t.JMeterThread: Thread started: Thread Group 1-432
2024-11-27 20:52:06,382 INFO o.a.j.t.JMeterThread: Thread started: Thread Group 1-418
2024-11-27 20:52:06,383 INFO o.a.j.t.JMeterThread: Thread started: Thread Group 1-392
2024-11-27 20:52:06,384 INFO o.a.j.t.JMeterThread: Thread started: Thread Group 1-383
2024-11-27 20:52:06,384 INFO o.a.j.t.JMeterThread: Thread started: Thread Group 1-360
2024-11-27 20:52:06,385 INFO o.a.j.t.JMeterThread: Thread started: Thread Group 1-384
2024-11-27 20:52:06,390 INFO o.a.j.t.JMeterThread: Thread started: Thread Group 1-385
2024-11-27 20:52:06,391 INFO o.a.j.t.JMeterThread: Thread started: Thread Group 1-389
2024-11-27 20:52:06,392 INFO o.a.j.t.JMeterThread: Thread started: Thread Group 1-369
2024-11-27 20:52:06,392 INFO o.a.j.t.JMeterThread: Thread started: Thread Group 1-388
2024-11-27 20:52:06,393 INFO o.a.j.t.JMeterThread: Thread started: Thread Group 1-247
2024-11-27 20:52:06,394 INFO o.a.j.t.JMeterThread: Thread started: Thread Group 1-378
2024-11-27 20:52:06,395 INFO o.a.j.t.JMeterThread: Thread started: Thread Group 1-417
2024-11-27 20:52:06,397 INFO o.a.j.t.JMeterThread: Thread started: Thread Group 1-425
2024-11-27 20:52:06,407 INFO o.a.j.t.JMeterThread: Thread started: Thread Group 1-419
2024-11-27 20:52:06,408 INFO o.a.j.t.JMeterThread: Thread started: Thread Group 1-426
2024-11-27 20:52:06,408 INFO o.a.j.t.JMeterThread: Thread started: Thread Group 1-427
2024-11-27 20:52:06,412 INFO o.a.j.t.JMeterThread: Thread started: Thread Group 1-380
2024-11-27 20:52:06,418 INFO o.a.j.t.JMeterThread: Thread started: Thread Group 1-434
2024-11-27 20:52:06,419 INFO o.a.j.t.JMeterThread: Thread started: Thread Group 1-438
2024-11-27 20:52:06,420 INFO o.a.j.t.JMeterThread: Thread started: Thread Group 1-386
2024-11-27 20:52:06,360 INFO o.a.j.t.JMeterThread: Thread started: Thread Group 1-364
2024-11-27 20:52:06,425 INFO o.a.j.t.JMeterThread: Thread started: Thread Group 1-435
2024-11-27 20:52:06,435 INFO o.a.j.t.JMeterThread: Thread started: Thread Group 1-382
2024-11-27 20:52:06,438 INFO o.a.j.t.JMeterThread: Thread started: Thread Group 1-439
2024-11-27 20:52:06,436 INFO o.a.j.t.JMeterThread: Thread started: Thread Group 1-421
2024-11-27 20:52:06,441 INFO o.a.j.t.JMeterThread: Thread started: Thread Group 1-420
2024-11-27 20:52:06,453 INFO o.a.j.t.JMeterThread: Thread started: Thread Group 1-341
2024-11-27 20:52:06,454 INFO o.a.j.t.JMeterThread: Thread started: Thread Group 1-397
2024-11-27 20:52:06,455 INFO o.a.j.t.JMeterThread: Thread started: Thread Group 1-327
2024-11-27 20:52:06,409 INFO o.a.j.t.JMeterThread: Thread started: Thread Group 1-365
2024-11-27 20:52:06,392 INFO o.a.j.t.JMeterThread: Thread started: Thread Group 1-370
2024-11-27 20:52:06,385 INFO o.a.j.t.JMeterThread: Thread started: Thread Group 1-424
2024-11-27 20:52:06,382 INFO o.a.j.t.JMeterThread: Thread started: Thread Group 1-403
2024-11-27 20:52:06,382 INFO o.a.j.t.JMeterThread: Thread started: Thread Group 1-410
2024-11-27 20:52:06,379 INFO o.a.j.t.JMeterThread: Thread started: Thread Group 1-352
2024-11-27 20:52:06,459 INFO o.a.j.t.JMeterThread: Thread started: Thread Group 1-413
2024-11-27 20:52:06,375 INFO o.a.j.t.JMeterThread: Thread started: Thread Group 1-407
2024-11-27 20:52:06,372 INFO o.a.j.t.JMeterThread: Thread started: Thread Group 1-367
2024-11-27 20:52:06,362 INFO o.a.j.t.JMeterThread: Thread started: Thread Group 1-399
2024-11-27 20:52:06,362 INFO o.a.j.t.JMeterThread: Thread started: Thread Group 1-415
2024-11-27 20:52:06,468 INFO o.a.j.t.JMeterThread: Thread started: Thread Group 1-412
2024-11-27 20:52:06,462 INFO o.a.j.t.JMeterThread: Thread started: Thread Group 1-440
2024-11-27 20:52:06,479 INFO o.a.j.t.JMeterThread: Thread started: Thread Group 1-441
2024-11-27 20:52:06,496 INFO o.a.j.t.JMeterThread: Thread started: Thread Group 1-442
2024-11-27 20:52:08,857 INFO o.a.j.t.JMeterThread: Thread started: Thread Group 1-482
2024-11-27 20:52:08,857 INFO o.a.j.t.JMeterThread: Thread started: Thread Group 1-483
2024-11-27 20:52:08,857 INFO o.a.j.t.JMeterThread: Thread started: Thread Group 1-490
2024-11-27 20:52:08,857 INFO o.a.j.t.JMeterThread: Thread started: Thread Group 1-488
2024-11-27 20:52:08,858 INFO o.a.j.t.JMeterThread: Thread started: Thread Group 1-491
2024-11-27 20:52:08,858 INFO o.a.j.t.JMeterThread: Thread started: Thread Group 1-498
2024-11-27 20:52:08,859 INFO o.a.j.t.JMeterThread: Thread started: Thread Group 1-499
2024-11-27 20:52:08,859 INFO o.a.j.t.JMeterThread: Thread started: Thread Group 1-500
2024-11-27 20:52:08,860 INFO o.a.j.t.JMeterThread: Thread started: Thread Group 1-444
2024-11-27 20:52:08,860 INFO o.a.j.t.JMeterThread: Thread started: Thread Group 1-496
2024-11-27 20:52:08,860 INFO o.a.j.t.JMeterThread: Thread started: Thread Group 1-489
2024-11-27 20:52:08,860 INFO o.a.j.t.JMeterThread: Thread started: Thread Group 1-445
2024-11-27 20:52:08,861 INFO o.a.j.t.JMeterThread: Thread started: Thread Group 1-486
2024-11-27 20:52:08,861 INFO o.a.j.t.JMeterThread: Thread started: Thread Group 1-495
2024-11-27 20:52:08,862 INFO o.a.j.t.JMeterThread: Thread started: Thread Group 1-487
2024-11-27 20:52:08,863 INFO o.a.j.t.JMeterThread: Thread started: Thread Group 1-494
2024-11-27 20:52:08,865 INFO o.a.j.t.JMeterThread: Thread started: Thread Group 1-479
2024-11-27 20:52:08,866 INFO o.a.j.t.JMeterThread: Thread started: Thread Group 1-456
2024-11-27 20:52:08,868 INFO o.a.j.t.JMeterThread: Thread started: Thread Group 1-446
2024-11-27 20:52:08,868 INFO o.a.j.t.JMeterThread: Thread started: Thread Group 1-447
2024-11-27 20:52:08,868 INFO o.a.j.t.JMeterThread: Thread started: Thread Group 1-472
2024-11-27 20:52:08,866 INFO o.a.j.t.JMeterThread: Thread started: Thread Group 1-481
2024-11-27 20:52:08,859 INFO o.a.j.t.JMeterThread: Thread started: Thread Group 1-493
2024-11-27 20:52:09,033 INFO o.a.j.t.JMeterThread: Thread started: Thread Group 1-437
2024-11-27 20:52:09,035 INFO o.a.j.t.JMeterThread: Thread started: Thread Group 1-429
2024-11-27 20:52:09,035 INFO o.a.j.t.JMeterThread: Thread started: Thread Group 1-497
2024-11-27 20:52:09,034 INFO o.a.j.t.JMeterThread: Thread started: Thread Group 1-436
2024-11-27 20:52:09,036 INFO o.a.j.t.JMeterThread: Thread started: Thread Group 1-428
2024-11-27 20:52:09,851 INFO o.a.j.t.JMeterThread: Thread started: Thread Group 1-470
2024-11-27 20:52:09,851 INFO o.a.j.t.JMeterThread: Thread started: Thread Group 1-471
2024-11-27 20:52:09,852 INFO o.a.j.t.JMeterThread: Thread started: Thread Group 1-478
2024-11-27 20:52:09,850 INFO o.a.j.t.JMeterThread: Thread started: Thread Group 1-457
2024-11-27 20:52:09,855 INFO o.a.j.t.JMeterThread: Thread started: Thread Group 1-448
2024-11-27 20:52:09,855 INFO o.a.j.t.JMeterThread: Thread started: Thread Group 1-443
2024-11-27 20:52:10,813 INFO o.a.j.t.JMeterThread: Thread started: Thread Group 1-454
2024-11-27 20:52:11,555 INFO o.a.j.t.JMeterThread: Thread started: Thread Group 1-473
2024-11-27 20:52:12,774 INFO o.a.j.t.JMeterThread: Thread started: Thread Group 1-449
2024-11-27 20:52:12,774 INFO o.a.j.t.JMeterThread: Thread started: Thread Group 1-466
2024-11-27 20:52:12,778 INFO o.a.j.t.JMeterThread: Thread started: Thread Group 1-462
2024-11-27 20:52:12,779 INFO o.a.j.t.JMeterThread: Thread started: Thread Group 1-455
2024-11-27 20:52:12,790 INFO o.a.j.t.JMeterThread: Thread started: Thread Group 1-458
2024-11-27 20:52:12,791 INFO o.a.j.t.JMeterThread: Thread started: Thread Group 1-451
2024-11-27 20:52:12,791 INFO o.a.j.t.JMeterThread: Thread started: Thread Group 1-450
2024-11-27 20:52:13,145 INFO o.a.j.t.JMeterThread: Thread started: Thread Group 1-460
2024-11-27 20:52:13,536 INFO o.a.j.t.JMeterThread: Thread started: Thread Group 1-463
2024-11-27 20:52:14,682 INFO o.a.j.t.JMeterThread: Thread started: Thread Group 1-452
2024-11-27 20:52:14,836 INFO o.a.j.t.JMeterThread: Thread started: Thread Group 1-476
2024-11-27 20:52:17,340 INFO o.a.j.t.JMeterThread: Thread started: Thread Group 1-465
2024-11-27 20:52:18,689 INFO o.a.j.t.JMeterThread: Thread started: Thread Group 1-453
2024-11-27 20:52:18,691 INFO o.a.j.t.JMeterThread: Thread started: Thread Group 1-484
2024-11-27 20:52:19,301 INFO o.a.j.t.JMeterThread: Thread started: Thread Group 1-469
2024-11-27 20:52:19,304 INFO o.a.j.t.JMeterThread: Thread started: Thread Group 1-467
2024-11-27 20:52:19,305 INFO o.a.j.t.JMeterThread: Thread started: Thread Group 1-485
2024-11-27 20:52:19,329 INFO o.a.j.t.JMeterThread: Thread started: Thread Group 1-492
2024-11-27 20:52:13,831 INFO o.a.j.t.JMeterThread: Thread started: Thread Group 1-468
2024-11-27 20:52:13,831 INFO o.a.j.t.JMeterThread: Thread started: Thread Group 1-477
2024-11-27 20:52:21,351 INFO o.a.j.t.JMeterThread: Thread started: Thread Group 1-461
2024-11-27 20:52:24,738 INFO o.a.j.t.JMeterThread: Thread started: Thread Group 1-464
