2024-11-27 22:29:43,794 INFO o.a.j.u.JMeterUtils: Setting Locale to en_EN
2024-11-27 22:29:43,816 INFO o.a.j.JMeter: Loading user properties from: C:\Utils\apache-jmeter-5.6.3\bin\user.properties
2024-11-27 22:29:43,817 INFO o.a.j.JMeter: Loading system properties from: C:\Utils\apache-jmeter-5.6.3\bin\system.properties
2024-11-27 22:29:43,825 INFO o.a.j.JMeter: Copyright (c) 1998-2024 The Apache Software Foundation
2024-11-27 22:29:43,825 INFO o.a.j.JMeter: Version 5.6.3
2024-11-27 22:29:43,825 INFO o.a.j.JMeter: java.version=19.0.1
2024-11-27 22:29:43,825 INFO o.a.j.JMeter: java.vm.name=Java HotSpot(TM) 64-Bit Server VM
2024-11-27 22:29:43,825 INFO o.a.j.JMeter: os.name=Windows 10
2024-11-27 22:29:43,826 INFO o.a.j.JMeter: os.arch=amd64
2024-11-27 22:29:43,826 INFO o.a.j.JMeter: os.version=10.0
2024-11-27 22:29:43,826 INFO o.a.j.JMeter: file.encoding=UTF-8
2024-11-27 22:29:43,826 INFO o.a.j.JMeter: java.awt.headless=true
2024-11-27 22:29:43,826 INFO o.a.j.JMeter: Max memory     =1073741824
2024-11-27 22:29:43,826 INFO o.a.j.JMeter: Available Processors =16
2024-11-27 22:29:43,838 INFO o.a.j.JMeter: Default Locale=English (EN)
2024-11-27 22:29:43,838 INFO o.a.j.JMeter: JMeter  Locale=English (EN)
2024-11-27 22:29:43,838 INFO o.a.j.JMeter: JMeterHome=C:\Utils\apache-jmeter-5.6.3
2024-11-27 22:29:43,838 INFO o.a.j.JMeter: user.dir  =C:\Users\danie\Dropbox\bonjr\coding\VSProjects\Lets_SAS_RPI_Websites\Jmeter
2024-11-27 22:29:43,839 INFO o.a.j.JMeter: PWD       =C:\Users\danie\Dropbox\bonjr\coding\VSProjects\Lets_SAS_RPI_Websites\Jmeter
2024-11-27 22:29:48,379 INFO o.a.j.JMeter: IP: 169.254.5.254 Name: OlijebwaPC FullName: OlijebwaPC
2024-11-27 22:29:48,391 INFO o.a.j.s.FileServer: Default base='C:\Users\danie\Dropbox\bonjr\coding\VSProjects\Lets_SAS_RPI_Websites\Jmeter'
2024-11-27 22:29:48,393 INFO o.a.j.s.FileServer: Set new base='C:\Users\danie\Dropbox\bonjr\coding\VSProjects\Lets_SAS_RPI_Websites\Jmeter'
2024-11-27 22:29:48,548 INFO o.a.j.s.SaveService: Testplan (JMX) version: 2.2. Testlog (JTL) version: 2.2
2024-11-27 22:29:48,572 INFO o.a.j.s.SaveService: Using SaveService properties version 5.0
2024-11-27 22:29:48,575 INFO o.a.j.s.SaveService: Using SaveService properties file encoding UTF-8
2024-11-27 22:29:48,577 INFO o.a.j.s.SaveService: Loading file: C:\Users\danie\Dropbox\bonjr\coding\VSProjects\Lets_SAS_RPI_Websites\Jmeter\traffic_simulation.jmx
2024-11-27 22:29:48,616 INFO o.a.j.p.h.s.HTTPSamplerBase: Parser for text/html is org.apache.jmeter.protocol.http.parser.LagartoBasedHtmlParser
2024-11-27 22:29:48,616 INFO o.a.j.p.h.s.HTTPSamplerBase: Parser for application/xhtml+xml is org.apache.jmeter.protocol.http.parser.LagartoBasedHtmlParser
2024-11-27 22:29:48,616 INFO o.a.j.p.h.s.HTTPSamplerBase: Parser for application/xml is org.apache.jmeter.protocol.http.parser.LagartoBasedHtmlParser
2024-11-27 22:29:48,616 INFO o.a.j.p.h.s.HTTPSamplerBase: Parser for text/xml is org.apache.jmeter.protocol.http.parser.LagartoBasedHtmlParser
2024-11-27 22:29:48,616 INFO o.a.j.p.h.s.HTTPSamplerBase: Parser for text/vnd.wap.wml is org.apache.jmeter.protocol.http.parser.RegexpHTMLParser
2024-11-27 22:29:48,616 INFO o.a.j.p.h.s.HTTPSamplerBase: Parser for text/css is org.apache.jmeter.protocol.http.parser.CssParser
2024-11-27 22:29:48,636 INFO o.a.j.JMeter: Creating summariser <summary>
2024-11-27 22:29:48,647 INFO o.a.j.e.StandardJMeterEngine: Running the test!
2024-11-27 22:29:48,648 INFO o.a.j.s.SampleEvent: List of sample_variables: [FLIGHTTOCOUNT, FLIGHTRETCOUNT, ONEWAY]
2024-11-27 22:29:48,648 INFO o.a.j.s.SampleEvent: List of sample_variables: [FLIGHTTOCOUNT, FLIGHTRETCOUNT, ONEWAY]
2024-11-27 22:29:48,652 INFO o.a.j.e.u.CompoundVariable: Note: Function class names must contain the string: '.functions.'
2024-11-27 22:29:48,652 INFO o.a.j.e.u.CompoundVariable: Note: Function class names must not contain the string: '.gui.'
2024-11-27 22:29:48,710 INFO o.a.j.r.ClassFinder: Will scan jar C:\Utils\apache-jmeter-5.6.3\lib\ext\jmeter-plugins-casutg-2.10.jar with filter ExtendsClassFilter [parents=[interface org.apache.jmeter.functions.Function], inner=false, contains=null, notContains=null]. Consider exposing JMeter plugins via META-INF/services, and add JMeter-Skip-Class-Scanning=true manifest attribute so JMeter can skip classfile scanning
2024-11-27 22:29:48,720 INFO o.a.j.r.ClassFinder: Will scan jar C:\Utils\apache-jmeter-5.6.3\lib\ext\json-simple-1.1.1.jar with filter ExtendsClassFilter [parents=[interface org.apache.jmeter.functions.Function], inner=false, contains=null, notContains=null]. Consider exposing JMeter plugins via META-INF/services, and add JMeter-Skip-Class-Scanning=true manifest attribute so JMeter can skip classfile scanning
2024-11-27 22:29:48,723 INFO o.a.j.r.ClassFinder: Will scan jar C:\Utils\apache-jmeter-5.6.3\lib\ext\acmeair-jmeter-2.0.0-SNAPSHOT.jar with filter ExtendsClassFilter [parents=[interface org.apache.jmeter.functions.Function], inner=false, contains=null, notContains=null]. Consider exposing JMeter plugins via META-INF/services, and add JMeter-Skip-Class-Scanning=true manifest attribute so JMeter can skip classfile scanning
2024-11-27 22:29:48,728 INFO o.a.j.r.ClassFinder: Will scan jar C:\Utils\apache-jmeter-5.6.3\lib\ext\jmeter-plugins-manager-1.6.jar with filter ExtendsClassFilter [parents=[interface org.apache.jmeter.functions.Function], inner=false, contains=null, notContains=null]. Consider exposing JMeter plugins via META-INF/services, and add JMeter-Skip-Class-Scanning=true manifest attribute so JMeter can skip classfile scanning
2024-11-27 22:29:48,803 INFO o.a.j.r.ClassFinder: Will scan jar C:\Utils\apache-jmeter-5.6.3\lib\ext\jmeter-plugins-manager-1.10.jar with filter ExtendsClassFilter [parents=[interface org.apache.jmeter.functions.Function], inner=false, contains=null, notContains=null]. Consider exposing JMeter plugins via META-INF/services, and add JMeter-Skip-Class-Scanning=true manifest attribute so JMeter can skip classfile scanning
2024-11-27 22:29:48,810 INFO o.a.j.JMeter: Running test (1732764588810)
2024-11-27 22:29:48,828 INFO o.a.j.e.StandardJMeterEngine: Starting ThreadGroup: 1 : jp@gc - Stepping Thread Group
2024-11-27 22:29:48,829 INFO o.a.j.e.StandardJMeterEngine: Starting 200 threads for group jp@gc - Stepping Thread Group.
2024-11-27 22:29:48,829 INFO o.a.j.e.StandardJMeterEngine: Thread will continue on error
2024-11-27 22:29:48,829 INFO k.a.j.t.AbstractSimpleThreadGroup: Starting thread group number 1 threads 200
2024-11-27 22:29:48,884 INFO k.a.j.t.AbstractSimpleThreadGroup: Started thread group number 1
2024-11-27 22:29:48,885 INFO o.a.j.e.StandardJMeterEngine: All thread groups have been started
2024-11-27 22:29:58,830 INFO o.a.j.t.JMeterThread: Thread started: jp@gc - Stepping Thread Group 1-1
2024-11-27 22:29:59,029 INFO o.a.j.t.JMeterThread: Thread started: jp@gc - Stepping Thread Group 1-2
2024-11-27 22:29:59,229 INFO o.a.j.t.JMeterThread: Thread started: jp@gc - Stepping Thread Group 1-3
2024-11-27 22:29:59,430 INFO o.a.j.t.JMeterThread: Thread started: jp@gc - Stepping Thread Group 1-4
2024-11-27 22:29:59,490 INFO o.a.j.p.h.s.HTTPHCAbstractImpl: Local host = OlijebwaPC
2024-11-27 22:29:59,495 INFO o.a.j.p.h.s.HTTPHC4Impl: HTTP request retry count = 0
2024-11-27 22:29:59,497 INFO o.a.j.s.SampleResult: Note: Sample TimeStamps are START times
2024-11-27 22:29:59,497 INFO o.a.j.s.SampleResult: sampleresult.default.encoding is set to UTF-8
2024-11-27 22:29:59,497 INFO o.a.j.s.SampleResult: sampleresult.useNanoTime=true
2024-11-27 22:29:59,497 INFO o.a.j.s.SampleResult: sampleresult.nanoThreadSleep=5000
2024-11-27 22:29:59,618 INFO o.a.j.p.h.s.h.LazyLayeredConnectionSocketFactory: Setting up HTTPS TrustAll Socket Factory
2024-11-27 22:29:59,624 INFO o.a.j.u.JsseSSLManager: Using default SSL protocol: TLS
2024-11-27 22:29:59,624 INFO o.a.j.u.JsseSSLManager: SSL session context: per-thread
2024-11-27 22:29:59,629 INFO o.a.j.t.JMeterThread: Thread started: jp@gc - Stepping Thread Group 1-5
2024-11-27 22:29:59,732 INFO o.a.j.u.SSLManager: JmeterKeyStore Location:  type JKS
2024-11-27 22:29:59,737 INFO o.a.j.u.SSLManager: KeyStore created OK
2024-11-27 22:29:59,737 WARN o.a.j.u.SSLManager: Keystore file not found, loading empty keystore
2024-11-27 22:30:00,029 INFO o.a.j.p.h.p.BaseParser: Created org.apache.jmeter.protocol.http.parser.LagartoBasedHtmlParser
2024-11-27 22:30:00,029 INFO o.a.j.p.h.p.BaseParser: Created org.apache.jmeter.protocol.http.parser.LagartoBasedHtmlParser
2024-11-27 22:30:00,050 INFO o.a.j.p.h.s.ResourcesDownloader: Creating ResourcesDownloader with keepalive_inseconds : 60
2024-11-27 22:30:00,135 INFO o.a.j.p.h.p.BaseParser: Created org.apache.jmeter.protocol.http.parser.CssParser
2024-11-27 22:30:00,264 INFO o.a.j.r.Summariser: summary +      1 in 00:00:11 =    0.1/s Avg:   599 Min:   599 Max:   599 Err:     0 (0.00%) Active: 5 Started: 5 Finished: 0
2024-11-27 22:30:04,829 INFO o.a.j.t.JMeterThread: Thread started: jp@gc - Stepping Thread Group 1-6
2024-11-27 22:30:05,030 INFO o.a.j.t.JMeterThread: Thread started: jp@gc - Stepping Thread Group 1-7
2024-11-27 22:30:05,230 INFO o.a.j.t.JMeterThread: Thread started: jp@gc - Stepping Thread Group 1-8
2024-11-27 22:30:05,430 INFO o.a.j.t.JMeterThread: Thread started: jp@gc - Stepping Thread Group 1-9
2024-11-27 22:30:05,630 INFO o.a.j.t.JMeterThread: Thread started: jp@gc - Stepping Thread Group 1-10
2024-11-27 22:30:10,829 INFO o.a.j.t.JMeterThread: Thread started: jp@gc - Stepping Thread Group 1-11
2024-11-27 22:30:11,031 INFO o.a.j.t.JMeterThread: Thread started: jp@gc - Stepping Thread Group 1-12
2024-11-27 22:30:11,231 INFO o.a.j.t.JMeterThread: Thread started: jp@gc - Stepping Thread Group 1-13
2024-11-27 22:30:11,430 INFO o.a.j.t.JMeterThread: Thread started: jp@gc - Stepping Thread Group 1-14
2024-11-27 22:30:11,630 INFO o.a.j.t.JMeterThread: Thread started: jp@gc - Stepping Thread Group 1-15
2024-11-27 22:30:16,830 INFO o.a.j.t.JMeterThread: Thread started: jp@gc - Stepping Thread Group 1-16
2024-11-27 22:30:17,030 INFO o.a.j.t.JMeterThread: Thread started: jp@gc - Stepping Thread Group 1-17
2024-11-27 22:30:17,232 INFO o.a.j.t.JMeterThread: Thread started: jp@gc - Stepping Thread Group 1-18
2024-11-27 22:30:17,433 INFO o.a.j.t.JMeterThread: Thread started: jp@gc - Stepping Thread Group 1-19
2024-11-27 22:30:17,632 INFO o.a.j.t.JMeterThread: Thread started: jp@gc - Stepping Thread Group 1-20
2024-11-27 22:30:22,829 INFO o.a.j.t.JMeterThread: Thread started: jp@gc - Stepping Thread Group 1-21
2024-11-27 22:30:23,029 INFO o.a.j.t.JMeterThread: Thread started: jp@gc - Stepping Thread Group 1-22
2024-11-27 22:30:23,229 INFO o.a.j.t.JMeterThread: Thread started: jp@gc - Stepping Thread Group 1-23
2024-11-27 22:30:23,430 INFO o.a.j.t.JMeterThread: Thread started: jp@gc - Stepping Thread Group 1-24
2024-11-27 22:30:23,629 INFO o.a.j.t.JMeterThread: Thread started: jp@gc - Stepping Thread Group 1-25
2024-11-27 22:30:28,830 INFO o.a.j.t.JMeterThread: Thread started: jp@gc - Stepping Thread Group 1-26
2024-11-27 22:30:29,031 INFO o.a.j.t.JMeterThread: Thread started: jp@gc - Stepping Thread Group 1-27
2024-11-27 22:30:29,229 INFO o.a.j.t.JMeterThread: Thread started: jp@gc - Stepping Thread Group 1-28
2024-11-27 22:30:29,432 INFO o.a.j.t.JMeterThread: Thread started: jp@gc - Stepping Thread Group 1-29
2024-11-27 22:30:29,631 INFO o.a.j.t.JMeterThread: Thread started: jp@gc - Stepping Thread Group 1-30
2024-11-27 22:30:30,002 INFO o.a.j.r.Summariser: summary +    439 in 00:00:30 =   14.8/s Avg:   226 Min:   156 Max:   735 Err:     0 (0.00%) Active: 30 Started: 30 Finished: 0
2024-11-27 22:30:30,003 INFO o.a.j.r.Summariser: summary =    440 in 00:00:41 =   10.7/s Avg:   227 Min:   156 Max:   735 Err:     0 (0.00%)
2024-11-27 22:30:34,830 INFO o.a.j.t.JMeterThread: Thread started: jp@gc - Stepping Thread Group 1-31
2024-11-27 22:30:35,030 INFO o.a.j.t.JMeterThread: Thread started: jp@gc - Stepping Thread Group 1-32
2024-11-27 22:30:35,230 INFO o.a.j.t.JMeterThread: Thread started: jp@gc - Stepping Thread Group 1-33
2024-11-27 22:30:35,430 INFO o.a.j.t.JMeterThread: Thread started: jp@gc - Stepping Thread Group 1-34
2024-11-27 22:30:35,630 INFO o.a.j.t.JMeterThread: Thread started: jp@gc - Stepping Thread Group 1-35
2024-11-27 22:30:40,830 INFO o.a.j.t.JMeterThread: Thread started: jp@gc - Stepping Thread Group 1-36
2024-11-27 22:30:41,031 INFO o.a.j.t.JMeterThread: Thread started: jp@gc - Stepping Thread Group 1-37
2024-11-27 22:30:41,231 INFO o.a.j.t.JMeterThread: Thread started: jp@gc - Stepping Thread Group 1-38
2024-11-27 22:30:41,429 INFO o.a.j.t.JMeterThread: Thread started: jp@gc - Stepping Thread Group 1-39
2024-11-27 22:30:41,632 INFO o.a.j.t.JMeterThread: Thread started: jp@gc - Stepping Thread Group 1-40
2024-11-27 22:30:46,830 INFO o.a.j.t.JMeterThread: Thread started: jp@gc - Stepping Thread Group 1-41
2024-11-27 22:30:47,030 INFO o.a.j.t.JMeterThread: Thread started: jp@gc - Stepping Thread Group 1-42
2024-11-27 22:30:47,239 INFO o.a.j.t.JMeterThread: Thread started: jp@gc - Stepping Thread Group 1-43
2024-11-27 22:30:47,463 INFO o.a.j.t.JMeterThread: Thread started: jp@gc - Stepping Thread Group 1-44
2024-11-27 22:30:47,629 INFO o.a.j.t.JMeterThread: Thread started: jp@gc - Stepping Thread Group 1-45
2024-11-27 22:30:52,861 INFO o.a.j.t.JMeterThread: Thread started: jp@gc - Stepping Thread Group 1-46
2024-11-27 22:30:53,033 INFO o.a.j.t.JMeterThread: Thread started: jp@gc - Stepping Thread Group 1-47
2024-11-27 22:30:53,252 INFO o.a.j.t.JMeterThread: Thread started: jp@gc - Stepping Thread Group 1-48
2024-11-27 22:30:53,429 INFO o.a.j.t.JMeterThread: Thread started: jp@gc - Stepping Thread Group 1-49
2024-11-27 22:30:53,631 INFO o.a.j.t.JMeterThread: Thread started: jp@gc - Stepping Thread Group 1-50
2024-11-27 22:30:58,834 INFO o.a.j.t.JMeterThread: Thread started: jp@gc - Stepping Thread Group 1-51
2024-11-27 22:30:59,040 INFO o.a.j.t.JMeterThread: Thread started: jp@gc - Stepping Thread Group 1-52
2024-11-27 22:30:59,273 INFO o.a.j.t.JMeterThread: Thread started: jp@gc - Stepping Thread Group 1-53
2024-11-27 22:30:59,439 INFO o.a.j.t.JMeterThread: Thread started: jp@gc - Stepping Thread Group 1-54
2024-11-27 22:30:59,637 INFO o.a.j.t.JMeterThread: Thread started: jp@gc - Stepping Thread Group 1-55
2024-11-27 22:31:00,069 INFO o.a.j.r.Summariser: summary +    883 in 00:00:30 =   29.4/s Avg:   504 Min:   168 Max:  1620 Err:     0 (0.00%) Active: 55 Started: 55 Finished: 0
2024-11-27 22:31:00,069 INFO o.a.j.r.Summariser: summary =   1323 in 00:01:11 =   18.6/s Avg:   412 Min:   156 Max:  1620 Err:     0 (0.00%)
2024-11-27 22:31:04,844 INFO o.a.j.t.JMeterThread: Thread started: jp@gc - Stepping Thread Group 1-56
2024-11-27 22:31:05,032 INFO o.a.j.t.JMeterThread: Thread started: jp@gc - Stepping Thread Group 1-57
2024-11-27 22:31:05,229 INFO o.a.j.t.JMeterThread: Thread started: jp@gc - Stepping Thread Group 1-58
2024-11-27 22:31:05,433 INFO o.a.j.t.JMeterThread: Thread started: jp@gc - Stepping Thread Group 1-59
2024-11-27 22:31:05,647 INFO o.a.j.t.JMeterThread: Thread started: jp@gc - Stepping Thread Group 1-60
2024-11-27 22:31:10,890 INFO o.a.j.t.JMeterThread: Thread started: jp@gc - Stepping Thread Group 1-61
2024-11-27 22:31:11,078 INFO o.a.j.t.JMeterThread: Thread started: jp@gc - Stepping Thread Group 1-62
2024-11-27 22:31:11,246 INFO o.a.j.t.JMeterThread: Thread started: jp@gc - Stepping Thread Group 1-63
2024-11-27 22:31:11,438 INFO o.a.j.t.JMeterThread: Thread started: jp@gc - Stepping Thread Group 1-64
2024-11-27 22:31:11,642 INFO o.a.j.t.JMeterThread: Thread started: jp@gc - Stepping Thread Group 1-65
2024-11-27 22:31:16,895 INFO o.a.j.t.JMeterThread: Thread started: jp@gc - Stepping Thread Group 1-66
2024-11-27 22:31:17,097 INFO o.a.j.t.JMeterThread: Thread started: jp@gc - Stepping Thread Group 1-67
2024-11-27 22:31:17,323 INFO o.a.j.t.JMeterThread: Thread started: jp@gc - Stepping Thread Group 1-68
2024-11-27 22:31:17,459 INFO o.a.j.t.JMeterThread: Thread started: jp@gc - Stepping Thread Group 1-69
2024-11-27 22:31:17,672 INFO o.a.j.t.JMeterThread: Thread started: jp@gc - Stepping Thread Group 1-70
2024-11-27 22:31:22,845 INFO o.a.j.t.JMeterThread: Thread started: jp@gc - Stepping Thread Group 1-71
2024-11-27 22:31:23,058 INFO o.a.j.t.JMeterThread: Thread started: jp@gc - Stepping Thread Group 1-72
2024-11-27 22:31:23,254 INFO o.a.j.t.JMeterThread: Thread started: jp@gc - Stepping Thread Group 1-73
2024-11-27 22:31:23,451 INFO o.a.j.t.JMeterThread: Thread started: jp@gc - Stepping Thread Group 1-74
2024-11-27 22:31:23,630 INFO o.a.j.t.JMeterThread: Thread started: jp@gc - Stepping Thread Group 1-75
2024-11-27 22:31:28,931 INFO o.a.j.t.JMeterThread: Thread started: jp@gc - Stepping Thread Group 1-76
2024-11-27 22:31:29,082 INFO o.a.j.t.JMeterThread: Thread started: jp@gc - Stepping Thread Group 1-77
2024-11-27 22:31:29,263 INFO o.a.j.t.JMeterThread: Thread started: jp@gc - Stepping Thread Group 1-78
2024-11-27 22:31:29,448 INFO o.a.j.t.JMeterThread: Thread started: jp@gc - Stepping Thread Group 1-79
2024-11-27 22:31:29,689 INFO o.a.j.t.JMeterThread: Thread started: jp@gc - Stepping Thread Group 1-80
2024-11-27 22:31:30,039 INFO o.a.j.r.Summariser: summary +    905 in 00:00:30 =   30.2/s Avg:  1198 Min:   469 Max:  2737 Err:     0 (0.00%) Active: 80 Started: 80 Finished: 0
2024-11-27 22:31:30,039 INFO o.a.j.r.Summariser: summary =   2228 in 00:01:41 =   22.0/s Avg:   731 Min:   156 Max:  2737 Err:     0 (0.00%)
2024-11-27 22:31:34,911 INFO o.a.j.t.JMeterThread: Thread started: jp@gc - Stepping Thread Group 1-81
2024-11-27 22:31:35,030 INFO o.a.j.t.JMeterThread: Thread started: jp@gc - Stepping Thread Group 1-82
2024-11-27 22:31:35,230 INFO o.a.j.t.JMeterThread: Thread started: jp@gc - Stepping Thread Group 1-83
2024-11-27 22:31:35,459 INFO o.a.j.t.JMeterThread: Thread started: jp@gc - Stepping Thread Group 1-84
2024-11-27 22:31:35,639 INFO o.a.j.t.JMeterThread: Thread started: jp@gc - Stepping Thread Group 1-85
2024-11-27 22:31:40,912 INFO o.a.j.t.JMeterThread: Thread started: jp@gc - Stepping Thread Group 1-86
2024-11-27 22:31:41,130 INFO o.a.j.t.JMeterThread: Thread started: jp@gc - Stepping Thread Group 1-87
2024-11-27 22:31:41,246 INFO o.a.j.t.JMeterThread: Thread started: jp@gc - Stepping Thread Group 1-88
2024-11-27 22:31:41,458 INFO o.a.j.t.JMeterThread: Thread started: jp@gc - Stepping Thread Group 1-89
2024-11-27 22:31:41,691 INFO o.a.j.t.JMeterThread: Thread started: jp@gc - Stepping Thread Group 1-90
2024-11-27 22:31:46,833 INFO o.a.j.t.JMeterThread: Thread started: jp@gc - Stepping Thread Group 1-91
2024-11-27 22:31:47,035 INFO o.a.j.t.JMeterThread: Thread started: jp@gc - Stepping Thread Group 1-92
2024-11-27 22:31:47,344 INFO o.a.j.t.JMeterThread: Thread started: jp@gc - Stepping Thread Group 1-93
2024-11-27 22:31:47,520 INFO o.a.j.t.JMeterThread: Thread started: jp@gc - Stepping Thread Group 1-94
2024-11-27 22:31:47,686 INFO o.a.j.t.JMeterThread: Thread started: jp@gc - Stepping Thread Group 1-95
2024-11-27 22:31:52,868 INFO o.a.j.t.JMeterThread: Thread started: jp@gc - Stepping Thread Group 1-96
2024-11-27 22:31:53,090 INFO o.a.j.t.JMeterThread: Thread started: jp@gc - Stepping Thread Group 1-97
2024-11-27 22:31:53,295 INFO o.a.j.t.JMeterThread: Thread started: jp@gc - Stepping Thread Group 1-98
2024-11-27 22:31:53,508 INFO o.a.j.t.JMeterThread: Thread started: jp@gc - Stepping Thread Group 1-99
2024-11-27 22:31:53,654 INFO o.a.j.t.JMeterThread: Thread started: jp@gc - Stepping Thread Group 1-100
2024-11-27 22:31:58,881 INFO o.a.j.t.JMeterThread: Thread started: jp@gc - Stepping Thread Group 1-101
2024-11-27 22:31:59,071 INFO o.a.j.t.JMeterThread: Thread started: jp@gc - Stepping Thread Group 1-102
2024-11-27 22:31:59,372 INFO o.a.j.t.JMeterThread: Thread started: jp@gc - Stepping Thread Group 1-103
2024-11-27 22:31:59,445 INFO o.a.j.t.JMeterThread: Thread started: jp@gc - Stepping Thread Group 1-104
2024-11-27 22:31:59,731 INFO o.a.j.t.JMeterThread: Thread started: jp@gc - Stepping Thread Group 1-105
2024-11-27 22:32:00,078 INFO o.a.j.r.Summariser: summary +    903 in 00:00:30 =   30.1/s Avg:  2030 Min:  1013 Max:  3835 Err:     0 (0.00%) Active: 105 Started: 105 Finished: 0
2024-11-27 22:32:00,078 INFO o.a.j.r.Summariser: summary =   3131 in 00:02:11 =   23.9/s Avg:  1106 Min:   156 Max:  3835 Err:     0 (0.00%)
2024-11-27 22:32:04,975 INFO o.a.j.t.JMeterThread: Thread started: jp@gc - Stepping Thread Group 1-106
2024-11-27 22:32:05,048 INFO o.a.j.t.JMeterThread: Thread started: jp@gc - Stepping Thread Group 1-107
2024-11-27 22:32:05,230 INFO o.a.j.t.JMeterThread: Thread started: jp@gc - Stepping Thread Group 1-108
2024-11-27 22:32:05,549 INFO o.a.j.t.JMeterThread: Thread started: jp@gc - Stepping Thread Group 1-109
2024-11-27 22:32:05,724 INFO o.a.j.t.JMeterThread: Thread started: jp@gc - Stepping Thread Group 1-110
2024-11-27 22:32:10,898 INFO o.a.j.t.JMeterThread: Thread started: jp@gc - Stepping Thread Group 1-111
2024-11-27 22:32:11,030 INFO o.a.j.t.JMeterThread: Thread started: jp@gc - Stepping Thread Group 1-112
2024-11-27 22:32:11,231 INFO o.a.j.t.JMeterThread: Thread started: jp@gc - Stepping Thread Group 1-113
2024-11-27 22:32:11,443 INFO o.a.j.t.JMeterThread: Thread started: jp@gc - Stepping Thread Group 1-114
2024-11-27 22:32:11,633 INFO o.a.j.t.JMeterThread: Thread started: jp@gc - Stepping Thread Group 1-115
2024-11-27 22:32:16,833 INFO o.a.j.t.JMeterThread: Thread started: jp@gc - Stepping Thread Group 1-116
2024-11-27 22:32:17,063 INFO o.a.j.t.JMeterThread: Thread started: jp@gc - Stepping Thread Group 1-117
2024-11-27 22:32:17,336 INFO o.a.j.t.JMeterThread: Thread started: jp@gc - Stepping Thread Group 1-118
2024-11-27 22:32:17,567 INFO o.a.j.t.JMeterThread: Thread started: jp@gc - Stepping Thread Group 1-119
2024-11-27 22:32:17,642 INFO o.a.j.t.JMeterThread: Thread started: jp@gc - Stepping Thread Group 1-120
2024-11-27 22:32:22,840 INFO o.a.j.t.JMeterThread: Thread started: jp@gc - Stepping Thread Group 1-121
2024-11-27 22:32:23,034 INFO o.a.j.t.JMeterThread: Thread started: jp@gc - Stepping Thread Group 1-122
2024-11-27 22:32:23,375 INFO o.a.j.t.JMeterThread: Thread started: jp@gc - Stepping Thread Group 1-123
2024-11-27 22:32:23,578 INFO o.a.j.t.JMeterThread: Thread started: jp@gc - Stepping Thread Group 1-124
2024-11-27 22:32:23,872 INFO o.a.j.t.JMeterThread: Thread started: jp@gc - Stepping Thread Group 1-125
2024-11-27 22:32:29,008 INFO o.a.j.t.JMeterThread: Thread started: jp@gc - Stepping Thread Group 1-126
2024-11-27 22:32:29,043 INFO o.a.j.t.JMeterThread: Thread started: jp@gc - Stepping Thread Group 1-127
2024-11-27 22:32:29,305 INFO o.a.j.t.JMeterThread: Thread started: jp@gc - Stepping Thread Group 1-128
2024-11-27 22:32:29,459 INFO o.a.j.t.JMeterThread: Thread started: jp@gc - Stepping Thread Group 1-129
2024-11-27 22:32:29,767 INFO o.a.j.t.JMeterThread: Thread started: jp@gc - Stepping Thread Group 1-130
2024-11-27 22:32:30,040 INFO o.a.j.r.Summariser: summary +    898 in 00:00:30 =   30.0/s Avg:  2887 Min:  1774 Max:  4841 Err:     0 (0.00%) Active: 130 Started: 130 Finished: 0
2024-11-27 22:32:30,040 INFO o.a.j.r.Summariser: summary =   4029 in 00:02:41 =   25.0/s Avg:  1503 Min:   156 Max:  4841 Err:     0 (0.00%)
2024-11-27 22:32:34,839 INFO o.a.j.t.JMeterThread: Thread started: jp@gc - Stepping Thread Group 1-131
2024-11-27 22:32:35,031 INFO o.a.j.t.JMeterThread: Thread started: jp@gc - Stepping Thread Group 1-132
2024-11-27 22:32:35,335 INFO o.a.j.t.JMeterThread: Thread started: jp@gc - Stepping Thread Group 1-133
2024-11-27 22:32:35,561 INFO o.a.j.t.JMeterThread: Thread started: jp@gc - Stepping Thread Group 1-134
2024-11-27 22:32:35,859 INFO o.a.j.t.JMeterThread: Thread started: jp@gc - Stepping Thread Group 1-135
2024-11-27 22:32:41,082 INFO o.a.j.t.JMeterThread: Thread started: jp@gc - Stepping Thread Group 1-136
2024-11-27 22:32:41,101 INFO o.a.j.t.JMeterThread: Thread started: jp@gc - Stepping Thread Group 1-137
2024-11-27 22:32:41,234 INFO o.a.j.t.JMeterThread: Thread started: jp@gc - Stepping Thread Group 1-138
2024-11-27 22:32:41,471 INFO o.a.j.t.JMeterThread: Thread started: jp@gc - Stepping Thread Group 1-139
2024-11-27 22:32:41,638 INFO o.a.j.t.JMeterThread: Thread started: jp@gc - Stepping Thread Group 1-140
2024-11-27 22:32:47,004 INFO o.a.j.t.JMeterThread: Thread started: jp@gc - Stepping Thread Group 1-141
2024-11-27 22:32:47,185 INFO o.a.j.t.JMeterThread: Thread started: jp@gc - Stepping Thread Group 1-142
2024-11-27 22:32:47,249 INFO o.a.j.t.JMeterThread: Thread started: jp@gc - Stepping Thread Group 1-143
2024-11-27 22:32:47,441 INFO o.a.j.t.JMeterThread: Thread started: jp@gc - Stepping Thread Group 1-144
2024-11-27 22:32:47,651 INFO o.a.j.t.JMeterThread: Thread started: jp@gc - Stepping Thread Group 1-145
2024-11-27 22:32:53,122 INFO o.a.j.t.JMeterThread: Thread started: jp@gc - Stepping Thread Group 1-147
2024-11-27 22:32:53,156 INFO o.a.j.t.JMeterThread: Thread started: jp@gc - Stepping Thread Group 1-146
2024-11-27 22:32:53,425 INFO o.a.j.t.JMeterThread: Thread started: jp@gc - Stepping Thread Group 1-148
2024-11-27 22:32:53,636 INFO o.a.j.t.JMeterThread: Thread started: jp@gc - Stepping Thread Group 1-149
2024-11-27 22:32:53,713 INFO o.a.j.t.JMeterThread: Thread started: jp@gc - Stepping Thread Group 1-150
2024-11-27 22:32:59,057 INFO o.a.j.t.JMeterThread: Thread started: jp@gc - Stepping Thread Group 1-151
2024-11-27 22:32:59,057 INFO o.a.j.t.JMeterThread: Thread started: jp@gc - Stepping Thread Group 1-152
2024-11-27 22:32:59,260 INFO o.a.j.t.JMeterThread: Thread started: jp@gc - Stepping Thread Group 1-153
2024-11-27 22:32:59,628 INFO o.a.j.t.JMeterThread: Thread started: jp@gc - Stepping Thread Group 1-154
2024-11-27 22:32:59,638 INFO o.a.j.t.JMeterThread: Thread started: jp@gc - Stepping Thread Group 1-155
2024-11-27 22:33:00,079 INFO o.a.j.r.Summariser: summary +    883 in 00:00:30 =   29.4/s Avg:  3619 Min:  2500 Max:  5320 Err:     0 (0.00%) Active: 155 Started: 155 Finished: 0
2024-11-27 22:33:00,080 INFO o.a.j.r.Summariser: summary =   4912 in 00:03:11 =   25.7/s Avg:  1883 Min:   156 Max:  5320 Err:     0 (0.00%)
2024-11-27 22:33:05,153 INFO o.a.j.t.JMeterThread: Thread started: jp@gc - Stepping Thread Group 1-156
2024-11-27 22:33:05,351 INFO o.a.j.t.JMeterThread: Thread started: jp@gc - Stepping Thread Group 1-157
2024-11-27 22:33:05,487 INFO o.a.j.t.JMeterThread: Thread started: jp@gc - Stepping Thread Group 1-158
2024-11-27 22:33:05,649 INFO o.a.j.t.JMeterThread: Thread started: jp@gc - Stepping Thread Group 1-159
2024-11-27 22:33:05,721 INFO o.a.j.t.JMeterThread: Thread started: jp@gc - Stepping Thread Group 1-160
2024-11-27 22:33:10,836 INFO o.a.j.t.JMeterThread: Thread started: jp@gc - Stepping Thread Group 1-161
2024-11-27 22:33:11,049 INFO o.a.j.t.JMeterThread: Thread started: jp@gc - Stepping Thread Group 1-162
2024-11-27 22:33:11,254 INFO o.a.j.t.JMeterThread: Thread started: jp@gc - Stepping Thread Group 1-163
2024-11-27 22:33:11,464 INFO o.a.j.t.JMeterThread: Thread started: jp@gc - Stepping Thread Group 1-164
2024-11-27 22:33:11,798 INFO o.a.j.t.JMeterThread: Thread started: jp@gc - Stepping Thread Group 1-165
2024-11-27 22:33:17,114 INFO o.a.j.t.JMeterThread: Thread started: jp@gc - Stepping Thread Group 1-166
2024-11-27 22:33:17,140 INFO o.a.j.t.JMeterThread: Thread started: jp@gc - Stepping Thread Group 1-167
2024-11-27 22:33:17,230 INFO o.a.j.t.JMeterThread: Thread started: jp@gc - Stepping Thread Group 1-168
2024-11-27 22:33:17,441 INFO o.a.j.t.JMeterThread: Thread started: jp@gc - Stepping Thread Group 1-169
2024-11-27 22:33:17,700 INFO o.a.j.t.JMeterThread: Thread started: jp@gc - Stepping Thread Group 1-170
2024-11-27 22:33:22,832 INFO o.a.j.t.JMeterThread: Thread started: jp@gc - Stepping Thread Group 1-171
2024-11-27 22:33:23,180 INFO o.a.j.t.JMeterThread: Thread started: jp@gc - Stepping Thread Group 1-172
2024-11-27 22:33:23,363 INFO o.a.j.t.JMeterThread: Thread started: jp@gc - Stepping Thread Group 1-173
2024-11-27 22:33:23,672 INFO o.a.j.t.JMeterThread: Thread started: jp@gc - Stepping Thread Group 1-174
2024-11-27 22:33:23,702 INFO o.a.j.t.JMeterThread: Thread started: jp@gc - Stepping Thread Group 1-175
2024-11-27 22:33:28,960 INFO o.a.j.t.JMeterThread: Thread started: jp@gc - Stepping Thread Group 1-176
2024-11-27 22:33:29,110 INFO o.a.j.t.JMeterThread: Thread started: jp@gc - Stepping Thread Group 1-177
2024-11-27 22:33:29,498 INFO o.a.j.t.JMeterThread: Thread started: jp@gc - Stepping Thread Group 1-178
2024-11-27 22:33:29,666 INFO o.a.j.t.JMeterThread: Thread started: jp@gc - Stepping Thread Group 1-179
2024-11-27 22:33:29,745 INFO o.a.j.t.JMeterThread: Thread started: jp@gc - Stepping Thread Group 1-180
2024-11-27 22:33:30,352 INFO o.a.j.r.Summariser: summary +    907 in 00:00:30 =   30.0/s Avg:  4469 Min:  2780 Max:  6133 Err:     0 (0.00%) Active: 180 Started: 180 Finished: 0
2024-11-27 22:33:30,352 INFO o.a.j.r.Summariser: summary =   5819 in 00:03:42 =   26.3/s Avg:  2286 Min:   156 Max:  6133 Err:     0 (0.00%)
2024-11-27 22:33:34,996 INFO o.a.j.t.JMeterThread: Thread started: jp@gc - Stepping Thread Group 1-181
2024-11-27 22:33:35,163 INFO o.a.j.t.JMeterThread: Thread started: jp@gc - Stepping Thread Group 1-182
2024-11-27 22:33:35,609 INFO o.a.j.t.JMeterThread: Thread started: jp@gc - Stepping Thread Group 1-183
2024-11-27 22:33:35,778 INFO o.a.j.t.JMeterThread: Thread started: jp@gc - Stepping Thread Group 1-184
2024-11-27 22:33:35,856 INFO o.a.j.t.JMeterThread: Thread started: jp@gc - Stepping Thread Group 1-185
2024-11-27 22:33:41,276 INFO o.a.j.t.JMeterThread: Thread started: jp@gc - Stepping Thread Group 1-186
2024-11-27 22:33:41,487 INFO o.a.j.t.JMeterThread: Thread started: jp@gc - Stepping Thread Group 1-187
2024-11-27 22:33:41,690 INFO o.a.j.t.JMeterThread: Thread started: jp@gc - Stepping Thread Group 1-188
2024-11-27 22:33:41,811 INFO o.a.j.t.JMeterThread: Thread started: jp@gc - Stepping Thread Group 1-189
2024-11-27 22:33:42,004 INFO o.a.j.t.JMeterThread: Thread started: jp@gc - Stepping Thread Group 1-190
2024-11-27 22:33:46,969 INFO o.a.j.t.JMeterThread: Thread started: jp@gc - Stepping Thread Group 1-191
2024-11-27 22:33:47,077 INFO o.a.j.t.JMeterThread: Thread started: jp@gc - Stepping Thread Group 1-192
2024-11-27 22:33:47,245 INFO o.a.j.t.JMeterThread: Thread started: jp@gc - Stepping Thread Group 1-193
2024-11-27 22:33:47,434 INFO o.a.j.t.JMeterThread: Thread started: jp@gc - Stepping Thread Group 1-194
2024-11-27 22:33:47,760 INFO o.a.j.t.JMeterThread: Thread started: jp@gc - Stepping Thread Group 1-195
2024-11-27 22:33:52,854 INFO o.a.j.t.JMeterThread: Thread started: jp@gc - Stepping Thread Group 1-196
2024-11-27 22:33:53,298 INFO o.a.j.t.JMeterThread: Thread started: jp@gc - Stepping Thread Group 1-197
2024-11-27 22:33:53,298 INFO o.a.j.t.JMeterThread: Thread started: jp@gc - Stepping Thread Group 1-198
2024-11-27 22:33:53,471 INFO o.a.j.t.JMeterThread: Thread started: jp@gc - Stepping Thread Group 1-199
2024-11-27 22:33:53,970 INFO o.a.j.t.JMeterThread: Thread started: jp@gc - Stepping Thread Group 1-200
2024-11-27 22:34:00,012 INFO o.a.j.r.Summariser: summary +    895 in 00:00:30 =   30.2/s Avg:  5228 Min:  3571 Max:  7641 Err:     0 (0.00%) Active: 200 Started: 200 Finished: 0
2024-11-27 22:34:00,012 INFO o.a.j.r.Summariser: summary =   6714 in 00:04:11 =   26.7/s Avg:  2678 Min:   156 Max:  7641 Err:     0 (0.00%)
2024-11-27 22:34:30,066 INFO o.a.j.r.Summariser: summary +    914 in 00:00:30 =   30.4/s Avg:  5604 Min:  3825 Max:  8210 Err:     0 (0.00%) Active: 200 Started: 200 Finished: 0
2024-11-27 22:34:30,066 INFO o.a.j.r.Summariser: summary =   7628 in 00:04:41 =   27.1/s Avg:  3029 Min:   156 Max:  8210 Err:     0 (0.00%)
2024-11-27 22:35:00,046 INFO o.a.j.r.Summariser: summary +    893 in 00:00:30 =   29.8/s Avg:  5676 Min:  3495 Max:  7963 Err:     0 (0.00%) Active: 200 Started: 200 Finished: 0
2024-11-27 22:35:00,046 INFO o.a.j.r.Summariser: summary =   8521 in 00:05:11 =   27.4/s Avg:  3306 Min:   156 Max:  8210 Err:     0 (0.00%)
2024-11-27 22:35:30,049 INFO o.a.j.r.Summariser: summary +    861 in 00:00:30 =   28.7/s Avg:  5990 Min:  2880 Max: 15152 Err:     0 (0.00%) Active: 200 Started: 200 Finished: 0
2024-11-27 22:35:30,049 INFO o.a.j.r.Summariser: summary =   9382 in 00:05:41 =   27.5/s Avg:  3553 Min:   156 Max: 15152 Err:     0 (0.00%)
