2024-11-26 02:20:32,259 INFO o.a.j.u.JMeterUtils: Setting Locale to en_EN
2024-11-26 02:20:32,280 INFO o.a.j.JMeter: Loading user properties from: C:\Utils\apache-jmeter-5.6.3\bin\user.properties
2024-11-26 02:20:32,281 INFO o.a.j.JMeter: Loading system properties from: C:\Utils\apache-jmeter-5.6.3\bin\system.properties
2024-11-26 02:20:32,287 INFO o.a.j.JMeter: Copyright (c) 1998-2024 The Apache Software Foundation
2024-11-26 02:20:32,288 INFO o.a.j.JMeter: Version 5.6.3
2024-11-26 02:20:32,288 INFO o.a.j.JMeter: java.version=19.0.1
2024-11-26 02:20:32,288 INFO o.a.j.JMeter: java.vm.name=Java HotSpot(TM) 64-Bit Server VM
2024-11-26 02:20:32,288 INFO o.a.j.JMeter: os.name=Windows 10
2024-11-26 02:20:32,288 INFO o.a.j.JMeter: os.arch=amd64
2024-11-26 02:20:32,288 INFO o.a.j.JMeter: os.version=10.0
2024-11-26 02:20:32,289 INFO o.a.j.JMeter: file.encoding=UTF-8
2024-11-26 02:20:32,289 INFO o.a.j.JMeter: java.awt.headless=true
2024-11-26 02:20:32,289 INFO o.a.j.JMeter: Max memory     =1073741824
2024-11-26 02:20:32,289 INFO o.a.j.JMeter: Available Processors =16
2024-11-26 02:20:32,299 INFO o.a.j.JMeter: Default Locale=English (EN)
2024-11-26 02:20:32,300 INFO o.a.j.JMeter: JMeter  Locale=English (EN)
2024-11-26 02:20:32,300 INFO o.a.j.JMeter: JMeterHome=C:\Utils\apache-jmeter-5.6.3
2024-11-26 02:20:32,300 INFO o.a.j.JMeter: user.dir  =C:\Users\danie\Dropbox\bonjr\coding\VSProjects\Lets_SAS_RPI_Websites\Jmeter
2024-11-26 02:20:32,301 INFO o.a.j.JMeter: PWD       =C:\Users\danie\Dropbox\bonjr\coding\VSProjects\Lets_SAS_RPI_Websites\Jmeter
2024-11-26 02:20:36,833 INFO o.a.j.JMeter: IP: 169.254.5.254 Name: OlijebwaPC FullName: OlijebwaPC
2024-11-26 02:20:36,852 INFO o.a.j.s.FileServer: Default base='C:\Users\danie\Dropbox\bonjr\coding\VSProjects\Lets_SAS_RPI_Websites\Jmeter'
2024-11-26 02:20:36,854 INFO o.a.j.s.FileServer: Set new base='C:\Users\danie\Dropbox\bonjr\coding\VSProjects\Lets_SAS_RPI_Websites\Jmeter'
2024-11-26 02:20:37,011 INFO o.a.j.s.SaveService: Testplan (JMX) version: 2.2. Testlog (JTL) version: 2.2
2024-11-26 02:20:37,037 INFO o.a.j.s.SaveService: Using SaveService properties version 5.0
2024-11-26 02:20:37,040 INFO o.a.j.s.SaveService: Using SaveService properties file encoding UTF-8
2024-11-26 02:20:37,043 INFO o.a.j.s.SaveService: Loading file: C:\Users\danie\Dropbox\bonjr\coding\VSProjects\Lets_SAS_RPI_Websites\Jmeter\traffic_simulation.jmx
2024-11-26 02:20:37,094 INFO o.a.j.p.h.s.HTTPSamplerBase: Parser for text/html is org.apache.jmeter.protocol.http.parser.LagartoBasedHtmlParser
2024-11-26 02:20:37,094 INFO o.a.j.p.h.s.HTTPSamplerBase: Parser for application/xhtml+xml is org.apache.jmeter.protocol.http.parser.LagartoBasedHtmlParser
2024-11-26 02:20:37,094 INFO o.a.j.p.h.s.HTTPSamplerBase: Parser for application/xml is org.apache.jmeter.protocol.http.parser.LagartoBasedHtmlParser
2024-11-26 02:20:37,094 INFO o.a.j.p.h.s.HTTPSamplerBase: Parser for text/xml is org.apache.jmeter.protocol.http.parser.LagartoBasedHtmlParser
2024-11-26 02:20:37,094 INFO o.a.j.p.h.s.HTTPSamplerBase: Parser for text/vnd.wap.wml is org.apache.jmeter.protocol.http.parser.RegexpHTMLParser
2024-11-26 02:20:37,094 INFO o.a.j.p.h.s.HTTPSamplerBase: Parser for text/css is org.apache.jmeter.protocol.http.parser.CssParser
2024-11-26 02:20:37,114 INFO o.a.j.JMeter: Creating summariser <summary>
2024-11-26 02:20:37,126 INFO o.a.j.e.StandardJMeterEngine: Running the test!
2024-11-26 02:20:37,127 INFO o.a.j.s.SampleEvent: List of sample_variables: [FLIGHTTOCOUNT, FLIGHTRETCOUNT, ONEWAY]
2024-11-26 02:20:37,127 INFO o.a.j.s.SampleEvent: List of sample_variables: [FLIGHTTOCOUNT, FLIGHTRETCOUNT, ONEWAY]
2024-11-26 02:20:37,131 INFO o.a.j.e.u.CompoundVariable: Note: Function class names must contain the string: '.functions.'
2024-11-26 02:20:37,131 INFO o.a.j.e.u.CompoundVariable: Note: Function class names must not contain the string: '.gui.'
2024-11-26 02:20:37,184 INFO o.a.j.r.ClassFinder: Will scan jar C:\Utils\apache-jmeter-5.6.3\lib\ext\jmeter-plugins-casutg-2.10.jar with filter ExtendsClassFilter [parents=[interface org.apache.jmeter.functions.Function], inner=false, contains=null, notContains=null]. Consider exposing JMeter plugins via META-INF/services, and add JMeter-Skip-Class-Scanning=true manifest attribute so JMeter can skip classfile scanning
2024-11-26 02:20:37,194 INFO o.a.j.r.ClassFinder: Will scan jar C:\Utils\apache-jmeter-5.6.3\lib\ext\json-simple-1.1.1.jar with filter ExtendsClassFilter [parents=[interface org.apache.jmeter.functions.Function], inner=false, contains=null, notContains=null]. Consider exposing JMeter plugins via META-INF/services, and add JMeter-Skip-Class-Scanning=true manifest attribute so JMeter can skip classfile scanning
2024-11-26 02:20:37,197 INFO o.a.j.r.ClassFinder: Will scan jar C:\Utils\apache-jmeter-5.6.3\lib\ext\acmeair-jmeter-2.0.0-SNAPSHOT.jar with filter ExtendsClassFilter [parents=[interface org.apache.jmeter.functions.Function], inner=false, contains=null, notContains=null]. Consider exposing JMeter plugins via META-INF/services, and add JMeter-Skip-Class-Scanning=true manifest attribute so JMeter can skip classfile scanning
2024-11-26 02:20:37,202 INFO o.a.j.r.ClassFinder: Will scan jar C:\Utils\apache-jmeter-5.6.3\lib\ext\jmeter-plugins-manager-1.6.jar with filter ExtendsClassFilter [parents=[interface org.apache.jmeter.functions.Function], inner=false, contains=null, notContains=null]. Consider exposing JMeter plugins via META-INF/services, and add JMeter-Skip-Class-Scanning=true manifest attribute so JMeter can skip classfile scanning
2024-11-26 02:20:37,283 INFO o.a.j.r.ClassFinder: Will scan jar C:\Utils\apache-jmeter-5.6.3\lib\ext\jmeter-plugins-manager-1.10.jar with filter ExtendsClassFilter [parents=[interface org.apache.jmeter.functions.Function], inner=false, contains=null, notContains=null]. Consider exposing JMeter plugins via META-INF/services, and add JMeter-Skip-Class-Scanning=true manifest attribute so JMeter can skip classfile scanning
2024-11-26 02:20:37,290 INFO o.a.j.JMeter: Running test (1732605637290)
2024-11-26 02:20:37,305 INFO o.a.j.e.StandardJMeterEngine: Starting ThreadGroup: 1 : jp@gc - Stepping Thread Group
2024-11-26 02:20:37,305 INFO o.a.j.e.StandardJMeterEngine: Starting 100 threads for group jp@gc - Stepping Thread Group.
2024-11-26 02:20:37,305 INFO o.a.j.e.StandardJMeterEngine: Thread will continue on error
2024-11-26 02:20:37,305 INFO k.a.j.t.AbstractSimpleThreadGroup: Starting thread group number 1 threads 100
2024-11-26 02:20:37,339 INFO k.a.j.t.AbstractSimpleThreadGroup: Started thread group number 1
2024-11-26 02:20:37,339 INFO o.a.j.e.StandardJMeterEngine: All thread groups have been started
2024-11-26 02:21:37,307 INFO o.a.j.t.JMeterThread: Thread started: jp@gc - Stepping Thread Group 1-1
2024-11-26 02:21:38,023 INFO o.a.j.p.h.s.HTTPHCAbstractImpl: Local host = OlijebwaPC
2024-11-26 02:21:38,028 INFO o.a.j.p.h.s.HTTPHC4Impl: HTTP request retry count = 0
2024-11-26 02:21:38,029 INFO o.a.j.s.SampleResult: Note: Sample TimeStamps are START times
2024-11-26 02:21:38,029 INFO o.a.j.s.SampleResult: sampleresult.default.encoding is set to UTF-8
2024-11-26 02:21:38,029 INFO o.a.j.s.SampleResult: sampleresult.useNanoTime=true
2024-11-26 02:21:38,029 INFO o.a.j.s.SampleResult: sampleresult.nanoThreadSleep=5000
2024-11-26 02:21:38,173 INFO o.a.j.p.h.p.BaseParser: Created org.apache.jmeter.protocol.http.parser.LagartoBasedHtmlParser
2024-11-26 02:21:38,202 INFO o.a.j.p.h.s.ResourcesDownloader: Creating ResourcesDownloader with keepalive_inseconds : 60
2024-11-26 02:21:38,226 INFO o.a.j.p.h.s.h.LazyLayeredConnectionSocketFactory: Setting up HTTPS TrustAll Socket Factory
2024-11-26 02:21:38,233 INFO o.a.j.u.JsseSSLManager: Using default SSL protocol: TLS
2024-11-26 02:21:38,233 INFO o.a.j.u.JsseSSLManager: SSL session context: per-thread
2024-11-26 02:21:38,350 INFO o.a.j.u.SSLManager: JmeterKeyStore Location:  type JKS
2024-11-26 02:21:38,355 INFO o.a.j.u.SSLManager: KeyStore created OK
2024-11-26 02:21:38,355 WARN o.a.j.u.SSLManager: Keystore file not found, loading empty keystore
2024-11-26 02:21:38,656 INFO o.a.j.p.h.p.BaseParser: Created org.apache.jmeter.protocol.http.parser.CssParser
2024-11-26 02:21:38,832 WARN c.h.c.r.e.LoggingCSSParseErrorHandler: Browser compliant mode skipped CSS from [5:53250] starting at token ' ' until [5:53251] to token ';' (based on com.helger.css.parser.ParseException: Encountered unexpected token: ";" ";"
    at line 5, column 53251.

Was expecting one of:

    "+"
    "-"
    "["
    "and"
    "expression("
    "from"
    "inherit"
    "not"
    "only"
    "or"
    "to"
    <ANGLE_DEG>
    <ANGLE_GRAD>
    <ANGLE_RAD>
    <ANGLE_TURN>
    <CH>
    <DPCM>
    <DPI>
    <DPPX>
    <EM>
    <EX>
    <FR>
    <FREQ_HZ>
    <FREQ_KHZ>
    <FUNCTION>
    <FUNCTION_CALC>
    <HASH>
    <IDENT>
    <LENGTH_CM>
    <LENGTH_IN>
    <LENGTH_MM>
    <LENGTH_PC>
    <LENGTH_PT>
    <LENGTH_Q>
    <NUMBER>
    <PERCENTAGE>
    <PX>
    <REM>
    <S>
    <STRING1>
    <STRING2>
    <TIME_MS>
    <TIME_S>
    <URANGE>
    <URL>
    <VH>
    <VMAX>
    <VMIN>
    <VW>
)
2024-11-26 02:21:38,843 WARN c.h.c.r.e.LoggingCSSParseErrorHandler: Browser compliant mode skipped CSS from [5:70708] starting at token ' ' until [5:70709] to token ';' (based on com.helger.css.parser.ParseException: Encountered unexpected token: ";" ";"
    at line 5, column 70709.

Was expecting one of:

    "+"
    "-"
    "["
    "and"
    "expression("
    "from"
    "inherit"
    "not"
    "only"
    "or"
    "to"
    <ANGLE_DEG>
    <ANGLE_GRAD>
    <ANGLE_RAD>
    <ANGLE_TURN>
    <CH>
    <DPCM>
    <DPI>
    <DPPX>
    <EM>
    <EX>
    <FR>
    <FREQ_HZ>
    <FREQ_KHZ>
    <FUNCTION>
    <FUNCTION_CALC>
    <HASH>
    <IDENT>
    <LENGTH_CM>
    <LENGTH_IN>
    <LENGTH_MM>
    <LENGTH_PC>
    <LENGTH_PT>
    <LENGTH_Q>
    <NUMBER>
    <PERCENTAGE>
    <PX>
    <REM>
    <S>
    <STRING1>
    <STRING2>
    <TIME_MS>
    <TIME_S>
    <URANGE>
    <URL>
    <VH>
    <VMAX>
    <VMIN>
    <VW>
)
2024-11-26 02:21:38,846 WARN c.h.c.r.e.LoggingCSSParseErrorHandler: Browser compliant mode skipped CSS from [5:73407] starting at token ' ' until [5:73408] to token ';' (based on com.helger.css.parser.ParseException: Encountered unexpected token: ";" ";"
    at line 5, column 73408.

Was expecting one of:

    "+"
    "-"
    "["
    "and"
    "expression("
    "from"
    "inherit"
    "not"
    "only"
    "or"
    "to"
    <ANGLE_DEG>
    <ANGLE_GRAD>
    <ANGLE_RAD>
    <ANGLE_TURN>
    <CH>
    <DPCM>
    <DPI>
    <DPPX>
    <EM>
    <EX>
    <FR>
    <FREQ_HZ>
    <FREQ_KHZ>
    <FUNCTION>
    <FUNCTION_CALC>
    <HASH>
    <IDENT>
    <LENGTH_CM>
    <LENGTH_IN>
    <LENGTH_MM>
    <LENGTH_PC>
    <LENGTH_PT>
    <LENGTH_Q>
    <NUMBER>
    <PERCENTAGE>
    <PX>
    <REM>
    <S>
    <STRING1>
    <STRING2>
    <TIME_MS>
    <TIME_S>
    <URANGE>
    <URL>
    <VH>
    <VMAX>
    <VMIN>
    <VW>
)
2024-11-26 02:21:38,850 WARN c.h.c.r.e.LoggingCSSParseErrorHandler: Browser compliant mode skipped CSS from [5:79112] starting at token ' ' until [5:79113] to token ';' (based on com.helger.css.parser.ParseException: Encountered unexpected token: ";" ";"
    at line 5, column 79113.

Was expecting one of:

    "+"
    "-"
    "["
    "and"
    "expression("
    "from"
    "inherit"
    "not"
    "only"
    "or"
    "to"
    <ANGLE_DEG>
    <ANGLE_GRAD>
    <ANGLE_RAD>
    <ANGLE_TURN>
    <CH>
    <DPCM>
    <DPI>
    <DPPX>
    <EM>
    <EX>
    <FR>
    <FREQ_HZ>
    <FREQ_KHZ>
    <FUNCTION>
    <FUNCTION_CALC>
    <HASH>
    <IDENT>
    <LENGTH_CM>
    <LENGTH_IN>
    <LENGTH_MM>
    <LENGTH_PC>
    <LENGTH_PT>
    <LENGTH_Q>
    <NUMBER>
    <PERCENTAGE>
    <PX>
    <REM>
    <S>
    <STRING1>
    <STRING2>
    <TIME_MS>
    <TIME_S>
    <URANGE>
    <URL>
    <VH>
    <VMAX>
    <VMIN>
    <VW>
)
2024-11-26 02:21:38,854 WARN c.h.c.r.e.LoggingCSSParseErrorHandler: Browser compliant mode skipped CSS from [5:87095] starting at token ' ' until [5:87096] to token ';' (based on com.helger.css.parser.ParseException: Encountered unexpected token: ";" ";"
    at line 5, column 87096.

Was expecting one of:

    "+"
    "-"
    "["
    "and"
    "expression("
    "from"
    "inherit"
    "not"
    "only"
    "or"
    "to"
    <ANGLE_DEG>
    <ANGLE_GRAD>
    <ANGLE_RAD>
    <ANGLE_TURN>
    <CH>
    <DPCM>
    <DPI>
    <DPPX>
    <EM>
    <EX>
    <FR>
    <FREQ_HZ>
    <FREQ_KHZ>
    <FUNCTION>
    <FUNCTION_CALC>
    <HASH>
    <IDENT>
    <LENGTH_CM>
    <LENGTH_IN>
    <LENGTH_MM>
    <LENGTH_PC>
    <LENGTH_PT>
    <LENGTH_Q>
    <NUMBER>
    <PERCENTAGE>
    <PX>
    <REM>
    <S>
    <STRING1>
    <STRING2>
    <TIME_MS>
    <TIME_S>
    <URANGE>
    <URL>
    <VH>
    <VMAX>
    <VMIN>
    <VW>
)
2024-11-26 02:21:38,854 WARN c.h.c.r.e.LoggingCSSParseErrorHandler: Browser compliant mode skipped CSS from [5:87122] starting at token ' ' until [5:87123] to token ';' (based on com.helger.css.parser.ParseException: Encountered unexpected token: ";" ";"
    at line 5, column 87123.

Was expecting one of:

    "+"
    "-"
    "["
    "and"
    "expression("
    "from"
    "inherit"
    "not"
    "only"
    "or"
    "to"
    <ANGLE_DEG>
    <ANGLE_GRAD>
    <ANGLE_RAD>
    <ANGLE_TURN>
    <CH>
    <DPCM>
    <DPI>
    <DPPX>
    <EM>
    <EX>
    <FR>
    <FREQ_HZ>
    <FREQ_KHZ>
    <FUNCTION>
    <FUNCTION_CALC>
    <HASH>
    <IDENT>
    <LENGTH_CM>
    <LENGTH_IN>
    <LENGTH_MM>
    <LENGTH_PC>
    <LENGTH_PT>
    <LENGTH_Q>
    <NUMBER>
    <PERCENTAGE>
    <PX>
    <REM>
    <S>
    <STRING1>
    <STRING2>
    <TIME_MS>
    <TIME_S>
    <URANGE>
    <URL>
    <VH>
    <VMAX>
    <VMIN>
    <VW>
)
2024-11-26 02:21:38,854 WARN c.h.c.r.e.LoggingCSSParseErrorHandler: Browser compliant mode skipped CSS from [5:87297] starting at token ' ' until [5:87298] to token ';' (based on com.helger.css.parser.ParseException: Encountered unexpected token: ";" ";"
    at line 5, column 87298.

Was expecting one of:

    "+"
    "-"
    "["
    "and"
    "expression("
    "from"
    "inherit"
    "not"
    "only"
    "or"
    "to"
    <ANGLE_DEG>
    <ANGLE_GRAD>
    <ANGLE_RAD>
    <ANGLE_TURN>
    <CH>
    <DPCM>
    <DPI>
    <DPPX>
    <EM>
    <EX>
    <FR>
    <FREQ_HZ>
    <FREQ_KHZ>
    <FUNCTION>
    <FUNCTION_CALC>
    <HASH>
    <IDENT>
    <LENGTH_CM>
    <LENGTH_IN>
    <LENGTH_MM>
    <LENGTH_PC>
    <LENGTH_PT>
    <LENGTH_Q>
    <NUMBER>
    <PERCENTAGE>
    <PX>
    <REM>
    <S>
    <STRING1>
    <STRING2>
    <TIME_MS>
    <TIME_S>
    <URANGE>
    <URL>
    <VH>
    <VMAX>
    <VMIN>
    <VW>
)
2024-11-26 02:21:38,855 WARN c.h.c.r.e.LoggingCSSParseErrorHandler: Browser compliant mode skipped CSS from [5:87520] starting at token ' ' until [5:87521] to token ';' (based on com.helger.css.parser.ParseException: Encountered unexpected token: ";" ";"
    at line 5, column 87521.

Was expecting one of:

    "+"
    "-"
    "["
    "and"
    "expression("
    "from"
    "inherit"
    "not"
    "only"
    "or"
    "to"
    <ANGLE_DEG>
    <ANGLE_GRAD>
    <ANGLE_RAD>
    <ANGLE_TURN>
    <CH>
    <DPCM>
    <DPI>
    <DPPX>
    <EM>
    <EX>
    <FR>
    <FREQ_HZ>
    <FREQ_KHZ>
    <FUNCTION>
    <FUNCTION_CALC>
    <HASH>
    <IDENT>
    <LENGTH_CM>
    <LENGTH_IN>
    <LENGTH_MM>
    <LENGTH_PC>
    <LENGTH_PT>
    <LENGTH_Q>
    <NUMBER>
    <PERCENTAGE>
    <PX>
    <REM>
    <S>
    <STRING1>
    <STRING2>
    <TIME_MS>
    <TIME_S>
    <URANGE>
    <URL>
    <VH>
    <VMAX>
    <VMIN>
    <VW>
)
2024-11-26 02:21:38,855 WARN c.h.c.r.e.LoggingCSSParseErrorHandler: Browser compliant mode skipped CSS from [5:87539] starting at token ' ' until [5:87540] to token ';' (based on com.helger.css.parser.ParseException: Encountered unexpected token: ";" ";"
    at line 5, column 87540.

Was expecting one of:

    "+"
    "-"
    "["
    "and"
    "expression("
    "from"
    "inherit"
    "not"
    "only"
    "or"
    "to"
    <ANGLE_DEG>
    <ANGLE_GRAD>
    <ANGLE_RAD>
    <ANGLE_TURN>
    <CH>
    <DPCM>
    <DPI>
    <DPPX>
    <EM>
    <EX>
    <FR>
    <FREQ_HZ>
    <FREQ_KHZ>
    <FUNCTION>
    <FUNCTION_CALC>
    <HASH>
    <IDENT>
    <LENGTH_CM>
    <LENGTH_IN>
    <LENGTH_MM>
    <LENGTH_PC>
    <LENGTH_PT>
    <LENGTH_Q>
    <NUMBER>
    <PERCENTAGE>
    <PX>
    <REM>
    <S>
    <STRING1>
    <STRING2>
    <TIME_MS>
    <TIME_S>
    <URANGE>
    <URL>
    <VH>
    <VMAX>
    <VMIN>
    <VW>
)
2024-11-26 02:21:38,855 WARN c.h.c.r.e.LoggingCSSParseErrorHandler: Browser compliant mode skipped CSS from [5:87557] starting at token ' ' until [5:87558] to token ';' (based on com.helger.css.parser.ParseException: Encountered unexpected token: ";" ";"
    at line 5, column 87558.

Was expecting one of:

    "+"
    "-"
    "["
    "and"
    "expression("
    "from"
    "inherit"
    "not"
    "only"
    "or"
    "to"
    <ANGLE_DEG>
    <ANGLE_GRAD>
    <ANGLE_RAD>
    <ANGLE_TURN>
    <CH>
    <DPCM>
    <DPI>
    <DPPX>
    <EM>
    <EX>
    <FR>
    <FREQ_HZ>
    <FREQ_KHZ>
    <FUNCTION>
    <FUNCTION_CALC>
    <HASH>
    <IDENT>
    <LENGTH_CM>
    <LENGTH_IN>
    <LENGTH_MM>
    <LENGTH_PC>
    <LENGTH_PT>
    <LENGTH_Q>
    <NUMBER>
    <PERCENTAGE>
    <PX>
    <REM>
    <S>
    <STRING1>
    <STRING2>
    <TIME_MS>
    <TIME_S>
    <URANGE>
    <URL>
    <VH>
    <VMAX>
    <VMIN>
    <VW>
)
2024-11-26 02:21:38,860 WARN c.h.c.r.e.LoggingCSSParseErrorHandler: Browser compliant mode skipped CSS from [5:96851] starting at token ' ' until [5:96852] to token ';' (based on com.helger.css.parser.ParseException: Encountered unexpected token: ";" ";"
    at line 5, column 96852.

Was expecting one of:

    "+"
    "-"
    "["
    "and"
    "expression("
    "from"
    "inherit"
    "not"
    "only"
    "or"
    "to"
    <ANGLE_DEG>
    <ANGLE_GRAD>
    <ANGLE_RAD>
    <ANGLE_TURN>
    <CH>
    <DPCM>
    <DPI>
    <DPPX>
    <EM>
    <EX>
    <FR>
    <FREQ_HZ>
    <FREQ_KHZ>
    <FUNCTION>
    <FUNCTION_CALC>
    <HASH>
    <IDENT>
    <LENGTH_CM>
    <LENGTH_IN>
    <LENGTH_MM>
    <LENGTH_PC>
    <LENGTH_PT>
    <LENGTH_Q>
    <NUMBER>
    <PERCENTAGE>
    <PX>
    <REM>
    <S>
    <STRING1>
    <STRING2>
    <TIME_MS>
    <TIME_S>
    <URANGE>
    <URL>
    <VH>
    <VMAX>
    <VMIN>
    <VW>
)
2024-11-26 02:21:38,860 WARN c.h.c.r.e.LoggingCSSParseErrorHandler: Browser compliant mode skipped CSS from [5:96883] starting at token ' ' until [5:96884] to token ';' (based on com.helger.css.parser.ParseException: Encountered unexpected token: ";" ";"
    at line 5, column 96884.

Was expecting one of:

    "+"
    "-"
    "["
    "and"
    "expression("
    "from"
    "inherit"
    "not"
    "only"
    "or"
    "to"
    <ANGLE_DEG>
    <ANGLE_GRAD>
    <ANGLE_RAD>
    <ANGLE_TURN>
    <CH>
    <DPCM>
    <DPI>
    <DPPX>
    <EM>
    <EX>
    <FR>
    <FREQ_HZ>
    <FREQ_KHZ>
    <FUNCTION>
    <FUNCTION_CALC>
    <HASH>
    <IDENT>
    <LENGTH_CM>
    <LENGTH_IN>
    <LENGTH_MM>
    <LENGTH_PC>
    <LENGTH_PT>
    <LENGTH_Q>
    <NUMBER>
    <PERCENTAGE>
    <PX>
    <REM>
    <S>
    <STRING1>
    <STRING2>
    <TIME_MS>
    <TIME_S>
    <URANGE>
    <URL>
    <VH>
    <VMAX>
    <VMIN>
    <VW>
)
2024-11-26 02:21:38,871 WARN c.h.c.r.e.LoggingCSSParseErrorHandler: Browser compliant mode skipped CSS from [5:118914] starting at token ' ' until [5:118915] to token ';' (based on com.helger.css.parser.ParseException: Encountered unexpected token: ";" ";"
    at line 5, column 118915.

Was expecting one of:

    "+"
    "-"
    "["
    "and"
    "expression("
    "from"
    "inherit"
    "not"
    "only"
    "or"
    "to"
    <ANGLE_DEG>
    <ANGLE_GRAD>
    <ANGLE_RAD>
    <ANGLE_TURN>
    <CH>
    <DPCM>
    <DPI>
    <DPPX>
    <EM>
    <EX>
    <FR>
    <FREQ_HZ>
    <FREQ_KHZ>
    <FUNCTION>
    <FUNCTION_CALC>
    <HASH>
    <IDENT>
    <LENGTH_CM>
    <LENGTH_IN>
    <LENGTH_MM>
    <LENGTH_PC>
    <LENGTH_PT>
    <LENGTH_Q>
    <NUMBER>
    <PERCENTAGE>
    <PX>
    <REM>
    <S>
    <STRING1>
    <STRING2>
    <TIME_MS>
    <TIME_S>
    <URANGE>
    <URL>
    <VH>
    <VMAX>
    <VMIN>
    <VW>
)
2024-11-26 02:21:38,872 WARN c.h.c.r.e.LoggingCSSParseErrorHandler: Browser compliant mode skipped CSS from [5:120779] starting at token ' ' until [5:120780] to token ';' (based on com.helger.css.parser.ParseException: Encountered unexpected token: ";" ";"
    at line 5, column 120780.

Was expecting one of:

    "+"
    "-"
    "["
    "and"
    "expression("
    "from"
    "inherit"
    "not"
    "only"
    "or"
    "to"
    <ANGLE_DEG>
    <ANGLE_GRAD>
    <ANGLE_RAD>
    <ANGLE_TURN>
    <CH>
    <DPCM>
    <DPI>
    <DPPX>
    <EM>
    <EX>
    <FR>
    <FREQ_HZ>
    <FREQ_KHZ>
    <FUNCTION>
    <FUNCTION_CALC>
    <HASH>
    <IDENT>
    <LENGTH_CM>
    <LENGTH_IN>
    <LENGTH_MM>
    <LENGTH_PC>
    <LENGTH_PT>
    <LENGTH_Q>
    <NUMBER>
    <PERCENTAGE>
    <PX>
    <REM>
    <S>
    <STRING1>
    <STRING2>
    <TIME_MS>
    <TIME_S>
    <URANGE>
    <URL>
    <VH>
    <VMAX>
    <VMIN>
    <VW>
)
2024-11-26 02:21:38,873 WARN c.h.c.r.e.LoggingCSSParseErrorHandler: Browser compliant mode skipped CSS from [5:121417] starting at token ' ' until [5:121418] to token ';' (based on com.helger.css.parser.ParseException: Encountered unexpected token: ";" ";"
    at line 5, column 121418.

Was expecting one of:

    "+"
    "-"
    "["
    "and"
    "expression("
    "from"
    "inherit"
    "not"
    "only"
    "or"
    "to"
    <ANGLE_DEG>
    <ANGLE_GRAD>
    <ANGLE_RAD>
    <ANGLE_TURN>
    <CH>
    <DPCM>
    <DPI>
    <DPPX>
    <EM>
    <EX>
    <FR>
    <FREQ_HZ>
    <FREQ_KHZ>
    <FUNCTION>
    <FUNCTION_CALC>
    <HASH>
    <IDENT>
    <LENGTH_CM>
    <LENGTH_IN>
    <LENGTH_MM>
    <LENGTH_PC>
    <LENGTH_PT>
    <LENGTH_Q>
    <NUMBER>
    <PERCENTAGE>
    <PX>
    <REM>
    <S>
    <STRING1>
    <STRING2>
    <TIME_MS>
    <TIME_S>
    <URANGE>
    <URL>
    <VH>
    <VMAX>
    <VMIN>
    <VW>
)
2024-11-26 02:21:38,876 WARN c.h.c.r.e.LoggingCSSParseErrorHandler: Browser compliant mode skipped CSS from [5:126625] starting at token ' ' until [5:126626] to token ';' (based on com.helger.css.parser.ParseException: Encountered unexpected token: ";" ";"
    at line 5, column 126626.

Was expecting one of:

    "+"
    "-"
    "["
    "and"
    "expression("
    "from"
    "inherit"
    "not"
    "only"
    "or"
    "to"
    <ANGLE_DEG>
    <ANGLE_GRAD>
    <ANGLE_RAD>
    <ANGLE_TURN>
    <CH>
    <DPCM>
    <DPI>
    <DPPX>
    <EM>
    <EX>
    <FR>
    <FREQ_HZ>
    <FREQ_KHZ>
    <FUNCTION>
    <FUNCTION_CALC>
    <HASH>
    <IDENT>
    <LENGTH_CM>
    <LENGTH_IN>
    <LENGTH_MM>
    <LENGTH_PC>
    <LENGTH_PT>
    <LENGTH_Q>
    <NUMBER>
    <PERCENTAGE>
    <PX>
    <REM>
    <S>
    <STRING1>
    <STRING2>
    <TIME_MS>
    <TIME_S>
    <URANGE>
    <URL>
    <VH>
    <VMAX>
    <VMIN>
    <VW>
)
2024-11-26 02:21:43,307 INFO o.a.j.t.JMeterThread: Thread started: jp@gc - Stepping Thread Group 1-2
2024-11-26 02:21:49,307 INFO o.a.j.t.JMeterThread: Thread started: jp@gc - Stepping Thread Group 1-3
2024-11-26 02:21:55,306 INFO o.a.j.t.JMeterThread: Thread started: jp@gc - Stepping Thread Group 1-4
2024-11-26 02:22:00,137 INFO o.a.j.r.Summariser: summary +     54 in 00:01:23 =    0.7/s Avg:   132 Min:    95 Max:   628 Err:     0 (0.00%) Active: 4 Started: 4 Finished: 0
2024-11-26 02:22:01,306 INFO o.a.j.t.JMeterThread: Thread started: jp@gc - Stepping Thread Group 1-5
2024-11-26 02:22:30,015 INFO o.a.j.r.Summariser: summary +    147 in 00:00:30 =    4.9/s Avg:   142 Min:    90 Max:   363 Err:     0 (0.00%) Active: 5 Started: 5 Finished: 0
2024-11-26 02:22:30,016 INFO o.a.j.r.Summariser: summary =    201 in 00:01:53 =    1.8/s Avg:   139 Min:    90 Max:   628 Err:     0 (0.00%)
2024-11-26 02:23:00,114 INFO o.a.j.r.Summariser: summary +    155 in 00:00:30 =    5.1/s Avg:   129 Min:    90 Max:  1182 Err:     0 (0.00%) Active: 5 Started: 5 Finished: 0
2024-11-26 02:23:00,114 INFO o.a.j.r.Summariser: summary =    356 in 00:02:23 =    2.5/s Avg:   135 Min:    90 Max:  1182 Err:     0 (0.00%)
2024-11-26 02:23:07,307 INFO o.a.j.t.JMeterThread: Thread started: jp@gc - Stepping Thread Group 1-6
2024-11-26 02:23:13,306 INFO o.a.j.t.JMeterThread: Thread started: jp@gc - Stepping Thread Group 1-7
2024-11-26 02:23:19,308 INFO o.a.j.t.JMeterThread: Thread started: jp@gc - Stepping Thread Group 1-8
2024-11-26 02:23:25,309 INFO o.a.j.t.JMeterThread: Thread started: jp@gc - Stepping Thread Group 1-9
2024-11-26 02:23:30,210 INFO o.a.j.r.Summariser: summary +    202 in 00:00:30 =    6.7/s Avg:   121 Min:    91 Max:   334 Err:     0 (0.00%) Active: 9 Started: 9 Finished: 0
2024-11-26 02:23:30,210 INFO o.a.j.r.Summariser: summary =    558 in 00:02:53 =    3.2/s Avg:   130 Min:    90 Max:  1182 Err:     0 (0.00%)
2024-11-26 02:23:31,307 INFO o.a.j.t.JMeterThread: Thread started: jp@gc - Stepping Thread Group 1-10
2024-11-26 02:24:00,055 INFO o.a.j.r.Summariser: summary +    296 in 00:00:30 =    9.9/s Avg:   140 Min:    89 Max:   298 Err:     0 (0.00%) Active: 10 Started: 10 Finished: 0
2024-11-26 02:24:00,055 INFO o.a.j.r.Summariser: summary =    854 in 00:03:23 =    4.2/s Avg:   134 Min:    89 Max:  1182 Err:     0 (0.00%)
2024-11-26 02:24:30,074 INFO o.a.j.r.Summariser: summary +    287 in 00:00:30 =    9.6/s Avg:   128 Min:    90 Max:   310 Err:     0 (0.00%) Active: 10 Started: 10 Finished: 0
2024-11-26 02:24:30,075 INFO o.a.j.r.Summariser: summary =   1141 in 00:03:53 =    4.9/s Avg:   132 Min:    89 Max:  1182 Err:     0 (0.00%)
2024-11-26 02:24:37,307 INFO o.a.j.t.JMeterThread: Thread started: jp@gc - Stepping Thread Group 1-11
2024-11-26 02:24:43,307 INFO o.a.j.t.JMeterThread: Thread started: jp@gc - Stepping Thread Group 1-12
2024-11-26 02:24:49,306 INFO o.a.j.t.JMeterThread: Thread started: jp@gc - Stepping Thread Group 1-13
2024-11-26 02:24:55,306 INFO o.a.j.t.JMeterThread: Thread started: jp@gc - Stepping Thread Group 1-14
2024-11-26 02:25:00,102 INFO o.a.j.r.Summariser: summary +    335 in 00:00:30 =   11.2/s Avg:   154 Min:    89 Max:   334 Err:     0 (0.00%) Active: 14 Started: 14 Finished: 0
2024-11-26 02:25:00,103 INFO o.a.j.r.Summariser: summary =   1476 in 00:04:23 =    5.6/s Avg:   137 Min:    89 Max:  1182 Err:     0 (0.00%)
2024-11-26 02:25:01,307 INFO o.a.j.t.JMeterThread: Thread started: jp@gc - Stepping Thread Group 1-15
2024-11-26 02:25:30,043 INFO o.a.j.r.Summariser: summary +    383 in 00:00:30 =   12.8/s Avg:   210 Min:    89 Max:  1299 Err:     0 (0.00%) Active: 15 Started: 15 Finished: 0
2024-11-26 02:25:30,043 INFO o.a.j.r.Summariser: summary =   1859 in 00:04:53 =    6.4/s Avg:   152 Min:    89 Max:  1299 Err:     0 (0.00%)
2024-11-26 02:25:38,769 WARN c.h.c.r.e.LoggingCSSParseErrorHandler: Browser compliant mode skipped CSS from [5:53250] starting at token ' ' until [5:53251] to token ';' (based on com.helger.css.parser.ParseException: Encountered unexpected token: ";" ";"
    at line 5, column 53251.

Was expecting one of:

    "+"
    "-"
    "["
    "and"
    "expression("
    "from"
    "inherit"
    "not"
    "only"
    "or"
    "to"
    <ANGLE_DEG>
    <ANGLE_GRAD>
    <ANGLE_RAD>
    <ANGLE_TURN>
    <CH>
    <DPCM>
    <DPI>
    <DPPX>
    <EM>
    <EX>
    <FR>
    <FREQ_HZ>
    <FREQ_KHZ>
    <FUNCTION>
    <FUNCTION_CALC>
    <HASH>
    <IDENT>
    <LENGTH_CM>
    <LENGTH_IN>
    <LENGTH_MM>
    <LENGTH_PC>
    <LENGTH_PT>
    <LENGTH_Q>
    <NUMBER>
    <PERCENTAGE>
    <PX>
    <REM>
    <S>
    <STRING1>
    <STRING2>
    <TIME_MS>
    <TIME_S>
    <URANGE>
    <URL>
    <VH>
    <VMAX>
    <VMIN>
    <VW>
)
2024-11-26 02:25:38,786 WARN c.h.c.r.e.LoggingCSSParseErrorHandler: Browser compliant mode skipped CSS from [5:70708] starting at token ' ' until [5:70709] to token ';' (based on com.helger.css.parser.ParseException: Encountered unexpected token: ";" ";"
    at line 5, column 70709.

Was expecting one of:

    "+"
    "-"
    "["
    "and"
    "expression("
    "from"
    "inherit"
    "not"
    "only"
    "or"
    "to"
    <ANGLE_DEG>
    <ANGLE_GRAD>
    <ANGLE_RAD>
    <ANGLE_TURN>
    <CH>
    <DPCM>
    <DPI>
    <DPPX>
    <EM>
    <EX>
    <FR>
    <FREQ_HZ>
    <FREQ_KHZ>
    <FUNCTION>
    <FUNCTION_CALC>
    <HASH>
    <IDENT>
    <LENGTH_CM>
    <LENGTH_IN>
    <LENGTH_MM>
    <LENGTH_PC>
    <LENGTH_PT>
    <LENGTH_Q>
    <NUMBER>
    <PERCENTAGE>
    <PX>
    <REM>
    <S>
    <STRING1>
    <STRING2>
    <TIME_MS>
    <TIME_S>
    <URANGE>
    <URL>
    <VH>
    <VMAX>
    <VMIN>
    <VW>
)
2024-11-26 02:25:38,789 WARN c.h.c.r.e.LoggingCSSParseErrorHandler: Browser compliant mode skipped CSS from [5:73407] starting at token ' ' until [5:73408] to token ';' (based on com.helger.css.parser.ParseException: Encountered unexpected token: ";" ";"
    at line 5, column 73408.

Was expecting one of:

    "+"
    "-"
    "["
    "and"
    "expression("
    "from"
    "inherit"
    "not"
    "only"
    "or"
    "to"
    <ANGLE_DEG>
    <ANGLE_GRAD>
    <ANGLE_RAD>
    <ANGLE_TURN>
    <CH>
    <DPCM>
    <DPI>
    <DPPX>
    <EM>
    <EX>
    <FR>
    <FREQ_HZ>
    <FREQ_KHZ>
    <FUNCTION>
    <FUNCTION_CALC>
    <HASH>
    <IDENT>
    <LENGTH_CM>
    <LENGTH_IN>
    <LENGTH_MM>
    <LENGTH_PC>
    <LENGTH_PT>
    <LENGTH_Q>
    <NUMBER>
    <PERCENTAGE>
    <PX>
    <REM>
    <S>
    <STRING1>
    <STRING2>
    <TIME_MS>
    <TIME_S>
    <URANGE>
    <URL>
    <VH>
    <VMAX>
    <VMIN>
    <VW>
)
2024-11-26 02:25:38,794 WARN c.h.c.r.e.LoggingCSSParseErrorHandler: Browser compliant mode skipped CSS from [5:79112] starting at token ' ' until [5:79113] to token ';' (based on com.helger.css.parser.ParseException: Encountered unexpected token: ";" ";"
    at line 5, column 79113.

Was expecting one of:

    "+"
    "-"
    "["
    "and"
    "expression("
    "from"
    "inherit"
    "not"
    "only"
    "or"
    "to"
    <ANGLE_DEG>
    <ANGLE_GRAD>
    <ANGLE_RAD>
    <ANGLE_TURN>
    <CH>
    <DPCM>
    <DPI>
    <DPPX>
    <EM>
    <EX>
    <FR>
    <FREQ_HZ>
    <FREQ_KHZ>
    <FUNCTION>
    <FUNCTION_CALC>
    <HASH>
    <IDENT>
    <LENGTH_CM>
    <LENGTH_IN>
    <LENGTH_MM>
    <LENGTH_PC>
    <LENGTH_PT>
    <LENGTH_Q>
    <NUMBER>
    <PERCENTAGE>
    <PX>
    <REM>
    <S>
    <STRING1>
    <STRING2>
    <TIME_MS>
    <TIME_S>
    <URANGE>
    <URL>
    <VH>
    <VMAX>
    <VMIN>
    <VW>
)
2024-11-26 02:25:38,800 WARN c.h.c.r.e.LoggingCSSParseErrorHandler: Browser compliant mode skipped CSS from [5:87095] starting at token ' ' until [5:87096] to token ';' (based on com.helger.css.parser.ParseException: Encountered unexpected token: ";" ";"
    at line 5, column 87096.

Was expecting one of:

    "+"
    "-"
    "["
    "and"
    "expression("
    "from"
    "inherit"
    "not"
    "only"
    "or"
    "to"
    <ANGLE_DEG>
    <ANGLE_GRAD>
    <ANGLE_RAD>
    <ANGLE_TURN>
    <CH>
    <DPCM>
    <DPI>
    <DPPX>
    <EM>
    <EX>
    <FR>
    <FREQ_HZ>
    <FREQ_KHZ>
    <FUNCTION>
    <FUNCTION_CALC>
    <HASH>
    <IDENT>
    <LENGTH_CM>
    <LENGTH_IN>
    <LENGTH_MM>
    <LENGTH_PC>
    <LENGTH_PT>
    <LENGTH_Q>
    <NUMBER>
    <PERCENTAGE>
    <PX>
    <REM>
    <S>
    <STRING1>
    <STRING2>
    <TIME_MS>
    <TIME_S>
    <URANGE>
    <URL>
    <VH>
    <VMAX>
    <VMIN>
    <VW>
)
2024-11-26 02:25:38,800 WARN c.h.c.r.e.LoggingCSSParseErrorHandler: Browser compliant mode skipped CSS from [5:87122] starting at token ' ' until [5:87123] to token ';' (based on com.helger.css.parser.ParseException: Encountered unexpected token: ";" ";"
    at line 5, column 87123.

Was expecting one of:

    "+"
    "-"
    "["
    "and"
    "expression("
    "from"
    "inherit"
    "not"
    "only"
    "or"
    "to"
    <ANGLE_DEG>
    <ANGLE_GRAD>
    <ANGLE_RAD>
    <ANGLE_TURN>
    <CH>
    <DPCM>
    <DPI>
    <DPPX>
    <EM>
    <EX>
    <FR>
    <FREQ_HZ>
    <FREQ_KHZ>
    <FUNCTION>
    <FUNCTION_CALC>
    <HASH>
    <IDENT>
    <LENGTH_CM>
    <LENGTH_IN>
    <LENGTH_MM>
    <LENGTH_PC>
    <LENGTH_PT>
    <LENGTH_Q>
    <NUMBER>
    <PERCENTAGE>
    <PX>
    <REM>
    <S>
    <STRING1>
    <STRING2>
    <TIME_MS>
    <TIME_S>
    <URANGE>
    <URL>
    <VH>
    <VMAX>
    <VMIN>
    <VW>
)
2024-11-26 02:25:38,800 WARN c.h.c.r.e.LoggingCSSParseErrorHandler: Browser compliant mode skipped CSS from [5:87297] starting at token ' ' until [5:87298] to token ';' (based on com.helger.css.parser.ParseException: Encountered unexpected token: ";" ";"
    at line 5, column 87298.

Was expecting one of:

    "+"
    "-"
    "["
    "and"
    "expression("
    "from"
    "inherit"
    "not"
    "only"
    "or"
    "to"
    <ANGLE_DEG>
    <ANGLE_GRAD>
    <ANGLE_RAD>
    <ANGLE_TURN>
    <CH>
    <DPCM>
    <DPI>
    <DPPX>
    <EM>
    <EX>
    <FR>
    <FREQ_HZ>
    <FREQ_KHZ>
    <FUNCTION>
    <FUNCTION_CALC>
    <HASH>
    <IDENT>
    <LENGTH_CM>
    <LENGTH_IN>
    <LENGTH_MM>
    <LENGTH_PC>
    <LENGTH_PT>
    <LENGTH_Q>
    <NUMBER>
    <PERCENTAGE>
    <PX>
    <REM>
    <S>
    <STRING1>
    <STRING2>
    <TIME_MS>
    <TIME_S>
    <URANGE>
    <URL>
    <VH>
    <VMAX>
    <VMIN>
    <VW>
)
2024-11-26 02:25:38,801 WARN c.h.c.r.e.LoggingCSSParseErrorHandler: Browser compliant mode skipped CSS from [5:87520] starting at token ' ' until [5:87521] to token ';' (based on com.helger.css.parser.ParseException: Encountered unexpected token: ";" ";"
    at line 5, column 87521.

Was expecting one of:

    "+"
    "-"
    "["
    "and"
    "expression("
    "from"
    "inherit"
    "not"
    "only"
    "or"
    "to"
    <ANGLE_DEG>
    <ANGLE_GRAD>
    <ANGLE_RAD>
    <ANGLE_TURN>
    <CH>
    <DPCM>
    <DPI>
    <DPPX>
    <EM>
    <EX>
    <FR>
    <FREQ_HZ>
    <FREQ_KHZ>
    <FUNCTION>
    <FUNCTION_CALC>
    <HASH>
    <IDENT>
    <LENGTH_CM>
    <LENGTH_IN>
    <LENGTH_MM>
    <LENGTH_PC>
    <LENGTH_PT>
    <LENGTH_Q>
    <NUMBER>
    <PERCENTAGE>
    <PX>
    <REM>
    <S>
    <STRING1>
    <STRING2>
    <TIME_MS>
    <TIME_S>
    <URANGE>
    <URL>
    <VH>
    <VMAX>
    <VMIN>
    <VW>
)
2024-11-26 02:25:38,801 WARN c.h.c.r.e.LoggingCSSParseErrorHandler: Browser compliant mode skipped CSS from [5:87539] starting at token ' ' until [5:87540] to token ';' (based on com.helger.css.parser.ParseException: Encountered unexpected token: ";" ";"
    at line 5, column 87540.

Was expecting one of:

    "+"
    "-"
    "["
    "and"
    "expression("
    "from"
    "inherit"
    "not"
    "only"
    "or"
    "to"
    <ANGLE_DEG>
    <ANGLE_GRAD>
    <ANGLE_RAD>
    <ANGLE_TURN>
    <CH>
    <DPCM>
    <DPI>
    <DPPX>
    <EM>
    <EX>
    <FR>
    <FREQ_HZ>
    <FREQ_KHZ>
    <FUNCTION>
    <FUNCTION_CALC>
    <HASH>
    <IDENT>
    <LENGTH_CM>
    <LENGTH_IN>
    <LENGTH_MM>
    <LENGTH_PC>
    <LENGTH_PT>
    <LENGTH_Q>
    <NUMBER>
    <PERCENTAGE>
    <PX>
    <REM>
    <S>
    <STRING1>
    <STRING2>
    <TIME_MS>
    <TIME_S>
    <URANGE>
    <URL>
    <VH>
    <VMAX>
    <VMIN>
    <VW>
)
2024-11-26 02:25:38,801 WARN c.h.c.r.e.LoggingCSSParseErrorHandler: Browser compliant mode skipped CSS from [5:87557] starting at token ' ' until [5:87558] to token ';' (based on com.helger.css.parser.ParseException: Encountered unexpected token: ";" ";"
    at line 5, column 87558.

Was expecting one of:

    "+"
    "-"
    "["
    "and"
    "expression("
    "from"
    "inherit"
    "not"
    "only"
    "or"
    "to"
    <ANGLE_DEG>
    <ANGLE_GRAD>
    <ANGLE_RAD>
    <ANGLE_TURN>
    <CH>
    <DPCM>
    <DPI>
    <DPPX>
    <EM>
    <EX>
    <FR>
    <FREQ_HZ>
    <FREQ_KHZ>
    <FUNCTION>
    <FUNCTION_CALC>
    <HASH>
    <IDENT>
    <LENGTH_CM>
    <LENGTH_IN>
    <LENGTH_MM>
    <LENGTH_PC>
    <LENGTH_PT>
    <LENGTH_Q>
    <NUMBER>
    <PERCENTAGE>
    <PX>
    <REM>
    <S>
    <STRING1>
    <STRING2>
    <TIME_MS>
    <TIME_S>
    <URANGE>
    <URL>
    <VH>
    <VMAX>
    <VMIN>
    <VW>
)
2024-11-26 02:25:38,808 WARN c.h.c.r.e.LoggingCSSParseErrorHandler: Browser compliant mode skipped CSS from [5:96851] starting at token ' ' until [5:96852] to token ';' (based on com.helger.css.parser.ParseException: Encountered unexpected token: ";" ";"
    at line 5, column 96852.

Was expecting one of:

    "+"
    "-"
    "["
    "and"
    "expression("
    "from"
    "inherit"
    "not"
    "only"
    "or"
    "to"
    <ANGLE_DEG>
    <ANGLE_GRAD>
    <ANGLE_RAD>
    <ANGLE_TURN>
    <CH>
    <DPCM>
    <DPI>
    <DPPX>
    <EM>
    <EX>
    <FR>
    <FREQ_HZ>
    <FREQ_KHZ>
    <FUNCTION>
    <FUNCTION_CALC>
    <HASH>
    <IDENT>
    <LENGTH_CM>
    <LENGTH_IN>
    <LENGTH_MM>
    <LENGTH_PC>
    <LENGTH_PT>
    <LENGTH_Q>
    <NUMBER>
    <PERCENTAGE>
    <PX>
    <REM>
    <S>
    <STRING1>
    <STRING2>
    <TIME_MS>
    <TIME_S>
    <URANGE>
    <URL>
    <VH>
    <VMAX>
    <VMIN>
    <VW>
)
2024-11-26 02:25:38,808 WARN c.h.c.r.e.LoggingCSSParseErrorHandler: Browser compliant mode skipped CSS from [5:96883] starting at token ' ' until [5:96884] to token ';' (based on com.helger.css.parser.ParseException: Encountered unexpected token: ";" ";"
    at line 5, column 96884.

Was expecting one of:

    "+"
    "-"
    "["
    "and"
    "expression("
    "from"
    "inherit"
    "not"
    "only"
    "or"
    "to"
    <ANGLE_DEG>
    <ANGLE_GRAD>
    <ANGLE_RAD>
    <ANGLE_TURN>
    <CH>
    <DPCM>
    <DPI>
    <DPPX>
    <EM>
    <EX>
    <FR>
    <FREQ_HZ>
    <FREQ_KHZ>
    <FUNCTION>
    <FUNCTION_CALC>
    <HASH>
    <IDENT>
    <LENGTH_CM>
    <LENGTH_IN>
    <LENGTH_MM>
    <LENGTH_PC>
    <LENGTH_PT>
    <LENGTH_Q>
    <NUMBER>
    <PERCENTAGE>
    <PX>
    <REM>
    <S>
    <STRING1>
    <STRING2>
    <TIME_MS>
    <TIME_S>
    <URANGE>
    <URL>
    <VH>
    <VMAX>
    <VMIN>
    <VW>
)
2024-11-26 02:25:38,822 WARN c.h.c.r.e.LoggingCSSParseErrorHandler: Browser compliant mode skipped CSS from [5:118914] starting at token ' ' until [5:118915] to token ';' (based on com.helger.css.parser.ParseException: Encountered unexpected token: ";" ";"
    at line 5, column 118915.

Was expecting one of:

    "+"
    "-"
    "["
    "and"
    "expression("
    "from"
    "inherit"
    "not"
    "only"
    "or"
    "to"
    <ANGLE_DEG>
    <ANGLE_GRAD>
    <ANGLE_RAD>
    <ANGLE_TURN>
    <CH>
    <DPCM>
    <DPI>
    <DPPX>
    <EM>
    <EX>
    <FR>
    <FREQ_HZ>
    <FREQ_KHZ>
    <FUNCTION>
    <FUNCTION_CALC>
    <HASH>
    <IDENT>
    <LENGTH_CM>
    <LENGTH_IN>
    <LENGTH_MM>
    <LENGTH_PC>
    <LENGTH_PT>
    <LENGTH_Q>
    <NUMBER>
    <PERCENTAGE>
    <PX>
    <REM>
    <S>
    <STRING1>
    <STRING2>
    <TIME_MS>
    <TIME_S>
    <URANGE>
    <URL>
    <VH>
    <VMAX>
    <VMIN>
    <VW>
)
2024-11-26 02:25:38,824 WARN c.h.c.r.e.LoggingCSSParseErrorHandler: Browser compliant mode skipped CSS from [5:120779] starting at token ' ' until [5:120780] to token ';' (based on com.helger.css.parser.ParseException: Encountered unexpected token: ";" ";"
    at line 5, column 120780.

Was expecting one of:

    "+"
    "-"
    "["
    "and"
    "expression("
    "from"
    "inherit"
    "not"
    "only"
    "or"
    "to"
    <ANGLE_DEG>
    <ANGLE_GRAD>
    <ANGLE_RAD>
    <ANGLE_TURN>
    <CH>
    <DPCM>
    <DPI>
    <DPPX>
    <EM>
    <EX>
    <FR>
    <FREQ_HZ>
    <FREQ_KHZ>
    <FUNCTION>
    <FUNCTION_CALC>
    <HASH>
    <IDENT>
    <LENGTH_CM>
    <LENGTH_IN>
    <LENGTH_MM>
    <LENGTH_PC>
    <LENGTH_PT>
    <LENGTH_Q>
    <NUMBER>
    <PERCENTAGE>
    <PX>
    <REM>
    <S>
    <STRING1>
    <STRING2>
    <TIME_MS>
    <TIME_S>
    <URANGE>
    <URL>
    <VH>
    <VMAX>
    <VMIN>
    <VW>
)
2024-11-26 02:25:38,825 WARN c.h.c.r.e.LoggingCSSParseErrorHandler: Browser compliant mode skipped CSS from [5:121417] starting at token ' ' until [5:121418] to token ';' (based on com.helger.css.parser.ParseException: Encountered unexpected token: ";" ";"
    at line 5, column 121418.

Was expecting one of:

    "+"
    "-"
    "["
    "and"
    "expression("
    "from"
    "inherit"
    "not"
    "only"
    "or"
    "to"
    <ANGLE_DEG>
    <ANGLE_GRAD>
    <ANGLE_RAD>
    <ANGLE_TURN>
    <CH>
    <DPCM>
    <DPI>
    <DPPX>
    <EM>
    <EX>
    <FR>
    <FREQ_HZ>
    <FREQ_KHZ>
    <FUNCTION>
    <FUNCTION_CALC>
    <HASH>
    <IDENT>
    <LENGTH_CM>
    <LENGTH_IN>
    <LENGTH_MM>
    <LENGTH_PC>
    <LENGTH_PT>
    <LENGTH_Q>
    <NUMBER>
    <PERCENTAGE>
    <PX>
    <REM>
    <S>
    <STRING1>
    <STRING2>
    <TIME_MS>
    <TIME_S>
    <URANGE>
    <URL>
    <VH>
    <VMAX>
    <VMIN>
    <VW>
)
2024-11-26 02:25:38,830 WARN c.h.c.r.e.LoggingCSSParseErrorHandler: Browser compliant mode skipped CSS from [5:126625] starting at token ' ' until [5:126626] to token ';' (based on com.helger.css.parser.ParseException: Encountered unexpected token: ";" ";"
    at line 5, column 126626.

Was expecting one of:

    "+"
    "-"
    "["
    "and"
    "expression("
    "from"
    "inherit"
    "not"
    "only"
    "or"
    "to"
    <ANGLE_DEG>
    <ANGLE_GRAD>
    <ANGLE_RAD>
    <ANGLE_TURN>
    <CH>
    <DPCM>
    <DPI>
    <DPPX>
    <EM>
    <EX>
    <FR>
    <FREQ_HZ>
    <FREQ_KHZ>
    <FUNCTION>
    <FUNCTION_CALC>
    <HASH>
    <IDENT>
    <LENGTH_CM>
    <LENGTH_IN>
    <LENGTH_MM>
    <LENGTH_PC>
    <LENGTH_PT>
    <LENGTH_Q>
    <NUMBER>
    <PERCENTAGE>
    <PX>
    <REM>
    <S>
    <STRING1>
    <STRING2>
    <TIME_MS>
    <TIME_S>
    <URANGE>
    <URL>
    <VH>
    <VMAX>
    <VMIN>
    <VW>
)
2024-11-26 02:26:00,018 INFO o.a.j.r.Summariser: summary +    408 in 00:00:30 =   13.6/s Avg:   198 Min:    90 Max:   519 Err:     0 (0.00%) Active: 15 Started: 15 Finished: 0
2024-11-26 02:26:00,019 INFO o.a.j.r.Summariser: summary =   2267 in 00:05:23 =    7.0/s Avg:   160 Min:    89 Max:  1299 Err:     0 (0.00%)
2024-11-26 02:26:07,343 INFO o.a.j.t.JMeterThread: Thread started: jp@gc - Stepping Thread Group 1-16
2024-11-26 02:26:13,584 INFO o.a.j.t.JMeterThread: Thread started: jp@gc - Stepping Thread Group 1-17
2024-11-26 02:26:19,337 INFO o.a.j.t.JMeterThread: Thread started: jp@gc - Stepping Thread Group 1-18
2024-11-26 02:26:25,353 INFO o.a.j.t.JMeterThread: Thread started: jp@gc - Stepping Thread Group 1-19
2024-11-26 02:26:30,142 INFO o.a.j.r.Summariser: summary +     80 in 00:00:30 =    2.7/s Avg:  5161 Min:   102 Max: 13849 Err:     0 (0.00%) Active: 19 Started: 19 Finished: 0
2024-11-26 02:26:30,143 INFO o.a.j.r.Summariser: summary =   2347 in 00:05:53 =    6.7/s Avg:   331 Min:    89 Max: 13849 Err:     0 (0.00%)
2024-11-26 02:26:31,313 INFO o.a.j.t.JMeterThread: Thread started: jp@gc - Stepping Thread Group 1-20
2024-11-26 02:27:00,043 INFO o.a.j.r.Summariser: summary +    429 in 00:00:30 =   14.3/s Avg:   459 Min:    37 Max:  5117 Err:     0 (0.00%) Active: 20 Started: 20 Finished: 0
2024-11-26 02:27:00,044 INFO o.a.j.r.Summariser: summary =   2776 in 00:06:23 =    7.3/s Avg:   351 Min:    37 Max: 13849 Err:     0 (0.00%)
2024-11-26 02:27:30,534 INFO o.a.j.r.Summariser: summary +    408 in 00:00:30 =   13.4/s Avg:   566 Min:    96 Max:  1415 Err:     0 (0.00%) Active: 20 Started: 20 Finished: 0
2024-11-26 02:27:30,535 INFO o.a.j.r.Summariser: summary =   3184 in 00:06:53 =    7.7/s Avg:   378 Min:    37 Max: 13849 Err:     0 (0.00%)
2024-11-26 02:27:37,308 INFO o.a.j.t.JMeterThread: Thread started: jp@gc - Stepping Thread Group 1-21
2024-11-26 02:27:43,316 INFO o.a.j.t.JMeterThread: Thread started: jp@gc - Stepping Thread Group 1-22
2024-11-26 02:27:49,314 INFO o.a.j.t.JMeterThread: Thread started: jp@gc - Stepping Thread Group 1-23
2024-11-26 02:27:55,476 INFO o.a.j.t.JMeterThread: Thread started: jp@gc - Stepping Thread Group 1-24
2024-11-26 02:28:01,308 INFO o.a.j.t.JMeterThread: Thread started: jp@gc - Stepping Thread Group 1-25
2024-11-26 02:28:05,730 INFO o.a.j.r.Summariser: summary +    270 in 00:00:35 =    7.7/s Avg:   943 Min:   220 Max: 13169 Err:     0 (0.00%) Active: 25 Started: 25 Finished: 0
2024-11-26 02:28:05,730 INFO o.a.j.r.Summariser: summary =   3454 in 00:07:28 =    7.7/s Avg:   422 Min:    37 Max: 13849 Err:     0 (0.00%)
2024-11-26 02:29:00,144 INFO o.a.j.r.Summariser: summary +    147 in 00:00:54 =    2.7/s Avg: 10287 Min:   261 Max: 47757 Err:    25 (17.01%) Active: 25 Started: 25 Finished: 0
2024-11-26 02:29:00,144 INFO o.a.j.r.Summariser: summary =   3601 in 00:08:23 =    7.2/s Avg:   825 Min:    37 Max: 47757 Err:    25 (0.69%)
2024-11-26 02:29:07,314 INFO o.a.j.t.JMeterThread: Thread started: jp@gc - Stepping Thread Group 1-26
2024-11-26 02:29:13,358 INFO o.a.j.t.JMeterThread: Thread started: jp@gc - Stepping Thread Group 1-27
2024-11-26 02:29:19,324 INFO o.a.j.t.JMeterThread: Thread started: jp@gc - Stepping Thread Group 1-28
2024-11-26 02:29:25,316 INFO o.a.j.t.JMeterThread: Thread started: jp@gc - Stepping Thread Group 1-29
2024-11-26 02:29:30,074 INFO o.a.j.r.Summariser: summary +    443 in 00:00:30 =   14.8/s Avg:   868 Min:   110 Max:  2273 Err:     0 (0.00%) Active: 29 Started: 29 Finished: 0
2024-11-26 02:29:30,074 INFO o.a.j.r.Summariser: summary =   4044 in 00:08:53 =    7.6/s Avg:   830 Min:    37 Max: 47757 Err:    25 (0.62%)
2024-11-26 02:29:31,325 INFO o.a.j.t.JMeterThread: Thread started: jp@gc - Stepping Thread Group 1-30
2024-11-26 02:30:00,022 INFO o.a.j.r.Summariser: summary +    480 in 00:00:30 =   16.0/s Avg:   961 Min:   129 Max:  1663 Err:     0 (0.00%) Active: 30 Started: 30 Finished: 0
2024-11-26 02:30:00,023 INFO o.a.j.r.Summariser: summary =   4524 in 00:09:23 =    8.0/s Avg:   844 Min:    37 Max: 47757 Err:    25 (0.55%)
2024-11-26 02:30:30,468 INFO o.a.j.r.Summariser: summary +    483 in 00:00:30 =   15.9/s Avg:   939 Min:   304 Max:  1633 Err:     0 (0.00%) Active: 30 Started: 30 Finished: 0
2024-11-26 02:30:30,468 INFO o.a.j.r.Summariser: summary =   5007 in 00:09:53 =    8.4/s Avg:   853 Min:    37 Max: 47757 Err:    25 (0.50%)
2024-11-26 02:30:37,357 INFO o.a.j.t.JMeterThread: Thread started: jp@gc - Stepping Thread Group 1-31
2024-11-26 02:30:43,338 INFO o.a.j.t.JMeterThread: Thread started: jp@gc - Stepping Thread Group 1-32
2024-11-26 02:30:49,346 INFO o.a.j.t.JMeterThread: Thread started: jp@gc - Stepping Thread Group 1-33
2024-11-26 02:30:55,337 INFO o.a.j.t.JMeterThread: Thread started: jp@gc - Stepping Thread Group 1-34
2024-11-26 02:31:00,018 INFO o.a.j.r.Summariser: summary +    480 in 00:00:30 =   16.2/s Avg:  1022 Min:   341 Max:  1918 Err:     0 (0.00%) Active: 34 Started: 34 Finished: 0
2024-11-26 02:31:00,018 INFO o.a.j.r.Summariser: summary =   5487 in 00:10:23 =    8.8/s Avg:   868 Min:    37 Max: 47757 Err:    25 (0.46%)
2024-11-26 02:31:01,349 INFO o.a.j.t.JMeterThread: Thread started: jp@gc - Stepping Thread Group 1-35
