2024-11-27 20:45:46,064 INFO o.a.j.u.JMeterUtils: Setting Locale to en_EN
2024-11-27 20:45:46,079 INFO o.a.j.JMeter: Loading user properties from: C:\Utils\apache-jmeter-5.6.3\bin\user.properties
2024-11-27 20:45:46,080 INFO o.a.j.JMeter: Loading system properties from: C:\Utils\apache-jmeter-5.6.3\bin\system.properties
2024-11-27 20:45:46,085 INFO o.a.j.JMeter: Copyright (c) 1998-2024 The Apache Software Foundation
2024-11-27 20:45:46,085 INFO o.a.j.JMeter: Version 5.6.3
2024-11-27 20:45:46,085 INFO o.a.j.JMeter: java.version=19.0.1
2024-11-27 20:45:46,085 INFO o.a.j.JMeter: java.vm.name=Java HotSpot(TM) 64-Bit Server VM
2024-11-27 20:45:46,085 INFO o.a.j.JMeter: os.name=Windows 10
2024-11-27 20:45:46,085 INFO o.a.j.JMeter: os.arch=amd64
2024-11-27 20:45:46,085 INFO o.a.j.JMeter: os.version=10.0
2024-11-27 20:45:46,085 INFO o.a.j.JMeter: file.encoding=UTF-8
2024-11-27 20:45:46,085 INFO o.a.j.JMeter: java.awt.headless=true
2024-11-27 20:45:46,086 INFO o.a.j.JMeter: Max memory     =1073741824
2024-11-27 20:45:46,086 INFO o.a.j.JMeter: Available Processors =16
2024-11-27 20:45:46,093 INFO o.a.j.JMeter: Default Locale=English (EN)
2024-11-27 20:45:46,093 INFO o.a.j.JMeter: JMeter  Locale=English (EN)
2024-11-27 20:45:46,093 INFO o.a.j.JMeter: JMeterHome=C:\Utils\apache-jmeter-5.6.3
2024-11-27 20:45:46,093 INFO o.a.j.JMeter: user.dir  =C:\Users\danie\Dropbox\bonjr\coding\VSProjects\Lets_SAS_RPI_Websites\Jmeter
2024-11-27 20:45:46,094 INFO o.a.j.JMeter: PWD       =C:\Users\danie\Dropbox\bonjr\coding\VSProjects\Lets_SAS_RPI_Websites\Jmeter
2024-11-27 20:45:50,604 INFO o.a.j.JMeter: IP: 169.254.5.254 Name: OlijebwaPC FullName: OlijebwaPC
2024-11-27 20:45:50,616 INFO o.a.j.s.FileServer: Default base='C:\Users\danie\Dropbox\bonjr\coding\VSProjects\Lets_SAS_RPI_Websites\Jmeter'
2024-11-27 20:45:50,618 INFO o.a.j.s.FileServer: Set new base='C:\Users\danie\Dropbox\bonjr\coding\VSProjects\Lets_SAS_RPI_Websites\Jmeter'
2024-11-27 20:45:50,760 INFO o.a.j.s.SaveService: Testplan (JMX) version: 2.2. Testlog (JTL) version: 2.2
2024-11-27 20:45:50,778 INFO o.a.j.s.SaveService: Using SaveService properties version 5.0
2024-11-27 20:45:50,781 INFO o.a.j.s.SaveService: Using SaveService properties file encoding UTF-8
2024-11-27 20:45:50,783 INFO o.a.j.s.SaveService: Loading file: C:\Users\danie\Dropbox\bonjr\coding\VSProjects\Lets_SAS_RPI_Websites\Jmeter\traffic_simulation.jmx
2024-11-27 20:45:50,825 INFO o.a.j.p.h.s.HTTPSamplerBase: Parser for text/html is org.apache.jmeter.protocol.http.parser.LagartoBasedHtmlParser
2024-11-27 20:45:50,825 INFO o.a.j.p.h.s.HTTPSamplerBase: Parser for application/xhtml+xml is org.apache.jmeter.protocol.http.parser.LagartoBasedHtmlParser
2024-11-27 20:45:50,825 INFO o.a.j.p.h.s.HTTPSamplerBase: Parser for application/xml is org.apache.jmeter.protocol.http.parser.LagartoBasedHtmlParser
2024-11-27 20:45:50,825 INFO o.a.j.p.h.s.HTTPSamplerBase: Parser for text/xml is org.apache.jmeter.protocol.http.parser.LagartoBasedHtmlParser
2024-11-27 20:45:50,825 INFO o.a.j.p.h.s.HTTPSamplerBase: Parser for text/vnd.wap.wml is org.apache.jmeter.protocol.http.parser.RegexpHTMLParser
2024-11-27 20:45:50,825 INFO o.a.j.p.h.s.HTTPSamplerBase: Parser for text/css is org.apache.jmeter.protocol.http.parser.CssParser
2024-11-27 20:45:50,843 INFO o.a.j.JMeter: Creating summariser <summary>
2024-11-27 20:45:50,852 INFO o.a.j.e.StandardJMeterEngine: Running the test!
2024-11-27 20:45:50,852 INFO o.a.j.s.SampleEvent: List of sample_variables: [FLIGHTTOCOUNT, FLIGHTRETCOUNT, ONEWAY]
2024-11-27 20:45:50,852 INFO o.a.j.s.SampleEvent: List of sample_variables: [FLIGHTTOCOUNT, FLIGHTRETCOUNT, ONEWAY]
2024-11-27 20:45:50,856 INFO o.a.j.e.u.CompoundVariable: Note: Function class names must contain the string: '.functions.'
2024-11-27 20:45:50,856 INFO o.a.j.e.u.CompoundVariable: Note: Function class names must not contain the string: '.gui.'
2024-11-27 20:45:50,902 INFO o.a.j.r.ClassFinder: Will scan jar C:\Utils\apache-jmeter-5.6.3\lib\ext\jmeter-plugins-casutg-2.10.jar with filter ExtendsClassFilter [parents=[interface org.apache.jmeter.functions.Function], inner=false, contains=null, notContains=null]. Consider exposing JMeter plugins via META-INF/services, and add JMeter-Skip-Class-Scanning=true manifest attribute so JMeter can skip classfile scanning
2024-11-27 20:45:50,911 INFO o.a.j.r.ClassFinder: Will scan jar C:\Utils\apache-jmeter-5.6.3\lib\ext\json-simple-1.1.1.jar with filter ExtendsClassFilter [parents=[interface org.apache.jmeter.functions.Function], inner=false, contains=null, notContains=null]. Consider exposing JMeter plugins via META-INF/services, and add JMeter-Skip-Class-Scanning=true manifest attribute so JMeter can skip classfile scanning
2024-11-27 20:45:50,914 INFO o.a.j.r.ClassFinder: Will scan jar C:\Utils\apache-jmeter-5.6.3\lib\ext\acmeair-jmeter-2.0.0-SNAPSHOT.jar with filter ExtendsClassFilter [parents=[interface org.apache.jmeter.functions.Function], inner=false, contains=null, notContains=null]. Consider exposing JMeter plugins via META-INF/services, and add JMeter-Skip-Class-Scanning=true manifest attribute so JMeter can skip classfile scanning
2024-11-27 20:45:50,919 INFO o.a.j.r.ClassFinder: Will scan jar C:\Utils\apache-jmeter-5.6.3\lib\ext\jmeter-plugins-manager-1.6.jar with filter ExtendsClassFilter [parents=[interface org.apache.jmeter.functions.Function], inner=false, contains=null, notContains=null]. Consider exposing JMeter plugins via META-INF/services, and add JMeter-Skip-Class-Scanning=true manifest attribute so JMeter can skip classfile scanning
2024-11-27 20:45:50,990 INFO o.a.j.r.ClassFinder: Will scan jar C:\Utils\apache-jmeter-5.6.3\lib\ext\jmeter-plugins-manager-1.10.jar with filter ExtendsClassFilter [parents=[interface org.apache.jmeter.functions.Function], inner=false, contains=null, notContains=null]. Consider exposing JMeter plugins via META-INF/services, and add JMeter-Skip-Class-Scanning=true manifest attribute so JMeter can skip classfile scanning
2024-11-27 20:45:50,998 INFO o.a.j.JMeter: Running test (1732758350998)
2024-11-27 20:45:51,010 INFO o.a.j.e.StandardJMeterEngine: Starting ThreadGroup: 1 : jp@gc - Stepping Thread Group
2024-11-27 20:45:51,010 INFO o.a.j.e.StandardJMeterEngine: Starting 100 threads for group jp@gc - Stepping Thread Group.
2024-11-27 20:45:51,010 INFO o.a.j.e.StandardJMeterEngine: Thread will continue on error
2024-11-27 20:45:51,010 INFO k.a.j.t.AbstractSimpleThreadGroup: Starting thread group number 1 threads 100
2024-11-27 20:45:51,033 INFO k.a.j.t.AbstractSimpleThreadGroup: Started thread group number 1
2024-11-27 20:45:51,034 INFO o.a.j.e.StandardJMeterEngine: All thread groups have been started
2024-11-27 20:46:01,011 INFO o.a.j.t.JMeterThread: Thread started: jp@gc - Stepping Thread Group 1-1
2024-11-27 20:46:01,210 INFO o.a.j.t.JMeterThread: Thread started: jp@gc - Stepping Thread Group 1-2
2024-11-27 20:46:01,229 INFO o.a.j.p.h.s.HTTPHCAbstractImpl: Local host = OlijebwaPC
2024-11-27 20:46:01,234 INFO o.a.j.p.h.s.HTTPHC4Impl: HTTP request retry count = 0
2024-11-27 20:46:01,235 INFO o.a.j.s.SampleResult: Note: Sample TimeStamps are START times
2024-11-27 20:46:01,235 INFO o.a.j.s.SampleResult: sampleresult.default.encoding is set to UTF-8
2024-11-27 20:46:01,235 INFO o.a.j.s.SampleResult: sampleresult.useNanoTime=true
2024-11-27 20:46:01,235 INFO o.a.j.s.SampleResult: sampleresult.nanoThreadSleep=5000
2024-11-27 20:46:01,337 INFO o.a.j.p.h.p.BaseParser: Created org.apache.jmeter.protocol.http.parser.LagartoBasedHtmlParser
2024-11-27 20:46:01,362 INFO o.a.j.p.h.s.ResourcesDownloader: Creating ResourcesDownloader with keepalive_inseconds : 60
2024-11-27 20:46:01,365 INFO o.a.j.p.h.s.h.LazyLayeredConnectionSocketFactory: Setting up HTTPS TrustAll Socket Factory
2024-11-27 20:46:01,369 INFO o.a.j.u.JsseSSLManager: Using default SSL protocol: TLS
2024-11-27 20:46:01,369 INFO o.a.j.u.JsseSSLManager: SSL session context: per-thread
2024-11-27 20:46:01,411 INFO o.a.j.t.JMeterThread: Thread started: jp@gc - Stepping Thread Group 1-3
2024-11-27 20:46:01,456 INFO o.a.j.u.SSLManager: JmeterKeyStore Location:  type JKS
2024-11-27 20:46:01,459 INFO o.a.j.u.SSLManager: KeyStore created OK
2024-11-27 20:46:01,459 WARN o.a.j.u.SSLManager: Keystore file not found, loading empty keystore
2024-11-27 20:46:01,612 INFO o.a.j.t.JMeterThread: Thread started: jp@gc - Stepping Thread Group 1-4
2024-11-27 20:46:01,711 INFO o.a.j.p.h.p.BaseParser: Created org.apache.jmeter.protocol.http.parser.CssParser
2024-11-27 20:46:01,810 INFO o.a.j.t.JMeterThread: Thread started: jp@gc - Stepping Thread Group 1-5
2024-11-27 20:46:01,891 WARN c.h.c.r.e.LoggingCSSParseErrorHandler: Browser compliant mode skipped CSS from [5:53250] starting at token ' ' until [5:53251] to token ';' (based on com.helger.css.parser.ParseException: Encountered unexpected token: ";" ";"
    at line 5, column 53251.

Was expecting one of:

    "+"
    "-"
    "["
    "and"
    "expression("
    "from"
    "inherit"
    "not"
    "only"
    "or"
    "to"
    <ANGLE_DEG>
    <ANGLE_GRAD>
    <ANGLE_RAD>
    <ANGLE_TURN>
    <CH>
    <DPCM>
    <DPI>
    <DPPX>
    <EM>
    <EX>
    <FR>
    <FREQ_HZ>
    <FREQ_KHZ>
    <FUNCTION>
    <FUNCTION_CALC>
    <HASH>
    <IDENT>
    <LENGTH_CM>
    <LENGTH_IN>
    <LENGTH_MM>
    <LENGTH_PC>
    <LENGTH_PT>
    <LENGTH_Q>
    <NUMBER>
    <PERCENTAGE>
    <PX>
    <REM>
    <S>
    <STRING1>
    <STRING2>
    <TIME_MS>
    <TIME_S>
    <URANGE>
    <URL>
    <VH>
    <VMAX>
    <VMIN>
    <VW>
)
2024-11-27 20:46:01,909 WARN c.h.c.r.e.LoggingCSSParseErrorHandler: Browser compliant mode skipped CSS from [5:70708] starting at token ' ' until [5:70709] to token ';' (based on com.helger.css.parser.ParseException: Encountered unexpected token: ";" ";"
    at line 5, column 70709.

Was expecting one of:

    "+"
    "-"
    "["
    "and"
    "expression("
    "from"
    "inherit"
    "not"
    "only"
    "or"
    "to"
    <ANGLE_DEG>
    <ANGLE_GRAD>
    <ANGLE_RAD>
    <ANGLE_TURN>
    <CH>
    <DPCM>
    <DPI>
    <DPPX>
    <EM>
    <EX>
    <FR>
    <FREQ_HZ>
    <FREQ_KHZ>
    <FUNCTION>
    <FUNCTION_CALC>
    <HASH>
    <IDENT>
    <LENGTH_CM>
    <LENGTH_IN>
    <LENGTH_MM>
    <LENGTH_PC>
    <LENGTH_PT>
    <LENGTH_Q>
    <NUMBER>
    <PERCENTAGE>
    <PX>
    <REM>
    <S>
    <STRING1>
    <STRING2>
    <TIME_MS>
    <TIME_S>
    <URANGE>
    <URL>
    <VH>
    <VMAX>
    <VMIN>
    <VW>
)
2024-11-27 20:46:01,912 WARN c.h.c.r.e.LoggingCSSParseErrorHandler: Browser compliant mode skipped CSS from [5:73407] starting at token ' ' until [5:73408] to token ';' (based on com.helger.css.parser.ParseException: Encountered unexpected token: ";" ";"
    at line 5, column 73408.

Was expecting one of:

    "+"
    "-"
    "["
    "and"
    "expression("
    "from"
    "inherit"
    "not"
    "only"
    "or"
    "to"
    <ANGLE_DEG>
    <ANGLE_GRAD>
    <ANGLE_RAD>
    <ANGLE_TURN>
    <CH>
    <DPCM>
    <DPI>
    <DPPX>
    <EM>
    <EX>
    <FR>
    <FREQ_HZ>
    <FREQ_KHZ>
    <FUNCTION>
    <FUNCTION_CALC>
    <HASH>
    <IDENT>
    <LENGTH_CM>
    <LENGTH_IN>
    <LENGTH_MM>
    <LENGTH_PC>
    <LENGTH_PT>
    <LENGTH_Q>
    <NUMBER>
    <PERCENTAGE>
    <PX>
    <REM>
    <S>
    <STRING1>
    <STRING2>
    <TIME_MS>
    <TIME_S>
    <URANGE>
    <URL>
    <VH>
    <VMAX>
    <VMIN>
    <VW>
)
2024-11-27 20:46:01,916 WARN c.h.c.r.e.LoggingCSSParseErrorHandler: Browser compliant mode skipped CSS from [5:79112] starting at token ' ' until [5:79113] to token ';' (based on com.helger.css.parser.ParseException: Encountered unexpected token: ";" ";"
    at line 5, column 79113.

Was expecting one of:

    "+"
    "-"
    "["
    "and"
    "expression("
    "from"
    "inherit"
    "not"
    "only"
    "or"
    "to"
    <ANGLE_DEG>
    <ANGLE_GRAD>
    <ANGLE_RAD>
    <ANGLE_TURN>
    <CH>
    <DPCM>
    <DPI>
    <DPPX>
    <EM>
    <EX>
    <FR>
    <FREQ_HZ>
    <FREQ_KHZ>
    <FUNCTION>
    <FUNCTION_CALC>
    <HASH>
    <IDENT>
    <LENGTH_CM>
    <LENGTH_IN>
    <LENGTH_MM>
    <LENGTH_PC>
    <LENGTH_PT>
    <LENGTH_Q>
    <NUMBER>
    <PERCENTAGE>
    <PX>
    <REM>
    <S>
    <STRING1>
    <STRING2>
    <TIME_MS>
    <TIME_S>
    <URANGE>
    <URL>
    <VH>
    <VMAX>
    <VMIN>
    <VW>
)
2024-11-27 20:46:01,922 WARN c.h.c.r.e.LoggingCSSParseErrorHandler: Browser compliant mode skipped CSS from [5:87095] starting at token ' ' until [5:87096] to token ';' (based on com.helger.css.parser.ParseException: Encountered unexpected token: ";" ";"
    at line 5, column 87096.

Was expecting one of:

    "+"
    "-"
    "["
    "and"
    "expression("
    "from"
    "inherit"
    "not"
    "only"
    "or"
    "to"
    <ANGLE_DEG>
    <ANGLE_GRAD>
    <ANGLE_RAD>
    <ANGLE_TURN>
    <CH>
    <DPCM>
    <DPI>
    <DPPX>
    <EM>
    <EX>
    <FR>
    <FREQ_HZ>
    <FREQ_KHZ>
    <FUNCTION>
    <FUNCTION_CALC>
    <HASH>
    <IDENT>
    <LENGTH_CM>
    <LENGTH_IN>
    <LENGTH_MM>
    <LENGTH_PC>
    <LENGTH_PT>
    <LENGTH_Q>
    <NUMBER>
    <PERCENTAGE>
    <PX>
    <REM>
    <S>
    <STRING1>
    <STRING2>
    <TIME_MS>
    <TIME_S>
    <URANGE>
    <URL>
    <VH>
    <VMAX>
    <VMIN>
    <VW>
)
2024-11-27 20:46:01,923 WARN c.h.c.r.e.LoggingCSSParseErrorHandler: Browser compliant mode skipped CSS from [5:87122] starting at token ' ' until [5:87123] to token ';' (based on com.helger.css.parser.ParseException: Encountered unexpected token: ";" ";"
    at line 5, column 87123.

Was expecting one of:

    "+"
    "-"
    "["
    "and"
    "expression("
    "from"
    "inherit"
    "not"
    "only"
    "or"
    "to"
    <ANGLE_DEG>
    <ANGLE_GRAD>
    <ANGLE_RAD>
    <ANGLE_TURN>
    <CH>
    <DPCM>
    <DPI>
    <DPPX>
    <EM>
    <EX>
    <FR>
    <FREQ_HZ>
    <FREQ_KHZ>
    <FUNCTION>
    <FUNCTION_CALC>
    <HASH>
    <IDENT>
    <LENGTH_CM>
    <LENGTH_IN>
    <LENGTH_MM>
    <LENGTH_PC>
    <LENGTH_PT>
    <LENGTH_Q>
    <NUMBER>
    <PERCENTAGE>
    <PX>
    <REM>
    <S>
    <STRING1>
    <STRING2>
    <TIME_MS>
    <TIME_S>
    <URANGE>
    <URL>
    <VH>
    <VMAX>
    <VMIN>
    <VW>
)
2024-11-27 20:46:01,923 WARN c.h.c.r.e.LoggingCSSParseErrorHandler: Browser compliant mode skipped CSS from [5:87297] starting at token ' ' until [5:87298] to token ';' (based on com.helger.css.parser.ParseException: Encountered unexpected token: ";" ";"
    at line 5, column 87298.

Was expecting one of:

    "+"
    "-"
    "["
    "and"
    "expression("
    "from"
    "inherit"
    "not"
    "only"
    "or"
    "to"
    <ANGLE_DEG>
    <ANGLE_GRAD>
    <ANGLE_RAD>
    <ANGLE_TURN>
    <CH>
    <DPCM>
    <DPI>
    <DPPX>
    <EM>
    <EX>
    <FR>
    <FREQ_HZ>
    <FREQ_KHZ>
    <FUNCTION>
    <FUNCTION_CALC>
    <HASH>
    <IDENT>
    <LENGTH_CM>
    <LENGTH_IN>
    <LENGTH_MM>
    <LENGTH_PC>
    <LENGTH_PT>
    <LENGTH_Q>
    <NUMBER>
    <PERCENTAGE>
    <PX>
    <REM>
    <S>
    <STRING1>
    <STRING2>
    <TIME_MS>
    <TIME_S>
    <URANGE>
    <URL>
    <VH>
    <VMAX>
    <VMIN>
    <VW>
)
2024-11-27 20:46:01,923 WARN c.h.c.r.e.LoggingCSSParseErrorHandler: Browser compliant mode skipped CSS from [5:87520] starting at token ' ' until [5:87521] to token ';' (based on com.helger.css.parser.ParseException: Encountered unexpected token: ";" ";"
    at line 5, column 87521.

Was expecting one of:

    "+"
    "-"
    "["
    "and"
    "expression("
    "from"
    "inherit"
    "not"
    "only"
    "or"
    "to"
    <ANGLE_DEG>
    <ANGLE_GRAD>
    <ANGLE_RAD>
    <ANGLE_TURN>
    <CH>
    <DPCM>
    <DPI>
    <DPPX>
    <EM>
    <EX>
    <FR>
    <FREQ_HZ>
    <FREQ_KHZ>
    <FUNCTION>
    <FUNCTION_CALC>
    <HASH>
    <IDENT>
    <LENGTH_CM>
    <LENGTH_IN>
    <LENGTH_MM>
    <LENGTH_PC>
    <LENGTH_PT>
    <LENGTH_Q>
    <NUMBER>
    <PERCENTAGE>
    <PX>
    <REM>
    <S>
    <STRING1>
    <STRING2>
    <TIME_MS>
    <TIME_S>
    <URANGE>
    <URL>
    <VH>
    <VMAX>
    <VMIN>
    <VW>
)
2024-11-27 20:46:01,923 WARN c.h.c.r.e.LoggingCSSParseErrorHandler: Browser compliant mode skipped CSS from [5:87539] starting at token ' ' until [5:87540] to token ';' (based on com.helger.css.parser.ParseException: Encountered unexpected token: ";" ";"
    at line 5, column 87540.

Was expecting one of:

    "+"
    "-"
    "["
    "and"
    "expression("
    "from"
    "inherit"
    "not"
    "only"
    "or"
    "to"
    <ANGLE_DEG>
    <ANGLE_GRAD>
    <ANGLE_RAD>
    <ANGLE_TURN>
    <CH>
    <DPCM>
    <DPI>
    <DPPX>
    <EM>
    <EX>
    <FR>
    <FREQ_HZ>
    <FREQ_KHZ>
    <FUNCTION>
    <FUNCTION_CALC>
    <HASH>
    <IDENT>
    <LENGTH_CM>
    <LENGTH_IN>
    <LENGTH_MM>
    <LENGTH_PC>
    <LENGTH_PT>
    <LENGTH_Q>
    <NUMBER>
    <PERCENTAGE>
    <PX>
    <REM>
    <S>
    <STRING1>
    <STRING2>
    <TIME_MS>
    <TIME_S>
    <URANGE>
    <URL>
    <VH>
    <VMAX>
    <VMIN>
    <VW>
)
2024-11-27 20:46:01,924 WARN c.h.c.r.e.LoggingCSSParseErrorHandler: Browser compliant mode skipped CSS from [5:87557] starting at token ' ' until [5:87558] to token ';' (based on com.helger.css.parser.ParseException: Encountered unexpected token: ";" ";"
    at line 5, column 87558.

Was expecting one of:

    "+"
    "-"
    "["
    "and"
    "expression("
    "from"
    "inherit"
    "not"
    "only"
    "or"
    "to"
    <ANGLE_DEG>
    <ANGLE_GRAD>
    <ANGLE_RAD>
    <ANGLE_TURN>
    <CH>
    <DPCM>
    <DPI>
    <DPPX>
    <EM>
    <EX>
    <FR>
    <FREQ_HZ>
    <FREQ_KHZ>
    <FUNCTION>
    <FUNCTION_CALC>
    <HASH>
    <IDENT>
    <LENGTH_CM>
    <LENGTH_IN>
    <LENGTH_MM>
    <LENGTH_PC>
    <LENGTH_PT>
    <LENGTH_Q>
    <NUMBER>
    <PERCENTAGE>
    <PX>
    <REM>
    <S>
    <STRING1>
    <STRING2>
    <TIME_MS>
    <TIME_S>
    <URANGE>
    <URL>
    <VH>
    <VMAX>
    <VMIN>
    <VW>
)
2024-11-27 20:46:01,930 WARN c.h.c.r.e.LoggingCSSParseErrorHandler: Browser compliant mode skipped CSS from [5:96851] starting at token ' ' until [5:96852] to token ';' (based on com.helger.css.parser.ParseException: Encountered unexpected token: ";" ";"
    at line 5, column 96852.

Was expecting one of:

    "+"
    "-"
    "["
    "and"
    "expression("
    "from"
    "inherit"
    "not"
    "only"
    "or"
    "to"
    <ANGLE_DEG>
    <ANGLE_GRAD>
    <ANGLE_RAD>
    <ANGLE_TURN>
    <CH>
    <DPCM>
    <DPI>
    <DPPX>
    <EM>
    <EX>
    <FR>
    <FREQ_HZ>
    <FREQ_KHZ>
    <FUNCTION>
    <FUNCTION_CALC>
    <HASH>
    <IDENT>
    <LENGTH_CM>
    <LENGTH_IN>
    <LENGTH_MM>
    <LENGTH_PC>
    <LENGTH_PT>
    <LENGTH_Q>
    <NUMBER>
    <PERCENTAGE>
    <PX>
    <REM>
    <S>
    <STRING1>
    <STRING2>
    <TIME_MS>
    <TIME_S>
    <URANGE>
    <URL>
    <VH>
    <VMAX>
    <VMIN>
    <VW>
)
2024-11-27 20:46:01,930 WARN c.h.c.r.e.LoggingCSSParseErrorHandler: Browser compliant mode skipped CSS from [5:96883] starting at token ' ' until [5:96884] to token ';' (based on com.helger.css.parser.ParseException: Encountered unexpected token: ";" ";"
    at line 5, column 96884.

Was expecting one of:

    "+"
    "-"
    "["
    "and"
    "expression("
    "from"
    "inherit"
    "not"
    "only"
    "or"
    "to"
    <ANGLE_DEG>
    <ANGLE_GRAD>
    <ANGLE_RAD>
    <ANGLE_TURN>
    <CH>
    <DPCM>
    <DPI>
    <DPPX>
    <EM>
    <EX>
    <FR>
    <FREQ_HZ>
    <FREQ_KHZ>
    <FUNCTION>
    <FUNCTION_CALC>
    <HASH>
    <IDENT>
    <LENGTH_CM>
    <LENGTH_IN>
    <LENGTH_MM>
    <LENGTH_PC>
    <LENGTH_PT>
    <LENGTH_Q>
    <NUMBER>
    <PERCENTAGE>
    <PX>
    <REM>
    <S>
    <STRING1>
    <STRING2>
    <TIME_MS>
    <TIME_S>
    <URANGE>
    <URL>
    <VH>
    <VMAX>
    <VMIN>
    <VW>
)
2024-11-27 20:46:01,944 WARN c.h.c.r.e.LoggingCSSParseErrorHandler: Browser compliant mode skipped CSS from [5:118914] starting at token ' ' until [5:118915] to token ';' (based on com.helger.css.parser.ParseException: Encountered unexpected token: ";" ";"
    at line 5, column 118915.

Was expecting one of:

    "+"
    "-"
    "["
    "and"
    "expression("
    "from"
    "inherit"
    "not"
    "only"
    "or"
    "to"
    <ANGLE_DEG>
    <ANGLE_GRAD>
    <ANGLE_RAD>
    <ANGLE_TURN>
    <CH>
    <DPCM>
    <DPI>
    <DPPX>
    <EM>
    <EX>
    <FR>
    <FREQ_HZ>
    <FREQ_KHZ>
    <FUNCTION>
    <FUNCTION_CALC>
    <HASH>
    <IDENT>
    <LENGTH_CM>
    <LENGTH_IN>
    <LENGTH_MM>
    <LENGTH_PC>
    <LENGTH_PT>
    <LENGTH_Q>
    <NUMBER>
    <PERCENTAGE>
    <PX>
    <REM>
    <S>
    <STRING1>
    <STRING2>
    <TIME_MS>
    <TIME_S>
    <URANGE>
    <URL>
    <VH>
    <VMAX>
    <VMIN>
    <VW>
)
2024-11-27 20:46:01,946 WARN c.h.c.r.e.LoggingCSSParseErrorHandler: Browser compliant mode skipped CSS from [5:120779] starting at token ' ' until [5:120780] to token ';' (based on com.helger.css.parser.ParseException: Encountered unexpected token: ";" ";"
    at line 5, column 120780.

Was expecting one of:

    "+"
    "-"
    "["
    "and"
    "expression("
    "from"
    "inherit"
    "not"
    "only"
    "or"
    "to"
    <ANGLE_DEG>
    <ANGLE_GRAD>
    <ANGLE_RAD>
    <ANGLE_TURN>
    <CH>
    <DPCM>
    <DPI>
    <DPPX>
    <EM>
    <EX>
    <FR>
    <FREQ_HZ>
    <FREQ_KHZ>
    <FUNCTION>
    <FUNCTION_CALC>
    <HASH>
    <IDENT>
    <LENGTH_CM>
    <LENGTH_IN>
    <LENGTH_MM>
    <LENGTH_PC>
    <LENGTH_PT>
    <LENGTH_Q>
    <NUMBER>
    <PERCENTAGE>
    <PX>
    <REM>
    <S>
    <STRING1>
    <STRING2>
    <TIME_MS>
    <TIME_S>
    <URANGE>
    <URL>
    <VH>
    <VMAX>
    <VMIN>
    <VW>
)
2024-11-27 20:46:01,946 WARN c.h.c.r.e.LoggingCSSParseErrorHandler: Browser compliant mode skipped CSS from [5:121417] starting at token ' ' until [5:121418] to token ';' (based on com.helger.css.parser.ParseException: Encountered unexpected token: ";" ";"
    at line 5, column 121418.

Was expecting one of:

    "+"
    "-"
    "["
    "and"
    "expression("
    "from"
    "inherit"
    "not"
    "only"
    "or"
    "to"
    <ANGLE_DEG>
    <ANGLE_GRAD>
    <ANGLE_RAD>
    <ANGLE_TURN>
    <CH>
    <DPCM>
    <DPI>
    <DPPX>
    <EM>
    <EX>
    <FR>
    <FREQ_HZ>
    <FREQ_KHZ>
    <FUNCTION>
    <FUNCTION_CALC>
    <HASH>
    <IDENT>
    <LENGTH_CM>
    <LENGTH_IN>
    <LENGTH_MM>
    <LENGTH_PC>
    <LENGTH_PT>
    <LENGTH_Q>
    <NUMBER>
    <PERCENTAGE>
    <PX>
    <REM>
    <S>
    <STRING1>
    <STRING2>
    <TIME_MS>
    <TIME_S>
    <URANGE>
    <URL>
    <VH>
    <VMAX>
    <VMIN>
    <VW>
)
2024-11-27 20:46:01,950 WARN c.h.c.r.e.LoggingCSSParseErrorHandler: Browser compliant mode skipped CSS from [5:126625] starting at token ' ' until [5:126626] to token ';' (based on com.helger.css.parser.ParseException: Encountered unexpected token: ";" ";"
    at line 5, column 126626.

Was expecting one of:

    "+"
    "-"
    "["
    "and"
    "expression("
    "from"
    "inherit"
    "not"
    "only"
    "or"
    "to"
    <ANGLE_DEG>
    <ANGLE_GRAD>
    <ANGLE_RAD>
    <ANGLE_TURN>
    <CH>
    <DPCM>
    <DPI>
    <DPPX>
    <EM>
    <EX>
    <FR>
    <FREQ_HZ>
    <FREQ_KHZ>
    <FUNCTION>
    <FUNCTION_CALC>
    <HASH>
    <IDENT>
    <LENGTH_CM>
    <LENGTH_IN>
    <LENGTH_MM>
    <LENGTH_PC>
    <LENGTH_PT>
    <LENGTH_Q>
    <NUMBER>
    <PERCENTAGE>
    <PX>
    <REM>
    <S>
    <STRING1>
    <STRING2>
    <TIME_MS>
    <TIME_S>
    <URANGE>
    <URL>
    <VH>
    <VMAX>
    <VMIN>
    <VW>
)
2024-11-27 20:46:02,076 INFO o.a.j.r.Summariser: summary +      1 in 00:00:11 =    0.1/s Avg:   424 Min:   424 Max:   424 Err:     0 (0.00%) Active: 5 Started: 5 Finished: 0
2024-11-27 20:46:07,011 INFO o.a.j.t.JMeterThread: Thread started: jp@gc - Stepping Thread Group 1-6
2024-11-27 20:46:07,210 INFO o.a.j.t.JMeterThread: Thread started: jp@gc - Stepping Thread Group 1-7
2024-11-27 20:46:07,410 INFO o.a.j.t.JMeterThread: Thread started: jp@gc - Stepping Thread Group 1-8
2024-11-27 20:46:07,610 INFO o.a.j.t.JMeterThread: Thread started: jp@gc - Stepping Thread Group 1-9
2024-11-27 20:46:07,810 INFO o.a.j.t.JMeterThread: Thread started: jp@gc - Stepping Thread Group 1-10
2024-11-27 20:46:13,010 INFO o.a.j.t.JMeterThread: Thread started: jp@gc - Stepping Thread Group 1-11
2024-11-27 20:46:13,210 INFO o.a.j.t.JMeterThread: Thread started: jp@gc - Stepping Thread Group 1-12
2024-11-27 20:46:13,410 INFO o.a.j.t.JMeterThread: Thread started: jp@gc - Stepping Thread Group 1-13
2024-11-27 20:46:13,610 INFO o.a.j.t.JMeterThread: Thread started: jp@gc - Stepping Thread Group 1-14
2024-11-27 20:46:13,810 INFO o.a.j.t.JMeterThread: Thread started: jp@gc - Stepping Thread Group 1-15
2024-11-27 20:46:19,013 INFO o.a.j.t.JMeterThread: Thread started: jp@gc - Stepping Thread Group 1-16
2024-11-27 20:46:19,212 INFO o.a.j.t.JMeterThread: Thread started: jp@gc - Stepping Thread Group 1-17
2024-11-27 20:46:19,411 INFO o.a.j.t.JMeterThread: Thread started: jp@gc - Stepping Thread Group 1-18
2024-11-27 20:46:19,611 INFO o.a.j.t.JMeterThread: Thread started: jp@gc - Stepping Thread Group 1-19
2024-11-27 20:46:19,811 INFO o.a.j.t.JMeterThread: Thread started: jp@gc - Stepping Thread Group 1-20
2024-11-27 20:46:25,010 INFO o.a.j.t.JMeterThread: Thread started: jp@gc - Stepping Thread Group 1-21
2024-11-27 20:46:25,210 INFO o.a.j.t.JMeterThread: Thread started: jp@gc - Stepping Thread Group 1-22
2024-11-27 20:46:25,414 INFO o.a.j.t.JMeterThread: Thread started: jp@gc - Stepping Thread Group 1-23
2024-11-27 20:46:25,616 INFO o.a.j.t.JMeterThread: Thread started: jp@gc - Stepping Thread Group 1-24
2024-11-27 20:46:25,832 INFO o.a.j.t.JMeterThread: Thread started: jp@gc - Stepping Thread Group 1-25
2024-11-27 20:46:30,067 INFO o.a.j.r.Summariser: summary +    346 in 00:00:28 =   12.4/s Avg:   234 Min:    90 Max:   865 Err:     0 (0.00%) Active: 25 Started: 25 Finished: 0
2024-11-27 20:46:30,067 INFO o.a.j.r.Summariser: summary =    347 in 00:00:39 =    8.9/s Avg:   234 Min:    90 Max:   865 Err:     0 (0.00%)
2024-11-27 20:46:31,014 INFO o.a.j.t.JMeterThread: Thread started: jp@gc - Stepping Thread Group 1-26
2024-11-27 20:46:31,213 INFO o.a.j.t.JMeterThread: Thread started: jp@gc - Stepping Thread Group 1-27
2024-11-27 20:46:31,454 INFO o.a.j.t.JMeterThread: Thread started: jp@gc - Stepping Thread Group 1-28
2024-11-27 20:46:31,705 INFO o.a.j.t.JMeterThread: Thread started: jp@gc - Stepping Thread Group 1-29
2024-11-27 20:46:31,889 INFO o.a.j.t.JMeterThread: Thread started: jp@gc - Stepping Thread Group 1-30
2024-11-27 20:46:37,020 INFO o.a.j.t.JMeterThread: Thread started: jp@gc - Stepping Thread Group 1-31
2024-11-27 20:46:37,214 INFO o.a.j.t.JMeterThread: Thread started: jp@gc - Stepping Thread Group 1-32
2024-11-27 20:46:37,411 INFO o.a.j.t.JMeterThread: Thread started: jp@gc - Stepping Thread Group 1-33
2024-11-27 20:46:37,622 INFO o.a.j.t.JMeterThread: Thread started: jp@gc - Stepping Thread Group 1-34
2024-11-27 20:46:37,836 INFO o.a.j.t.JMeterThread: Thread started: jp@gc - Stepping Thread Group 1-35
2024-11-27 20:46:43,092 INFO o.a.j.t.JMeterThread: Thread started: jp@gc - Stepping Thread Group 1-36
2024-11-27 20:46:43,212 INFO o.a.j.t.JMeterThread: Thread started: jp@gc - Stepping Thread Group 1-37
2024-11-27 20:46:43,450 INFO o.a.j.t.JMeterThread: Thread started: jp@gc - Stepping Thread Group 1-38
2024-11-27 20:46:43,629 INFO o.a.j.t.JMeterThread: Thread started: jp@gc - Stepping Thread Group 1-39
2024-11-27 20:46:43,823 INFO o.a.j.t.JMeterThread: Thread started: jp@gc - Stepping Thread Group 1-40
2024-11-27 20:46:49,016 INFO o.a.j.t.JMeterThread: Thread started: jp@gc - Stepping Thread Group 1-41
2024-11-27 20:46:49,237 INFO o.a.j.t.JMeterThread: Thread started: jp@gc - Stepping Thread Group 1-42
2024-11-27 20:46:49,491 INFO o.a.j.t.JMeterThread: Thread started: jp@gc - Stepping Thread Group 1-43
2024-11-27 20:46:49,689 INFO o.a.j.t.JMeterThread: Thread started: jp@gc - Stepping Thread Group 1-44
2024-11-27 20:46:49,902 INFO o.a.j.t.JMeterThread: Thread started: jp@gc - Stepping Thread Group 1-45
2024-11-27 20:46:55,180 INFO o.a.j.t.JMeterThread: Thread started: jp@gc - Stepping Thread Group 1-46
2024-11-27 20:46:55,274 INFO o.a.j.t.JMeterThread: Thread started: jp@gc - Stepping Thread Group 1-47
2024-11-27 20:46:55,467 INFO o.a.j.t.JMeterThread: Thread started: jp@gc - Stepping Thread Group 1-48
2024-11-27 20:46:55,636 INFO o.a.j.t.JMeterThread: Thread started: jp@gc - Stepping Thread Group 1-49
2024-11-27 20:46:55,826 INFO o.a.j.t.JMeterThread: Thread started: jp@gc - Stepping Thread Group 1-50
2024-11-27 20:47:00,116 INFO o.a.j.r.Summariser: summary +    535 in 00:00:30 =   17.8/s Avg:  1161 Min:   329 Max:  2508 Err:     0 (0.00%) Active: 50 Started: 50 Finished: 0
2024-11-27 20:47:00,116 INFO o.a.j.r.Summariser: summary =    882 in 00:01:09 =   12.8/s Avg:   796 Min:    90 Max:  2508 Err:     0 (0.00%)
2024-11-27 20:47:01,104 INFO o.a.j.t.JMeterThread: Thread started: jp@gc - Stepping Thread Group 1-51
2024-11-27 20:47:01,256 INFO o.a.j.t.JMeterThread: Thread started: jp@gc - Stepping Thread Group 1-52
2024-11-27 20:47:01,542 INFO o.a.j.t.JMeterThread: Thread started: jp@gc - Stepping Thread Group 1-53
2024-11-27 20:47:01,722 INFO o.a.j.t.JMeterThread: Thread started: jp@gc - Stepping Thread Group 1-54
2024-11-27 20:47:01,847 INFO o.a.j.t.JMeterThread: Thread started: jp@gc - Stepping Thread Group 1-55
2024-11-27 20:47:07,034 INFO o.a.j.t.JMeterThread: Thread started: jp@gc - Stepping Thread Group 1-56
2024-11-27 20:47:07,251 INFO o.a.j.t.JMeterThread: Thread started: jp@gc - Stepping Thread Group 1-57
2024-11-27 20:47:07,517 INFO o.a.j.t.JMeterThread: Thread started: jp@gc - Stepping Thread Group 1-58
2024-11-27 20:47:07,691 INFO o.a.j.t.JMeterThread: Thread started: jp@gc - Stepping Thread Group 1-59
2024-11-27 20:47:07,909 INFO o.a.j.t.JMeterThread: Thread started: jp@gc - Stepping Thread Group 1-60
2024-11-27 20:47:13,216 INFO o.a.j.t.JMeterThread: Thread started: jp@gc - Stepping Thread Group 1-61
2024-11-27 20:47:13,393 INFO o.a.j.t.JMeterThread: Thread started: jp@gc - Stepping Thread Group 1-62
2024-11-27 20:47:13,438 INFO o.a.j.t.JMeterThread: Thread started: jp@gc - Stepping Thread Group 1-63
2024-11-27 20:47:13,724 INFO o.a.j.t.JMeterThread: Thread started: jp@gc - Stepping Thread Group 1-64
2024-11-27 20:47:13,825 INFO o.a.j.t.JMeterThread: Thread started: jp@gc - Stepping Thread Group 1-65
2024-11-27 20:47:19,066 INFO o.a.j.t.JMeterThread: Thread started: jp@gc - Stepping Thread Group 1-66
2024-11-27 20:47:19,244 INFO o.a.j.t.JMeterThread: Thread started: jp@gc - Stepping Thread Group 1-67
2024-11-27 20:47:19,563 INFO o.a.j.t.JMeterThread: Thread started: jp@gc - Stepping Thread Group 1-68
2024-11-27 20:47:19,776 INFO o.a.j.t.JMeterThread: Thread started: jp@gc - Stepping Thread Group 1-69
2024-11-27 20:47:19,994 INFO o.a.j.t.JMeterThread: Thread started: jp@gc - Stepping Thread Group 1-70
2024-11-27 20:47:25,137 INFO o.a.j.t.JMeterThread: Thread started: jp@gc - Stepping Thread Group 1-71
2024-11-27 20:47:25,280 INFO o.a.j.t.JMeterThread: Thread started: jp@gc - Stepping Thread Group 1-72
2024-11-27 20:47:25,532 INFO o.a.j.t.JMeterThread: Thread started: jp@gc - Stepping Thread Group 1-73
2024-11-27 20:47:25,708 INFO o.a.j.t.JMeterThread: Thread started: jp@gc - Stepping Thread Group 1-74
2024-11-27 20:47:26,055 INFO o.a.j.t.JMeterThread: Thread started: jp@gc - Stepping Thread Group 1-75
2024-11-27 20:47:30,645 INFO o.a.j.r.Summariser: summary +    530 in 00:00:31 =   17.4/s Avg:  2453 Min:   855 Max:  4783 Err:     0 (0.00%) Active: 75 Started: 75 Finished: 0
2024-11-27 20:47:30,645 INFO o.a.j.r.Summariser: summary =   1412 in 00:01:40 =   14.2/s Avg:  1418 Min:    90 Max:  4783 Err:     0 (0.00%)
2024-11-27 20:47:31,259 INFO o.a.j.t.JMeterThread: Thread started: jp@gc - Stepping Thread Group 1-76
2024-11-27 20:47:31,265 INFO o.a.j.t.JMeterThread: Thread started: jp@gc - Stepping Thread Group 1-77
2024-11-27 20:47:31,664 INFO o.a.j.t.JMeterThread: Thread started: jp@gc - Stepping Thread Group 1-79
2024-11-27 20:47:31,663 INFO o.a.j.t.JMeterThread: Thread started: jp@gc - Stepping Thread Group 1-78
2024-11-27 20:47:31,749 WARN c.h.c.r.e.LoggingCSSParseErrorHandler: Browser compliant mode skipped CSS from [5:53250] starting at token ' ' until [5:53251] to token ';' (based on com.helger.css.parser.ParseException: Encountered unexpected token: ";" ";"
    at line 5, column 53251.

Was expecting one of:

    "+"
    "-"
    "["
    "and"
    "expression("
    "from"
    "inherit"
    "not"
    "only"
    "or"
    "to"
    <ANGLE_DEG>
    <ANGLE_GRAD>
    <ANGLE_RAD>
    <ANGLE_TURN>
    <CH>
    <DPCM>
    <DPI>
    <DPPX>
    <EM>
    <EX>
    <FR>
    <FREQ_HZ>
    <FREQ_KHZ>
    <FUNCTION>
    <FUNCTION_CALC>
    <HASH>
    <IDENT>
    <LENGTH_CM>
    <LENGTH_IN>
    <LENGTH_MM>
    <LENGTH_PC>
    <LENGTH_PT>
    <LENGTH_Q>
    <NUMBER>
    <PERCENTAGE>
    <PX>
    <REM>
    <S>
    <STRING1>
    <STRING2>
    <TIME_MS>
    <TIME_S>
    <URANGE>
    <URL>
    <VH>
    <VMAX>
    <VMIN>
    <VW>
)
2024-11-27 20:47:31,784 WARN c.h.c.r.e.LoggingCSSParseErrorHandler: Browser compliant mode skipped CSS from [5:70708] starting at token ' ' until [5:70709] to token ';' (based on com.helger.css.parser.ParseException: Encountered unexpected token: ";" ";"
    at line 5, column 70709.

Was expecting one of:

    "+"
    "-"
    "["
    "and"
    "expression("
    "from"
    "inherit"
    "not"
    "only"
    "or"
    "to"
    <ANGLE_DEG>
    <ANGLE_GRAD>
    <ANGLE_RAD>
    <ANGLE_TURN>
    <CH>
    <DPCM>
    <DPI>
    <DPPX>
    <EM>
    <EX>
    <FR>
    <FREQ_HZ>
    <FREQ_KHZ>
    <FUNCTION>
    <FUNCTION_CALC>
    <HASH>
    <IDENT>
    <LENGTH_CM>
    <LENGTH_IN>
    <LENGTH_MM>
    <LENGTH_PC>
    <LENGTH_PT>
    <LENGTH_Q>
    <NUMBER>
    <PERCENTAGE>
    <PX>
    <REM>
    <S>
    <STRING1>
    <STRING2>
    <TIME_MS>
    <TIME_S>
    <URANGE>
    <URL>
    <VH>
    <VMAX>
    <VMIN>
    <VW>
)
2024-11-27 20:47:31,786 WARN c.h.c.r.e.LoggingCSSParseErrorHandler: Browser compliant mode skipped CSS from [5:73407] starting at token ' ' until [5:73408] to token ';' (based on com.helger.css.parser.ParseException: Encountered unexpected token: ";" ";"
    at line 5, column 73408.

Was expecting one of:

    "+"
    "-"
    "["
    "and"
    "expression("
    "from"
    "inherit"
    "not"
    "only"
    "or"
    "to"
    <ANGLE_DEG>
    <ANGLE_GRAD>
    <ANGLE_RAD>
    <ANGLE_TURN>
    <CH>
    <DPCM>
    <DPI>
    <DPPX>
    <EM>
    <EX>
    <FR>
    <FREQ_HZ>
    <FREQ_KHZ>
    <FUNCTION>
    <FUNCTION_CALC>
    <HASH>
    <IDENT>
    <LENGTH_CM>
    <LENGTH_IN>
    <LENGTH_MM>
    <LENGTH_PC>
    <LENGTH_PT>
    <LENGTH_Q>
    <NUMBER>
    <PERCENTAGE>
    <PX>
    <REM>
    <S>
    <STRING1>
    <STRING2>
    <TIME_MS>
    <TIME_S>
    <URANGE>
    <URL>
    <VH>
    <VMAX>
    <VMIN>
    <VW>
)
2024-11-27 20:47:31,790 WARN c.h.c.r.e.LoggingCSSParseErrorHandler: Browser compliant mode skipped CSS from [5:79112] starting at token ' ' until [5:79113] to token ';' (based on com.helger.css.parser.ParseException: Encountered unexpected token: ";" ";"
    at line 5, column 79113.

Was expecting one of:

    "+"
    "-"
    "["
    "and"
    "expression("
    "from"
    "inherit"
    "not"
    "only"
    "or"
    "to"
    <ANGLE_DEG>
    <ANGLE_GRAD>
    <ANGLE_RAD>
    <ANGLE_TURN>
    <CH>
    <DPCM>
    <DPI>
    <DPPX>
    <EM>
    <EX>
    <FR>
    <FREQ_HZ>
    <FREQ_KHZ>
    <FUNCTION>
    <FUNCTION_CALC>
    <HASH>
    <IDENT>
    <LENGTH_CM>
    <LENGTH_IN>
    <LENGTH_MM>
    <LENGTH_PC>
    <LENGTH_PT>
    <LENGTH_Q>
    <NUMBER>
    <PERCENTAGE>
    <PX>
    <REM>
    <S>
    <STRING1>
    <STRING2>
    <TIME_MS>
    <TIME_S>
    <URANGE>
    <URL>
    <VH>
    <VMAX>
    <VMIN>
    <VW>
)
2024-11-27 20:47:31,798 WARN c.h.c.r.e.LoggingCSSParseErrorHandler: Browser compliant mode skipped CSS from [5:87095] starting at token ' ' until [5:87096] to token ';' (based on com.helger.css.parser.ParseException: Encountered unexpected token: ";" ";"
    at line 5, column 87096.

Was expecting one of:

    "+"
    "-"
    "["
    "and"
    "expression("
    "from"
    "inherit"
    "not"
    "only"
    "or"
    "to"
    <ANGLE_DEG>
    <ANGLE_GRAD>
    <ANGLE_RAD>
    <ANGLE_TURN>
    <CH>
    <DPCM>
    <DPI>
    <DPPX>
    <EM>
    <EX>
    <FR>
    <FREQ_HZ>
    <FREQ_KHZ>
    <FUNCTION>
    <FUNCTION_CALC>
    <HASH>
    <IDENT>
    <LENGTH_CM>
    <LENGTH_IN>
    <LENGTH_MM>
    <LENGTH_PC>
    <LENGTH_PT>
    <LENGTH_Q>
    <NUMBER>
    <PERCENTAGE>
    <PX>
    <REM>
    <S>
    <STRING1>
    <STRING2>
    <TIME_MS>
    <TIME_S>
    <URANGE>
    <URL>
    <VH>
    <VMAX>
    <VMIN>
    <VW>
)
2024-11-27 20:47:31,799 WARN c.h.c.r.e.LoggingCSSParseErrorHandler: Browser compliant mode skipped CSS from [5:87122] starting at token ' ' until [5:87123] to token ';' (based on com.helger.css.parser.ParseException: Encountered unexpected token: ";" ";"
    at line 5, column 87123.

Was expecting one of:

    "+"
    "-"
    "["
    "and"
    "expression("
    "from"
    "inherit"
    "not"
    "only"
    "or"
    "to"
    <ANGLE_DEG>
    <ANGLE_GRAD>
    <ANGLE_RAD>
    <ANGLE_TURN>
    <CH>
    <DPCM>
    <DPI>
    <DPPX>
    <EM>
    <EX>
    <FR>
    <FREQ_HZ>
    <FREQ_KHZ>
    <FUNCTION>
    <FUNCTION_CALC>
    <HASH>
    <IDENT>
    <LENGTH_CM>
    <LENGTH_IN>
    <LENGTH_MM>
    <LENGTH_PC>
    <LENGTH_PT>
    <LENGTH_Q>
    <NUMBER>
    <PERCENTAGE>
    <PX>
    <REM>
    <S>
    <STRING1>
    <STRING2>
    <TIME_MS>
    <TIME_S>
    <URANGE>
    <URL>
    <VH>
    <VMAX>
    <VMIN>
    <VW>
)
2024-11-27 20:47:31,799 WARN c.h.c.r.e.LoggingCSSParseErrorHandler: Browser compliant mode skipped CSS from [5:87297] starting at token ' ' until [5:87298] to token ';' (based on com.helger.css.parser.ParseException: Encountered unexpected token: ";" ";"
    at line 5, column 87298.

Was expecting one of:

    "+"
    "-"
    "["
    "and"
    "expression("
    "from"
    "inherit"
    "not"
    "only"
    "or"
    "to"
    <ANGLE_DEG>
    <ANGLE_GRAD>
    <ANGLE_RAD>
    <ANGLE_TURN>
    <CH>
    <DPCM>
    <DPI>
    <DPPX>
    <EM>
    <EX>
    <FR>
    <FREQ_HZ>
    <FREQ_KHZ>
    <FUNCTION>
    <FUNCTION_CALC>
    <HASH>
    <IDENT>
    <LENGTH_CM>
    <LENGTH_IN>
    <LENGTH_MM>
    <LENGTH_PC>
    <LENGTH_PT>
    <LENGTH_Q>
    <NUMBER>
    <PERCENTAGE>
    <PX>
    <REM>
    <S>
    <STRING1>
    <STRING2>
    <TIME_MS>
    <TIME_S>
    <URANGE>
    <URL>
    <VH>
    <VMAX>
    <VMIN>
    <VW>
)
2024-11-27 20:47:31,800 WARN c.h.c.r.e.LoggingCSSParseErrorHandler: Browser compliant mode skipped CSS from [5:87520] starting at token ' ' until [5:87521] to token ';' (based on com.helger.css.parser.ParseException: Encountered unexpected token: ";" ";"
    at line 5, column 87521.

Was expecting one of:

    "+"
    "-"
    "["
    "and"
    "expression("
    "from"
    "inherit"
    "not"
    "only"
    "or"
    "to"
    <ANGLE_DEG>
    <ANGLE_GRAD>
    <ANGLE_RAD>
    <ANGLE_TURN>
    <CH>
    <DPCM>
    <DPI>
    <DPPX>
    <EM>
    <EX>
    <FR>
    <FREQ_HZ>
    <FREQ_KHZ>
    <FUNCTION>
    <FUNCTION_CALC>
    <HASH>
    <IDENT>
    <LENGTH_CM>
    <LENGTH_IN>
    <LENGTH_MM>
    <LENGTH_PC>
    <LENGTH_PT>
    <LENGTH_Q>
    <NUMBER>
    <PERCENTAGE>
    <PX>
    <REM>
    <S>
    <STRING1>
    <STRING2>
    <TIME_MS>
    <TIME_S>
    <URANGE>
    <URL>
    <VH>
    <VMAX>
    <VMIN>
    <VW>
)
2024-11-27 20:47:31,802 WARN c.h.c.r.e.LoggingCSSParseErrorHandler: Browser compliant mode skipped CSS from [5:87539] starting at token ' ' until [5:87540] to token ';' (based on com.helger.css.parser.ParseException: Encountered unexpected token: ";" ";"
    at line 5, column 87540.

Was expecting one of:

    "+"
    "-"
    "["
    "and"
    "expression("
    "from"
    "inherit"
    "not"
    "only"
    "or"
    "to"
    <ANGLE_DEG>
    <ANGLE_GRAD>
    <ANGLE_RAD>
    <ANGLE_TURN>
    <CH>
    <DPCM>
    <DPI>
    <DPPX>
    <EM>
    <EX>
    <FR>
    <FREQ_HZ>
    <FREQ_KHZ>
    <FUNCTION>
    <FUNCTION_CALC>
    <HASH>
    <IDENT>
    <LENGTH_CM>
    <LENGTH_IN>
    <LENGTH_MM>
    <LENGTH_PC>
    <LENGTH_PT>
    <LENGTH_Q>
    <NUMBER>
    <PERCENTAGE>
    <PX>
    <REM>
    <S>
    <STRING1>
    <STRING2>
    <TIME_MS>
    <TIME_S>
    <URANGE>
    <URL>
    <VH>
    <VMAX>
    <VMIN>
    <VW>
)
2024-11-27 20:47:31,803 WARN c.h.c.r.e.LoggingCSSParseErrorHandler: Browser compliant mode skipped CSS from [5:87557] starting at token ' ' until [5:87558] to token ';' (based on com.helger.css.parser.ParseException: Encountered unexpected token: ";" ";"
    at line 5, column 87558.

Was expecting one of:

    "+"
    "-"
    "["
    "and"
    "expression("
    "from"
    "inherit"
    "not"
    "only"
    "or"
    "to"
    <ANGLE_DEG>
    <ANGLE_GRAD>
    <ANGLE_RAD>
    <ANGLE_TURN>
    <CH>
    <DPCM>
    <DPI>
    <DPPX>
    <EM>
    <EX>
    <FR>
    <FREQ_HZ>
    <FREQ_KHZ>
    <FUNCTION>
    <FUNCTION_CALC>
    <HASH>
    <IDENT>
    <LENGTH_CM>
    <LENGTH_IN>
    <LENGTH_MM>
    <LENGTH_PC>
    <LENGTH_PT>
    <LENGTH_Q>
    <NUMBER>
    <PERCENTAGE>
    <PX>
    <REM>
    <S>
    <STRING1>
    <STRING2>
    <TIME_MS>
    <TIME_S>
    <URANGE>
    <URL>
    <VH>
    <VMAX>
    <VMIN>
    <VW>
)
2024-11-27 20:47:31,861 WARN c.h.c.r.e.LoggingCSSParseErrorHandler: Browser compliant mode skipped CSS from [5:96851] starting at token ' ' until [5:96852] to token ';' (based on com.helger.css.parser.ParseException: Encountered unexpected token: ";" ";"
    at line 5, column 96852.

Was expecting one of:

    "+"
    "-"
    "["
    "and"
    "expression("
    "from"
    "inherit"
    "not"
    "only"
    "or"
    "to"
    <ANGLE_DEG>
    <ANGLE_GRAD>
    <ANGLE_RAD>
    <ANGLE_TURN>
    <CH>
    <DPCM>
    <DPI>
    <DPPX>
    <EM>
    <EX>
    <FR>
    <FREQ_HZ>
    <FREQ_KHZ>
    <FUNCTION>
    <FUNCTION_CALC>
    <HASH>
    <IDENT>
    <LENGTH_CM>
    <LENGTH_IN>
    <LENGTH_MM>
    <LENGTH_PC>
    <LENGTH_PT>
    <LENGTH_Q>
    <NUMBER>
    <PERCENTAGE>
    <PX>
    <REM>
    <S>
    <STRING1>
    <STRING2>
    <TIME_MS>
    <TIME_S>
    <URANGE>
    <URL>
    <VH>
    <VMAX>
    <VMIN>
    <VW>
)
2024-11-27 20:47:31,861 WARN c.h.c.r.e.LoggingCSSParseErrorHandler: Browser compliant mode skipped CSS from [5:96883] starting at token ' ' until [5:96884] to token ';' (based on com.helger.css.parser.ParseException: Encountered unexpected token: ";" ";"
    at line 5, column 96884.

Was expecting one of:

    "+"
    "-"
    "["
    "and"
    "expression("
    "from"
    "inherit"
    "not"
    "only"
    "or"
    "to"
    <ANGLE_DEG>
    <ANGLE_GRAD>
    <ANGLE_RAD>
    <ANGLE_TURN>
    <CH>
    <DPCM>
    <DPI>
    <DPPX>
    <EM>
    <EX>
    <FR>
    <FREQ_HZ>
    <FREQ_KHZ>
    <FUNCTION>
    <FUNCTION_CALC>
    <HASH>
    <IDENT>
    <LENGTH_CM>
    <LENGTH_IN>
    <LENGTH_MM>
    <LENGTH_PC>
    <LENGTH_PT>
    <LENGTH_Q>
    <NUMBER>
    <PERCENTAGE>
    <PX>
    <REM>
    <S>
    <STRING1>
    <STRING2>
    <TIME_MS>
    <TIME_S>
    <URANGE>
    <URL>
    <VH>
    <VMAX>
    <VMIN>
    <VW>
)
2024-11-27 20:47:31,874 WARN c.h.c.r.e.LoggingCSSParseErrorHandler: Browser compliant mode skipped CSS from [5:118914] starting at token ' ' until [5:118915] to token ';' (based on com.helger.css.parser.ParseException: Encountered unexpected token: ";" ";"
    at line 5, column 118915.

Was expecting one of:

    "+"
    "-"
    "["
    "and"
    "expression("
    "from"
    "inherit"
    "not"
    "only"
    "or"
    "to"
    <ANGLE_DEG>
    <ANGLE_GRAD>
    <ANGLE_RAD>
    <ANGLE_TURN>
    <CH>
    <DPCM>
    <DPI>
    <DPPX>
    <EM>
    <EX>
    <FR>
    <FREQ_HZ>
    <FREQ_KHZ>
    <FUNCTION>
    <FUNCTION_CALC>
    <HASH>
    <IDENT>
    <LENGTH_CM>
    <LENGTH_IN>
    <LENGTH_MM>
    <LENGTH_PC>
    <LENGTH_PT>
    <LENGTH_Q>
    <NUMBER>
    <PERCENTAGE>
    <PX>
    <REM>
    <S>
    <STRING1>
    <STRING2>
    <TIME_MS>
    <TIME_S>
    <URANGE>
    <URL>
    <VH>
    <VMAX>
    <VMIN>
    <VW>
)
2024-11-27 20:47:31,876 WARN c.h.c.r.e.LoggingCSSParseErrorHandler: Browser compliant mode skipped CSS from [5:120779] starting at token ' ' until [5:120780] to token ';' (based on com.helger.css.parser.ParseException: Encountered unexpected token: ";" ";"
    at line 5, column 120780.

Was expecting one of:

    "+"
    "-"
    "["
    "and"
    "expression("
    "from"
    "inherit"
    "not"
    "only"
    "or"
    "to"
    <ANGLE_DEG>
    <ANGLE_GRAD>
    <ANGLE_RAD>
    <ANGLE_TURN>
    <CH>
    <DPCM>
    <DPI>
    <DPPX>
    <EM>
    <EX>
    <FR>
    <FREQ_HZ>
    <FREQ_KHZ>
    <FUNCTION>
    <FUNCTION_CALC>
    <HASH>
    <IDENT>
    <LENGTH_CM>
    <LENGTH_IN>
    <LENGTH_MM>
    <LENGTH_PC>
    <LENGTH_PT>
    <LENGTH_Q>
    <NUMBER>
    <PERCENTAGE>
    <PX>
    <REM>
    <S>
    <STRING1>
    <STRING2>
    <TIME_MS>
    <TIME_S>
    <URANGE>
    <URL>
    <VH>
    <VMAX>
    <VMIN>
    <VW>
)
2024-11-27 20:47:31,877 WARN c.h.c.r.e.LoggingCSSParseErrorHandler: Browser compliant mode skipped CSS from [5:121417] starting at token ' ' until [5:121418] to token ';' (based on com.helger.css.parser.ParseException: Encountered unexpected token: ";" ";"
    at line 5, column 121418.

Was expecting one of:

    "+"
    "-"
    "["
    "and"
    "expression("
    "from"
    "inherit"
    "not"
    "only"
    "or"
    "to"
    <ANGLE_DEG>
    <ANGLE_GRAD>
    <ANGLE_RAD>
    <ANGLE_TURN>
    <CH>
    <DPCM>
    <DPI>
    <DPPX>
    <EM>
    <EX>
    <FR>
    <FREQ_HZ>
    <FREQ_KHZ>
    <FUNCTION>
    <FUNCTION_CALC>
    <HASH>
    <IDENT>
    <LENGTH_CM>
    <LENGTH_IN>
    <LENGTH_MM>
    <LENGTH_PC>
    <LENGTH_PT>
    <LENGTH_Q>
    <NUMBER>
    <PERCENTAGE>
    <PX>
    <REM>
    <S>
    <STRING1>
    <STRING2>
    <TIME_MS>
    <TIME_S>
    <URANGE>
    <URL>
    <VH>
    <VMAX>
    <VMIN>
    <VW>
)
2024-11-27 20:47:31,880 INFO o.a.j.t.JMeterThread: Thread started: jp@gc - Stepping Thread Group 1-80
2024-11-27 20:47:31,881 WARN c.h.c.r.e.LoggingCSSParseErrorHandler: Browser compliant mode skipped CSS from [5:126625] starting at token ' ' until [5:126626] to token ';' (based on com.helger.css.parser.ParseException: Encountered unexpected token: ";" ";"
    at line 5, column 126626.

Was expecting one of:

    "+"
    "-"
    "["
    "and"
    "expression("
    "from"
    "inherit"
    "not"
    "only"
    "or"
    "to"
    <ANGLE_DEG>
    <ANGLE_GRAD>
    <ANGLE_RAD>
    <ANGLE_TURN>
    <CH>
    <DPCM>
    <DPI>
    <DPPX>
    <EM>
    <EX>
    <FR>
    <FREQ_HZ>
    <FREQ_KHZ>
    <FUNCTION>
    <FUNCTION_CALC>
    <HASH>
    <IDENT>
    <LENGTH_CM>
    <LENGTH_IN>
    <LENGTH_MM>
    <LENGTH_PC>
    <LENGTH_PT>
    <LENGTH_Q>
    <NUMBER>
    <PERCENTAGE>
    <PX>
    <REM>
    <S>
    <STRING1>
    <STRING2>
    <TIME_MS>
    <TIME_S>
    <URANGE>
    <URL>
    <VH>
    <VMAX>
    <VMIN>
    <VW>
)
2024-11-27 20:47:37,239 INFO o.a.j.t.JMeterThread: Thread started: jp@gc - Stepping Thread Group 1-81
2024-11-27 20:47:37,445 INFO o.a.j.t.JMeterThread: Thread started: jp@gc - Stepping Thread Group 1-82
2024-11-27 20:47:37,693 INFO o.a.j.t.JMeterThread: Thread started: jp@gc - Stepping Thread Group 1-83
2024-11-27 20:47:37,786 INFO o.a.j.t.JMeterThread: Thread started: jp@gc - Stepping Thread Group 1-84
2024-11-27 20:47:38,090 INFO o.a.j.t.JMeterThread: Thread started: jp@gc - Stepping Thread Group 1-85
2024-11-27 20:47:43,052 INFO o.a.j.t.JMeterThread: Thread started: jp@gc - Stepping Thread Group 1-86
2024-11-27 20:47:43,314 INFO o.a.j.t.JMeterThread: Thread started: jp@gc - Stepping Thread Group 1-87
2024-11-27 20:47:43,411 INFO o.a.j.t.JMeterThread: Thread started: jp@gc - Stepping Thread Group 1-88
2024-11-27 20:47:43,726 INFO o.a.j.t.JMeterThread: Thread started: jp@gc - Stepping Thread Group 1-89
2024-11-27 20:47:43,938 INFO o.a.j.t.JMeterThread: Thread started: jp@gc - Stepping Thread Group 1-90
2024-11-27 20:47:49,248 INFO o.a.j.t.JMeterThread: Thread started: jp@gc - Stepping Thread Group 1-91
2024-11-27 20:47:49,373 INFO o.a.j.t.JMeterThread: Thread started: jp@gc - Stepping Thread Group 1-92
2024-11-27 20:47:49,504 INFO o.a.j.t.JMeterThread: Thread started: jp@gc - Stepping Thread Group 1-93
2024-11-27 20:47:49,723 INFO o.a.j.t.JMeterThread: Thread started: jp@gc - Stepping Thread Group 1-94
2024-11-27 20:47:49,907 INFO o.a.j.t.JMeterThread: Thread started: jp@gc - Stepping Thread Group 1-95
2024-11-27 20:47:55,095 INFO o.a.j.t.JMeterThread: Thread started: jp@gc - Stepping Thread Group 1-96
2024-11-27 20:47:55,241 INFO o.a.j.t.JMeterThread: Thread started: jp@gc - Stepping Thread Group 1-97
2024-11-27 20:47:55,663 INFO o.a.j.t.JMeterThread: Thread started: jp@gc - Stepping Thread Group 1-98
2024-11-27 20:47:55,921 INFO o.a.j.t.JMeterThread: Thread started: jp@gc - Stepping Thread Group 1-99
2024-11-27 20:47:55,935 INFO o.a.j.t.JMeterThread: Thread started: jp@gc - Stepping Thread Group 1-100
2024-11-27 20:48:00,002 INFO o.a.j.r.Summariser: summary +    507 in 00:00:29 =   17.3/s Avg:  3883 Min:  1994 Max:  6763 Err:     0 (0.00%) Active: 100 Started: 100 Finished: 0
2024-11-27 20:48:00,003 INFO o.a.j.r.Summariser: summary =   1919 in 00:02:09 =   14.9/s Avg:  2069 Min:    90 Max:  6763 Err:     0 (0.00%)
2024-11-27 20:48:30,080 INFO o.a.j.r.Summariser: summary +    526 in 00:00:30 =   17.5/s Avg:  4597 Min:  2671 Max:  7273 Err:     0 (0.00%) Active: 100 Started: 100 Finished: 0
2024-11-27 20:48:30,080 INFO o.a.j.r.Summariser: summary =   2445 in 00:02:39 =   15.4/s Avg:  2613 Min:    90 Max:  7273 Err:     0 (0.00%)
2024-11-27 20:49:00,001 INFO o.a.j.r.Summariser: summary +    516 in 00:00:30 =   17.2/s Avg:  4631 Min:  2655 Max:  7363 Err:     0 (0.00%) Active: 100 Started: 100 Finished: 0
2024-11-27 20:49:00,001 INFO o.a.j.r.Summariser: summary =   2961 in 00:03:09 =   15.7/s Avg:  2965 Min:    90 Max:  7363 Err:     0 (0.00%)
2024-11-27 20:49:30,159 INFO o.a.j.r.Summariser: summary +    533 in 00:00:30 =   17.7/s Avg:  4784 Min:  2368 Max:  8896 Err:     0 (0.00%) Active: 100 Started: 100 Finished: 0
2024-11-27 20:49:30,159 INFO o.a.j.r.Summariser: summary =   3494 in 00:03:39 =   15.9/s Avg:  3242 Min:    90 Max:  8896 Err:     0 (0.00%)
2024-11-27 20:50:00,238 INFO o.a.j.r.Summariser: summary +    521 in 00:00:30 =   17.3/s Avg:  4679 Min:  2086 Max:  9103 Err:     0 (0.00%) Active: 100 Started: 100 Finished: 0
2024-11-27 20:50:00,238 INFO o.a.j.r.Summariser: summary =   4015 in 00:04:09 =   16.1/s Avg:  3429 Min:    90 Max:  9103 Err:     0 (0.00%)
2024-11-27 20:50:30,087 INFO o.a.j.r.Summariser: summary +    495 in 00:00:30 =   16.6/s Avg:  4629 Min:  1202 Max:  8466 Err:     0 (0.00%) Active: 100 Started: 100 Finished: 0
2024-11-27 20:50:30,087 INFO o.a.j.r.Summariser: summary =   4510 in 00:04:39 =   16.2/s Avg:  3560 Min:    90 Max:  9103 Err:     0 (0.00%)
2024-11-27 20:50:55,226 INFO o.a.j.t.JMeterThread: Thread finished: jp@gc - Stepping Thread Group 1-3
2024-11-27 20:50:55,559 INFO o.a.j.t.JMeterThread: Thread finished: jp@gc - Stepping Thread Group 1-5
2024-11-27 20:50:56,340 INFO o.a.j.t.JMeterThread: Stopping because end time detected by thread: jp@gc - Stepping Thread Group 1-1
2024-11-27 20:50:56,340 INFO o.a.j.t.JMeterThread: Thread finished: jp@gc - Stepping Thread Group 1-1
2024-11-27 20:50:56,507 INFO o.a.j.t.JMeterThread: Stopping because end time detected by thread: jp@gc - Stepping Thread Group 1-2
2024-11-27 20:50:56,507 INFO o.a.j.t.JMeterThread: Thread finished: jp@gc - Stepping Thread Group 1-2
2024-11-27 20:50:57,133 INFO o.a.j.t.JMeterThread: Stopping because end time detected by thread: jp@gc - Stepping Thread Group 1-4
2024-11-27 20:50:57,133 INFO o.a.j.t.JMeterThread: Thread finished: jp@gc - Stepping Thread Group 1-4
2024-11-27 20:51:00,025 INFO o.a.j.r.Summariser: summary +    532 in 00:00:30 =   17.8/s Avg:  4680 Min:  1132 Max:  8505 Err:     0 (0.00%) Active: 95 Started: 100 Finished: 5
2024-11-27 20:51:00,025 INFO o.a.j.r.Summariser: summary =   5042 in 00:05:09 =   16.3/s Avg:  3679 Min:    90 Max:  9103 Err:     0 (0.00%)
2024-11-27 20:51:00,025 INFO o.a.j.t.JMeterThread: Thread finished: jp@gc - Stepping Thread Group 1-9
2024-11-27 20:51:00,057 INFO o.a.j.t.JMeterThread: Thread finished: jp@gc - Stepping Thread Group 1-10
2024-11-27 20:51:02,330 INFO o.a.j.t.JMeterThread: Stopping because end time detected by thread: jp@gc - Stepping Thread Group 1-6
2024-11-27 20:51:02,330 INFO o.a.j.t.JMeterThread: Thread finished: jp@gc - Stepping Thread Group 1-6
2024-11-27 20:51:03,137 INFO o.a.j.t.JMeterThread: Stopping because end time detected by thread: jp@gc - Stepping Thread Group 1-7
2024-11-27 20:51:03,137 INFO o.a.j.t.JMeterThread: Thread finished: jp@gc - Stepping Thread Group 1-7
2024-11-27 20:51:03,988 INFO o.a.j.t.JMeterThread: Stopping because end time detected by thread: jp@gc - Stepping Thread Group 1-8
2024-11-27 20:51:03,988 INFO o.a.j.t.JMeterThread: Thread finished: jp@gc - Stepping Thread Group 1-8
2024-11-27 20:51:05,600 INFO o.a.j.t.JMeterThread: Thread finished: jp@gc - Stepping Thread Group 1-12
2024-11-27 20:51:09,684 INFO o.a.j.t.JMeterThread: Stopping because end time detected by thread: jp@gc - Stepping Thread Group 1-14
2024-11-27 20:51:09,685 INFO o.a.j.t.JMeterThread: Thread finished: jp@gc - Stepping Thread Group 1-14
2024-11-27 20:51:10,709 INFO o.a.j.t.JMeterThread: Thread finished: jp@gc - Stepping Thread Group 1-16
2024-11-27 20:51:11,161 INFO o.a.j.t.JMeterThread: Stopping because end time detected by thread: jp@gc - Stepping Thread Group 1-18
2024-11-27 20:51:11,161 INFO o.a.j.t.JMeterThread: Thread finished: jp@gc - Stepping Thread Group 1-18
2024-11-27 20:51:11,167 INFO o.a.j.t.JMeterThread: Stopping because end time detected by thread: jp@gc - Stepping Thread Group 1-13
2024-11-27 20:51:11,167 INFO o.a.j.t.JMeterThread: Thread finished: jp@gc - Stepping Thread Group 1-13
2024-11-27 20:51:11,410 INFO o.a.j.t.JMeterThread: Stopping because end time detected by thread: jp@gc - Stepping Thread Group 1-15
2024-11-27 20:51:11,411 INFO o.a.j.t.JMeterThread: Thread finished: jp@gc - Stepping Thread Group 1-15
2024-11-27 20:51:11,430 INFO o.a.j.t.JMeterThread: Stopping because end time detected by thread: jp@gc - Stepping Thread Group 1-17
2024-11-27 20:51:11,430 INFO o.a.j.t.JMeterThread: Thread finished: jp@gc - Stepping Thread Group 1-17
2024-11-27 20:51:11,432 INFO o.a.j.t.JMeterThread: Stopping because end time detected by thread: jp@gc - Stepping Thread Group 1-11
2024-11-27 20:51:11,432 INFO o.a.j.t.JMeterThread: Thread finished: jp@gc - Stepping Thread Group 1-11
2024-11-27 20:51:11,877 INFO o.a.j.t.JMeterThread: Stopping because end time detected by thread: jp@gc - Stepping Thread Group 1-19
2024-11-27 20:51:11,878 INFO o.a.j.t.JMeterThread: Thread finished: jp@gc - Stepping Thread Group 1-19
2024-11-27 20:51:14,866 INFO o.a.j.t.JMeterThread: Thread finished: jp@gc - Stepping Thread Group 1-25
2024-11-27 20:51:16,486 INFO o.a.j.t.JMeterThread: Stopping because end time detected by thread: jp@gc - Stepping Thread Group 1-20
2024-11-27 20:51:16,487 INFO o.a.j.t.JMeterThread: Thread finished: jp@gc - Stepping Thread Group 1-20
2024-11-27 20:51:16,692 INFO o.a.j.t.JMeterThread: Stopping because end time detected by thread: jp@gc - Stepping Thread Group 1-24
2024-11-27 20:51:16,693 INFO o.a.j.t.JMeterThread: Thread finished: jp@gc - Stepping Thread Group 1-24
2024-11-27 20:51:17,326 INFO o.a.j.t.JMeterThread: Stopping because end time detected by thread: jp@gc - Stepping Thread Group 1-23
2024-11-27 20:51:17,327 INFO o.a.j.t.JMeterThread: Thread finished: jp@gc - Stepping Thread Group 1-23
2024-11-27 20:51:18,143 INFO o.a.j.t.JMeterThread: Stopping because end time detected by thread: jp@gc - Stepping Thread Group 1-22
2024-11-27 20:51:18,144 INFO o.a.j.t.JMeterThread: Thread finished: jp@gc - Stepping Thread Group 1-22
2024-11-27 20:51:20,350 INFO o.a.j.t.JMeterThread: Stopping because end time detected by thread: jp@gc - Stepping Thread Group 1-21
2024-11-27 20:51:20,350 INFO o.a.j.t.JMeterThread: Thread finished: jp@gc - Stepping Thread Group 1-21
2024-11-27 20:51:20,642 INFO o.a.j.t.JMeterThread: Thread finished: jp@gc - Stepping Thread Group 1-26
2024-11-27 20:51:21,050 INFO o.a.j.t.JMeterThread: Stopping because end time detected by thread: jp@gc - Stepping Thread Group 1-28
2024-11-27 20:51:21,050 INFO o.a.j.t.JMeterThread: Thread finished: jp@gc - Stepping Thread Group 1-28
2024-11-27 20:51:22,452 INFO o.a.j.t.JMeterThread: Stopping because end time detected by thread: jp@gc - Stepping Thread Group 1-27
2024-11-27 20:51:22,452 INFO o.a.j.t.JMeterThread: Thread finished: jp@gc - Stepping Thread Group 1-27
2024-11-27 20:51:22,631 INFO o.a.j.t.JMeterThread: Stopping because end time detected by thread: jp@gc - Stepping Thread Group 1-30
2024-11-27 20:51:22,631 INFO o.a.j.t.JMeterThread: Thread finished: jp@gc - Stepping Thread Group 1-30
2024-11-27 20:51:23,416 INFO o.a.j.t.JMeterThread: Stopping because end time detected by thread: jp@gc - Stepping Thread Group 1-29
2024-11-27 20:51:23,416 INFO o.a.j.t.JMeterThread: Thread finished: jp@gc - Stepping Thread Group 1-29
2024-11-27 20:51:25,062 INFO o.a.j.t.JMeterThread: Thread finished: jp@gc - Stepping Thread Group 1-32
2024-11-27 20:51:25,065 INFO o.a.j.t.JMeterThread: Thread finished: jp@gc - Stepping Thread Group 1-35
2024-11-27 20:51:27,596 INFO o.a.j.t.JMeterThread: Stopping because end time detected by thread: jp@gc - Stepping Thread Group 1-31
2024-11-27 20:51:27,597 INFO o.a.j.t.JMeterThread: Thread finished: jp@gc - Stepping Thread Group 1-31
2024-11-27 20:51:28,991 INFO o.a.j.t.JMeterThread: Stopping because end time detected by thread: jp@gc - Stepping Thread Group 1-33
2024-11-27 20:51:28,992 INFO o.a.j.t.JMeterThread: Thread finished: jp@gc - Stepping Thread Group 1-33
2024-11-27 20:51:29,094 INFO o.a.j.t.JMeterThread: Stopping because end time detected by thread: jp@gc - Stepping Thread Group 1-34
2024-11-27 20:51:29,094 INFO o.a.j.t.JMeterThread: Thread finished: jp@gc - Stepping Thread Group 1-34
2024-11-27 20:51:29,706 INFO o.a.j.t.JMeterThread: Thread finished: jp@gc - Stepping Thread Group 1-39
2024-11-27 20:51:30,152 INFO o.a.j.r.Summariser: summary +    537 in 00:00:30 =   17.8/s Avg:  3805 Min:  1351 Max:  6717 Err:     0 (0.00%) Active: 64 Started: 100 Finished: 36
2024-11-27 20:51:30,152 INFO o.a.j.r.Summariser: summary =   5579 in 00:05:39 =   16.4/s Avg:  3691 Min:    90 Max:  9103 Err:     0 (0.00%)
2024-11-27 20:51:30,712 INFO o.a.j.t.JMeterThread: Thread finished: jp@gc - Stepping Thread Group 1-40
2024-11-27 20:51:32,251 INFO o.a.j.t.JMeterThread: Stopping because end time detected by thread: jp@gc - Stepping Thread Group 1-38
2024-11-27 20:51:32,251 INFO o.a.j.t.JMeterThread: Thread finished: jp@gc - Stepping Thread Group 1-38
2024-11-27 20:51:33,670 INFO o.a.j.t.JMeterThread: Stopping because end time detected by thread: jp@gc - Stepping Thread Group 1-37
2024-11-27 20:51:33,671 INFO o.a.j.t.JMeterThread: Thread finished: jp@gc - Stepping Thread Group 1-37
2024-11-27 20:51:33,970 INFO o.a.j.t.JMeterThread: Stopping because end time detected by thread: jp@gc - Stepping Thread Group 1-36
2024-11-27 20:51:33,970 INFO o.a.j.t.JMeterThread: Thread finished: jp@gc - Stepping Thread Group 1-36
2024-11-27 20:51:35,609 INFO o.a.j.t.JMeterThread: Thread finished: jp@gc - Stepping Thread Group 1-45
2024-11-27 20:51:36,245 INFO o.a.j.t.JMeterThread: Stopping because end time detected by thread: jp@gc - Stepping Thread Group 1-42
2024-11-27 20:51:36,245 INFO o.a.j.t.JMeterThread: Thread finished: jp@gc - Stepping Thread Group 1-42
2024-11-27 20:51:36,280 INFO o.a.j.t.JMeterThread: Stopping because end time detected by thread: jp@gc - Stepping Thread Group 1-41
2024-11-27 20:51:36,280 INFO o.a.j.t.JMeterThread: Thread finished: jp@gc - Stepping Thread Group 1-41
2024-11-27 20:51:36,294 INFO o.a.j.t.JMeterThread: Stopping because end time detected by thread: jp@gc - Stepping Thread Group 1-44
2024-11-27 20:51:36,294 INFO o.a.j.t.JMeterThread: Thread finished: jp@gc - Stepping Thread Group 1-44
2024-11-27 20:51:36,856 INFO o.a.j.t.JMeterThread: Stopping because end time detected by thread: jp@gc - Stepping Thread Group 1-43
2024-11-27 20:51:36,856 INFO o.a.j.t.JMeterThread: Thread finished: jp@gc - Stepping Thread Group 1-43
2024-11-27 20:51:41,632 INFO o.a.j.t.JMeterThread: Stopping because end time detected by thread: jp@gc - Stepping Thread Group 1-47
2024-11-27 20:51:41,632 INFO o.a.j.t.JMeterThread: Thread finished: jp@gc - Stepping Thread Group 1-47
2024-11-27 20:51:42,527 INFO o.a.j.t.JMeterThread: Stopping because end time detected by thread: jp@gc - Stepping Thread Group 1-49
2024-11-27 20:51:42,528 INFO o.a.j.t.JMeterThread: Thread finished: jp@gc - Stepping Thread Group 1-49
2024-11-27 20:51:42,656 INFO o.a.j.t.JMeterThread: Stopping because end time detected by thread: jp@gc - Stepping Thread Group 1-50
2024-11-27 20:51:42,656 INFO o.a.j.t.JMeterThread: Thread finished: jp@gc - Stepping Thread Group 1-50
2024-11-27 20:51:42,838 INFO o.a.j.t.JMeterThread: Stopping because end time detected by thread: jp@gc - Stepping Thread Group 1-46
2024-11-27 20:51:42,838 INFO o.a.j.t.JMeterThread: Thread finished: jp@gc - Stepping Thread Group 1-46
2024-11-27 20:51:42,868 INFO o.a.j.t.JMeterThread: Stopping because end time detected by thread: jp@gc - Stepping Thread Group 1-48
2024-11-27 20:51:42,868 INFO o.a.j.t.JMeterThread: Thread finished: jp@gc - Stepping Thread Group 1-48
2024-11-27 20:51:46,484 INFO o.a.j.t.JMeterThread: Stopping because end time detected by thread: jp@gc - Stepping Thread Group 1-54
2024-11-27 20:51:46,484 INFO o.a.j.t.JMeterThread: Thread finished: jp@gc - Stepping Thread Group 1-54
2024-11-27 20:51:47,275 INFO o.a.j.t.JMeterThread: Stopping because end time detected by thread: jp@gc - Stepping Thread Group 1-55
2024-11-27 20:51:47,275 INFO o.a.j.t.JMeterThread: Thread finished: jp@gc - Stepping Thread Group 1-55
2024-11-27 20:51:47,293 INFO o.a.j.t.JMeterThread: Stopping because end time detected by thread: jp@gc - Stepping Thread Group 1-51
2024-11-27 20:51:47,293 INFO o.a.j.t.JMeterThread: Thread finished: jp@gc - Stepping Thread Group 1-51
2024-11-27 20:51:47,317 INFO o.a.j.t.JMeterThread: Stopping because end time detected by thread: jp@gc - Stepping Thread Group 1-52
2024-11-27 20:51:47,317 INFO o.a.j.t.JMeterThread: Thread finished: jp@gc - Stepping Thread Group 1-52
2024-11-27 20:51:47,377 INFO o.a.j.t.JMeterThread: Stopping because end time detected by thread: jp@gc - Stepping Thread Group 1-53
2024-11-27 20:51:47,377 INFO o.a.j.t.JMeterThread: Thread finished: jp@gc - Stepping Thread Group 1-53
2024-11-27 20:51:50,693 INFO o.a.j.t.JMeterThread: Thread finished: jp@gc - Stepping Thread Group 1-59
2024-11-27 20:51:50,695 INFO o.a.j.t.JMeterThread: Thread finished: jp@gc - Stepping Thread Group 1-58
2024-11-27 20:51:50,696 INFO o.a.j.t.JMeterThread: Thread finished: jp@gc - Stepping Thread Group 1-60
2024-11-27 20:51:50,696 INFO o.a.j.t.JMeterThread: Thread finished: jp@gc - Stepping Thread Group 1-57
2024-11-27 20:51:50,696 INFO o.a.j.t.JMeterThread: Thread finished: jp@gc - Stepping Thread Group 1-56
2024-11-27 20:51:56,859 INFO o.a.j.t.JMeterThread: Stopping because end time detected by thread: jp@gc - Stepping Thread Group 1-65
2024-11-27 20:51:56,859 INFO o.a.j.t.JMeterThread: Thread finished: jp@gc - Stepping Thread Group 1-65
2024-11-27 20:51:56,861 INFO o.a.j.t.JMeterThread: Stopping because end time detected by thread: jp@gc - Stepping Thread Group 1-64
2024-11-27 20:51:56,861 INFO o.a.j.t.JMeterThread: Thread finished: jp@gc - Stepping Thread Group 1-64
2024-11-27 20:51:56,867 INFO o.a.j.t.JMeterThread: Stopping because end time detected by thread: jp@gc - Stepping Thread Group 1-63
2024-11-27 20:51:56,867 INFO o.a.j.t.JMeterThread: Thread finished: jp@gc - Stepping Thread Group 1-63
2024-11-27 20:51:57,091 INFO o.a.j.t.JMeterThread: Stopping because end time detected by thread: jp@gc - Stepping Thread Group 1-61
2024-11-27 20:51:57,092 INFO o.a.j.t.JMeterThread: Thread finished: jp@gc - Stepping Thread Group 1-61
2024-11-27 20:51:57,296 INFO o.a.j.t.JMeterThread: Stopping because end time detected by thread: jp@gc - Stepping Thread Group 1-62
2024-11-27 20:51:57,297 INFO o.a.j.t.JMeterThread: Thread finished: jp@gc - Stepping Thread Group 1-62
2024-11-27 20:52:00,472 INFO o.a.j.r.Summariser: summary +    516 in 00:00:30 =   17.0/s Avg:  1921 Min:   322 Max:  5237 Err:     0 (0.00%) Active: 35 Started: 100 Finished: 65
2024-11-27 20:52:00,472 INFO o.a.j.r.Summariser: summary =   6095 in 00:06:09 =   16.5/s Avg:  3541 Min:    90 Max:  9103 Err:     0 (0.00%)
2024-11-27 20:52:01,271 INFO o.a.j.t.JMeterThread: Stopping because end time detected by thread: jp@gc - Stepping Thread Group 1-68
2024-11-27 20:52:01,271 INFO o.a.j.t.JMeterThread: Thread finished: jp@gc - Stepping Thread Group 1-68
2024-11-27 20:52:01,449 INFO o.a.j.t.JMeterThread: Stopping because end time detected by thread: jp@gc - Stepping Thread Group 1-69
2024-11-27 20:52:01,449 INFO o.a.j.t.JMeterThread: Thread finished: jp@gc - Stepping Thread Group 1-69
2024-11-27 20:52:01,813 INFO o.a.j.t.JMeterThread: Stopping because end time detected by thread: jp@gc - Stepping Thread Group 1-70
2024-11-27 20:52:01,813 INFO o.a.j.t.JMeterThread: Thread finished: jp@gc - Stepping Thread Group 1-70
2024-11-27 20:52:02,019 INFO o.a.j.t.JMeterThread: Stopping because end time detected by thread: jp@gc - Stepping Thread Group 1-67
2024-11-27 20:52:02,019 INFO o.a.j.t.JMeterThread: Thread finished: jp@gc - Stepping Thread Group 1-67
2024-11-27 20:52:02,795 INFO o.a.j.t.JMeterThread: Stopping because end time detected by thread: jp@gc - Stepping Thread Group 1-66
2024-11-27 20:52:02,795 INFO o.a.j.t.JMeterThread: Thread finished: jp@gc - Stepping Thread Group 1-66
2024-11-27 20:52:06,632 INFO o.a.j.t.JMeterThread: Stopping because end time detected by thread: jp@gc - Stepping Thread Group 1-73
2024-11-27 20:52:06,632 INFO o.a.j.t.JMeterThread: Thread finished: jp@gc - Stepping Thread Group 1-73
2024-11-27 20:52:06,649 INFO o.a.j.t.JMeterThread: Stopping because end time detected by thread: jp@gc - Stepping Thread Group 1-75
2024-11-27 20:52:06,649 INFO o.a.j.t.JMeterThread: Thread finished: jp@gc - Stepping Thread Group 1-75
2024-11-27 20:52:06,668 INFO o.a.j.t.JMeterThread: Stopping because end time detected by thread: jp@gc - Stepping Thread Group 1-74
2024-11-27 20:52:06,669 INFO o.a.j.t.JMeterThread: Thread finished: jp@gc - Stepping Thread Group 1-74
2024-11-27 20:52:10,398 INFO o.a.j.t.JMeterThread: Stopping because end time detected by thread: jp@gc - Stepping Thread Group 1-71
2024-11-27 20:52:10,398 INFO o.a.j.t.JMeterThread: Thread finished: jp@gc - Stepping Thread Group 1-71
2024-11-27 20:52:11,599 INFO o.a.j.t.JMeterThread: Stopping because end time detected by thread: jp@gc - Stepping Thread Group 1-77
2024-11-27 20:52:11,599 INFO o.a.j.t.JMeterThread: Thread finished: jp@gc - Stepping Thread Group 1-77
2024-11-27 20:52:11,726 INFO o.a.j.t.JMeterThread: Stopping because end time detected by thread: jp@gc - Stepping Thread Group 1-78
2024-11-27 20:52:11,726 INFO o.a.j.t.JMeterThread: Thread finished: jp@gc - Stepping Thread Group 1-78
2024-11-27 20:52:11,729 INFO o.a.j.t.JMeterThread: Stopping because end time detected by thread: jp@gc - Stepping Thread Group 1-72
2024-11-27 20:52:11,730 INFO o.a.j.t.JMeterThread: Thread finished: jp@gc - Stepping Thread Group 1-72
2024-11-27 20:52:11,916 INFO o.a.j.t.JMeterThread: Stopping because end time detected by thread: jp@gc - Stepping Thread Group 1-79
2024-11-27 20:52:11,917 INFO o.a.j.t.JMeterThread: Thread finished: jp@gc - Stepping Thread Group 1-79
2024-11-27 20:52:12,256 INFO o.a.j.t.JMeterThread: Stopping because end time detected by thread: jp@gc - Stepping Thread Group 1-76
2024-11-27 20:52:12,256 INFO o.a.j.t.JMeterThread: Thread finished: jp@gc - Stepping Thread Group 1-76
2024-11-27 20:52:12,321 INFO o.a.j.t.JMeterThread: Stopping because end time detected by thread: jp@gc - Stepping Thread Group 1-80
2024-11-27 20:52:12,321 INFO o.a.j.t.JMeterThread: Thread finished: jp@gc - Stepping Thread Group 1-80
2024-11-27 20:52:14,695 INFO o.a.j.t.JMeterThread: Thread finished: jp@gc - Stepping Thread Group 1-83
2024-11-27 20:52:15,427 INFO o.a.j.t.JMeterThread: Thread finished: jp@gc - Stepping Thread Group 1-81
2024-11-27 20:52:15,944 INFO o.a.j.t.JMeterThread: Thread finished: jp@gc - Stepping Thread Group 1-82
2024-11-27 20:52:15,957 INFO o.a.j.t.JMeterThread: Thread finished: jp@gc - Stepping Thread Group 1-85
2024-11-27 20:52:16,283 INFO o.a.j.t.JMeterThread: Stopping because end time detected by thread: jp@gc - Stepping Thread Group 1-84
2024-11-27 20:52:16,284 INFO o.a.j.t.JMeterThread: Thread finished: jp@gc - Stepping Thread Group 1-84
2024-11-27 20:52:20,694 INFO o.a.j.t.JMeterThread: Thread finished: jp@gc - Stepping Thread Group 1-89
2024-11-27 20:52:21,055 INFO o.a.j.t.JMeterThread: Stopping because end time detected by thread: jp@gc - Stepping Thread Group 1-90
2024-11-27 20:52:21,055 INFO o.a.j.t.JMeterThread: Thread finished: jp@gc - Stepping Thread Group 1-90
2024-11-27 20:52:21,123 INFO o.a.j.t.JMeterThread: Stopping because end time detected by thread: jp@gc - Stepping Thread Group 1-87
2024-11-27 20:52:21,123 INFO o.a.j.t.JMeterThread: Thread finished: jp@gc - Stepping Thread Group 1-87
2024-11-27 20:52:21,128 INFO o.a.j.t.JMeterThread: Stopping because end time detected by thread: jp@gc - Stepping Thread Group 1-88
2024-11-27 20:52:21,128 INFO o.a.j.t.JMeterThread: Thread finished: jp@gc - Stepping Thread Group 1-88
2024-11-27 20:52:21,447 INFO o.a.j.t.JMeterThread: Stopping because end time detected by thread: jp@gc - Stepping Thread Group 1-86
2024-11-27 20:52:21,448 INFO o.a.j.t.JMeterThread: Thread finished: jp@gc - Stepping Thread Group 1-86
2024-11-27 20:52:25,295 INFO o.a.j.t.JMeterThread: Thread finished: jp@gc - Stepping Thread Group 1-94
2024-11-27 20:52:25,619 INFO o.a.j.t.JMeterThread: Thread finished: jp@gc - Stepping Thread Group 1-92
2024-11-27 20:52:25,670 INFO o.a.j.t.JMeterThread: Thread finished: jp@gc - Stepping Thread Group 1-95
2024-11-27 20:52:25,744 INFO o.a.j.t.JMeterThread: Thread finished: jp@gc - Stepping Thread Group 1-93
2024-11-27 20:52:26,295 INFO o.a.j.t.JMeterThread: Stopping because end time detected by thread: jp@gc - Stepping Thread Group 1-91
2024-11-27 20:52:26,295 INFO o.a.j.t.JMeterThread: Thread finished: jp@gc - Stepping Thread Group 1-91
