2024-11-25 20:16:29,463 INFO o.a.j.u.JMeterUtils: Setting Locale to en_EN
2024-11-25 20:16:29,501 INFO o.a.j.JMeter: Loading user properties from: C:\Utils\apache-jmeter-5.6.3\bin\user.properties
2024-11-25 20:16:29,502 INFO o.a.j.JMeter: Loading system properties from: C:\Utils\apache-jmeter-5.6.3\bin\system.properties
2024-11-25 20:16:29,513 INFO o.a.j.JMeter: Copyright (c) 1998-2024 The Apache Software Foundation
2024-11-25 20:16:29,513 INFO o.a.j.JMeter: Version 5.6.3
2024-11-25 20:16:29,513 INFO o.a.j.JMeter: java.version=19.0.1
2024-11-25 20:16:29,513 INFO o.a.j.JMeter: java.vm.name=Java HotSpot(TM) 64-Bit Server VM
2024-11-25 20:16:29,516 INFO o.a.j.JMeter: os.name=Windows 10
2024-11-25 20:16:29,516 INFO o.a.j.JMeter: os.arch=amd64
2024-11-25 20:16:29,516 INFO o.a.j.JMeter: os.version=10.0
2024-11-25 20:16:29,516 INFO o.a.j.JMeter: file.encoding=UTF-8
2024-11-25 20:16:29,516 INFO o.a.j.JMeter: java.awt.headless=true
2024-11-25 20:16:29,516 INFO o.a.j.JMeter: Max memory     =1073741824
2024-11-25 20:16:29,516 INFO o.a.j.JMeter: Available Processors =16
2024-11-25 20:16:29,544 INFO o.a.j.JMeter: Default Locale=English (EN)
2024-11-25 20:16:29,545 INFO o.a.j.JMeter: JMeter  Locale=English (EN)
2024-11-25 20:16:29,545 INFO o.a.j.JMeter: JMeterHome=C:\Utils\apache-jmeter-5.6.3
2024-11-25 20:16:29,545 INFO o.a.j.JMeter: user.dir  =C:\Users\danie\Dropbox\bonjr\coding\VSProjects\Lets_SAS_RPI_Websites\Jmeter
2024-11-25 20:16:29,546 INFO o.a.j.JMeter: PWD       =C:\Users\danie\Dropbox\bonjr\coding\VSProjects\Lets_SAS_RPI_Websites\Jmeter
2024-11-25 20:16:34,522 INFO o.a.j.JMeter: IP: 169.254.5.254 Name: OlijebwaPC FullName: OlijebwaPC
2024-11-25 20:16:34,538 INFO o.a.j.s.FileServer: Default base='C:\Users\danie\Dropbox\bonjr\coding\VSProjects\Lets_SAS_RPI_Websites\Jmeter'
2024-11-25 20:16:34,540 INFO o.a.j.s.FileServer: Set new base='C:\Users\danie\Dropbox\bonjr\coding\VSProjects\Lets_SAS_RPI_Websites\Jmeter'
2024-11-25 20:16:35,914 INFO o.a.j.s.SaveService: Testplan (JMX) version: 2.2. Testlog (JTL) version: 2.2
2024-11-25 20:16:35,951 INFO o.a.j.s.SaveService: Using SaveService properties version 5.0
2024-11-25 20:16:35,955 INFO o.a.j.s.SaveService: Using SaveService properties file encoding UTF-8
2024-11-25 20:16:35,958 INFO o.a.j.s.SaveService: Loading file: C:\Users\danie\Dropbox\bonjr\coding\VSProjects\Lets_SAS_RPI_Websites\Jmeter\traffic_simulation_spike.jmx
2024-11-25 20:16:36,293 INFO o.a.j.p.h.s.HTTPSamplerBase: Parser for text/html is org.apache.jmeter.protocol.http.parser.LagartoBasedHtmlParser
2024-11-25 20:16:36,294 INFO o.a.j.p.h.s.HTTPSamplerBase: Parser for application/xhtml+xml is org.apache.jmeter.protocol.http.parser.LagartoBasedHtmlParser
2024-11-25 20:16:36,294 INFO o.a.j.p.h.s.HTTPSamplerBase: Parser for application/xml is org.apache.jmeter.protocol.http.parser.LagartoBasedHtmlParser
2024-11-25 20:16:36,294 INFO o.a.j.p.h.s.HTTPSamplerBase: Parser for text/xml is org.apache.jmeter.protocol.http.parser.LagartoBasedHtmlParser
2024-11-25 20:16:36,294 INFO o.a.j.p.h.s.HTTPSamplerBase: Parser for text/vnd.wap.wml is org.apache.jmeter.protocol.http.parser.RegexpHTMLParser
2024-11-25 20:16:36,294 INFO o.a.j.p.h.s.HTTPSamplerBase: Parser for text/css is org.apache.jmeter.protocol.http.parser.CssParser
2024-11-25 20:16:36,403 INFO o.a.j.JMeter: Creating summariser <summary>
2024-11-25 20:16:36,961 INFO o.a.j.e.StandardJMeterEngine: Running the test!
2024-11-25 20:16:36,964 INFO o.a.j.s.SampleEvent: List of sample_variables: [FLIGHTTOCOUNT, FLIGHTRETCOUNT, ONEWAY]
2024-11-25 20:16:36,965 INFO o.a.j.s.SampleEvent: List of sample_variables: [FLIGHTTOCOUNT, FLIGHTRETCOUNT, ONEWAY]
2024-11-25 20:16:36,969 INFO o.a.j.e.u.CompoundVariable: Note: Function class names must contain the string: '.functions.'
2024-11-25 20:16:36,969 INFO o.a.j.e.u.CompoundVariable: Note: Function class names must not contain the string: '.gui.'
2024-11-25 20:16:37,619 INFO o.a.j.r.ClassFinder: Will scan jar C:\Utils\apache-jmeter-5.6.3\lib\ext\jmeter-plugins-casutg-2.10.jar with filter ExtendsClassFilter [parents=[interface org.apache.jmeter.functions.Function], inner=false, contains=null, notContains=null]. Consider exposing JMeter plugins via META-INF/services, and add JMeter-Skip-Class-Scanning=true manifest attribute so JMeter can skip classfile scanning
2024-11-25 20:16:37,632 INFO o.a.j.r.ClassFinder: Will scan jar C:\Utils\apache-jmeter-5.6.3\lib\ext\json-simple-1.1.1.jar with filter ExtendsClassFilter [parents=[interface org.apache.jmeter.functions.Function], inner=false, contains=null, notContains=null]. Consider exposing JMeter plugins via META-INF/services, and add JMeter-Skip-Class-Scanning=true manifest attribute so JMeter can skip classfile scanning
2024-11-25 20:16:37,636 INFO o.a.j.r.ClassFinder: Will scan jar C:\Utils\apache-jmeter-5.6.3\lib\ext\acmeair-jmeter-2.0.0-SNAPSHOT.jar with filter ExtendsClassFilter [parents=[interface org.apache.jmeter.functions.Function], inner=false, contains=null, notContains=null]. Consider exposing JMeter plugins via META-INF/services, and add JMeter-Skip-Class-Scanning=true manifest attribute so JMeter can skip classfile scanning
2024-11-25 20:16:38,105 INFO o.a.j.r.ClassFinder: Will scan jar C:\Utils\apache-jmeter-5.6.3\lib\ext\jmeter-plugins-manager-1.6.jar with filter ExtendsClassFilter [parents=[interface org.apache.jmeter.functions.Function], inner=false, contains=null, notContains=null]. Consider exposing JMeter plugins via META-INF/services, and add JMeter-Skip-Class-Scanning=true manifest attribute so JMeter can skip classfile scanning
2024-11-25 20:16:39,409 INFO o.a.j.r.ClassFinder: Will scan jar C:\Utils\apache-jmeter-5.6.3\lib\ext\jmeter-plugins-manager-1.10.jar with filter ExtendsClassFilter [parents=[interface org.apache.jmeter.functions.Function], inner=false, contains=null, notContains=null]. Consider exposing JMeter plugins via META-INF/services, and add JMeter-Skip-Class-Scanning=true manifest attribute so JMeter can skip classfile scanning
2024-11-25 20:16:40,134 INFO o.a.j.JMeter: Running test (1732583800134)
2024-11-25 20:16:40,427 INFO o.a.j.e.StandardJMeterEngine: Starting ThreadGroup: 1 : Thread Group
2024-11-25 20:16:40,427 INFO o.a.j.e.StandardJMeterEngine: Starting 200 threads for group Thread Group.
2024-11-25 20:16:40,427 INFO o.a.j.e.StandardJMeterEngine: Thread will continue on error
2024-11-25 20:16:40,428 INFO o.a.j.t.ThreadGroup: Starting thread group... number=1 threads=200 ramp-up=10 delayedStart=false
2024-11-25 20:16:40,666 INFO o.a.j.t.JMeterThread: Thread started: Thread Group 1-5
2024-11-25 20:16:40,717 INFO o.a.j.t.JMeterThread: Thread started: Thread Group 1-6
2024-11-25 20:16:40,724 INFO o.a.j.t.JMeterThread: Thread started: Thread Group 1-1
2024-11-25 20:16:40,787 INFO o.a.j.t.JMeterThread: Thread started: Thread Group 1-2
2024-11-25 20:16:40,836 INFO o.a.j.t.JMeterThread: Thread started: Thread Group 1-7
2024-11-25 20:16:41,012 INFO o.a.j.t.JMeterThread: Thread started: Thread Group 1-8
2024-11-25 20:16:41,070 INFO o.a.j.t.JMeterThread: Thread started: Thread Group 1-13
2024-11-25 20:16:41,084 INFO o.a.j.t.ThreadGroup: Started thread group number 1
2024-11-25 20:16:41,084 INFO o.a.j.e.StandardJMeterEngine: All thread groups have been started
2024-11-25 20:16:41,105 INFO o.a.j.t.JMeterThread: Thread started: Thread Group 1-14
2024-11-25 20:16:41,212 INFO o.a.j.t.JMeterThread: Thread started: Thread Group 1-9
2024-11-25 20:16:41,226 INFO o.a.j.t.JMeterThread: Thread started: Thread Group 1-15
2024-11-25 20:16:41,276 INFO o.a.j.t.JMeterThread: Thread started: Thread Group 1-16
2024-11-25 20:16:41,723 INFO o.a.j.t.JMeterThread: Thread started: Thread Group 1-3
2024-11-25 20:16:41,217 INFO o.a.j.t.JMeterThread: Thread started: Thread Group 1-10
2024-11-25 20:16:41,453 INFO o.a.j.t.JMeterThread: Thread started: Thread Group 1-21
2024-11-25 20:16:41,609 INFO o.a.j.t.JMeterThread: Thread started: Thread Group 1-18
2024-11-25 20:16:41,676 INFO o.a.j.t.JMeterThread: Thread started: Thread Group 1-24
2024-11-25 20:16:42,061 INFO o.a.j.t.JMeterThread: Thread started: Thread Group 1-23
2024-11-25 20:16:41,812 INFO o.a.j.t.JMeterThread: Thread started: Thread Group 1-4
2024-11-25 20:16:41,865 INFO o.a.j.t.JMeterThread: Thread started: Thread Group 1-29
2024-11-25 20:16:42,061 INFO o.a.j.t.JMeterThread: Thread started: Thread Group 1-28
2024-11-25 20:16:42,060 INFO o.a.j.t.JMeterThread: Thread started: Thread Group 1-22
2024-11-25 20:16:42,027 INFO o.a.j.t.JMeterThread: Thread started: Thread Group 1-31
2024-11-25 20:16:42,066 INFO o.a.j.t.JMeterThread: Thread started: Thread Group 1-17
2024-11-25 20:16:41,966 INFO o.a.j.t.JMeterThread: Thread started: Thread Group 1-26
2024-11-25 20:16:41,978 INFO o.a.j.t.JMeterThread: Thread started: Thread Group 1-30
2024-11-25 20:16:42,062 INFO o.a.j.t.JMeterThread: Thread started: Thread Group 1-25
2024-11-25 20:16:42,081 INFO o.a.j.p.h.s.HTTPHCAbstractImpl: Local host = OlijebwaPC
2024-11-25 20:16:42,089 INFO o.a.j.p.h.s.HTTPHC4Impl: HTTP request retry count = 0
2024-11-25 20:16:42,091 INFO o.a.j.s.SampleResult: Note: Sample TimeStamps are START times
2024-11-25 20:16:42,091 INFO o.a.j.s.SampleResult: sampleresult.default.encoding is set to UTF-8
2024-11-25 20:16:42,092 INFO o.a.j.s.SampleResult: sampleresult.useNanoTime=true
2024-11-25 20:16:42,092 INFO o.a.j.s.SampleResult: sampleresult.nanoThreadSleep=5000
2024-11-25 20:16:42,200 INFO o.a.j.t.JMeterThread: Thread started: Thread Group 1-36
2024-11-25 20:16:42,267 INFO o.a.j.t.JMeterThread: Thread started: Thread Group 1-32
2024-11-25 20:16:42,267 INFO o.a.j.t.JMeterThread: Thread started: Thread Group 1-37
2024-11-25 20:16:42,269 INFO o.a.j.t.JMeterThread: Thread started: Thread Group 1-11
2024-11-25 20:16:42,308 INFO o.a.j.t.JMeterThread: Thread started: Thread Group 1-12
2024-11-25 20:16:42,321 INFO o.a.j.t.JMeterThread: Thread started: Thread Group 1-33
2024-11-25 20:16:42,375 INFO o.a.j.t.JMeterThread: Thread started: Thread Group 1-38
2024-11-25 20:16:42,455 INFO o.a.j.p.h.p.BaseParser: Created org.apache.jmeter.protocol.http.parser.LagartoBasedHtmlParser
2024-11-25 20:16:42,455 INFO o.a.j.p.h.p.BaseParser: Created org.apache.jmeter.protocol.http.parser.LagartoBasedHtmlParser
2024-11-25 20:16:42,455 INFO o.a.j.p.h.p.BaseParser: Created org.apache.jmeter.protocol.http.parser.LagartoBasedHtmlParser
2024-11-25 20:16:42,455 INFO o.a.j.p.h.p.BaseParser: Created org.apache.jmeter.protocol.http.parser.LagartoBasedHtmlParser
2024-11-25 20:16:42,455 INFO o.a.j.p.h.p.BaseParser: Created org.apache.jmeter.protocol.http.parser.LagartoBasedHtmlParser
2024-11-25 20:16:42,437 INFO o.a.j.t.JMeterThread: Thread started: Thread Group 1-39
2024-11-25 20:16:42,499 INFO o.a.j.p.h.s.ResourcesDownloader: Creating ResourcesDownloader with keepalive_inseconds : 60
2024-11-25 20:16:42,546 INFO o.a.j.p.h.s.h.LazyLayeredConnectionSocketFactory: Setting up HTTPS TrustAll Socket Factory
2024-11-25 20:16:42,553 INFO o.a.j.u.JsseSSLManager: Using default SSL protocol: TLS
2024-11-25 20:16:42,554 INFO o.a.j.u.JsseSSLManager: SSL session context: per-thread
2024-11-25 20:16:42,620 INFO o.a.j.t.JMeterThread: Thread started: Thread Group 1-20
2024-11-25 20:16:42,645 INFO o.a.j.t.JMeterThread: Thread started: Thread Group 1-44
2024-11-25 20:16:42,686 INFO o.a.j.t.JMeterThread: Thread started: Thread Group 1-45
2024-11-25 20:16:42,782 INFO o.a.j.t.JMeterThread: Thread started: Thread Group 1-40
2024-11-25 20:16:42,812 INFO o.a.j.t.JMeterThread: Thread started: Thread Group 1-46
2024-11-25 20:16:42,839 INFO o.a.j.t.JMeterThread: Thread started: Thread Group 1-41
2024-11-25 20:16:42,901 INFO o.a.j.t.JMeterThread: Thread started: Thread Group 1-50
2024-11-25 20:16:42,944 INFO o.a.j.t.JMeterThread: Thread started: Thread Group 1-51
2024-11-25 20:16:43,022 INFO o.a.j.t.JMeterThread: Thread started: Thread Group 1-47
2024-11-25 20:16:43,033 INFO o.a.j.t.JMeterThread: Thread started: Thread Group 1-19
2024-11-25 20:16:43,097 INFO o.a.j.t.JMeterThread: Thread started: Thread Group 1-52
2024-11-25 20:16:43,137 INFO o.a.j.t.JMeterThread: Thread started: Thread Group 1-53
2024-11-25 20:16:43,181 INFO o.a.j.u.SSLManager: JmeterKeyStore Location:  type JKS
2024-11-25 20:16:43,186 INFO o.a.j.u.SSLManager: KeyStore created OK
2024-11-25 20:16:43,186 WARN o.a.j.u.SSLManager: Keystore file not found, loading empty keystore
2024-11-25 20:16:43,214 INFO o.a.j.t.JMeterThread: Thread started: Thread Group 1-34
2024-11-25 20:16:43,262 INFO o.a.j.t.JMeterThread: Thread started: Thread Group 1-35
2024-11-25 20:16:43,296 INFO o.a.j.t.JMeterThread: Thread started: Thread Group 1-58
2024-11-25 20:16:43,343 INFO o.a.j.t.JMeterThread: Thread started: Thread Group 1-59
2024-11-25 20:16:43,404 INFO o.a.j.t.JMeterThread: Thread started: Thread Group 1-54
2024-11-25 20:16:43,409 INFO o.a.j.t.JMeterThread: Thread started: Thread Group 1-55
2024-11-25 20:16:43,484 INFO o.a.j.t.JMeterThread: Thread started: Thread Group 1-60
2024-11-25 20:16:43,570 INFO o.a.j.t.JMeterThread: Thread started: Thread Group 1-61
2024-11-25 20:16:43,664 INFO o.a.j.t.JMeterThread: Thread started: Thread Group 1-27
2024-11-25 20:16:43,719 INFO o.a.j.t.JMeterThread: Thread started: Thread Group 1-42
2024-11-25 20:16:43,754 INFO o.a.j.t.JMeterThread: Thread started: Thread Group 1-43
2024-11-25 20:16:43,766 INFO o.a.j.t.JMeterThread: Thread started: Thread Group 1-62
2024-11-25 20:16:43,801 INFO o.a.j.t.JMeterThread: Thread started: Thread Group 1-66
2024-11-25 20:16:43,812 INFO o.a.j.t.JMeterThread: Thread started: Thread Group 1-63
2024-11-25 20:16:43,825 INFO o.a.j.t.JMeterThread: Thread started: Thread Group 1-67
2024-11-25 20:16:43,894 INFO o.a.j.t.JMeterThread: Thread started: Thread Group 1-68
2024-11-25 20:16:43,947 INFO o.a.j.t.JMeterThread: Thread started: Thread Group 1-69
2024-11-25 20:16:43,978 INFO o.a.j.t.JMeterThread: Thread started: Thread Group 1-48
2024-11-25 20:16:43,998 INFO o.a.j.t.JMeterThread: Thread started: Thread Group 1-49
2024-11-25 20:16:44,094 INFO o.a.j.t.JMeterThread: Thread started: Thread Group 1-74
2024-11-25 20:16:44,143 INFO o.a.j.t.JMeterThread: Thread started: Thread Group 1-75
2024-11-25 20:16:44,368 INFO o.a.j.t.JMeterThread: Thread started: Thread Group 1-71
2024-11-25 20:16:44,368 INFO o.a.j.t.JMeterThread: Thread started: Thread Group 1-76
2024-11-25 20:16:44,224 INFO o.a.j.t.JMeterThread: Thread started: Thread Group 1-70
2024-11-25 20:16:44,376 INFO o.a.j.t.JMeterThread: Thread started: Thread Group 1-77
2024-11-25 20:16:44,409 INFO o.a.j.t.JMeterThread: Thread started: Thread Group 1-57
2024-11-25 20:16:44,509 INFO o.a.j.t.JMeterThread: Thread started: Thread Group 1-82
2024-11-25 20:16:44,540 INFO o.a.j.t.JMeterThread: Thread started: Thread Group 1-83
2024-11-25 20:16:44,553 INFO o.a.j.t.JMeterThread: Thread started: Thread Group 1-78
2024-11-25 20:16:44,567 INFO o.a.j.t.JMeterThread: Thread started: Thread Group 1-64
2024-11-25 20:16:44,591 INFO o.a.j.t.JMeterThread: Thread started: Thread Group 1-65
2024-11-25 20:16:44,647 INFO o.a.j.t.JMeterThread: Thread started: Thread Group 1-79
2024-11-25 20:16:44,694 INFO o.a.j.t.JMeterThread: Thread started: Thread Group 1-84
2024-11-25 20:16:44,793 INFO o.a.j.t.JMeterThread: Thread started: Thread Group 1-85
2024-11-25 20:16:44,887 INFO o.a.j.t.JMeterThread: Thread started: Thread Group 1-56
2024-11-25 20:16:44,890 INFO o.a.j.t.JMeterThread: Thread started: Thread Group 1-90
2024-11-25 20:16:44,937 INFO o.a.j.t.JMeterThread: Thread started: Thread Group 1-91
2024-11-25 20:16:45,050 INFO o.a.j.t.JMeterThread: Thread started: Thread Group 1-87
2024-11-25 20:16:45,050 INFO o.a.j.t.JMeterThread: Thread started: Thread Group 1-86
2024-11-25 20:16:45,087 INFO o.a.j.t.JMeterThread: Thread started: Thread Group 1-92
2024-11-25 20:16:45,135 INFO o.a.j.t.JMeterThread: Thread started: Thread Group 1-72
2024-11-25 20:16:45,154 INFO o.a.j.t.JMeterThread: Thread started: Thread Group 1-93
2024-11-25 20:16:45,216 INFO o.a.j.t.JMeterThread: Thread started: Thread Group 1-73
2024-11-25 20:16:45,396 INFO o.a.j.t.JMeterThread: Thread started: Thread Group 1-98
2024-11-25 20:16:45,400 INFO o.a.j.t.JMeterThread: Thread started: Thread Group 1-99
2024-11-25 20:16:45,405 INFO o.a.j.t.JMeterThread: Thread started: Thread Group 1-94
2024-11-25 20:16:45,424 INFO o.a.j.t.JMeterThread: Thread started: Thread Group 1-95
2024-11-25 20:16:45,463 INFO o.a.j.t.JMeterThread: Thread started: Thread Group 1-80
2024-11-25 20:16:45,475 INFO o.a.j.t.JMeterThread: Thread started: Thread Group 1-81
2024-11-25 20:16:45,502 INFO o.a.j.t.JMeterThread: Thread started: Thread Group 1-100
2024-11-25 20:16:45,551 INFO o.a.j.t.JMeterThread: Thread started: Thread Group 1-101
2024-11-25 20:16:45,679 INFO o.a.j.t.JMeterThread: Thread started: Thread Group 1-106
2024-11-25 20:16:45,749 INFO o.a.j.t.JMeterThread: Thread started: Thread Group 1-102
2024-11-25 20:16:45,783 INFO o.a.j.t.JMeterThread: Thread started: Thread Group 1-88
2024-11-25 20:16:45,798 INFO o.a.j.t.JMeterThread: Thread started: Thread Group 1-103
2024-11-25 20:16:45,825 INFO o.a.j.t.JMeterThread: Thread started: Thread Group 1-89
2024-11-25 20:16:45,842 INFO o.a.j.t.JMeterThread: Thread started: Thread Group 1-107
2024-11-25 20:16:45,886 INFO o.a.j.t.JMeterThread: Thread started: Thread Group 1-108
2024-11-25 20:16:46,080 INFO o.a.j.t.JMeterThread: Thread started: Thread Group 1-113
2024-11-25 20:16:46,096 INFO o.a.j.t.JMeterThread: Thread started: Thread Group 1-109
2024-11-25 20:16:46,096 INFO o.a.j.t.JMeterThread: Thread started: Thread Group 1-114
2024-11-25 20:16:46,157 INFO o.a.j.t.JMeterThread: Thread started: Thread Group 1-110
2024-11-25 20:16:46,264 INFO o.a.j.t.JMeterThread: Thread started: Thread Group 1-115
2024-11-25 20:16:46,290 INFO o.a.j.t.JMeterThread: Thread started: Thread Group 1-116
2024-11-25 20:16:46,308 INFO o.a.j.t.JMeterThread: Thread started: Thread Group 1-96
2024-11-25 20:16:46,320 INFO o.a.j.t.JMeterThread: Thread started: Thread Group 1-97
2024-11-25 20:16:46,522 INFO o.a.j.t.JMeterThread: Thread started: Thread Group 1-117
2024-11-25 20:16:46,547 INFO o.a.j.t.JMeterThread: Thread started: Thread Group 1-118
2024-11-25 20:16:46,555 INFO o.a.j.t.JMeterThread: Thread started: Thread Group 1-104
2024-11-25 20:16:46,776 INFO o.a.j.t.JMeterThread: Thread started: Thread Group 1-121
2024-11-25 20:16:46,941 INFO o.a.j.t.JMeterThread: Thread started: Thread Group 1-112
2024-11-25 20:16:47,159 INFO o.a.j.t.JMeterThread: Thread started: Thread Group 1-125
2024-11-25 20:16:47,265 INFO o.a.j.t.JMeterThread: Thread started: Thread Group 1-126
2024-11-25 20:16:47,378 INFO o.a.j.t.JMeterThread: Thread started: Thread Group 1-105
2024-11-25 20:16:47,492 INFO o.a.j.t.JMeterThread: Thread started: Thread Group 1-122
2024-11-25 20:16:47,539 INFO o.a.j.t.JMeterThread: Thread started: Thread Group 1-123
2024-11-25 20:16:47,937 INFO o.a.j.t.JMeterThread: Thread started: Thread Group 1-129
2024-11-25 20:16:47,938 INFO o.a.j.t.JMeterThread: Thread started: Thread Group 1-130
2024-11-25 20:16:47,939 INFO o.a.j.t.JMeterThread: Thread started: Thread Group 1-138
2024-11-25 20:16:47,939 INFO o.a.j.t.JMeterThread: Thread started: Thread Group 1-124
2024-11-25 20:16:47,940 INFO o.a.j.t.JMeterThread: Thread started: Thread Group 1-111
2024-11-25 20:16:47,940 INFO o.a.j.t.JMeterThread: Thread started: Thread Group 1-127
2024-11-25 20:16:47,943 INFO o.a.j.t.JMeterThread: Thread started: Thread Group 1-131
2024-11-25 20:16:47,943 INFO o.a.j.t.JMeterThread: Thread started: Thread Group 1-120
2024-11-25 20:16:47,940 INFO o.a.j.t.JMeterThread: Thread started: Thread Group 1-128
2024-11-25 20:16:47,947 INFO o.a.j.t.JMeterThread: Thread started: Thread Group 1-119
2024-11-25 20:16:47,985 INFO o.a.j.t.JMeterThread: Thread started: Thread Group 1-132
2024-11-25 20:16:48,044 INFO o.a.j.t.JMeterThread: Thread started: Thread Group 1-145
2024-11-25 20:16:48,062 INFO o.a.j.t.JMeterThread: Thread started: Thread Group 1-133
2024-11-25 20:16:48,080 INFO o.a.j.t.JMeterThread: Thread started: Thread Group 1-134
2024-11-25 20:16:48,089 INFO o.a.j.t.JMeterThread: Thread started: Thread Group 1-146
2024-11-25 20:16:48,250 INFO o.a.j.t.JMeterThread: Thread started: Thread Group 1-137
2024-11-25 20:16:48,310 INFO o.a.j.t.JMeterThread: Thread started: Thread Group 1-148
2024-11-25 20:16:48,337 INFO o.a.j.t.JMeterThread: Thread started: Thread Group 1-135
2024-11-25 20:16:48,352 INFO o.a.j.t.JMeterThread: Thread started: Thread Group 1-139
2024-11-25 20:16:48,396 INFO o.a.j.t.JMeterThread: Thread started: Thread Group 1-140
2024-11-25 20:16:48,446 INFO o.a.j.t.JMeterThread: Thread started: Thread Group 1-141
2024-11-25 20:16:48,504 INFO o.a.j.t.JMeterThread: Thread started: Thread Group 1-136
2024-11-25 20:16:48,520 INFO o.a.j.t.JMeterThread: Thread started: Thread Group 1-142
2024-11-25 20:16:48,524 INFO o.a.j.t.JMeterThread: Thread started: Thread Group 1-154
2024-11-25 20:16:49,147 INFO o.a.j.t.JMeterThread: Thread started: Thread Group 1-147
2024-11-25 20:16:49,164 INFO o.a.j.t.JMeterThread: Thread started: Thread Group 1-149
2024-11-25 20:16:49,165 INFO o.a.j.t.JMeterThread: Thread started: Thread Group 1-150
2024-11-25 20:16:49,168 INFO o.a.j.t.JMeterThread: Thread started: Thread Group 1-155
2024-11-25 20:16:49,178 INFO o.a.j.t.JMeterThread: Thread started: Thread Group 1-153
2024-11-25 20:16:49,178 INFO o.a.j.t.JMeterThread: Thread started: Thread Group 1-162
2024-11-25 20:16:49,194 INFO o.a.j.t.JMeterThread: Thread started: Thread Group 1-156
2024-11-25 20:16:49,195 INFO o.a.j.t.JMeterThread: Thread started: Thread Group 1-144
2024-11-25 20:16:49,198 INFO o.a.j.t.JMeterThread: Thread started: Thread Group 1-143
2024-11-25 20:16:49,217 INFO o.a.j.t.JMeterThread: Thread started: Thread Group 1-151
2024-11-25 20:16:49,217 INFO o.a.j.t.JMeterThread: Thread started: Thread Group 1-152
2024-11-25 20:16:49,223 INFO o.a.j.t.JMeterThread: Thread started: Thread Group 1-157
2024-11-25 20:16:49,240 INFO o.a.j.p.h.p.BaseParser: Created org.apache.jmeter.protocol.http.parser.CssParser
2024-11-25 20:16:49,240 INFO o.a.j.p.h.p.BaseParser: Created org.apache.jmeter.protocol.http.parser.CssParser
2024-11-25 20:16:49,243 INFO o.a.j.p.h.p.BaseParser: Created org.apache.jmeter.protocol.http.parser.CssParser
2024-11-25 20:16:49,253 INFO o.a.j.p.h.p.BaseParser: Created org.apache.jmeter.protocol.http.parser.CssParser
2024-11-25 20:16:49,253 INFO o.a.j.p.h.p.BaseParser: Created org.apache.jmeter.protocol.http.parser.CssParser
2024-11-25 20:16:49,254 INFO o.a.j.p.h.p.BaseParser: Created org.apache.jmeter.protocol.http.parser.CssParser
2024-11-25 20:16:49,255 INFO o.a.j.p.h.p.BaseParser: Created org.apache.jmeter.protocol.http.parser.CssParser
2024-11-25 20:16:49,257 INFO o.a.j.p.h.p.BaseParser: Created org.apache.jmeter.protocol.http.parser.CssParser
2024-11-25 20:16:49,257 INFO o.a.j.p.h.p.BaseParser: Created org.apache.jmeter.protocol.http.parser.CssParser
2024-11-25 20:16:49,258 INFO o.a.j.p.h.p.BaseParser: Created org.apache.jmeter.protocol.http.parser.CssParser
2024-11-25 20:16:49,258 INFO o.a.j.p.h.p.BaseParser: Created org.apache.jmeter.protocol.http.parser.CssParser
2024-11-25 20:16:49,276 INFO o.a.j.p.h.p.BaseParser: Created org.apache.jmeter.protocol.http.parser.CssParser
2024-11-25 20:16:49,278 INFO o.a.j.p.h.p.BaseParser: Created org.apache.jmeter.protocol.http.parser.CssParser
2024-11-25 20:16:49,284 INFO o.a.j.p.h.p.BaseParser: Created org.apache.jmeter.protocol.http.parser.CssParser
2024-11-25 20:16:49,257 INFO o.a.j.p.h.p.BaseParser: Created org.apache.jmeter.protocol.http.parser.CssParser
2024-11-25 20:16:49,285 INFO o.a.j.p.h.p.BaseParser: Created org.apache.jmeter.protocol.http.parser.CssParser
2024-11-25 20:16:49,285 INFO o.a.j.p.h.p.BaseParser: Created org.apache.jmeter.protocol.http.parser.CssParser
2024-11-25 20:16:49,285 INFO o.a.j.p.h.p.BaseParser: Created org.apache.jmeter.protocol.http.parser.CssParser
2024-11-25 20:16:49,285 INFO o.a.j.p.h.p.BaseParser: Created org.apache.jmeter.protocol.http.parser.CssParser
2024-11-25 20:16:49,285 INFO o.a.j.p.h.p.BaseParser: Created org.apache.jmeter.protocol.http.parser.CssParser
2024-11-25 20:16:49,285 INFO o.a.j.p.h.p.BaseParser: Created org.apache.jmeter.protocol.http.parser.CssParser
2024-11-25 20:16:49,286 INFO o.a.j.p.h.p.BaseParser: Created org.apache.jmeter.protocol.http.parser.CssParser
2024-11-25 20:16:49,286 INFO o.a.j.p.h.p.BaseParser: Created org.apache.jmeter.protocol.http.parser.CssParser
2024-11-25 20:16:49,285 INFO o.a.j.p.h.p.BaseParser: Created org.apache.jmeter.protocol.http.parser.CssParser
2024-11-25 20:16:49,285 INFO o.a.j.p.h.p.BaseParser: Created org.apache.jmeter.protocol.http.parser.CssParser
2024-11-25 20:16:49,286 INFO o.a.j.p.h.p.BaseParser: Created org.apache.jmeter.protocol.http.parser.CssParser
2024-11-25 20:16:49,286 INFO o.a.j.p.h.p.BaseParser: Created org.apache.jmeter.protocol.http.parser.CssParser
2024-11-25 20:16:49,286 INFO o.a.j.p.h.p.BaseParser: Created org.apache.jmeter.protocol.http.parser.CssParser
2024-11-25 20:16:49,286 INFO o.a.j.p.h.p.BaseParser: Created org.apache.jmeter.protocol.http.parser.CssParser
2024-11-25 20:16:49,287 INFO o.a.j.p.h.p.BaseParser: Created org.apache.jmeter.protocol.http.parser.CssParser
2024-11-25 20:16:49,288 INFO o.a.j.p.h.p.BaseParser: Created org.apache.jmeter.protocol.http.parser.CssParser
2024-11-25 20:16:49,285 INFO o.a.j.p.h.p.BaseParser: Created org.apache.jmeter.protocol.http.parser.CssParser
2024-11-25 20:16:49,285 INFO o.a.j.t.JMeterThread: Thread started: Thread Group 1-158
2024-11-25 20:16:49,285 INFO o.a.j.p.h.p.BaseParser: Created org.apache.jmeter.protocol.http.parser.CssParser
2024-11-25 20:16:49,285 INFO o.a.j.p.h.p.BaseParser: Created org.apache.jmeter.protocol.http.parser.CssParser
2024-11-25 20:16:49,459 INFO o.a.j.p.h.p.BaseParser: Created org.apache.jmeter.protocol.http.parser.CssParser
2024-11-25 20:16:49,547 INFO o.a.j.t.JMeterThread: Thread started: Thread Group 1-161
2024-11-25 20:16:49,548 INFO o.a.j.p.h.p.BaseParser: Created org.apache.jmeter.protocol.http.parser.CssParser
2024-11-25 20:16:49,547 INFO o.a.j.p.h.p.BaseParser: Created org.apache.jmeter.protocol.http.parser.CssParser
2024-11-25 20:16:49,548 INFO o.a.j.p.h.p.BaseParser: Created org.apache.jmeter.protocol.http.parser.CssParser
2024-11-25 20:16:49,548 INFO o.a.j.p.h.p.BaseParser: Created org.apache.jmeter.protocol.http.parser.CssParser
2024-11-25 20:16:49,550 INFO o.a.j.p.h.p.BaseParser: Created org.apache.jmeter.protocol.http.parser.CssParser
2024-11-25 20:16:49,555 INFO o.a.j.t.JMeterThread: Thread started: Thread Group 1-170
2024-11-25 20:16:49,571 INFO o.a.j.t.JMeterThread: Thread started: Thread Group 1-163
2024-11-25 20:16:49,574 INFO o.a.j.t.JMeterThread: Thread started: Thread Group 1-164
2024-11-25 20:16:49,583 INFO o.a.j.t.JMeterThread: Thread started: Thread Group 1-159
2024-11-25 20:16:49,589 INFO o.a.j.t.JMeterThread: Thread started: Thread Group 1-160
2024-11-25 20:16:49,627 INFO o.a.j.t.JMeterThread: Thread started: Thread Group 1-165
2024-11-25 20:16:49,753 INFO o.a.j.t.JMeterThread: Thread started: Thread Group 1-166
2024-11-25 20:16:49,787 INFO o.a.j.t.JMeterThread: Thread started: Thread Group 1-168
2024-11-25 20:16:49,789 INFO o.a.j.t.JMeterThread: Thread started: Thread Group 1-167
2024-11-25 20:16:49,831 INFO o.a.j.t.JMeterThread: Thread started: Thread Group 1-169
2024-11-25 20:16:49,925 INFO o.a.j.t.JMeterThread: Thread started: Thread Group 1-171
2024-11-25 20:16:49,971 INFO o.a.j.t.JMeterThread: Thread started: Thread Group 1-172
2024-11-25 20:16:50,028 INFO o.a.j.t.JMeterThread: Thread started: Thread Group 1-185
2024-11-25 20:16:50,029 INFO o.a.j.t.JMeterThread: Thread started: Thread Group 1-173
2024-11-25 20:16:50,069 INFO o.a.j.t.JMeterThread: Thread started: Thread Group 1-174
2024-11-25 20:16:50,119 INFO o.a.j.t.JMeterThread: Thread started: Thread Group 1-175
2024-11-25 20:16:50,186 INFO o.a.j.t.JMeterThread: Thread started: Thread Group 1-176
2024-11-25 20:16:50,266 INFO o.a.j.t.JMeterThread: Thread started: Thread Group 1-178
2024-11-25 20:16:50,302 INFO o.a.j.t.JMeterThread: Thread started: Thread Group 1-177
2024-11-25 20:16:50,321 INFO o.a.j.t.JMeterThread: Thread started: Thread Group 1-179
2024-11-25 20:16:50,369 INFO o.a.j.t.JMeterThread: Thread started: Thread Group 1-180
2024-11-25 20:16:50,434 INFO o.a.j.t.JMeterThread: Thread started: Thread Group 1-192
2024-11-25 20:16:50,450 INFO o.a.j.t.JMeterThread: Thread started: Thread Group 1-181
2024-11-25 20:16:50,451 WARN c.h.c.r.e.LoggingCSSParseErrorHandler: Browser compliant mode skipped CSS from [5:53250] starting at token ' ' until [5:53251] to token ';' (based on com.helger.css.parser.ParseException: Encountered unexpected token: ";" ";"
    at line 5, column 53251.

Was expecting one of:

    "+"
    "-"
    "["
    "and"
    "expression("
    "from"
    "inherit"
    "not"
    "only"
    "or"
    "to"
    <ANGLE_DEG>
    <ANGLE_GRAD>
    <ANGLE_RAD>
    <ANGLE_TURN>
    <CH>
    <DPCM>
    <DPI>
    <DPPX>
    <EM>
    <EX>
    <FR>
    <FREQ_HZ>
    <FREQ_KHZ>
    <FUNCTION>
    <FUNCTION_CALC>
    <HASH>
    <IDENT>
    <LENGTH_CM>
    <LENGTH_IN>
    <LENGTH_MM>
    <LENGTH_PC>
    <LENGTH_PT>
    <LENGTH_Q>
    <NUMBER>
    <PERCENTAGE>
    <PX>
    <REM>
    <S>
    <STRING1>
    <STRING2>
    <TIME_MS>
    <TIME_S>
    <URANGE>
    <URL>
    <VH>
    <VMAX>
    <VMIN>
    <VW>
)
2024-11-25 20:16:50,468 WARN c.h.c.r.e.LoggingCSSParseErrorHandler: Browser compliant mode skipped CSS from [5:70708] starting at token ' ' until [5:70709] to token ';' (based on com.helger.css.parser.ParseException: Encountered unexpected token: ";" ";"
    at line 5, column 70709.

Was expecting one of:

    "+"
    "-"
    "["
    "and"
    "expression("
    "from"
    "inherit"
    "not"
    "only"
    "or"
    "to"
    <ANGLE_DEG>
    <ANGLE_GRAD>
    <ANGLE_RAD>
    <ANGLE_TURN>
    <CH>
    <DPCM>
    <DPI>
    <DPPX>
    <EM>
    <EX>
    <FR>
    <FREQ_HZ>
    <FREQ_KHZ>
    <FUNCTION>
    <FUNCTION_CALC>
    <HASH>
    <IDENT>
    <LENGTH_CM>
    <LENGTH_IN>
    <LENGTH_MM>
    <LENGTH_PC>
    <LENGTH_PT>
    <LENGTH_Q>
    <NUMBER>
    <PERCENTAGE>
    <PX>
    <REM>
    <S>
    <STRING1>
    <STRING2>
    <TIME_MS>
    <TIME_S>
    <URANGE>
    <URL>
    <VH>
    <VMAX>
    <VMIN>
    <VW>
)
2024-11-25 20:16:50,471 WARN c.h.c.r.e.LoggingCSSParseErrorHandler: Browser compliant mode skipped CSS from [5:73407] starting at token ' ' until [5:73408] to token ';' (based on com.helger.css.parser.ParseException: Encountered unexpected token: ";" ";"
    at line 5, column 73408.

Was expecting one of:

    "+"
    "-"
    "["
    "and"
    "expression("
    "from"
    "inherit"
    "not"
    "only"
    "or"
    "to"
    <ANGLE_DEG>
    <ANGLE_GRAD>
    <ANGLE_RAD>
    <ANGLE_TURN>
    <CH>
    <DPCM>
    <DPI>
    <DPPX>
    <EM>
    <EX>
    <FR>
    <FREQ_HZ>
    <FREQ_KHZ>
    <FUNCTION>
    <FUNCTION_CALC>
    <HASH>
    <IDENT>
    <LENGTH_CM>
    <LENGTH_IN>
    <LENGTH_MM>
    <LENGTH_PC>
    <LENGTH_PT>
    <LENGTH_Q>
    <NUMBER>
    <PERCENTAGE>
    <PX>
    <REM>
    <S>
    <STRING1>
    <STRING2>
    <TIME_MS>
    <TIME_S>
    <URANGE>
    <URL>
    <VH>
    <VMAX>
    <VMIN>
    <VW>
)
2024-11-25 20:16:50,475 WARN c.h.c.r.e.LoggingCSSParseErrorHandler: Browser compliant mode skipped CSS from [5:79112] starting at token ' ' until [5:79113] to token ';' (based on com.helger.css.parser.ParseException: Encountered unexpected token: ";" ";"
    at line 5, column 79113.

Was expecting one of:

    "+"
    "-"
    "["
    "and"
    "expression("
    "from"
    "inherit"
    "not"
    "only"
    "or"
    "to"
    <ANGLE_DEG>
    <ANGLE_GRAD>
    <ANGLE_RAD>
    <ANGLE_TURN>
    <CH>
    <DPCM>
    <DPI>
    <DPPX>
    <EM>
    <EX>
    <FR>
    <FREQ_HZ>
    <FREQ_KHZ>
    <FUNCTION>
    <FUNCTION_CALC>
    <HASH>
    <IDENT>
    <LENGTH_CM>
    <LENGTH_IN>
    <LENGTH_MM>
    <LENGTH_PC>
    <LENGTH_PT>
    <LENGTH_Q>
    <NUMBER>
    <PERCENTAGE>
    <PX>
    <REM>
    <S>
    <STRING1>
    <STRING2>
    <TIME_MS>
    <TIME_S>
    <URANGE>
    <URL>
    <VH>
    <VMAX>
    <VMIN>
    <VW>
)
2024-11-25 20:16:50,490 WARN c.h.c.r.e.LoggingCSSParseErrorHandler: Browser compliant mode skipped CSS from [5:87095] starting at token ' ' until [5:87096] to token ';' (based on com.helger.css.parser.ParseException: Encountered unexpected token: ";" ";"
    at line 5, column 87096.

Was expecting one of:

    "+"
    "-"
    "["
    "and"
    "expression("
    "from"
    "inherit"
    "not"
    "only"
    "or"
    "to"
    <ANGLE_DEG>
    <ANGLE_GRAD>
    <ANGLE_RAD>
    <ANGLE_TURN>
    <CH>
    <DPCM>
    <DPI>
    <DPPX>
    <EM>
    <EX>
    <FR>
    <FREQ_HZ>
    <FREQ_KHZ>
    <FUNCTION>
    <FUNCTION_CALC>
    <HASH>
    <IDENT>
    <LENGTH_CM>
    <LENGTH_IN>
    <LENGTH_MM>
    <LENGTH_PC>
    <LENGTH_PT>
    <LENGTH_Q>
    <NUMBER>
    <PERCENTAGE>
    <PX>
    <REM>
    <S>
    <STRING1>
    <STRING2>
    <TIME_MS>
    <TIME_S>
    <URANGE>
    <URL>
    <VH>
    <VMAX>
    <VMIN>
    <VW>
)
2024-11-25 20:16:50,490 WARN c.h.c.r.e.LoggingCSSParseErrorHandler: Browser compliant mode skipped CSS from [5:87122] starting at token ' ' until [5:87123] to token ';' (based on com.helger.css.parser.ParseException: Encountered unexpected token: ";" ";"
    at line 5, column 87123.

Was expecting one of:

    "+"
    "-"
    "["
    "and"
    "expression("
    "from"
    "inherit"
    "not"
    "only"
    "or"
    "to"
    <ANGLE_DEG>
    <ANGLE_GRAD>
    <ANGLE_RAD>
    <ANGLE_TURN>
    <CH>
    <DPCM>
    <DPI>
    <DPPX>
    <EM>
    <EX>
    <FR>
    <FREQ_HZ>
    <FREQ_KHZ>
    <FUNCTION>
    <FUNCTION_CALC>
    <HASH>
    <IDENT>
    <LENGTH_CM>
    <LENGTH_IN>
    <LENGTH_MM>
    <LENGTH_PC>
    <LENGTH_PT>
    <LENGTH_Q>
    <NUMBER>
    <PERCENTAGE>
    <PX>
    <REM>
    <S>
    <STRING1>
    <STRING2>
    <TIME_MS>
    <TIME_S>
    <URANGE>
    <URL>
    <VH>
    <VMAX>
    <VMIN>
    <VW>
)
2024-11-25 20:16:50,490 WARN c.h.c.r.e.LoggingCSSParseErrorHandler: Browser compliant mode skipped CSS from [5:87297] starting at token ' ' until [5:87298] to token ';' (based on com.helger.css.parser.ParseException: Encountered unexpected token: ";" ";"
    at line 5, column 87298.

Was expecting one of:

    "+"
    "-"
    "["
    "and"
    "expression("
    "from"
    "inherit"
    "not"
    "only"
    "or"
    "to"
    <ANGLE_DEG>
    <ANGLE_GRAD>
    <ANGLE_RAD>
    <ANGLE_TURN>
    <CH>
    <DPCM>
    <DPI>
    <DPPX>
    <EM>
    <EX>
    <FR>
    <FREQ_HZ>
    <FREQ_KHZ>
    <FUNCTION>
    <FUNCTION_CALC>
    <HASH>
    <IDENT>
    <LENGTH_CM>
    <LENGTH_IN>
    <LENGTH_MM>
    <LENGTH_PC>
    <LENGTH_PT>
    <LENGTH_Q>
    <NUMBER>
    <PERCENTAGE>
    <PX>
    <REM>
    <S>
    <STRING1>
    <STRING2>
    <TIME_MS>
    <TIME_S>
    <URANGE>
    <URL>
    <VH>
    <VMAX>
    <VMIN>
    <VW>
)
2024-11-25 20:16:50,491 WARN c.h.c.r.e.LoggingCSSParseErrorHandler: Browser compliant mode skipped CSS from [5:87520] starting at token ' ' until [5:87521] to token ';' (based on com.helger.css.parser.ParseException: Encountered unexpected token: ";" ";"
    at line 5, column 87521.

Was expecting one of:

    "+"
    "-"
    "["
    "and"
    "expression("
    "from"
    "inherit"
    "not"
    "only"
    "or"
    "to"
    <ANGLE_DEG>
    <ANGLE_GRAD>
    <ANGLE_RAD>
    <ANGLE_TURN>
    <CH>
    <DPCM>
    <DPI>
    <DPPX>
    <EM>
    <EX>
    <FR>
    <FREQ_HZ>
    <FREQ_KHZ>
    <FUNCTION>
    <FUNCTION_CALC>
    <HASH>
    <IDENT>
    <LENGTH_CM>
    <LENGTH_IN>
    <LENGTH_MM>
    <LENGTH_PC>
    <LENGTH_PT>
    <LENGTH_Q>
    <NUMBER>
    <PERCENTAGE>
    <PX>
    <REM>
    <S>
    <STRING1>
    <STRING2>
    <TIME_MS>
    <TIME_S>
    <URANGE>
    <URL>
    <VH>
    <VMAX>
    <VMIN>
    <VW>
)
2024-11-25 20:16:50,491 WARN c.h.c.r.e.LoggingCSSParseErrorHandler: Browser compliant mode skipped CSS from [5:87539] starting at token ' ' until [5:87540] to token ';' (based on com.helger.css.parser.ParseException: Encountered unexpected token: ";" ";"
    at line 5, column 87540.

Was expecting one of:

    "+"
    "-"
    "["
    "and"
    "expression("
    "from"
    "inherit"
    "not"
    "only"
    "or"
    "to"
    <ANGLE_DEG>
    <ANGLE_GRAD>
    <ANGLE_RAD>
    <ANGLE_TURN>
    <CH>
    <DPCM>
    <DPI>
    <DPPX>
    <EM>
    <EX>
    <FR>
    <FREQ_HZ>
    <FREQ_KHZ>
    <FUNCTION>
    <FUNCTION_CALC>
    <HASH>
    <IDENT>
    <LENGTH_CM>
    <LENGTH_IN>
    <LENGTH_MM>
    <LENGTH_PC>
    <LENGTH_PT>
    <LENGTH_Q>
    <NUMBER>
    <PERCENTAGE>
    <PX>
    <REM>
    <S>
    <STRING1>
    <STRING2>
    <TIME_MS>
    <TIME_S>
    <URANGE>
    <URL>
    <VH>
    <VMAX>
    <VMIN>
    <VW>
)
2024-11-25 20:16:50,491 WARN c.h.c.r.e.LoggingCSSParseErrorHandler: Browser compliant mode skipped CSS from [5:87557] starting at token ' ' until [5:87558] to token ';' (based on com.helger.css.parser.ParseException: Encountered unexpected token: ";" ";"
    at line 5, column 87558.

Was expecting one of:

    "+"
    "-"
    "["
    "and"
    "expression("
    "from"
    "inherit"
    "not"
    "only"
    "or"
    "to"
    <ANGLE_DEG>
    <ANGLE_GRAD>
    <ANGLE_RAD>
    <ANGLE_TURN>
    <CH>
    <DPCM>
    <DPI>
    <DPPX>
    <EM>
    <EX>
    <FR>
    <FREQ_HZ>
    <FREQ_KHZ>
    <FUNCTION>
    <FUNCTION_CALC>
    <HASH>
    <IDENT>
    <LENGTH_CM>
    <LENGTH_IN>
    <LENGTH_MM>
    <LENGTH_PC>
    <LENGTH_PT>
    <LENGTH_Q>
    <NUMBER>
    <PERCENTAGE>
    <PX>
    <REM>
    <S>
    <STRING1>
    <STRING2>
    <TIME_MS>
    <TIME_S>
    <URANGE>
    <URL>
    <VH>
    <VMAX>
    <VMIN>
    <VW>
)
2024-11-25 20:16:50,498 WARN c.h.c.r.e.LoggingCSSParseErrorHandler: Browser compliant mode skipped CSS from [5:96851] starting at token ' ' until [5:96852] to token ';' (based on com.helger.css.parser.ParseException: Encountered unexpected token: ";" ";"
    at line 5, column 96852.

Was expecting one of:

    "+"
    "-"
    "["
    "and"
    "expression("
    "from"
    "inherit"
    "not"
    "only"
    "or"
    "to"
    <ANGLE_DEG>
    <ANGLE_GRAD>
    <ANGLE_RAD>
    <ANGLE_TURN>
    <CH>
    <DPCM>
    <DPI>
    <DPPX>
    <EM>
    <EX>
    <FR>
    <FREQ_HZ>
    <FREQ_KHZ>
    <FUNCTION>
    <FUNCTION_CALC>
    <HASH>
    <IDENT>
    <LENGTH_CM>
    <LENGTH_IN>
    <LENGTH_MM>
    <LENGTH_PC>
    <LENGTH_PT>
    <LENGTH_Q>
    <NUMBER>
    <PERCENTAGE>
    <PX>
    <REM>
    <S>
    <STRING1>
    <STRING2>
    <TIME_MS>
    <TIME_S>
    <URANGE>
    <URL>
    <VH>
    <VMAX>
    <VMIN>
    <VW>
)
2024-11-25 20:16:50,499 WARN c.h.c.r.e.LoggingCSSParseErrorHandler: Browser compliant mode skipped CSS from [5:96883] starting at token ' ' until [5:96884] to token ';' (based on com.helger.css.parser.ParseException: Encountered unexpected token: ";" ";"
    at line 5, column 96884.

Was expecting one of:

    "+"
    "-"
    "["
    "and"
    "expression("
    "from"
    "inherit"
    "not"
    "only"
    "or"
    "to"
    <ANGLE_DEG>
    <ANGLE_GRAD>
    <ANGLE_RAD>
    <ANGLE_TURN>
    <CH>
    <DPCM>
    <DPI>
    <DPPX>
    <EM>
    <EX>
    <FR>
    <FREQ_HZ>
    <FREQ_KHZ>
    <FUNCTION>
    <FUNCTION_CALC>
    <HASH>
    <IDENT>
    <LENGTH_CM>
    <LENGTH_IN>
    <LENGTH_MM>
    <LENGTH_PC>
    <LENGTH_PT>
    <LENGTH_Q>
    <NUMBER>
    <PERCENTAGE>
    <PX>
    <REM>
    <S>
    <STRING1>
    <STRING2>
    <TIME_MS>
    <TIME_S>
    <URANGE>
    <URL>
    <VH>
    <VMAX>
    <VMIN>
    <VW>
)
2024-11-25 20:16:50,515 WARN c.h.c.r.e.LoggingCSSParseErrorHandler: Browser compliant mode skipped CSS from [5:118914] starting at token ' ' until [5:118915] to token ';' (based on com.helger.css.parser.ParseException: Encountered unexpected token: ";" ";"
    at line 5, column 118915.

Was expecting one of:

    "+"
    "-"
    "["
    "and"
    "expression("
    "from"
    "inherit"
    "not"
    "only"
    "or"
    "to"
    <ANGLE_DEG>
    <ANGLE_GRAD>
    <ANGLE_RAD>
    <ANGLE_TURN>
    <CH>
    <DPCM>
    <DPI>
    <DPPX>
    <EM>
    <EX>
    <FR>
    <FREQ_HZ>
    <FREQ_KHZ>
    <FUNCTION>
    <FUNCTION_CALC>
    <HASH>
    <IDENT>
    <LENGTH_CM>
    <LENGTH_IN>
    <LENGTH_MM>
    <LENGTH_PC>
    <LENGTH_PT>
    <LENGTH_Q>
    <NUMBER>
    <PERCENTAGE>
    <PX>
    <REM>
    <S>
    <STRING1>
    <STRING2>
    <TIME_MS>
    <TIME_S>
    <URANGE>
    <URL>
    <VH>
    <VMAX>
    <VMIN>
    <VW>
)
2024-11-25 20:16:50,517 WARN c.h.c.r.e.LoggingCSSParseErrorHandler: Browser compliant mode skipped CSS from [5:120779] starting at token ' ' until [5:120780] to token ';' (based on com.helger.css.parser.ParseException: Encountered unexpected token: ";" ";"
    at line 5, column 120780.

Was expecting one of:

    "+"
    "-"
    "["
    "and"
    "expression("
    "from"
    "inherit"
    "not"
    "only"
    "or"
    "to"
    <ANGLE_DEG>
    <ANGLE_GRAD>
    <ANGLE_RAD>
    <ANGLE_TURN>
    <CH>
    <DPCM>
    <DPI>
    <DPPX>
    <EM>
    <EX>
    <FR>
    <FREQ_HZ>
    <FREQ_KHZ>
    <FUNCTION>
    <FUNCTION_CALC>
    <HASH>
    <IDENT>
    <LENGTH_CM>
    <LENGTH_IN>
    <LENGTH_MM>
    <LENGTH_PC>
    <LENGTH_PT>
    <LENGTH_Q>
    <NUMBER>
    <PERCENTAGE>
    <PX>
    <REM>
    <S>
    <STRING1>
    <STRING2>
    <TIME_MS>
    <TIME_S>
    <URANGE>
    <URL>
    <VH>
    <VMAX>
    <VMIN>
    <VW>
)
2024-11-25 20:16:50,517 WARN c.h.c.r.e.LoggingCSSParseErrorHandler: Browser compliant mode skipped CSS from [5:121417] starting at token ' ' until [5:121418] to token ';' (based on com.helger.css.parser.ParseException: Encountered unexpected token: ";" ";"
    at line 5, column 121418.

Was expecting one of:

    "+"
    "-"
    "["
    "and"
    "expression("
    "from"
    "inherit"
    "not"
    "only"
    "or"
    "to"
    <ANGLE_DEG>
    <ANGLE_GRAD>
    <ANGLE_RAD>
    <ANGLE_TURN>
    <CH>
    <DPCM>
    <DPI>
    <DPPX>
    <EM>
    <EX>
    <FR>
    <FREQ_HZ>
    <FREQ_KHZ>
    <FUNCTION>
    <FUNCTION_CALC>
    <HASH>
    <IDENT>
    <LENGTH_CM>
    <LENGTH_IN>
    <LENGTH_MM>
    <LENGTH_PC>
    <LENGTH_PT>
    <LENGTH_Q>
    <NUMBER>
    <PERCENTAGE>
    <PX>
    <REM>
    <S>
    <STRING1>
    <STRING2>
    <TIME_MS>
    <TIME_S>
    <URANGE>
    <URL>
    <VH>
    <VMAX>
    <VMIN>
    <VW>
)
2024-11-25 20:16:50,523 WARN c.h.c.r.e.LoggingCSSParseErrorHandler: Browser compliant mode skipped CSS from [5:126625] starting at token ' ' until [5:126626] to token ';' (based on com.helger.css.parser.ParseException: Encountered unexpected token: ";" ";"
    at line 5, column 126626.

Was expecting one of:

    "+"
    "-"
    "["
    "and"
    "expression("
    "from"
    "inherit"
    "not"
    "only"
    "or"
    "to"
    <ANGLE_DEG>
    <ANGLE_GRAD>
    <ANGLE_RAD>
    <ANGLE_TURN>
    <CH>
    <DPCM>
    <DPI>
    <DPPX>
    <EM>
    <EX>
    <FR>
    <FREQ_HZ>
    <FREQ_KHZ>
    <FUNCTION>
    <FUNCTION_CALC>
    <HASH>
    <IDENT>
    <LENGTH_CM>
    <LENGTH_IN>
    <LENGTH_MM>
    <LENGTH_PC>
    <LENGTH_PT>
    <LENGTH_Q>
    <NUMBER>
    <PERCENTAGE>
    <PX>
    <REM>
    <S>
    <STRING1>
    <STRING2>
    <TIME_MS>
    <TIME_S>
    <URANGE>
    <URL>
    <VH>
    <VMAX>
    <VMIN>
    <VW>
)
2024-11-25 20:16:50,531 INFO o.a.j.t.JMeterThread: Thread started: Thread Group 1-182
2024-11-25 20:16:50,545 INFO o.a.j.t.JMeterThread: Thread started: Thread Group 1-183
2024-11-25 20:16:50,607 INFO o.a.j.t.JMeterThread: Thread started: Thread Group 1-184
2024-11-25 20:16:50,662 INFO o.a.j.t.JMeterThread: Thread started: Thread Group 1-186
2024-11-25 20:16:50,711 INFO o.a.j.t.JMeterThread: Thread started: Thread Group 1-187
2024-11-25 20:16:50,796 INFO o.a.j.t.JMeterThread: Thread started: Thread Group 1-188
2024-11-25 20:16:50,818 INFO o.a.j.t.JMeterThread: Thread started: Thread Group 1-189
2024-11-25 20:16:50,922 INFO o.a.j.t.JMeterThread: Thread started: Thread Group 1-190
2024-11-25 20:16:50,958 INFO o.a.j.t.JMeterThread: Thread started: Thread Group 1-191
2024-11-25 20:16:51,018 INFO o.a.j.t.JMeterThread: Thread started: Thread Group 1-193
2024-11-25 20:16:51,076 INFO o.a.j.t.JMeterThread: Thread started: Thread Group 1-194
2024-11-25 20:16:51,181 INFO o.a.j.t.JMeterThread: Thread started: Thread Group 1-195
2024-11-25 20:16:51,215 INFO o.a.j.t.JMeterThread: Thread started: Thread Group 1-196
2024-11-25 20:16:51,221 INFO o.a.j.t.JMeterThread: Thread started: Thread Group 1-197
2024-11-25 20:16:51,278 INFO o.a.j.t.JMeterThread: Thread started: Thread Group 1-198
2024-11-25 20:16:51,323 INFO o.a.j.t.JMeterThread: Thread started: Thread Group 1-199
2024-11-25 20:16:51,367 INFO o.a.j.t.JMeterThread: Thread started: Thread Group 1-200
2024-11-25 20:17:00,238 INFO o.a.j.r.Summariser: summary +    138 in 00:00:20 =    6.9/s Avg:  7799 Min:  5058 Max: 11307 Err:     0 (0.00%) Active: 200 Started: 200 Finished: 0
2024-11-25 20:18:00,134 INFO o.a.j.r.Summariser: summary +    272 in 00:01:00 =    4.5/s Avg: 20407 Min:  1062 Max: 62728 Err:   137 (50.37%) Active: 200 Started: 200 Finished: 0
2024-11-25 20:18:00,135 INFO o.a.j.r.Summariser: summary =    410 in 00:01:20 =    5.1/s Avg: 16163 Min:  1062 Max: 62728 Err:   137 (33.41%)
2024-11-25 20:18:30,351 INFO o.a.j.r.Summariser: summary +    250 in 00:00:30 =    8.3/s Avg: 19483 Min:  3857 Max: 61562 Err:    45 (18.00%) Active: 200 Started: 200 Finished: 0
2024-11-25 20:18:30,351 INFO o.a.j.r.Summariser: summary =    660 in 00:01:50 =    6.0/s Avg: 17421 Min:  1062 Max: 62728 Err:   182 (27.58%)
2024-11-25 20:18:38,295 INFO o.a.j.t.JMeterThread: Thread finished: Thread Group 1-200
2024-11-25 20:18:38,638 INFO o.a.j.t.JMeterThread: Thread finished: Thread Group 1-184
2024-11-25 20:18:38,875 INFO o.a.j.t.JMeterThread: Thread finished: Thread Group 1-16
2024-11-25 20:18:38,897 INFO o.a.j.t.JMeterThread: Thread finished: Thread Group 1-12
2024-11-25 20:18:38,999 INFO o.a.j.t.JMeterThread: Thread finished: Thread Group 1-75
2024-11-25 20:18:39,027 INFO o.a.j.t.JMeterThread: Thread finished: Thread Group 1-31
2024-11-25 20:18:39,902 INFO o.a.j.t.JMeterThread: Thread finished: Thread Group 1-74
2024-11-25 20:18:40,254 INFO o.a.j.t.JMeterThread: Thread finished: Thread Group 1-141
2024-11-25 20:18:40,398 INFO o.a.j.t.JMeterThread: Thread finished: Thread Group 1-67
2024-11-25 20:18:40,411 INFO o.a.j.t.JMeterThread: Thread finished: Thread Group 1-147
2024-11-25 20:18:40,470 INFO o.a.j.t.JMeterThread: Stopping because end time detected by thread: Thread Group 1-68
2024-11-25 20:18:40,470 INFO o.a.j.t.JMeterThread: Thread finished: Thread Group 1-68
2024-11-25 20:18:40,491 INFO o.a.j.t.JMeterThread: Thread finished: Thread Group 1-189
2024-11-25 20:18:40,562 INFO o.a.j.t.JMeterThread: Stopping because end time detected by thread: Thread Group 1-113
2024-11-25 20:18:40,562 INFO o.a.j.t.JMeterThread: Thread finished: Thread Group 1-113
2024-11-25 20:18:40,575 INFO o.a.j.t.JMeterThread: Thread finished: Thread Group 1-178
2024-11-25 20:18:40,903 INFO o.a.j.t.JMeterThread: Thread finished: Thread Group 1-148
2024-11-25 20:18:40,904 INFO o.a.j.t.JMeterThread: Stopping because end time detected by thread: Thread Group 1-91
2024-11-25 20:18:40,905 INFO o.a.j.t.JMeterThread: Thread finished: Thread Group 1-91
2024-11-25 20:18:40,930 INFO o.a.j.t.JMeterThread: Stopping because end time detected by thread: Thread Group 1-10
2024-11-25 20:18:40,930 INFO o.a.j.t.JMeterThread: Thread finished: Thread Group 1-10
2024-11-25 20:18:40,973 INFO o.a.j.t.JMeterThread: Stopping because end time detected by thread: Thread Group 1-5
2024-11-25 20:18:40,973 INFO o.a.j.t.JMeterThread: Thread finished: Thread Group 1-5
2024-11-25 20:18:41,015 INFO o.a.j.t.JMeterThread: Thread finished: Thread Group 1-168
2024-11-25 20:18:41,048 INFO o.a.j.t.JMeterThread: Thread finished: Thread Group 1-137
2024-11-25 20:18:41,069 INFO o.a.j.t.JMeterThread: Stopping because end time detected by thread: Thread Group 1-121
2024-11-25 20:18:41,069 INFO o.a.j.t.JMeterThread: Thread finished: Thread Group 1-121
2024-11-25 20:18:41,070 INFO o.a.j.t.JMeterThread: Stopping because end time detected by thread: Thread Group 1-15
2024-11-25 20:18:41,070 INFO o.a.j.t.JMeterThread: Thread finished: Thread Group 1-15
2024-11-25 20:18:41,070 INFO o.a.j.t.JMeterThread: Stopping because end time detected by thread: Thread Group 1-132
2024-11-25 20:18:41,070 INFO o.a.j.t.JMeterThread: Thread finished: Thread Group 1-132
2024-11-25 20:18:41,156 INFO o.a.j.t.JMeterThread: Stopping because end time detected by thread: Thread Group 1-194
2024-11-25 20:18:41,157 INFO o.a.j.t.JMeterThread: Thread finished: Thread Group 1-194
2024-11-25 20:18:41,161 INFO o.a.j.t.JMeterThread: Stopping because end time detected by thread: Thread Group 1-9
2024-11-25 20:18:41,161 INFO o.a.j.t.JMeterThread: Thread finished: Thread Group 1-9
2024-11-25 20:18:41,164 INFO o.a.j.t.JMeterThread: Stopping because end time detected by thread: Thread Group 1-98
2024-11-25 20:18:41,164 INFO o.a.j.t.JMeterThread: Thread finished: Thread Group 1-98
2024-11-25 20:18:41,261 INFO o.a.j.t.JMeterThread: Stopping because end time detected by thread: Thread Group 1-126
2024-11-25 20:18:41,261 INFO o.a.j.t.JMeterThread: Thread finished: Thread Group 1-126
2024-11-25 20:18:41,303 INFO o.a.j.t.JMeterThread: Stopping because end time detected by thread: Thread Group 1-199
2024-11-25 20:18:41,303 INFO o.a.j.t.JMeterThread: Thread finished: Thread Group 1-199
2024-11-25 20:18:41,334 INFO o.a.j.t.JMeterThread: Stopping because end time detected by thread: Thread Group 1-109
2024-11-25 20:18:41,334 INFO o.a.j.t.JMeterThread: Thread finished: Thread Group 1-109
2024-11-25 20:18:41,677 INFO o.a.j.t.JMeterThread: Stopping because end time detected by thread: Thread Group 1-58
2024-11-25 20:18:41,677 INFO o.a.j.t.JMeterThread: Thread finished: Thread Group 1-58
2024-11-25 20:18:41,740 INFO o.a.j.t.JMeterThread: Stopping because end time detected by thread: Thread Group 1-172
2024-11-25 20:18:41,741 INFO o.a.j.t.JMeterThread: Thread finished: Thread Group 1-172
2024-11-25 20:18:41,764 INFO o.a.j.t.JMeterThread: Stopping because end time detected by thread: Thread Group 1-55
2024-11-25 20:18:41,764 INFO o.a.j.t.JMeterThread: Thread finished: Thread Group 1-55
2024-11-25 20:18:41,989 INFO o.a.j.t.JMeterThread: Stopping because end time detected by thread: Thread Group 1-47
2024-11-25 20:18:41,989 INFO o.a.j.t.JMeterThread: Thread finished: Thread Group 1-47
2024-11-25 20:18:42,353 INFO o.a.j.t.JMeterThread: Stopping because end time detected by thread: Thread Group 1-106
2024-11-25 20:18:42,353 INFO o.a.j.t.JMeterThread: Thread finished: Thread Group 1-106
2024-11-25 20:18:42,355 INFO o.a.j.t.JMeterThread: Stopping because end time detected by thread: Thread Group 1-114
2024-11-25 20:18:42,355 INFO o.a.j.t.JMeterThread: Thread finished: Thread Group 1-114
2024-11-25 20:18:42,373 INFO o.a.j.t.JMeterThread: Stopping because end time detected by thread: Thread Group 1-102
2024-11-25 20:18:42,387 INFO o.a.j.t.JMeterThread: Stopping because end time detected by thread: Thread Group 1-62
2024-11-25 20:18:42,391 INFO o.a.j.t.JMeterThread: Thread finished: Thread Group 1-102
2024-11-25 20:18:42,391 INFO o.a.j.t.JMeterThread: Thread finished: Thread Group 1-62
2024-11-25 20:18:42,601 INFO o.a.j.t.JMeterThread: Stopping because end time detected by thread: Thread Group 1-54
2024-11-25 20:18:42,601 INFO o.a.j.t.JMeterThread: Thread finished: Thread Group 1-54
2024-11-25 20:18:42,661 INFO o.a.j.t.JMeterThread: Stopping because end time detected by thread: Thread Group 1-41
2024-11-25 20:18:42,661 INFO o.a.j.t.JMeterThread: Thread finished: Thread Group 1-41
2024-11-25 20:18:42,680 INFO o.a.j.t.JMeterThread: Stopping because end time detected by thread: Thread Group 1-1
2024-11-25 20:18:42,680 INFO o.a.j.t.JMeterThread: Thread finished: Thread Group 1-1
2024-11-25 20:18:43,012 INFO o.a.j.t.JMeterThread: Stopping because end time detected by thread: Thread Group 1-53
2024-11-25 20:18:43,013 INFO o.a.j.t.JMeterThread: Thread finished: Thread Group 1-53
2024-11-25 20:18:43,147 INFO o.a.j.t.JMeterThread: Stopping because end time detected by thread: Thread Group 1-142
2024-11-25 20:18:43,147 INFO o.a.j.t.JMeterThread: Thread finished: Thread Group 1-142
2024-11-25 20:18:43,312 INFO o.a.j.t.JMeterThread: Stopping because end time detected by thread: Thread Group 1-99
2024-11-25 20:18:43,313 INFO o.a.j.t.JMeterThread: Thread finished: Thread Group 1-99
2024-11-25 20:18:43,404 INFO o.a.j.t.JMeterThread: Stopping because end time detected by thread: Thread Group 1-181
2024-11-25 20:18:43,404 INFO o.a.j.t.JMeterThread: Stopping because end time detected by thread: Thread Group 1-138
2024-11-25 20:18:43,404 INFO o.a.j.t.JMeterThread: Thread finished: Thread Group 1-138
2024-11-25 20:18:43,404 INFO o.a.j.t.JMeterThread: Thread finished: Thread Group 1-181
2024-11-25 20:18:43,463 INFO o.a.j.t.JMeterThread: Stopping because end time detected by thread: Thread Group 1-51
2024-11-25 20:18:43,463 INFO o.a.j.t.JMeterThread: Thread finished: Thread Group 1-51
2024-11-25 20:18:43,650 INFO o.a.j.t.JMeterThread: Stopping because end time detected by thread: Thread Group 1-175
2024-11-25 20:18:43,651 INFO o.a.j.t.JMeterThread: Thread finished: Thread Group 1-175
2024-11-25 20:18:43,661 INFO o.a.j.t.JMeterThread: Stopping because end time detected by thread: Thread Group 1-190
2024-11-25 20:18:43,661 INFO o.a.j.t.JMeterThread: Thread finished: Thread Group 1-190
2024-11-25 20:18:43,830 INFO o.a.j.t.JMeterThread: Stopping because end time detected by thread: Thread Group 1-73
2024-11-25 20:18:43,830 INFO o.a.j.t.JMeterThread: Thread finished: Thread Group 1-73
2024-11-25 20:18:44,064 INFO o.a.j.t.JMeterThread: Stopping because end time detected by thread: Thread Group 1-170
2024-11-25 20:18:44,064 INFO o.a.j.t.JMeterThread: Thread finished: Thread Group 1-170
2024-11-25 20:18:44,117 INFO o.a.j.t.JMeterThread: Stopping because end time detected by thread: Thread Group 1-7
2024-11-25 20:18:44,117 INFO o.a.j.t.JMeterThread: Thread finished: Thread Group 1-7
2024-11-25 20:18:44,128 INFO o.a.j.t.JMeterThread: Stopping because end time detected by thread: Thread Group 1-23
2024-11-25 20:18:44,128 INFO o.a.j.t.JMeterThread: Thread finished: Thread Group 1-23
2024-11-25 20:18:44,322 INFO o.a.j.t.JMeterThread: Stopping because end time detected by thread: Thread Group 1-40
2024-11-25 20:18:44,322 INFO o.a.j.t.JMeterThread: Thread finished: Thread Group 1-40
2024-11-25 20:18:44,330 INFO o.a.j.t.JMeterThread: Stopping because end time detected by thread: Thread Group 1-71
2024-11-25 20:18:44,330 INFO o.a.j.t.JMeterThread: Thread finished: Thread Group 1-71
2024-11-25 20:18:44,368 INFO o.a.j.t.JMeterThread: Stopping because end time detected by thread: Thread Group 1-164
2024-11-25 20:18:44,368 INFO o.a.j.t.JMeterThread: Thread finished: Thread Group 1-164
2024-11-25 20:18:44,477 INFO o.a.j.t.JMeterThread: Stopping because end time detected by thread: Thread Group 1-2
2024-11-25 20:18:44,478 INFO o.a.j.t.JMeterThread: Thread finished: Thread Group 1-2
2024-11-25 20:18:44,559 INFO o.a.j.t.JMeterThread: Stopping because end time detected by thread: Thread Group 1-145
2024-11-25 20:18:44,559 INFO o.a.j.t.JMeterThread: Thread finished: Thread Group 1-145
2024-11-25 20:18:44,597 INFO o.a.j.t.JMeterThread: Stopping because end time detected by thread: Thread Group 1-72
2024-11-25 20:18:44,597 INFO o.a.j.t.JMeterThread: Thread finished: Thread Group 1-72
2024-11-25 20:18:44,602 INFO o.a.j.t.JMeterThread: Stopping because end time detected by thread: Thread Group 1-78
2024-11-25 20:18:44,602 INFO o.a.j.t.JMeterThread: Thread finished: Thread Group 1-78
2024-11-25 20:18:44,672 INFO o.a.j.t.JMeterThread: Stopping because end time detected by thread: Thread Group 1-101
2024-11-25 20:18:44,673 INFO o.a.j.t.JMeterThread: Thread finished: Thread Group 1-101
2024-11-25 20:18:44,686 INFO o.a.j.t.JMeterThread: Stopping because end time detected by thread: Thread Group 1-56
2024-11-25 20:18:44,687 INFO o.a.j.t.JMeterThread: Thread finished: Thread Group 1-56
2024-11-25 20:18:44,687 INFO o.a.j.t.JMeterThread: Stopping because end time detected by thread: Thread Group 1-177
2024-11-25 20:18:44,687 INFO o.a.j.t.JMeterThread: Thread finished: Thread Group 1-177
2024-11-25 20:18:44,697 INFO o.a.j.t.JMeterThread: Stopping because end time detected by thread: Thread Group 1-94
2024-11-25 20:18:44,697 INFO o.a.j.t.JMeterThread: Thread finished: Thread Group 1-94
2024-11-25 20:18:44,718 INFO o.a.j.t.JMeterThread: Stopping because end time detected by thread: Thread Group 1-27
2024-11-25 20:18:44,719 INFO o.a.j.t.JMeterThread: Thread finished: Thread Group 1-27
2024-11-25 20:18:44,820 INFO o.a.j.t.JMeterThread: Stopping because end time detected by thread: Thread Group 1-84
2024-11-25 20:18:44,820 INFO o.a.j.t.JMeterThread: Thread finished: Thread Group 1-84
2024-11-25 20:18:44,834 INFO o.a.j.t.JMeterThread: Stopping because end time detected by thread: Thread Group 1-70
2024-11-25 20:18:44,834 INFO o.a.j.t.JMeterThread: Thread finished: Thread Group 1-70
2024-11-25 20:18:44,909 INFO o.a.j.t.JMeterThread: Stopping because end time detected by thread: Thread Group 1-154
2024-11-25 20:18:44,909 INFO o.a.j.t.JMeterThread: Thread finished: Thread Group 1-154
2024-11-25 20:18:44,945 INFO o.a.j.t.JMeterThread: Stopping because end time detected by thread: Thread Group 1-173
2024-11-25 20:18:44,945 INFO o.a.j.t.JMeterThread: Thread finished: Thread Group 1-173
2024-11-25 20:18:45,037 INFO o.a.j.t.JMeterThread: Stopping because end time detected by thread: Thread Group 1-4
2024-11-25 20:18:45,041 INFO o.a.j.t.JMeterThread: Thread finished: Thread Group 1-4
2024-11-25 20:18:45,171 INFO o.a.j.t.JMeterThread: Stopping because end time detected by thread: Thread Group 1-93
2024-11-25 20:18:45,172 INFO o.a.j.t.JMeterThread: Thread finished: Thread Group 1-93
2024-11-25 20:18:45,181 INFO o.a.j.t.JMeterThread: Stopping because end time detected by thread: Thread Group 1-176
2024-11-25 20:18:45,181 INFO o.a.j.t.JMeterThread: Thread finished: Thread Group 1-176
2024-11-25 20:18:45,238 INFO o.a.j.t.JMeterThread: Stopping because end time detected by thread: Thread Group 1-3
2024-11-25 20:18:45,238 INFO o.a.j.t.JMeterThread: Thread finished: Thread Group 1-3
2024-11-25 20:18:45,591 INFO o.a.j.t.JMeterThread: Stopping because end time detected by thread: Thread Group 1-86
2024-11-25 20:18:45,591 INFO o.a.j.t.JMeterThread: Thread finished: Thread Group 1-86
2024-11-25 20:18:45,701 INFO o.a.j.t.JMeterThread: Stopping because end time detected by thread: Thread Group 1-61
2024-11-25 20:18:45,701 INFO o.a.j.t.JMeterThread: Thread finished: Thread Group 1-61
2024-11-25 20:18:45,701 INFO o.a.j.t.JMeterThread: Stopping because end time detected by thread: Thread Group 1-180
2024-11-25 20:18:45,701 INFO o.a.j.t.JMeterThread: Thread finished: Thread Group 1-180
2024-11-25 20:18:45,702 INFO o.a.j.t.JMeterThread: Stopping because end time detected by thread: Thread Group 1-87
2024-11-25 20:18:45,702 INFO o.a.j.t.JMeterThread: Thread finished: Thread Group 1-87
2024-11-25 20:18:45,887 INFO o.a.j.t.JMeterThread: Stopping because end time detected by thread: Thread Group 1-24
2024-11-25 20:18:45,887 INFO o.a.j.t.JMeterThread: Thread finished: Thread Group 1-24
2024-11-25 20:18:45,908 INFO o.a.j.t.JMeterThread: Stopping because end time detected by thread: Thread Group 1-118
2024-11-25 20:18:45,908 INFO o.a.j.t.JMeterThread: Thread finished: Thread Group 1-118
2024-11-25 20:18:45,936 INFO o.a.j.t.JMeterThread: Stopping because end time detected by thread: Thread Group 1-135
2024-11-25 20:18:45,936 INFO o.a.j.t.JMeterThread: Thread finished: Thread Group 1-135
2024-11-25 20:18:45,955 INFO o.a.j.t.JMeterThread: Stopping because end time detected by thread: Thread Group 1-115
2024-11-25 20:18:45,956 INFO o.a.j.t.JMeterThread: Thread finished: Thread Group 1-115
2024-11-25 20:18:45,969 INFO o.a.j.t.JMeterThread: Stopping because end time detected by thread: Thread Group 1-149
2024-11-25 20:18:45,970 INFO o.a.j.t.JMeterThread: Thread finished: Thread Group 1-149
2024-11-25 20:18:45,997 INFO o.a.j.t.JMeterThread: Stopping because end time detected by thread: Thread Group 1-32
2024-11-25 20:18:45,998 INFO o.a.j.t.JMeterThread: Thread finished: Thread Group 1-32
2024-11-25 20:18:46,308 INFO o.a.j.t.JMeterThread: Stopping because end time detected by thread: Thread Group 1-18
2024-11-25 20:18:46,308 INFO o.a.j.t.JMeterThread: Thread finished: Thread Group 1-18
2024-11-25 20:18:46,342 INFO o.a.j.t.JMeterThread: Stopping because end time detected by thread: Thread Group 1-8
2024-11-25 20:18:46,342 INFO o.a.j.t.JMeterThread: Thread finished: Thread Group 1-8
2024-11-25 20:18:46,418 INFO o.a.j.t.JMeterThread: Stopping because end time detected by thread: Thread Group 1-35
2024-11-25 20:18:46,418 INFO o.a.j.t.JMeterThread: Thread finished: Thread Group 1-35
2024-11-25 20:18:46,705 INFO o.a.j.t.JMeterThread: Stopping because end time detected by thread: Thread Group 1-130
2024-11-25 20:18:46,706 INFO o.a.j.t.JMeterThread: Thread finished: Thread Group 1-130
2024-11-25 20:18:46,716 INFO o.a.j.t.JMeterThread: Stopping because end time detected by thread: Thread Group 1-163
2024-11-25 20:18:46,716 INFO o.a.j.t.JMeterThread: Thread finished: Thread Group 1-163
2024-11-25 20:18:46,774 INFO o.a.j.t.JMeterThread: Stopping because end time detected by thread: Thread Group 1-63
2024-11-25 20:18:46,775 INFO o.a.j.t.JMeterThread: Thread finished: Thread Group 1-63
2024-11-25 20:18:46,848 INFO o.a.j.t.JMeterThread: Stopping because end time detected by thread: Thread Group 1-43
2024-11-25 20:18:46,848 INFO o.a.j.t.JMeterThread: Thread finished: Thread Group 1-43
2024-11-25 20:18:46,868 INFO o.a.j.t.JMeterThread: Stopping because end time detected by thread: Thread Group 1-66
2024-11-25 20:18:46,868 INFO o.a.j.t.JMeterThread: Thread finished: Thread Group 1-66
2024-11-25 20:18:46,908 INFO o.a.j.t.JMeterThread: Stopping because end time detected by thread: Thread Group 1-38
2024-11-25 20:18:46,908 INFO o.a.j.t.JMeterThread: Thread finished: Thread Group 1-38
2024-11-25 20:18:46,946 INFO o.a.j.t.JMeterThread: Stopping because end time detected by thread: Thread Group 1-104
2024-11-25 20:18:46,946 INFO o.a.j.t.JMeterThread: Thread finished: Thread Group 1-104
2024-11-25 20:18:46,949 INFO o.a.j.t.JMeterThread: Stopping because end time detected by thread: Thread Group 1-169
2024-11-25 20:18:46,949 INFO o.a.j.t.JMeterThread: Thread finished: Thread Group 1-169
2024-11-25 20:18:47,037 INFO o.a.j.t.JMeterThread: Stopping because end time detected by thread: Thread Group 1-80
2024-11-25 20:18:47,037 INFO o.a.j.t.JMeterThread: Thread finished: Thread Group 1-80
2024-11-25 20:18:47,065 INFO o.a.j.t.JMeterThread: Stopping because end time detected by thread: Thread Group 1-133
2024-11-25 20:18:47,065 INFO o.a.j.t.JMeterThread: Thread finished: Thread Group 1-133
2024-11-25 20:18:47,175 INFO o.a.j.t.JMeterThread: Stopping because end time detected by thread: Thread Group 1-116
2024-11-25 20:18:47,175 INFO o.a.j.t.JMeterThread: Thread finished: Thread Group 1-116
2024-11-25 20:18:47,207 INFO o.a.j.t.JMeterThread: Stopping because end time detected by thread: Thread Group 1-96
2024-11-25 20:18:47,208 INFO o.a.j.t.JMeterThread: Thread finished: Thread Group 1-96
2024-11-25 20:18:47,210 INFO o.a.j.t.JMeterThread: Stopping because end time detected by thread: Thread Group 1-192
2024-11-25 20:18:47,210 INFO o.a.j.t.JMeterThread: Thread finished: Thread Group 1-192
2024-11-25 20:18:47,241 INFO o.a.j.t.JMeterThread: Stopping because end time detected by thread: Thread Group 1-20
2024-11-25 20:18:47,242 INFO o.a.j.t.JMeterThread: Thread finished: Thread Group 1-20
2024-11-25 20:18:47,353 INFO o.a.j.t.JMeterThread: Stopping because end time detected by thread: Thread Group 1-22
2024-11-25 20:18:47,353 INFO o.a.j.t.JMeterThread: Thread finished: Thread Group 1-22
2024-11-25 20:18:47,390 INFO o.a.j.t.JMeterThread: Stopping because end time detected by thread: Thread Group 1-59
2024-11-25 20:18:47,390 INFO o.a.j.t.JMeterThread: Thread finished: Thread Group 1-59
2024-11-25 20:18:47,394 INFO o.a.j.t.JMeterThread: Stopping because end time detected by thread: Thread Group 1-143
2024-11-25 20:18:47,394 INFO o.a.j.t.JMeterThread: Thread finished: Thread Group 1-143
2024-11-25 20:18:47,444 INFO o.a.j.t.JMeterThread: Stopping because end time detected by thread: Thread Group 1-158
2024-11-25 20:18:47,444 INFO o.a.j.t.JMeterThread: Thread finished: Thread Group 1-158
2024-11-25 20:18:47,486 INFO o.a.j.t.JMeterThread: Stopping because end time detected by thread: Thread Group 1-13
2024-11-25 20:18:47,486 INFO o.a.j.t.JMeterThread: Thread finished: Thread Group 1-13
2024-11-25 20:18:47,494 INFO o.a.j.t.JMeterThread: Stopping because end time detected by thread: Thread Group 1-36
2024-11-25 20:18:47,494 INFO o.a.j.t.JMeterThread: Thread finished: Thread Group 1-36
2024-11-25 20:18:47,577 INFO o.a.j.t.JMeterThread: Stopping because end time detected by thread: Thread Group 1-117
2024-11-25 20:18:47,577 INFO o.a.j.t.JMeterThread: Thread finished: Thread Group 1-117
2024-11-25 20:18:47,683 INFO o.a.j.t.JMeterThread: Stopping because end time detected by thread: Thread Group 1-139
2024-11-25 20:18:47,683 INFO o.a.j.t.JMeterThread: Thread finished: Thread Group 1-139
2024-11-25 20:18:47,743 INFO o.a.j.t.JMeterThread: Stopping because end time detected by thread: Thread Group 1-79
2024-11-25 20:18:47,743 INFO o.a.j.t.JMeterThread: Thread finished: Thread Group 1-79
2024-11-25 20:18:47,753 INFO o.a.j.t.JMeterThread: Stopping because end time detected by thread: Thread Group 1-128
2024-11-25 20:18:47,753 INFO o.a.j.t.JMeterThread: Thread finished: Thread Group 1-128
2024-11-25 20:18:47,816 INFO o.a.j.t.JMeterThread: Stopping because end time detected by thread: Thread Group 1-182
2024-11-25 20:18:47,816 INFO o.a.j.t.JMeterThread: Thread finished: Thread Group 1-182
2024-11-25 20:18:47,853 INFO o.a.j.t.JMeterThread: Stopping because end time detected by thread: Thread Group 1-103
2024-11-25 20:18:47,853 INFO o.a.j.t.JMeterThread: Thread finished: Thread Group 1-103
2024-11-25 20:18:47,854 INFO o.a.j.t.JMeterThread: Stopping because end time detected by thread: Thread Group 1-159
2024-11-25 20:18:47,854 INFO o.a.j.t.JMeterThread: Thread finished: Thread Group 1-159
2024-11-25 20:18:47,880 INFO o.a.j.t.JMeterThread: Stopping because end time detected by thread: Thread Group 1-105
2024-11-25 20:18:47,881 INFO o.a.j.t.JMeterThread: Thread finished: Thread Group 1-105
2024-11-25 20:18:47,887 INFO o.a.j.t.JMeterThread: Stopping because end time detected by thread: Thread Group 1-166
2024-11-25 20:18:47,887 INFO o.a.j.t.JMeterThread: Thread finished: Thread Group 1-166
2024-11-25 20:18:47,980 INFO o.a.j.t.JMeterThread: Stopping because end time detected by thread: Thread Group 1-69
2024-11-25 20:18:47,980 INFO o.a.j.t.JMeterThread: Thread finished: Thread Group 1-69
2024-11-25 20:18:48,063 INFO o.a.j.t.JMeterThread: Stopping because end time detected by thread: Thread Group 1-111
2024-11-25 20:18:48,063 INFO o.a.j.t.JMeterThread: Thread finished: Thread Group 1-111
2024-11-25 20:18:48,079 INFO o.a.j.t.JMeterThread: Stopping because end time detected by thread: Thread Group 1-161
2024-11-25 20:18:48,079 INFO o.a.j.t.JMeterThread: Thread finished: Thread Group 1-161
2024-11-25 20:18:48,080 INFO o.a.j.t.JMeterThread: Stopping because end time detected by thread: Thread Group 1-186
2024-11-25 20:18:48,080 INFO o.a.j.t.JMeterThread: Thread finished: Thread Group 1-186
2024-11-25 20:18:48,208 INFO o.a.j.t.JMeterThread: Stopping because end time detected by thread: Thread Group 1-95
2024-11-25 20:18:48,208 INFO o.a.j.t.JMeterThread: Thread finished: Thread Group 1-95
2024-11-25 20:18:48,413 INFO o.a.j.t.JMeterThread: Stopping because end time detected by thread: Thread Group 1-25
2024-11-25 20:18:48,413 INFO o.a.j.t.JMeterThread: Thread finished: Thread Group 1-25
2024-11-25 20:18:48,416 INFO o.a.j.t.JMeterThread: Stopping because end time detected by thread: Thread Group 1-97
2024-11-25 20:18:48,416 INFO o.a.j.t.JMeterThread: Thread finished: Thread Group 1-97
2024-11-25 20:18:48,423 INFO o.a.j.t.JMeterThread: Stopping because end time detected by thread: Thread Group 1-157
2024-11-25 20:18:48,424 INFO o.a.j.t.JMeterThread: Thread finished: Thread Group 1-157
2024-11-25 20:18:48,470 INFO o.a.j.t.JMeterThread: Stopping because end time detected by thread: Thread Group 1-174
2024-11-25 20:18:48,470 INFO o.a.j.t.JMeterThread: Thread finished: Thread Group 1-174
2024-11-25 20:18:48,496 INFO o.a.j.t.JMeterThread: Stopping because end time detected by thread: Thread Group 1-77
2024-11-25 20:18:48,496 INFO o.a.j.t.JMeterThread: Thread finished: Thread Group 1-77
2024-11-25 20:18:48,571 INFO o.a.j.t.JMeterThread: Stopping because end time detected by thread: Thread Group 1-100
2024-11-25 20:18:48,571 INFO o.a.j.t.JMeterThread: Thread finished: Thread Group 1-100
2024-11-25 20:18:48,574 INFO o.a.j.t.JMeterThread: Stopping because end time detected by thread: Thread Group 1-165
2024-11-25 20:18:48,574 INFO o.a.j.t.JMeterThread: Thread finished: Thread Group 1-165
2024-11-25 20:18:48,590 INFO o.a.j.t.JMeterThread: Stopping because end time detected by thread: Thread Group 1-146
2024-11-25 20:18:48,590 INFO o.a.j.t.JMeterThread: Thread finished: Thread Group 1-146
2024-11-25 20:18:48,637 INFO o.a.j.t.JMeterThread: Stopping because end time detected by thread: Thread Group 1-151
2024-11-25 20:18:48,637 INFO o.a.j.t.JMeterThread: Thread finished: Thread Group 1-151
2024-11-25 20:18:48,649 INFO o.a.j.t.JMeterThread: Stopping because end time detected by thread: Thread Group 1-60
2024-11-25 20:18:48,649 INFO o.a.j.t.JMeterThread: Thread finished: Thread Group 1-60
2024-11-25 20:18:48,652 INFO o.a.j.t.JMeterThread: Stopping because end time detected by thread: Thread Group 1-122
2024-11-25 20:18:48,653 INFO o.a.j.t.JMeterThread: Thread finished: Thread Group 1-122
2024-11-25 20:18:48,683 INFO o.a.j.t.JMeterThread: Stopping because end time detected by thread: Thread Group 1-29
2024-11-25 20:18:48,683 INFO o.a.j.t.JMeterThread: Thread finished: Thread Group 1-29
2024-11-25 20:18:48,772 INFO o.a.j.t.JMeterThread: Stopping because end time detected by thread: Thread Group 1-107
2024-11-25 20:18:48,772 INFO o.a.j.t.JMeterThread: Thread finished: Thread Group 1-107
2024-11-25 20:18:48,778 INFO o.a.j.t.JMeterThread: Stopping because end time detected by thread: Thread Group 1-185
2024-11-25 20:18:48,778 INFO o.a.j.t.JMeterThread: Thread finished: Thread Group 1-185
2024-11-25 20:18:48,836 INFO o.a.j.t.JMeterThread: Stopping because end time detected by thread: Thread Group 1-196
2024-11-25 20:18:48,836 INFO o.a.j.t.JMeterThread: Thread finished: Thread Group 1-196
2024-11-25 20:18:48,854 INFO o.a.j.t.JMeterThread: Stopping because end time detected by thread: Thread Group 1-46
2024-11-25 20:18:48,854 INFO o.a.j.t.JMeterThread: Thread finished: Thread Group 1-46
2024-11-25 20:18:48,907 INFO o.a.j.t.JMeterThread: Stopping because end time detected by thread: Thread Group 1-85
2024-11-25 20:18:48,908 INFO o.a.j.t.JMeterThread: Thread finished: Thread Group 1-85
2024-11-25 20:18:48,908 INFO o.a.j.t.JMeterThread: Stopping because end time detected by thread: Thread Group 1-108
2024-11-25 20:18:48,908 INFO o.a.j.t.JMeterThread: Thread finished: Thread Group 1-108
2024-11-25 20:18:48,933 INFO o.a.j.t.JMeterThread: Stopping because end time detected by thread: Thread Group 1-123
2024-11-25 20:18:48,933 INFO o.a.j.t.JMeterThread: Thread finished: Thread Group 1-123
2024-11-25 20:18:48,980 INFO o.a.j.t.JMeterThread: Stopping because end time detected by thread: Thread Group 1-197
2024-11-25 20:18:48,980 INFO o.a.j.t.JMeterThread: Thread finished: Thread Group 1-197
2024-11-25 20:18:49,074 INFO o.a.j.t.JMeterThread: Stopping because end time detected by thread: Thread Group 1-134
2024-11-25 20:18:49,074 INFO o.a.j.t.JMeterThread: Thread finished: Thread Group 1-134
2024-11-25 20:18:49,082 INFO o.a.j.t.JMeterThread: Stopping because end time detected by thread: Thread Group 1-191
2024-11-25 20:18:49,083 INFO o.a.j.t.JMeterThread: Thread finished: Thread Group 1-191
2024-11-25 20:18:49,084 INFO o.a.j.t.JMeterThread: Stopping because end time detected by thread: Thread Group 1-33
2024-11-25 20:18:49,084 INFO o.a.j.t.JMeterThread: Thread finished: Thread Group 1-33
2024-11-25 20:18:49,130 INFO o.a.j.t.JMeterThread: Stopping because end time detected by thread: Thread Group 1-198
2024-11-25 20:18:49,130 INFO o.a.j.t.JMeterThread: Thread finished: Thread Group 1-198
2024-11-25 20:18:49,152 INFO o.a.j.t.JMeterThread: Stopping because end time detected by thread: Thread Group 1-188
2024-11-25 20:18:49,152 INFO o.a.j.t.JMeterThread: Thread finished: Thread Group 1-188
2024-11-25 20:18:49,202 INFO o.a.j.t.JMeterThread: Stopping because end time detected by thread: Thread Group 1-150
2024-11-25 20:18:49,202 INFO o.a.j.t.JMeterThread: Thread finished: Thread Group 1-150
2024-11-25 20:18:49,205 INFO o.a.j.t.JMeterThread: Stopping because end time detected by thread: Thread Group 1-156
2024-11-25 20:18:49,205 INFO o.a.j.t.JMeterThread: Thread finished: Thread Group 1-156
2024-11-25 20:18:49,366 INFO o.a.j.t.JMeterThread: Stopping because end time detected by thread: Thread Group 1-44
2024-11-25 20:18:49,367 INFO o.a.j.t.JMeterThread: Thread finished: Thread Group 1-44
2024-11-25 20:18:49,429 INFO o.a.j.t.JMeterThread: Stopping because end time detected by thread: Thread Group 1-127
2024-11-25 20:18:49,429 INFO o.a.j.t.JMeterThread: Stopping because end time detected by thread: Thread Group 1-34
2024-11-25 20:18:49,429 INFO o.a.j.t.JMeterThread: Thread finished: Thread Group 1-127
2024-11-25 20:18:49,429 INFO o.a.j.t.JMeterThread: Thread finished: Thread Group 1-34
2024-11-25 20:18:49,430 INFO o.a.j.t.JMeterThread: Stopping because end time detected by thread: Thread Group 1-11
2024-11-25 20:18:49,430 INFO o.a.j.t.JMeterThread: Thread finished: Thread Group 1-11
2024-11-25 20:18:49,445 INFO o.a.j.t.JMeterThread: Stopping because end time detected by thread: Thread Group 1-195
2024-11-25 20:18:49,446 INFO o.a.j.t.JMeterThread: Thread finished: Thread Group 1-195
2024-11-25 20:18:49,446 INFO o.a.j.t.JMeterThread: Stopping because end time detected by thread: Thread Group 1-81
2024-11-25 20:18:49,446 INFO o.a.j.t.JMeterThread: Thread finished: Thread Group 1-81
2024-11-25 20:18:49,477 INFO o.a.j.t.JMeterThread: Stopping because end time detected by thread: Thread Group 1-88
2024-11-25 20:18:49,477 INFO o.a.j.t.JMeterThread: Thread finished: Thread Group 1-88
2024-11-25 20:18:49,540 INFO o.a.j.t.JMeterThread: Stopping because end time detected by thread: Thread Group 1-193
2024-11-25 20:18:49,540 INFO o.a.j.t.JMeterThread: Thread finished: Thread Group 1-193
2024-11-25 20:18:49,540 INFO o.a.j.t.JMeterThread: Stopping because end time detected by thread: Thread Group 1-57
2024-11-25 20:18:49,540 INFO o.a.j.t.JMeterThread: Thread finished: Thread Group 1-57
2024-11-25 20:18:49,552 INFO o.a.j.t.JMeterThread: Stopping because end time detected by thread: Thread Group 1-6
2024-11-25 20:18:49,553 INFO o.a.j.t.JMeterThread: Thread finished: Thread Group 1-6
2024-11-25 20:18:49,576 INFO o.a.j.t.JMeterThread: Stopping because end time detected by thread: Thread Group 1-179
2024-11-25 20:18:49,576 INFO o.a.j.t.JMeterThread: Thread finished: Thread Group 1-179
2024-11-25 20:18:49,675 INFO o.a.j.t.JMeterThread: Stopping because end time detected by thread: Thread Group 1-167
2024-11-25 20:18:49,675 INFO o.a.j.t.JMeterThread: Thread finished: Thread Group 1-167
2024-11-25 20:18:49,676 INFO o.a.j.t.JMeterThread: Stopping because end time detected by thread: Thread Group 1-160
2024-11-25 20:18:49,676 INFO o.a.j.t.JMeterThread: Thread finished: Thread Group 1-160
2024-11-25 20:18:49,711 INFO o.a.j.t.JMeterThread: Stopping because end time detected by thread: Thread Group 1-39
2024-11-25 20:18:49,712 INFO o.a.j.t.JMeterThread: Thread finished: Thread Group 1-39
2024-11-25 20:18:49,713 INFO o.a.j.t.JMeterThread: Stopping because end time detected by thread: Thread Group 1-65
2024-11-25 20:18:49,713 INFO o.a.j.t.JMeterThread: Thread finished: Thread Group 1-65
2024-11-25 20:18:49,727 INFO o.a.j.t.JMeterThread: Stopping because end time detected by thread: Thread Group 1-89
2024-11-25 20:18:49,727 INFO o.a.j.t.JMeterThread: Thread finished: Thread Group 1-89
2024-11-25 20:18:49,739 INFO o.a.j.t.JMeterThread: Stopping because end time detected by thread: Thread Group 1-92
2024-11-25 20:18:49,739 INFO o.a.j.t.JMeterThread: Thread finished: Thread Group 1-92
2024-11-25 20:18:49,743 INFO o.a.j.t.JMeterThread: Stopping because end time detected by thread: Thread Group 1-119
2024-11-25 20:18:49,743 INFO o.a.j.t.JMeterThread: Thread finished: Thread Group 1-119
2024-11-25 20:18:49,765 INFO o.a.j.t.JMeterThread: Stopping because end time detected by thread: Thread Group 1-26
2024-11-25 20:18:49,765 INFO o.a.j.t.JMeterThread: Thread finished: Thread Group 1-26
2024-11-25 20:18:49,778 INFO o.a.j.t.JMeterThread: Stopping because end time detected by thread: Thread Group 1-110
2024-11-25 20:18:49,778 INFO o.a.j.t.JMeterThread: Thread finished: Thread Group 1-110
2024-11-25 20:18:49,797 INFO o.a.j.t.JMeterThread: Stopping because end time detected by thread: Thread Group 1-82
2024-11-25 20:18:49,797 INFO o.a.j.t.JMeterThread: Thread finished: Thread Group 1-82
2024-11-25 20:18:49,822 INFO o.a.j.t.JMeterThread: Stopping because end time detected by thread: Thread Group 1-153
2024-11-25 20:18:49,822 INFO o.a.j.t.JMeterThread: Thread finished: Thread Group 1-153
2024-11-25 20:18:49,833 INFO o.a.j.t.JMeterThread: Stopping because end time detected by thread: Thread Group 1-187
2024-11-25 20:18:49,833 INFO o.a.j.t.JMeterThread: Thread finished: Thread Group 1-187
2024-11-25 20:18:49,847 INFO o.a.j.t.JMeterThread: Stopping because end time detected by thread: Thread Group 1-144
2024-11-25 20:18:49,847 INFO o.a.j.t.JMeterThread: Thread finished: Thread Group 1-144
2024-11-25 20:18:50,258 INFO o.a.j.t.JMeterThread: Stopping because end time detected by thread: Thread Group 1-30
2024-11-25 20:18:50,258 INFO o.a.j.t.JMeterThread: Thread finished: Thread Group 1-30
2024-11-25 20:18:50,273 INFO o.a.j.t.JMeterThread: Stopping because end time detected by thread: Thread Group 1-136
2024-11-25 20:18:50,273 INFO o.a.j.t.JMeterThread: Thread finished: Thread Group 1-136
2024-11-25 20:18:50,285 INFO o.a.j.t.JMeterThread: Stopping because end time detected by thread: Thread Group 1-21
2024-11-25 20:18:50,285 INFO o.a.j.t.JMeterThread: Thread finished: Thread Group 1-21
2024-11-25 20:18:50,355 INFO o.a.j.t.JMeterThread: Stopping because end time detected by thread: Thread Group 1-171
2024-11-25 20:18:50,355 INFO o.a.j.t.JMeterThread: Thread finished: Thread Group 1-171
2024-11-25 20:18:50,381 INFO o.a.j.t.JMeterThread: Stopping because end time detected by thread: Thread Group 1-155
2024-11-25 20:18:50,381 INFO o.a.j.t.JMeterThread: Thread finished: Thread Group 1-155
2024-11-25 20:18:50,390 INFO o.a.j.t.JMeterThread: Stopping because end time detected by thread: Thread Group 1-64
2024-11-25 20:18:50,390 INFO o.a.j.t.JMeterThread: Thread finished: Thread Group 1-64
2024-11-25 20:18:50,391 INFO o.a.j.t.JMeterThread: Stopping because end time detected by thread: Thread Group 1-48
2024-11-25 20:18:50,391 INFO o.a.j.t.JMeterThread: Thread finished: Thread Group 1-48
2024-11-25 20:18:50,398 INFO o.a.j.t.JMeterThread: Stopping because end time detected by thread: Thread Group 1-45
2024-11-25 20:18:50,398 INFO o.a.j.t.JMeterThread: Thread finished: Thread Group 1-45
2024-11-25 20:18:50,405 INFO o.a.j.t.JMeterThread: Stopping because end time detected by thread: Thread Group 1-112
2024-11-25 20:18:50,405 INFO o.a.j.t.JMeterThread: Thread finished: Thread Group 1-112
2024-11-25 20:18:50,406 INFO o.a.j.t.JMeterThread: Stopping because end time detected by thread: Thread Group 1-124
2024-11-25 20:18:50,406 INFO o.a.j.t.JMeterThread: Thread finished: Thread Group 1-124
2024-11-25 20:18:50,450 INFO o.a.j.t.JMeterThread: Stopping because end time detected by thread: Thread Group 1-52
2024-11-25 20:18:50,450 INFO o.a.j.t.JMeterThread: Thread finished: Thread Group 1-52
2024-11-25 20:18:50,452 INFO o.a.j.t.JMeterThread: Stopping because end time detected by thread: Thread Group 1-120
2024-11-25 20:18:50,452 INFO o.a.j.t.JMeterThread: Thread finished: Thread Group 1-120
2024-11-25 20:18:50,469 INFO o.a.j.t.JMeterThread: Stopping because end time detected by thread: Thread Group 1-49
2024-11-25 20:18:50,469 INFO o.a.j.t.JMeterThread: Thread finished: Thread Group 1-49
2024-11-25 20:18:50,478 INFO o.a.j.t.JMeterThread: Stopping because end time detected by thread: Thread Group 1-17
2024-11-25 20:18:50,478 INFO o.a.j.t.JMeterThread: Thread finished: Thread Group 1-17
2024-11-25 20:18:50,484 INFO o.a.j.t.JMeterThread: Stopping because end time detected by thread: Thread Group 1-183
2024-11-25 20:18:50,484 INFO o.a.j.t.JMeterThread: Thread finished: Thread Group 1-183
2024-11-25 20:18:50,494 INFO o.a.j.t.JMeterThread: Stopping because end time detected by thread: Thread Group 1-37
2024-11-25 20:18:50,494 INFO o.a.j.t.JMeterThread: Thread finished: Thread Group 1-37
2024-11-25 20:18:50,497 INFO o.a.j.t.JMeterThread: Stopping because end time detected by thread: Thread Group 1-50
2024-11-25 20:18:50,497 INFO o.a.j.t.JMeterThread: Thread finished: Thread Group 1-50
2024-11-25 20:18:50,573 INFO o.a.j.t.JMeterThread: Stopping because end time detected by thread: Thread Group 1-76
2024-11-25 20:18:50,573 INFO o.a.j.t.JMeterThread: Thread finished: Thread Group 1-76
2024-11-25 20:18:50,574 INFO o.a.j.t.JMeterThread: Stopping because end time detected by thread: Thread Group 1-129
2024-11-25 20:18:50,575 INFO o.a.j.t.JMeterThread: Thread finished: Thread Group 1-129
2024-11-25 20:18:50,593 INFO o.a.j.t.JMeterThread: Stopping because end time detected by thread: Thread Group 1-42
2024-11-25 20:18:50,593 INFO o.a.j.t.JMeterThread: Thread finished: Thread Group 1-42
2024-11-25 20:18:50,594 INFO o.a.j.t.JMeterThread: Stopping because end time detected by thread: Thread Group 1-152
2024-11-25 20:18:50,594 INFO o.a.j.t.JMeterThread: Thread finished: Thread Group 1-152
2024-11-25 20:18:50,610 INFO o.a.j.t.JMeterThread: Stopping because end time detected by thread: Thread Group 1-28
2024-11-25 20:18:50,610 INFO o.a.j.t.JMeterThread: Thread finished: Thread Group 1-28
2024-11-25 20:18:50,657 INFO o.a.j.t.JMeterThread: Stopping because end time detected by thread: Thread Group 1-90
2024-11-25 20:18:50,657 INFO o.a.j.t.JMeterThread: Thread finished: Thread Group 1-90
2024-11-25 20:18:50,750 INFO o.a.j.t.JMeterThread: Stopping because end time detected by thread: Thread Group 1-14
2024-11-25 20:18:50,750 INFO o.a.j.t.JMeterThread: Thread finished: Thread Group 1-14
2024-11-25 20:18:50,866 INFO o.a.j.t.JMeterThread: Stopping because end time detected by thread: Thread Group 1-83
2024-11-25 20:18:50,866 INFO o.a.j.t.JMeterThread: Thread finished: Thread Group 1-83
2024-11-25 20:18:50,917 INFO o.a.j.t.JMeterThread: Stopping because end time detected by thread: Thread Group 1-162
2024-11-25 20:18:50,918 INFO o.a.j.t.JMeterThread: Thread finished: Thread Group 1-162
2024-11-25 20:18:51,173 INFO o.a.j.t.JMeterThread: Stopping because end time detected by thread: Thread Group 1-140
2024-11-25 20:18:51,173 INFO o.a.j.t.JMeterThread: Thread finished: Thread Group 1-140
2024-11-25 20:18:51,175 INFO o.a.j.t.JMeterThread: Stopping because end time detected by thread: Thread Group 1-125
2024-11-25 20:18:51,175 INFO o.a.j.t.JMeterThread: Thread finished: Thread Group 1-125
2024-11-25 20:18:52,212 INFO o.a.j.t.JMeterThread: Stopping because end time detected by thread: Thread Group 1-19
2024-11-25 20:18:52,212 INFO o.a.j.t.JMeterThread: Thread finished: Thread Group 1-19
2024-11-25 20:18:52,514 INFO o.a.j.t.JMeterThread: Stopping because end time detected by thread: Thread Group 1-131
2024-11-25 20:18:52,514 INFO o.a.j.t.JMeterThread: Thread finished: Thread Group 1-131
2024-11-25 20:18:52,514 INFO o.a.j.e.StandardJMeterEngine: Notifying test listeners of end of test
2024-11-25 20:18:53,261 INFO o.a.j.r.Summariser: summary +    409 in 00:00:23 =   17.9/s Avg: 12748 Min:  1659 Max: 31696 Err:   153 (37.41%) Active: 0 Started: 200 Finished: 200
2024-11-25 20:18:53,372 INFO o.a.j.r.Summariser: summary =   1069 in 00:02:13 =    8.0/s Avg: 15633 Min:  1062 Max: 62728 Err:   335 (31.34%)
