2024-11-25 20:07:43,728 INFO o.a.j.u.JMeterUtils: Setting Locale to en_EN
2024-11-25 20:07:44,037 INFO o.a.j.JMeter: Loading user properties from: C:\Utils\apache-jmeter-5.6.3\bin\user.properties
2024-11-25 20:07:44,038 INFO o.a.j.JMeter: Loading system properties from: C:\Utils\apache-jmeter-5.6.3\bin\system.properties
2024-11-25 20:07:44,046 INFO o.a.j.JMeter: Copyright (c) 1998-2024 The Apache Software Foundation
2024-11-25 20:07:44,047 INFO o.a.j.JMeter: Version 5.6.3
2024-11-25 20:07:44,047 INFO o.a.j.JMeter: java.version=19.0.1
2024-11-25 20:07:44,047 INFO o.a.j.JMeter: java.vm.name=Java HotSpot(TM) 64-Bit Server VM
2024-11-25 20:07:44,047 INFO o.a.j.JMeter: os.name=Windows 10
2024-11-25 20:07:44,047 INFO o.a.j.JMeter: os.arch=amd64
2024-11-25 20:07:44,047 INFO o.a.j.JMeter: os.version=10.0
2024-11-25 20:07:44,048 INFO o.a.j.JMeter: file.encoding=UTF-8
2024-11-25 20:07:44,048 INFO o.a.j.JMeter: java.awt.headless=true
2024-11-25 20:07:44,048 INFO o.a.j.JMeter: Max memory     =1073741824
2024-11-25 20:07:44,048 INFO o.a.j.JMeter: Available Processors =16
2024-11-25 20:07:44,070 INFO o.a.j.JMeter: Default Locale=English (EN)
2024-11-25 20:07:44,070 INFO o.a.j.JMeter: JMeter  Locale=English (EN)
2024-11-25 20:07:44,070 INFO o.a.j.JMeter: JMeterHome=C:\Utils\apache-jmeter-5.6.3
2024-11-25 20:07:44,089 INFO o.a.j.JMeter: user.dir  =C:\Users\danie\Dropbox\bonjr\coding\VSProjects\Lets_SAS_RPI_Websites\Jmeter
2024-11-25 20:07:44,091 INFO o.a.j.JMeter: PWD       =C:\Users\danie\Dropbox\bonjr\coding\VSProjects\Lets_SAS_RPI_Websites\Jmeter
2024-11-25 20:07:49,458 INFO o.a.j.JMeter: IP: 169.254.5.254 Name: OlijebwaPC FullName: OlijebwaPC
2024-11-25 20:07:50,204 INFO o.a.j.s.FileServer: Default base='C:\Users\danie\Dropbox\bonjr\coding\VSProjects\Lets_SAS_RPI_Websites\Jmeter'
2024-11-25 20:07:50,208 INFO o.a.j.s.FileServer: Set new base='C:\Users\danie\Dropbox\bonjr\coding\VSProjects\Lets_SAS_RPI_Websites\Jmeter'
2024-11-25 20:07:52,077 INFO o.a.j.s.SaveService: Testplan (JMX) version: 2.2. Testlog (JTL) version: 2.2
2024-11-25 20:07:52,236 INFO o.a.j.s.SaveService: Using SaveService properties version 5.0
2024-11-25 20:07:52,240 INFO o.a.j.s.SaveService: Using SaveService properties file encoding UTF-8
2024-11-25 20:07:52,244 INFO o.a.j.s.SaveService: Loading file: C:\Users\danie\Dropbox\bonjr\coding\VSProjects\Lets_SAS_RPI_Websites\Jmeter\traffic_simulation_spike.jmx
2024-11-25 20:07:53,268 INFO o.a.j.p.h.s.HTTPSamplerBase: Parser for text/html is org.apache.jmeter.protocol.http.parser.LagartoBasedHtmlParser
2024-11-25 20:07:53,269 INFO o.a.j.p.h.s.HTTPSamplerBase: Parser for application/xhtml+xml is org.apache.jmeter.protocol.http.parser.LagartoBasedHtmlParser
2024-11-25 20:07:53,269 INFO o.a.j.p.h.s.HTTPSamplerBase: Parser for application/xml is org.apache.jmeter.protocol.http.parser.LagartoBasedHtmlParser
2024-11-25 20:07:53,269 INFO o.a.j.p.h.s.HTTPSamplerBase: Parser for text/xml is org.apache.jmeter.protocol.http.parser.LagartoBasedHtmlParser
2024-11-25 20:07:53,269 INFO o.a.j.p.h.s.HTTPSamplerBase: Parser for text/vnd.wap.wml is org.apache.jmeter.protocol.http.parser.RegexpHTMLParser
2024-11-25 20:07:53,269 INFO o.a.j.p.h.s.HTTPSamplerBase: Parser for text/css is org.apache.jmeter.protocol.http.parser.CssParser
2024-11-25 20:07:53,293 INFO o.a.j.JMeter: Creating summariser <summary>
2024-11-25 20:07:54,365 INFO o.a.j.e.StandardJMeterEngine: Running the test!
2024-11-25 20:07:54,366 INFO o.a.j.s.SampleEvent: List of sample_variables: [FLIGHTTOCOUNT, FLIGHTRETCOUNT, ONEWAY]
2024-11-25 20:07:54,366 INFO o.a.j.s.SampleEvent: List of sample_variables: [FLIGHTTOCOUNT, FLIGHTRETCOUNT, ONEWAY]
2024-11-25 20:07:54,380 INFO o.a.j.e.u.CompoundVariable: Note: Function class names must contain the string: '.functions.'
2024-11-25 20:07:54,386 INFO o.a.j.e.u.CompoundVariable: Note: Function class names must not contain the string: '.gui.'
2024-11-25 20:07:55,513 INFO o.a.j.r.ClassFinder: Will scan jar C:\Utils\apache-jmeter-5.6.3\lib\ext\jmeter-plugins-casutg-2.10.jar with filter ExtendsClassFilter [parents=[interface org.apache.jmeter.functions.Function], inner=false, contains=null, notContains=null]. Consider exposing JMeter plugins via META-INF/services, and add JMeter-Skip-Class-Scanning=true manifest attribute so JMeter can skip classfile scanning
2024-11-25 20:07:55,530 INFO o.a.j.r.ClassFinder: Will scan jar C:\Utils\apache-jmeter-5.6.3\lib\ext\json-simple-1.1.1.jar with filter ExtendsClassFilter [parents=[interface org.apache.jmeter.functions.Function], inner=false, contains=null, notContains=null]. Consider exposing JMeter plugins via META-INF/services, and add JMeter-Skip-Class-Scanning=true manifest attribute so JMeter can skip classfile scanning
2024-11-25 20:07:55,535 INFO o.a.j.r.ClassFinder: Will scan jar C:\Utils\apache-jmeter-5.6.3\lib\ext\acmeair-jmeter-2.0.0-SNAPSHOT.jar with filter ExtendsClassFilter [parents=[interface org.apache.jmeter.functions.Function], inner=false, contains=null, notContains=null]. Consider exposing JMeter plugins via META-INF/services, and add JMeter-Skip-Class-Scanning=true manifest attribute so JMeter can skip classfile scanning
2024-11-25 20:07:55,787 INFO o.a.j.r.ClassFinder: Will scan jar C:\Utils\apache-jmeter-5.6.3\lib\ext\jmeter-plugins-manager-1.6.jar with filter ExtendsClassFilter [parents=[interface org.apache.jmeter.functions.Function], inner=false, contains=null, notContains=null]. Consider exposing JMeter plugins via META-INF/services, and add JMeter-Skip-Class-Scanning=true manifest attribute so JMeter can skip classfile scanning
2024-11-25 20:07:57,560 INFO o.a.j.r.ClassFinder: Will scan jar C:\Utils\apache-jmeter-5.6.3\lib\ext\jmeter-plugins-manager-1.10.jar with filter ExtendsClassFilter [parents=[interface org.apache.jmeter.functions.Function], inner=false, contains=null, notContains=null]. Consider exposing JMeter plugins via META-INF/services, and add JMeter-Skip-Class-Scanning=true manifest attribute so JMeter can skip classfile scanning
2024-11-25 20:07:57,573 INFO o.a.j.JMeter: Running test (1732583277573)
2024-11-25 20:07:57,871 INFO o.a.j.e.StandardJMeterEngine: Starting ThreadGroup: 1 : Thread Group
2024-11-25 20:07:57,871 INFO o.a.j.e.StandardJMeterEngine: Starting 200 threads for group Thread Group.
2024-11-25 20:07:57,871 INFO o.a.j.e.StandardJMeterEngine: Thread will continue on error
2024-11-25 20:07:57,871 INFO o.a.j.t.ThreadGroup: Starting thread group... number=1 threads=200 ramp-up=10 delayedStart=false
2024-11-25 20:07:58,282 INFO o.a.j.t.JMeterThread: Thread started: Thread Group 1-5
2024-11-25 20:07:58,292 INFO o.a.j.t.JMeterThread: Thread started: Thread Group 1-1
2024-11-25 20:07:58,338 INFO o.a.j.t.JMeterThread: Thread started: Thread Group 1-6
2024-11-25 20:07:58,371 INFO o.a.j.t.JMeterThread: Thread started: Thread Group 1-7
2024-11-25 20:07:58,378 INFO o.a.j.t.ThreadGroup: Started thread group number 1
2024-11-25 20:07:58,378 INFO o.a.j.e.StandardJMeterEngine: All thread groups have been started
2024-11-25 20:07:58,410 INFO o.a.j.t.JMeterThread: Thread started: Thread Group 1-8
2024-11-25 20:07:58,449 INFO o.a.j.t.JMeterThread: Thread started: Thread Group 1-2
2024-11-25 20:07:59,258 INFO o.a.j.t.JMeterThread: Thread started: Thread Group 1-13
2024-11-25 20:07:59,258 INFO o.a.j.t.JMeterThread: Thread started: Thread Group 1-3
2024-11-25 20:07:59,258 INFO o.a.j.t.JMeterThread: Thread started: Thread Group 1-16
2024-11-25 20:07:59,258 INFO o.a.j.t.JMeterThread: Thread started: Thread Group 1-9
2024-11-25 20:07:59,258 INFO o.a.j.t.JMeterThread: Thread started: Thread Group 1-10
2024-11-25 20:07:59,258 INFO o.a.j.t.JMeterThread: Thread started: Thread Group 1-23
2024-11-25 20:07:59,259 INFO o.a.j.t.JMeterThread: Thread started: Thread Group 1-22
2024-11-25 20:07:59,258 INFO o.a.j.t.JMeterThread: Thread started: Thread Group 1-14
2024-11-25 20:07:59,259 INFO o.a.j.t.JMeterThread: Thread started: Thread Group 1-21
2024-11-25 20:07:59,258 INFO o.a.j.t.JMeterThread: Thread started: Thread Group 1-17
2024-11-25 20:07:59,258 INFO o.a.j.t.JMeterThread: Thread started: Thread Group 1-15
2024-11-25 20:07:59,792 INFO o.a.j.t.JMeterThread: Thread started: Thread Group 1-18
2024-11-25 20:07:59,792 INFO o.a.j.t.JMeterThread: Thread started: Thread Group 1-12
2024-11-25 20:07:59,258 INFO o.a.j.t.JMeterThread: Thread started: Thread Group 1-4
2024-11-25 20:07:59,795 INFO o.a.j.t.JMeterThread: Thread started: Thread Group 1-11
2024-11-25 20:07:59,792 INFO o.a.j.t.JMeterThread: Thread started: Thread Group 1-24
2024-11-25 20:07:59,794 INFO o.a.j.t.JMeterThread: Thread started: Thread Group 1-29
2024-11-25 20:07:59,794 INFO o.a.j.t.JMeterThread: Thread started: Thread Group 1-30
2024-11-25 20:07:59,794 INFO o.a.j.t.JMeterThread: Thread started: Thread Group 1-31
2024-11-25 20:07:59,792 INFO o.a.j.t.JMeterThread: Thread started: Thread Group 1-19
2024-11-25 20:07:59,794 INFO o.a.j.t.JMeterThread: Thread started: Thread Group 1-28
2024-11-25 20:07:59,792 INFO o.a.j.t.JMeterThread: Thread started: Thread Group 1-25
2024-11-25 20:07:59,795 INFO o.a.j.t.JMeterThread: Thread started: Thread Group 1-20
2024-11-25 20:07:59,811 INFO o.a.j.p.h.s.HTTPHCAbstractImpl: Local host = OlijebwaPC
2024-11-25 20:07:59,811 INFO o.a.j.t.JMeterThread: Thread started: Thread Group 1-26
2024-11-25 20:07:59,812 INFO o.a.j.t.JMeterThread: Thread started: Thread Group 1-27
2024-11-25 20:07:59,820 INFO o.a.j.p.h.s.HTTPHC4Impl: HTTP request retry count = 0
2024-11-25 20:07:59,821 INFO o.a.j.s.SampleResult: Note: Sample TimeStamps are START times
2024-11-25 20:07:59,821 INFO o.a.j.s.SampleResult: sampleresult.default.encoding is set to UTF-8
2024-11-25 20:07:59,821 INFO o.a.j.s.SampleResult: sampleresult.useNanoTime=true
2024-11-25 20:07:59,822 INFO o.a.j.s.SampleResult: sampleresult.nanoThreadSleep=5000
2024-11-25 20:07:59,824 INFO o.a.j.t.JMeterThread: Thread started: Thread Group 1-36
2024-11-25 20:07:59,947 INFO o.a.j.t.JMeterThread: Thread started: Thread Group 1-39
2024-11-25 20:07:59,913 INFO o.a.j.t.JMeterThread: Thread started: Thread Group 1-38
2024-11-25 20:07:59,896 INFO o.a.j.t.JMeterThread: Thread started: Thread Group 1-37
2024-11-25 20:08:00,026 INFO o.a.j.t.JMeterThread: Thread started: Thread Group 1-32
2024-11-25 20:08:00,049 INFO o.a.j.t.JMeterThread: Thread started: Thread Group 1-33
2024-11-25 20:08:00,189 INFO o.a.j.t.JMeterThread: Thread started: Thread Group 1-44
2024-11-25 20:08:00,212 INFO o.a.j.t.JMeterThread: Thread started: Thread Group 1-45
2024-11-25 20:08:00,284 INFO o.a.j.t.JMeterThread: Thread started: Thread Group 1-34
2024-11-25 20:08:00,332 INFO o.a.j.t.JMeterThread: Thread started: Thread Group 1-46
2024-11-25 20:08:00,365 INFO o.a.j.t.JMeterThread: Thread started: Thread Group 1-35
2024-11-25 20:08:00,395 INFO o.a.j.t.JMeterThread: Thread started: Thread Group 1-40
2024-11-25 20:08:00,437 INFO o.a.j.t.JMeterThread: Thread started: Thread Group 1-41
2024-11-25 20:08:00,500 INFO o.a.j.t.JMeterThread: Thread started: Thread Group 1-47
2024-11-25 20:08:00,624 INFO o.a.j.t.JMeterThread: Thread started: Thread Group 1-52
2024-11-25 20:08:00,633 INFO o.a.j.p.h.p.BaseParser: Created org.apache.jmeter.protocol.http.parser.LagartoBasedHtmlParser
2024-11-25 20:08:00,633 INFO o.a.j.p.h.p.BaseParser: Created org.apache.jmeter.protocol.http.parser.LagartoBasedHtmlParser
2024-11-25 20:08:00,647 INFO o.a.j.t.JMeterThread: Thread started: Thread Group 1-53
2024-11-25 20:08:00,673 INFO o.a.j.p.h.s.ResourcesDownloader: Creating ResourcesDownloader with keepalive_inseconds : 60
2024-11-25 20:08:00,772 INFO o.a.j.p.h.s.h.LazyLayeredConnectionSocketFactory: Setting up HTTPS TrustAll Socket Factory
2024-11-25 20:08:00,774 INFO o.a.j.t.JMeterThread: Thread started: Thread Group 1-54
2024-11-25 20:08:00,800 INFO o.a.j.t.JMeterThread: Thread started: Thread Group 1-48
2024-11-25 20:08:00,801 INFO o.a.j.u.JsseSSLManager: Using default SSL protocol: TLS
2024-11-25 20:08:00,801 INFO o.a.j.u.JsseSSLManager: SSL session context: per-thread
2024-11-25 20:08:00,836 INFO o.a.j.t.JMeterThread: Thread started: Thread Group 1-49
2024-11-25 20:08:00,881 INFO o.a.j.t.JMeterThread: Thread started: Thread Group 1-42
2024-11-25 20:08:00,958 INFO o.a.j.t.JMeterThread: Thread started: Thread Group 1-43
2024-11-25 20:08:00,960 INFO o.a.j.t.JMeterThread: Thread started: Thread Group 1-55
2024-11-25 20:08:01,018 INFO o.a.j.t.JMeterThread: Thread started: Thread Group 1-60
2024-11-25 20:08:01,047 INFO o.a.j.t.JMeterThread: Thread started: Thread Group 1-61
2024-11-25 20:08:01,938 INFO o.a.j.t.JMeterThread: Thread started: Thread Group 1-50
2024-11-25 20:08:01,940 INFO o.a.j.t.JMeterThread: Thread started: Thread Group 1-51
2024-11-25 20:08:01,940 INFO o.a.j.t.JMeterThread: Thread started: Thread Group 1-58
2024-11-25 20:08:01,943 INFO o.a.j.t.JMeterThread: Thread started: Thread Group 1-62
2024-11-25 20:08:01,943 INFO o.a.j.t.JMeterThread: Thread started: Thread Group 1-63
2024-11-25 20:08:01,943 INFO o.a.j.t.JMeterThread: Thread started: Thread Group 1-68
2024-11-25 20:08:01,944 INFO o.a.j.t.JMeterThread: Thread started: Thread Group 1-69
2024-11-25 20:08:01,945 INFO o.a.j.t.JMeterThread: Thread started: Thread Group 1-75
2024-11-25 20:08:01,945 INFO o.a.j.t.JMeterThread: Thread started: Thread Group 1-67
2024-11-25 20:08:01,946 INFO o.a.j.t.JMeterThread: Thread started: Thread Group 1-74
2024-11-25 20:08:01,951 INFO o.a.j.t.JMeterThread: Thread started: Thread Group 1-56
2024-11-25 20:08:01,945 INFO o.a.j.t.JMeterThread: Thread started: Thread Group 1-66
2024-11-25 20:08:01,957 INFO o.a.j.t.JMeterThread: Thread started: Thread Group 1-57
2024-11-25 20:08:01,957 INFO o.a.j.t.JMeterThread: Thread started: Thread Group 1-64
2024-11-25 20:08:01,960 INFO o.a.j.t.JMeterThread: Thread started: Thread Group 1-71
2024-11-25 20:08:01,960 INFO o.a.j.t.JMeterThread: Thread started: Thread Group 1-70
2024-11-25 20:08:01,975 INFO o.a.j.t.JMeterThread: Thread started: Thread Group 1-76
2024-11-25 20:08:01,990 INFO o.a.j.t.JMeterThread: Thread started: Thread Group 1-77
2024-11-25 20:08:02,121 INFO o.a.j.t.JMeterThread: Thread started: Thread Group 1-78
2024-11-25 20:08:02,181 INFO o.a.j.t.JMeterThread: Thread started: Thread Group 1-79
2024-11-25 20:08:02,235 INFO o.a.j.t.JMeterThread: Thread started: Thread Group 1-82
2024-11-25 20:08:02,234 INFO o.a.j.t.JMeterThread: Thread started: Thread Group 1-59
2024-11-25 20:08:02,321 INFO o.a.j.t.JMeterThread: Thread started: Thread Group 1-84
2024-11-25 20:08:02,442 INFO o.a.j.t.JMeterThread: Thread started: Thread Group 1-83
2024-11-25 20:08:02,559 INFO o.a.j.t.JMeterThread: Thread started: Thread Group 1-86
2024-11-25 20:08:02,575 INFO o.a.j.t.JMeterThread: Thread started: Thread Group 1-87
2024-11-25 20:08:02,575 INFO o.a.j.t.JMeterThread: Thread started: Thread Group 1-85
2024-11-25 20:08:02,629 INFO o.a.j.t.JMeterThread: Thread started: Thread Group 1-65
2024-11-25 20:08:02,697 INFO o.a.j.t.JMeterThread: Thread started: Thread Group 1-90
2024-11-25 20:08:02,744 INFO o.a.j.t.JMeterThread: Thread started: Thread Group 1-91
2024-11-25 20:08:02,807 INFO o.a.j.t.JMeterThread: Thread started: Thread Group 1-92
2024-11-25 20:08:02,913 INFO o.a.j.t.JMeterThread: Thread started: Thread Group 1-93
2024-11-25 20:08:02,978 INFO o.a.j.t.JMeterThread: Thread started: Thread Group 1-94
2024-11-25 20:08:02,985 INFO o.a.j.t.JMeterThread: Thread started: Thread Group 1-95
2024-11-25 20:08:02,993 INFO o.a.j.t.JMeterThread: Thread started: Thread Group 1-72
2024-11-25 20:08:03,043 INFO o.a.j.t.JMeterThread: Thread started: Thread Group 1-73
2024-11-25 20:08:03,062 INFO o.a.j.u.SSLManager: JmeterKeyStore Location:  type JKS
2024-11-25 20:08:03,068 INFO o.a.j.u.SSLManager: KeyStore created OK
2024-11-25 20:08:03,068 WARN o.a.j.u.SSLManager: Keystore file not found, loading empty keystore
2024-11-25 20:08:03,096 INFO o.a.j.t.JMeterThread: Thread started: Thread Group 1-98
2024-11-25 20:08:03,156 INFO o.a.j.t.JMeterThread: Thread started: Thread Group 1-99
2024-11-25 20:08:03,177 INFO o.a.j.t.JMeterThread: Thread started: Thread Group 1-100
2024-11-25 20:08:03,232 INFO o.a.j.t.JMeterThread: Thread started: Thread Group 1-101
2024-11-25 20:08:03,279 INFO o.a.j.t.JMeterThread: Thread started: Thread Group 1-102
2024-11-25 20:08:03,594 INFO o.a.j.t.JMeterThread: Thread started: Thread Group 1-88
2024-11-25 20:08:03,749 INFO o.a.j.t.JMeterThread: Thread started: Thread Group 1-80
2024-11-25 20:08:03,900 INFO o.a.j.t.JMeterThread: Thread started: Thread Group 1-81
2024-11-25 20:08:04,023 INFO o.a.j.t.JMeterThread: Thread started: Thread Group 1-106
2024-11-25 20:08:04,056 INFO o.a.j.t.JMeterThread: Thread started: Thread Group 1-104
2024-11-25 20:08:04,069 INFO o.a.j.t.JMeterThread: Thread started: Thread Group 1-105
2024-11-25 20:08:04,070 INFO o.a.j.t.JMeterThread: Thread started: Thread Group 1-97
2024-11-25 20:08:04,185 INFO o.a.j.t.JMeterThread: Thread started: Thread Group 1-107
2024-11-25 20:08:04,193 INFO o.a.j.t.JMeterThread: Thread started: Thread Group 1-89
2024-11-25 20:08:04,195 INFO o.a.j.t.JMeterThread: Thread started: Thread Group 1-108
2024-11-25 20:08:04,225 INFO o.a.j.t.JMeterThread: Thread started: Thread Group 1-109
2024-11-25 20:08:04,229 INFO o.a.j.t.JMeterThread: Thread started: Thread Group 1-110
2024-11-25 20:08:04,273 INFO o.a.j.t.JMeterThread: Thread started: Thread Group 1-111
2024-11-25 20:08:04,304 INFO o.a.j.t.JMeterThread: Thread started: Thread Group 1-103
2024-11-25 20:08:04,323 INFO o.a.j.t.JMeterThread: Thread started: Thread Group 1-112
2024-11-25 20:08:04,386 INFO o.a.j.t.JMeterThread: Thread started: Thread Group 1-113
2024-11-25 20:08:04,446 INFO o.a.j.t.JMeterThread: Thread started: Thread Group 1-114
2024-11-25 20:08:04,478 INFO o.a.j.t.JMeterThread: Thread started: Thread Group 1-115
2024-11-25 20:08:04,544 INFO o.a.j.t.JMeterThread: Thread started: Thread Group 1-116
2024-11-25 20:08:04,557 INFO o.a.j.t.JMeterThread: Thread started: Thread Group 1-96
2024-11-25 20:08:04,640 INFO o.a.j.t.JMeterThread: Thread started: Thread Group 1-118
2024-11-25 20:08:04,672 INFO o.a.j.t.JMeterThread: Thread started: Thread Group 1-119
2024-11-25 20:08:04,816 INFO o.a.j.t.JMeterThread: Thread started: Thread Group 1-120
2024-11-25 20:08:04,824 INFO o.a.j.t.JMeterThread: Thread started: Thread Group 1-122
2024-11-25 20:08:05,024 INFO o.a.j.t.JMeterThread: Thread started: Thread Group 1-124
2024-11-25 20:08:05,046 INFO o.a.j.t.JMeterThread: Thread started: Thread Group 1-126
2024-11-25 20:08:05,108 INFO o.a.j.t.JMeterThread: Thread started: Thread Group 1-117
2024-11-25 20:08:05,188 INFO o.a.j.t.JMeterThread: Thread started: Thread Group 1-128
2024-11-25 20:08:05,265 INFO o.a.j.t.JMeterThread: Thread started: Thread Group 1-131
2024-11-25 20:08:05,265 INFO o.a.j.t.JMeterThread: Thread started: Thread Group 1-129
2024-11-25 20:08:05,316 INFO o.a.j.t.JMeterThread: Thread started: Thread Group 1-132
2024-11-25 20:08:05,332 INFO o.a.j.t.JMeterThread: Thread started: Thread Group 1-121
2024-11-25 20:08:05,414 INFO o.a.j.t.JMeterThread: Thread started: Thread Group 1-123
2024-11-25 20:08:05,552 INFO o.a.j.t.JMeterThread: Thread started: Thread Group 1-125
2024-11-25 20:08:05,552 INFO o.a.j.t.JMeterThread: Thread started: Thread Group 1-136
2024-11-25 20:08:05,552 INFO o.a.j.t.JMeterThread: Thread started: Thread Group 1-135
2024-11-25 20:08:05,673 INFO o.a.j.t.JMeterThread: Thread started: Thread Group 1-138
2024-11-25 20:08:05,674 INFO o.a.j.t.JMeterThread: Thread started: Thread Group 1-127
2024-11-25 20:08:05,674 INFO o.a.j.t.JMeterThread: Thread started: Thread Group 1-139
2024-11-25 20:08:05,675 INFO o.a.j.t.JMeterThread: Thread started: Thread Group 1-137
2024-11-25 20:08:05,714 INFO o.a.j.t.JMeterThread: Thread started: Thread Group 1-140
2024-11-25 20:08:05,754 INFO o.a.j.t.JMeterThread: Thread started: Thread Group 1-130
2024-11-25 20:08:05,872 INFO o.a.j.t.JMeterThread: Thread started: Thread Group 1-143
2024-11-25 20:08:05,900 INFO o.a.j.t.JMeterThread: Thread started: Thread Group 1-133
2024-11-25 20:08:05,955 INFO o.a.j.t.JMeterThread: Thread started: Thread Group 1-134
2024-11-25 20:08:05,963 INFO o.a.j.t.JMeterThread: Thread started: Thread Group 1-144
2024-11-25 20:08:05,975 INFO o.a.j.t.JMeterThread: Thread started: Thread Group 1-145
2024-11-25 20:08:06,015 INFO o.a.j.t.JMeterThread: Thread started: Thread Group 1-146
2024-11-25 20:08:06,096 INFO o.a.j.t.JMeterThread: Thread started: Thread Group 1-147
2024-11-25 20:08:06,123 INFO o.a.j.t.JMeterThread: Thread started: Thread Group 1-148
2024-11-25 20:08:06,164 INFO o.a.j.t.JMeterThread: Thread started: Thread Group 1-149
2024-11-25 20:08:06,211 INFO o.a.j.t.JMeterThread: Thread started: Thread Group 1-150
2024-11-25 20:08:06,260 INFO o.a.j.t.JMeterThread: Thread started: Thread Group 1-151
2024-11-25 20:08:06,298 INFO o.a.j.t.JMeterThread: Thread started: Thread Group 1-141
2024-11-25 20:08:06,333 INFO o.a.j.t.JMeterThread: Thread started: Thread Group 1-152
2024-11-25 20:08:06,359 INFO o.a.j.t.JMeterThread: Thread started: Thread Group 1-142
2024-11-25 20:08:06,412 INFO o.a.j.t.JMeterThread: Thread started: Thread Group 1-154
2024-11-25 20:08:06,462 INFO o.a.j.t.JMeterThread: Thread started: Thread Group 1-155
2024-11-25 20:08:06,560 INFO o.a.j.t.JMeterThread: Thread started: Thread Group 1-157
2024-11-25 20:08:06,613 INFO o.a.j.t.JMeterThread: Thread started: Thread Group 1-158
2024-11-25 20:08:06,724 INFO o.a.j.t.JMeterThread: Thread started: Thread Group 1-160
2024-11-25 20:08:06,760 INFO o.a.j.t.JMeterThread: Thread started: Thread Group 1-161
2024-11-25 20:08:06,842 INFO o.a.j.t.JMeterThread: Thread started: Thread Group 1-162
2024-11-25 20:08:06,861 INFO o.a.j.t.JMeterThread: Thread started: Thread Group 1-163
2024-11-25 20:08:06,903 INFO o.a.j.t.JMeterThread: Thread started: Thread Group 1-153
2024-11-25 20:08:06,913 INFO o.a.j.t.JMeterThread: Thread started: Thread Group 1-164
2024-11-25 20:08:07,046 INFO o.a.j.t.JMeterThread: Thread started: Thread Group 1-156
2024-11-25 20:08:07,142 INFO o.a.j.t.JMeterThread: Thread started: Thread Group 1-168
2024-11-25 20:08:07,173 INFO o.a.j.t.JMeterThread: Thread started: Thread Group 1-169
2024-11-25 20:08:07,197 INFO o.a.j.t.JMeterThread: Thread started: Thread Group 1-159
2024-11-25 20:08:07,337 INFO o.a.j.t.JMeterThread: Thread started: Thread Group 1-171
2024-11-25 20:08:07,377 INFO o.a.j.t.JMeterThread: Thread started: Thread Group 1-173
2024-11-25 20:08:07,417 INFO o.a.j.t.JMeterThread: Thread started: Thread Group 1-174
2024-11-25 20:08:07,469 INFO o.a.j.t.JMeterThread: Thread started: Thread Group 1-175
2024-11-25 20:08:07,507 INFO o.a.j.t.JMeterThread: Thread started: Thread Group 1-165
2024-11-25 20:08:07,544 INFO o.a.j.t.JMeterThread: Thread started: Thread Group 1-166
2024-11-25 20:08:07,594 INFO o.a.j.t.JMeterThread: Thread started: Thread Group 1-176
2024-11-25 20:08:07,594 INFO o.a.j.t.JMeterThread: Thread started: Thread Group 1-177
2024-11-25 20:08:07,596 INFO o.a.j.t.JMeterThread: Thread started: Thread Group 1-167
2024-11-25 20:08:07,657 INFO o.a.j.t.JMeterThread: Thread started: Thread Group 1-179
2024-11-25 20:08:07,706 INFO o.a.j.t.JMeterThread: Thread started: Thread Group 1-180
2024-11-25 20:08:07,746 INFO o.a.j.t.JMeterThread: Thread started: Thread Group 1-170
2024-11-25 20:08:07,768 INFO o.a.j.t.JMeterThread: Thread started: Thread Group 1-181
2024-11-25 20:08:07,829 INFO o.a.j.t.JMeterThread: Thread started: Thread Group 1-182
2024-11-25 20:08:07,856 INFO o.a.j.t.JMeterThread: Thread started: Thread Group 1-183
2024-11-25 20:08:07,856 INFO o.a.j.t.JMeterThread: Thread started: Thread Group 1-172
2024-11-25 20:08:08,017 INFO o.a.j.t.JMeterThread: Thread started: Thread Group 1-186
2024-11-25 20:08:08,056 INFO o.a.j.t.JMeterThread: Thread started: Thread Group 1-187
2024-11-25 20:08:08,144 INFO o.a.j.t.JMeterThread: Thread started: Thread Group 1-178
2024-11-25 20:08:08,164 INFO o.a.j.t.JMeterThread: Thread started: Thread Group 1-189
2024-11-25 20:08:08,228 INFO o.a.j.t.JMeterThread: Thread started: Thread Group 1-190
2024-11-25 20:08:08,255 INFO o.a.j.t.JMeterThread: Thread started: Thread Group 1-191
2024-11-25 20:08:08,308 INFO o.a.j.t.JMeterThread: Thread started: Thread Group 1-192
2024-11-25 20:08:08,365 INFO o.a.j.t.JMeterThread: Thread started: Thread Group 1-193
2024-11-25 20:08:08,461 INFO o.a.j.t.JMeterThread: Thread started: Thread Group 1-194
2024-11-25 20:08:08,466 INFO o.a.j.t.JMeterThread: Thread started: Thread Group 1-195
2024-11-25 20:08:08,617 INFO o.a.j.t.JMeterThread: Thread started: Thread Group 1-197
2024-11-25 20:08:08,617 INFO o.a.j.t.JMeterThread: Thread started: Thread Group 1-198
2024-11-25 20:08:08,648 INFO o.a.j.t.JMeterThread: Thread started: Thread Group 1-188
2024-11-25 20:08:08,700 INFO o.a.j.t.JMeterThread: Thread started: Thread Group 1-184
2024-11-25 20:08:08,723 INFO o.a.j.t.JMeterThread: Thread started: Thread Group 1-185
2024-11-25 20:08:08,980 INFO o.a.j.t.JMeterThread: Thread started: Thread Group 1-200
2024-11-25 20:08:08,995 INFO o.a.j.p.h.p.BaseParser: Created org.apache.jmeter.protocol.http.parser.CssParser
2024-11-25 20:08:08,999 INFO o.a.j.p.h.p.BaseParser: Created org.apache.jmeter.protocol.http.parser.CssParser
2024-11-25 20:08:09,026 INFO o.a.j.p.h.p.BaseParser: Created org.apache.jmeter.protocol.http.parser.CssParser
2024-11-25 20:08:09,026 INFO o.a.j.p.h.p.BaseParser: Created org.apache.jmeter.protocol.http.parser.CssParser
2024-11-25 20:08:09,026 INFO o.a.j.p.h.p.BaseParser: Created org.apache.jmeter.protocol.http.parser.CssParser
2024-11-25 20:08:09,027 INFO o.a.j.p.h.p.BaseParser: Created org.apache.jmeter.protocol.http.parser.CssParser
2024-11-25 20:08:09,029 INFO o.a.j.p.h.p.BaseParser: Created org.apache.jmeter.protocol.http.parser.CssParser
2024-11-25 20:08:09,030 INFO o.a.j.p.h.p.BaseParser: Created org.apache.jmeter.protocol.http.parser.CssParser
2024-11-25 20:08:09,031 INFO o.a.j.p.h.p.BaseParser: Created org.apache.jmeter.protocol.http.parser.CssParser
2024-11-25 20:08:09,033 INFO o.a.j.p.h.p.BaseParser: Created org.apache.jmeter.protocol.http.parser.CssParser
2024-11-25 20:08:09,034 INFO o.a.j.p.h.p.BaseParser: Created org.apache.jmeter.protocol.http.parser.CssParser
2024-11-25 20:08:09,035 INFO o.a.j.p.h.p.BaseParser: Created org.apache.jmeter.protocol.http.parser.CssParser
2024-11-25 20:08:09,035 INFO o.a.j.p.h.p.BaseParser: Created org.apache.jmeter.protocol.http.parser.CssParser
2024-11-25 20:08:09,048 INFO o.a.j.p.h.p.BaseParser: Created org.apache.jmeter.protocol.http.parser.CssParser
2024-11-25 20:08:09,048 INFO o.a.j.p.h.p.BaseParser: Created org.apache.jmeter.protocol.http.parser.CssParser
2024-11-25 20:08:09,048 INFO o.a.j.p.h.p.BaseParser: Created org.apache.jmeter.protocol.http.parser.CssParser
2024-11-25 20:08:09,107 INFO o.a.j.p.h.p.BaseParser: Created org.apache.jmeter.protocol.http.parser.CssParser
2024-11-25 20:08:09,116 INFO o.a.j.t.JMeterThread: Thread started: Thread Group 1-196
2024-11-25 20:08:09,117 INFO o.a.j.p.h.p.BaseParser: Created org.apache.jmeter.protocol.http.parser.CssParser
2024-11-25 20:08:09,117 INFO o.a.j.p.h.p.BaseParser: Created org.apache.jmeter.protocol.http.parser.CssParser
2024-11-25 20:08:09,224 INFO o.a.j.t.JMeterThread: Thread started: Thread Group 1-199
2024-11-25 20:08:09,662 WARN c.h.c.r.e.LoggingCSSParseErrorHandler: Browser compliant mode skipped CSS from [5:53250] starting at token ' ' until [5:53251] to token ';' (based on com.helger.css.parser.ParseException: Encountered unexpected token: ";" ";"
    at line 5, column 53251.

Was expecting one of:

    "+"
    "-"
    "["
    "and"
    "expression("
    "from"
    "inherit"
    "not"
    "only"
    "or"
    "to"
    <ANGLE_DEG>
    <ANGLE_GRAD>
    <ANGLE_RAD>
    <ANGLE_TURN>
    <CH>
    <DPCM>
    <DPI>
    <DPPX>
    <EM>
    <EX>
    <FR>
    <FREQ_HZ>
    <FREQ_KHZ>
    <FUNCTION>
    <FUNCTION_CALC>
    <HASH>
    <IDENT>
    <LENGTH_CM>
    <LENGTH_IN>
    <LENGTH_MM>
    <LENGTH_PC>
    <LENGTH_PT>
    <LENGTH_Q>
    <NUMBER>
    <PERCENTAGE>
    <PX>
    <REM>
    <S>
    <STRING1>
    <STRING2>
    <TIME_MS>
    <TIME_S>
    <URANGE>
    <URL>
    <VH>
    <VMAX>
    <VMIN>
    <VW>
)
2024-11-25 20:08:09,683 WARN c.h.c.r.e.LoggingCSSParseErrorHandler: Browser compliant mode skipped CSS from [5:70708] starting at token ' ' until [5:70709] to token ';' (based on com.helger.css.parser.ParseException: Encountered unexpected token: ";" ";"
    at line 5, column 70709.

Was expecting one of:

    "+"
    "-"
    "["
    "and"
    "expression("
    "from"
    "inherit"
    "not"
    "only"
    "or"
    "to"
    <ANGLE_DEG>
    <ANGLE_GRAD>
    <ANGLE_RAD>
    <ANGLE_TURN>
    <CH>
    <DPCM>
    <DPI>
    <DPPX>
    <EM>
    <EX>
    <FR>
    <FREQ_HZ>
    <FREQ_KHZ>
    <FUNCTION>
    <FUNCTION_CALC>
    <HASH>
    <IDENT>
    <LENGTH_CM>
    <LENGTH_IN>
    <LENGTH_MM>
    <LENGTH_PC>
    <LENGTH_PT>
    <LENGTH_Q>
    <NUMBER>
    <PERCENTAGE>
    <PX>
    <REM>
    <S>
    <STRING1>
    <STRING2>
    <TIME_MS>
    <TIME_S>
    <URANGE>
    <URL>
    <VH>
    <VMAX>
    <VMIN>
    <VW>
)
2024-11-25 20:08:09,688 WARN c.h.c.r.e.LoggingCSSParseErrorHandler: Browser compliant mode skipped CSS from [5:73407] starting at token ' ' until [5:73408] to token ';' (based on com.helger.css.parser.ParseException: Encountered unexpected token: ";" ";"
    at line 5, column 73408.

Was expecting one of:

    "+"
    "-"
    "["
    "and"
    "expression("
    "from"
    "inherit"
    "not"
    "only"
    "or"
    "to"
    <ANGLE_DEG>
    <ANGLE_GRAD>
    <ANGLE_RAD>
    <ANGLE_TURN>
    <CH>
    <DPCM>
    <DPI>
    <DPPX>
    <EM>
    <EX>
    <FR>
    <FREQ_HZ>
    <FREQ_KHZ>
    <FUNCTION>
    <FUNCTION_CALC>
    <HASH>
    <IDENT>
    <LENGTH_CM>
    <LENGTH_IN>
    <LENGTH_MM>
    <LENGTH_PC>
    <LENGTH_PT>
    <LENGTH_Q>
    <NUMBER>
    <PERCENTAGE>
    <PX>
    <REM>
    <S>
    <STRING1>
    <STRING2>
    <TIME_MS>
    <TIME_S>
    <URANGE>
    <URL>
    <VH>
    <VMAX>
    <VMIN>
    <VW>
)
2024-11-25 20:08:09,693 WARN c.h.c.r.e.LoggingCSSParseErrorHandler: Browser compliant mode skipped CSS from [5:79112] starting at token ' ' until [5:79113] to token ';' (based on com.helger.css.parser.ParseException: Encountered unexpected token: ";" ";"
    at line 5, column 79113.

Was expecting one of:

    "+"
    "-"
    "["
    "and"
    "expression("
    "from"
    "inherit"
    "not"
    "only"
    "or"
    "to"
    <ANGLE_DEG>
    <ANGLE_GRAD>
    <ANGLE_RAD>
    <ANGLE_TURN>
    <CH>
    <DPCM>
    <DPI>
    <DPPX>
    <EM>
    <EX>
    <FR>
    <FREQ_HZ>
    <FREQ_KHZ>
    <FUNCTION>
    <FUNCTION_CALC>
    <HASH>
    <IDENT>
    <LENGTH_CM>
    <LENGTH_IN>
    <LENGTH_MM>
    <LENGTH_PC>
    <LENGTH_PT>
    <LENGTH_Q>
    <NUMBER>
    <PERCENTAGE>
    <PX>
    <REM>
    <S>
    <STRING1>
    <STRING2>
    <TIME_MS>
    <TIME_S>
    <URANGE>
    <URL>
    <VH>
    <VMAX>
    <VMIN>
    <VW>
)
2024-11-25 20:08:09,701 WARN c.h.c.r.e.LoggingCSSParseErrorHandler: Browser compliant mode skipped CSS from [5:87095] starting at token ' ' until [5:87096] to token ';' (based on com.helger.css.parser.ParseException: Encountered unexpected token: ";" ";"
    at line 5, column 87096.

Was expecting one of:

    "+"
    "-"
    "["
    "and"
    "expression("
    "from"
    "inherit"
    "not"
    "only"
    "or"
    "to"
    <ANGLE_DEG>
    <ANGLE_GRAD>
    <ANGLE_RAD>
    <ANGLE_TURN>
    <CH>
    <DPCM>
    <DPI>
    <DPPX>
    <EM>
    <EX>
    <FR>
    <FREQ_HZ>
    <FREQ_KHZ>
    <FUNCTION>
    <FUNCTION_CALC>
    <HASH>
    <IDENT>
    <LENGTH_CM>
    <LENGTH_IN>
    <LENGTH_MM>
    <LENGTH_PC>
    <LENGTH_PT>
    <LENGTH_Q>
    <NUMBER>
    <PERCENTAGE>
    <PX>
    <REM>
    <S>
    <STRING1>
    <STRING2>
    <TIME_MS>
    <TIME_S>
    <URANGE>
    <URL>
    <VH>
    <VMAX>
    <VMIN>
    <VW>
)
2024-11-25 20:08:09,701 WARN c.h.c.r.e.LoggingCSSParseErrorHandler: Browser compliant mode skipped CSS from [5:87122] starting at token ' ' until [5:87123] to token ';' (based on com.helger.css.parser.ParseException: Encountered unexpected token: ";" ";"
    at line 5, column 87123.

Was expecting one of:

    "+"
    "-"
    "["
    "and"
    "expression("
    "from"
    "inherit"
    "not"
    "only"
    "or"
    "to"
    <ANGLE_DEG>
    <ANGLE_GRAD>
    <ANGLE_RAD>
    <ANGLE_TURN>
    <CH>
    <DPCM>
    <DPI>
    <DPPX>
    <EM>
    <EX>
    <FR>
    <FREQ_HZ>
    <FREQ_KHZ>
    <FUNCTION>
    <FUNCTION_CALC>
    <HASH>
    <IDENT>
    <LENGTH_CM>
    <LENGTH_IN>
    <LENGTH_MM>
    <LENGTH_PC>
    <LENGTH_PT>
    <LENGTH_Q>
    <NUMBER>
    <PERCENTAGE>
    <PX>
    <REM>
    <S>
    <STRING1>
    <STRING2>
    <TIME_MS>
    <TIME_S>
    <URANGE>
    <URL>
    <VH>
    <VMAX>
    <VMIN>
    <VW>
)
2024-11-25 20:08:09,702 WARN c.h.c.r.e.LoggingCSSParseErrorHandler: Browser compliant mode skipped CSS from [5:87297] starting at token ' ' until [5:87298] to token ';' (based on com.helger.css.parser.ParseException: Encountered unexpected token: ";" ";"
    at line 5, column 87298.

Was expecting one of:

    "+"
    "-"
    "["
    "and"
    "expression("
    "from"
    "inherit"
    "not"
    "only"
    "or"
    "to"
    <ANGLE_DEG>
    <ANGLE_GRAD>
    <ANGLE_RAD>
    <ANGLE_TURN>
    <CH>
    <DPCM>
    <DPI>
    <DPPX>
    <EM>
    <EX>
    <FR>
    <FREQ_HZ>
    <FREQ_KHZ>
    <FUNCTION>
    <FUNCTION_CALC>
    <HASH>
    <IDENT>
    <LENGTH_CM>
    <LENGTH_IN>
    <LENGTH_MM>
    <LENGTH_PC>
    <LENGTH_PT>
    <LENGTH_Q>
    <NUMBER>
    <PERCENTAGE>
    <PX>
    <REM>
    <S>
    <STRING1>
    <STRING2>
    <TIME_MS>
    <TIME_S>
    <URANGE>
    <URL>
    <VH>
    <VMAX>
    <VMIN>
    <VW>
)
2024-11-25 20:08:09,702 WARN c.h.c.r.e.LoggingCSSParseErrorHandler: Browser compliant mode skipped CSS from [5:87520] starting at token ' ' until [5:87521] to token ';' (based on com.helger.css.parser.ParseException: Encountered unexpected token: ";" ";"
    at line 5, column 87521.

Was expecting one of:

    "+"
    "-"
    "["
    "and"
    "expression("
    "from"
    "inherit"
    "not"
    "only"
    "or"
    "to"
    <ANGLE_DEG>
    <ANGLE_GRAD>
    <ANGLE_RAD>
    <ANGLE_TURN>
    <CH>
    <DPCM>
    <DPI>
    <DPPX>
    <EM>
    <EX>
    <FR>
    <FREQ_HZ>
    <FREQ_KHZ>
    <FUNCTION>
    <FUNCTION_CALC>
    <HASH>
    <IDENT>
    <LENGTH_CM>
    <LENGTH_IN>
    <LENGTH_MM>
    <LENGTH_PC>
    <LENGTH_PT>
    <LENGTH_Q>
    <NUMBER>
    <PERCENTAGE>
    <PX>
    <REM>
    <S>
    <STRING1>
    <STRING2>
    <TIME_MS>
    <TIME_S>
    <URANGE>
    <URL>
    <VH>
    <VMAX>
    <VMIN>
    <VW>
)
2024-11-25 20:08:09,702 WARN c.h.c.r.e.LoggingCSSParseErrorHandler: Browser compliant mode skipped CSS from [5:87539] starting at token ' ' until [5:87540] to token ';' (based on com.helger.css.parser.ParseException: Encountered unexpected token: ";" ";"
    at line 5, column 87540.

Was expecting one of:

    "+"
    "-"
    "["
    "and"
    "expression("
    "from"
    "inherit"
    "not"
    "only"
    "or"
    "to"
    <ANGLE_DEG>
    <ANGLE_GRAD>
    <ANGLE_RAD>
    <ANGLE_TURN>
    <CH>
    <DPCM>
    <DPI>
    <DPPX>
    <EM>
    <EX>
    <FR>
    <FREQ_HZ>
    <FREQ_KHZ>
    <FUNCTION>
    <FUNCTION_CALC>
    <HASH>
    <IDENT>
    <LENGTH_CM>
    <LENGTH_IN>
    <LENGTH_MM>
    <LENGTH_PC>
    <LENGTH_PT>
    <LENGTH_Q>
    <NUMBER>
    <PERCENTAGE>
    <PX>
    <REM>
    <S>
    <STRING1>
    <STRING2>
    <TIME_MS>
    <TIME_S>
    <URANGE>
    <URL>
    <VH>
    <VMAX>
    <VMIN>
    <VW>
)
2024-11-25 20:08:09,703 WARN c.h.c.r.e.LoggingCSSParseErrorHandler: Browser compliant mode skipped CSS from [5:87557] starting at token ' ' until [5:87558] to token ';' (based on com.helger.css.parser.ParseException: Encountered unexpected token: ";" ";"
    at line 5, column 87558.

Was expecting one of:

    "+"
    "-"
    "["
    "and"
    "expression("
    "from"
    "inherit"
    "not"
    "only"
    "or"
    "to"
    <ANGLE_DEG>
    <ANGLE_GRAD>
    <ANGLE_RAD>
    <ANGLE_TURN>
    <CH>
    <DPCM>
    <DPI>
    <DPPX>
    <EM>
    <EX>
    <FR>
    <FREQ_HZ>
    <FREQ_KHZ>
    <FUNCTION>
    <FUNCTION_CALC>
    <HASH>
    <IDENT>
    <LENGTH_CM>
    <LENGTH_IN>
    <LENGTH_MM>
    <LENGTH_PC>
    <LENGTH_PT>
    <LENGTH_Q>
    <NUMBER>
    <PERCENTAGE>
    <PX>
    <REM>
    <S>
    <STRING1>
    <STRING2>
    <TIME_MS>
    <TIME_S>
    <URANGE>
    <URL>
    <VH>
    <VMAX>
    <VMIN>
    <VW>
)
2024-11-25 20:08:09,717 WARN c.h.c.r.e.LoggingCSSParseErrorHandler: Browser compliant mode skipped CSS from [5:96851] starting at token ' ' until [5:96852] to token ';' (based on com.helger.css.parser.ParseException: Encountered unexpected token: ";" ";"
    at line 5, column 96852.

Was expecting one of:

    "+"
    "-"
    "["
    "and"
    "expression("
    "from"
    "inherit"
    "not"
    "only"
    "or"
    "to"
    <ANGLE_DEG>
    <ANGLE_GRAD>
    <ANGLE_RAD>
    <ANGLE_TURN>
    <CH>
    <DPCM>
    <DPI>
    <DPPX>
    <EM>
    <EX>
    <FR>
    <FREQ_HZ>
    <FREQ_KHZ>
    <FUNCTION>
    <FUNCTION_CALC>
    <HASH>
    <IDENT>
    <LENGTH_CM>
    <LENGTH_IN>
    <LENGTH_MM>
    <LENGTH_PC>
    <LENGTH_PT>
    <LENGTH_Q>
    <NUMBER>
    <PERCENTAGE>
    <PX>
    <REM>
    <S>
    <STRING1>
    <STRING2>
    <TIME_MS>
    <TIME_S>
    <URANGE>
    <URL>
    <VH>
    <VMAX>
    <VMIN>
    <VW>
)
2024-11-25 20:08:09,717 WARN c.h.c.r.e.LoggingCSSParseErrorHandler: Browser compliant mode skipped CSS from [5:96883] starting at token ' ' until [5:96884] to token ';' (based on com.helger.css.parser.ParseException: Encountered unexpected token: ";" ";"
    at line 5, column 96884.

Was expecting one of:

    "+"
    "-"
    "["
    "and"
    "expression("
    "from"
    "inherit"
    "not"
    "only"
    "or"
    "to"
    <ANGLE_DEG>
    <ANGLE_GRAD>
    <ANGLE_RAD>
    <ANGLE_TURN>
    <CH>
    <DPCM>
    <DPI>
    <DPPX>
    <EM>
    <EX>
    <FR>
    <FREQ_HZ>
    <FREQ_KHZ>
    <FUNCTION>
    <FUNCTION_CALC>
    <HASH>
    <IDENT>
    <LENGTH_CM>
    <LENGTH_IN>
    <LENGTH_MM>
    <LENGTH_PC>
    <LENGTH_PT>
    <LENGTH_Q>
    <NUMBER>
    <PERCENTAGE>
    <PX>
    <REM>
    <S>
    <STRING1>
    <STRING2>
    <TIME_MS>
    <TIME_S>
    <URANGE>
    <URL>
    <VH>
    <VMAX>
    <VMIN>
    <VW>
)
2024-11-25 20:08:09,760 WARN c.h.c.r.e.LoggingCSSParseErrorHandler: Browser compliant mode skipped CSS from [5:118914] starting at token ' ' until [5:118915] to token ';' (based on com.helger.css.parser.ParseException: Encountered unexpected token: ";" ";"
    at line 5, column 118915.

Was expecting one of:

    "+"
    "-"
    "["
    "and"
    "expression("
    "from"
    "inherit"
    "not"
    "only"
    "or"
    "to"
    <ANGLE_DEG>
    <ANGLE_GRAD>
    <ANGLE_RAD>
    <ANGLE_TURN>
    <CH>
    <DPCM>
    <DPI>
    <DPPX>
    <EM>
    <EX>
    <FR>
    <FREQ_HZ>
    <FREQ_KHZ>
    <FUNCTION>
    <FUNCTION_CALC>
    <HASH>
    <IDENT>
    <LENGTH_CM>
    <LENGTH_IN>
    <LENGTH_MM>
    <LENGTH_PC>
    <LENGTH_PT>
    <LENGTH_Q>
    <NUMBER>
    <PERCENTAGE>
    <PX>
    <REM>
    <S>
    <STRING1>
    <STRING2>
    <TIME_MS>
    <TIME_S>
    <URANGE>
    <URL>
    <VH>
    <VMAX>
    <VMIN>
    <VW>
)
2024-11-25 20:08:09,762 WARN c.h.c.r.e.LoggingCSSParseErrorHandler: Browser compliant mode skipped CSS from [5:120779] starting at token ' ' until [5:120780] to token ';' (based on com.helger.css.parser.ParseException: Encountered unexpected token: ";" ";"
    at line 5, column 120780.

Was expecting one of:

    "+"
    "-"
    "["
    "and"
    "expression("
    "from"
    "inherit"
    "not"
    "only"
    "or"
    "to"
    <ANGLE_DEG>
    <ANGLE_GRAD>
    <ANGLE_RAD>
    <ANGLE_TURN>
    <CH>
    <DPCM>
    <DPI>
    <DPPX>
    <EM>
    <EX>
    <FR>
    <FREQ_HZ>
    <FREQ_KHZ>
    <FUNCTION>
    <FUNCTION_CALC>
    <HASH>
    <IDENT>
    <LENGTH_CM>
    <LENGTH_IN>
    <LENGTH_MM>
    <LENGTH_PC>
    <LENGTH_PT>
    <LENGTH_Q>
    <NUMBER>
    <PERCENTAGE>
    <PX>
    <REM>
    <S>
    <STRING1>
    <STRING2>
    <TIME_MS>
    <TIME_S>
    <URANGE>
    <URL>
    <VH>
    <VMAX>
    <VMIN>
    <VW>
)
2024-11-25 20:08:09,763 WARN c.h.c.r.e.LoggingCSSParseErrorHandler: Browser compliant mode skipped CSS from [5:121417] starting at token ' ' until [5:121418] to token ';' (based on com.helger.css.parser.ParseException: Encountered unexpected token: ";" ";"
    at line 5, column 121418.

Was expecting one of:

    "+"
    "-"
    "["
    "and"
    "expression("
    "from"
    "inherit"
    "not"
    "only"
    "or"
    "to"
    <ANGLE_DEG>
    <ANGLE_GRAD>
    <ANGLE_RAD>
    <ANGLE_TURN>
    <CH>
    <DPCM>
    <DPI>
    <DPPX>
    <EM>
    <EX>
    <FR>
    <FREQ_HZ>
    <FREQ_KHZ>
    <FUNCTION>
    <FUNCTION_CALC>
    <HASH>
    <IDENT>
    <LENGTH_CM>
    <LENGTH_IN>
    <LENGTH_MM>
    <LENGTH_PC>
    <LENGTH_PT>
    <LENGTH_Q>
    <NUMBER>
    <PERCENTAGE>
    <PX>
    <REM>
    <S>
    <STRING1>
    <STRING2>
    <TIME_MS>
    <TIME_S>
    <URANGE>
    <URL>
    <VH>
    <VMAX>
    <VMIN>
    <VW>
)
2024-11-25 20:08:09,770 WARN c.h.c.r.e.LoggingCSSParseErrorHandler: Browser compliant mode skipped CSS from [5:126625] starting at token ' ' until [5:126626] to token ';' (based on com.helger.css.parser.ParseException: Encountered unexpected token: ";" ";"
    at line 5, column 126626.

Was expecting one of:

    "+"
    "-"
    "["
    "and"
    "expression("
    "from"
    "inherit"
    "not"
    "only"
    "or"
    "to"
    <ANGLE_DEG>
    <ANGLE_GRAD>
    <ANGLE_RAD>
    <ANGLE_TURN>
    <CH>
    <DPCM>
    <DPI>
    <DPPX>
    <EM>
    <EX>
    <FR>
    <FREQ_HZ>
    <FREQ_KHZ>
    <FUNCTION>
    <FUNCTION_CALC>
    <HASH>
    <IDENT>
    <LENGTH_CM>
    <LENGTH_IN>
    <LENGTH_MM>
    <LENGTH_PC>
    <LENGTH_PT>
    <LENGTH_Q>
    <NUMBER>
    <PERCENTAGE>
    <PX>
    <REM>
    <S>
    <STRING1>
    <STRING2>
    <TIME_MS>
    <TIME_S>
    <URANGE>
    <URL>
    <VH>
    <VMAX>
    <VMIN>
    <VW>
)
2024-11-25 20:08:43,011 INFO o.a.j.r.Summariser: summary +    197 in 00:00:38 =    5.1/s Avg: 10859 Min:  6943 Max: 15373 Err:     0 (0.00%) Active: 200 Started: 200 Finished: 0
2024-11-25 20:09:00,823 INFO o.a.j.r.Summariser: summary +    254 in 00:00:25 =   10.2/s Avg: 20519 Min:  5680 Max: 32948 Err:    55 (21.65%) Active: 200 Started: 200 Finished: 0
2024-11-25 20:09:00,823 INFO o.a.j.r.Summariser: summary =    451 in 00:01:03 =    7.1/s Avg: 16299 Min:  5680 Max: 32948 Err:    55 (12.20%)
2024-11-25 20:09:10,522 WARN c.h.c.r.e.LoggingCSSParseErrorHandler: Browser compliant mode skipped CSS from [5:53250] starting at token ' ' until [5:53251] to token ';' (based on com.helger.css.parser.ParseException: Encountered unexpected token: ";" ";"
    at line 5, column 53251.

Was expecting one of:

    "+"
    "-"
    "["
    "and"
    "expression("
    "from"
    "inherit"
    "not"
    "only"
    "or"
    "to"
    <ANGLE_DEG>
    <ANGLE_GRAD>
    <ANGLE_RAD>
    <ANGLE_TURN>
    <CH>
    <DPCM>
    <DPI>
    <DPPX>
    <EM>
    <EX>
    <FR>
    <FREQ_HZ>
    <FREQ_KHZ>
    <FUNCTION>
    <FUNCTION_CALC>
    <HASH>
    <IDENT>
    <LENGTH_CM>
    <LENGTH_IN>
    <LENGTH_MM>
    <LENGTH_PC>
    <LENGTH_PT>
    <LENGTH_Q>
    <NUMBER>
    <PERCENTAGE>
    <PX>
    <REM>
    <S>
    <STRING1>
    <STRING2>
    <TIME_MS>
    <TIME_S>
    <URANGE>
    <URL>
    <VH>
    <VMAX>
    <VMIN>
    <VW>
)
2024-11-25 20:09:10,544 WARN c.h.c.r.e.LoggingCSSParseErrorHandler: Browser compliant mode skipped CSS from [5:70708] starting at token ' ' until [5:70709] to token ';' (based on com.helger.css.parser.ParseException: Encountered unexpected token: ";" ";"
    at line 5, column 70709.

Was expecting one of:

    "+"
    "-"
    "["
    "and"
    "expression("
    "from"
    "inherit"
    "not"
    "only"
    "or"
    "to"
    <ANGLE_DEG>
    <ANGLE_GRAD>
    <ANGLE_RAD>
    <ANGLE_TURN>
    <CH>
    <DPCM>
    <DPI>
    <DPPX>
    <EM>
    <EX>
    <FR>
    <FREQ_HZ>
    <FREQ_KHZ>
    <FUNCTION>
    <FUNCTION_CALC>
    <HASH>
    <IDENT>
    <LENGTH_CM>
    <LENGTH_IN>
    <LENGTH_MM>
    <LENGTH_PC>
    <LENGTH_PT>
    <LENGTH_Q>
    <NUMBER>
    <PERCENTAGE>
    <PX>
    <REM>
    <S>
    <STRING1>
    <STRING2>
    <TIME_MS>
    <TIME_S>
    <URANGE>
    <URL>
    <VH>
    <VMAX>
    <VMIN>
    <VW>
)
2024-11-25 20:09:10,546 WARN c.h.c.r.e.LoggingCSSParseErrorHandler: Browser compliant mode skipped CSS from [5:73407] starting at token ' ' until [5:73408] to token ';' (based on com.helger.css.parser.ParseException: Encountered unexpected token: ";" ";"
    at line 5, column 73408.

Was expecting one of:

    "+"
    "-"
    "["
    "and"
    "expression("
    "from"
    "inherit"
    "not"
    "only"
    "or"
    "to"
    <ANGLE_DEG>
    <ANGLE_GRAD>
    <ANGLE_RAD>
    <ANGLE_TURN>
    <CH>
    <DPCM>
    <DPI>
    <DPPX>
    <EM>
    <EX>
    <FR>
    <FREQ_HZ>
    <FREQ_KHZ>
    <FUNCTION>
    <FUNCTION_CALC>
    <HASH>
    <IDENT>
    <LENGTH_CM>
    <LENGTH_IN>
    <LENGTH_MM>
    <LENGTH_PC>
    <LENGTH_PT>
    <LENGTH_Q>
    <NUMBER>
    <PERCENTAGE>
    <PX>
    <REM>
    <S>
    <STRING1>
    <STRING2>
    <TIME_MS>
    <TIME_S>
    <URANGE>
    <URL>
    <VH>
    <VMAX>
    <VMIN>
    <VW>
)
2024-11-25 20:09:10,550 WARN c.h.c.r.e.LoggingCSSParseErrorHandler: Browser compliant mode skipped CSS from [5:79112] starting at token ' ' until [5:79113] to token ';' (based on com.helger.css.parser.ParseException: Encountered unexpected token: ";" ";"
    at line 5, column 79113.

Was expecting one of:

    "+"
    "-"
    "["
    "and"
    "expression("
    "from"
    "inherit"
    "not"
    "only"
    "or"
    "to"
    <ANGLE_DEG>
    <ANGLE_GRAD>
    <ANGLE_RAD>
    <ANGLE_TURN>
    <CH>
    <DPCM>
    <DPI>
    <DPPX>
    <EM>
    <EX>
    <FR>
    <FREQ_HZ>
    <FREQ_KHZ>
    <FUNCTION>
    <FUNCTION_CALC>
    <HASH>
    <IDENT>
    <LENGTH_CM>
    <LENGTH_IN>
    <LENGTH_MM>
    <LENGTH_PC>
    <LENGTH_PT>
    <LENGTH_Q>
    <NUMBER>
    <PERCENTAGE>
    <PX>
    <REM>
    <S>
    <STRING1>
    <STRING2>
    <TIME_MS>
    <TIME_S>
    <URANGE>
    <URL>
    <VH>
    <VMAX>
    <VMIN>
    <VW>
)
2024-11-25 20:09:10,556 WARN c.h.c.r.e.LoggingCSSParseErrorHandler: Browser compliant mode skipped CSS from [5:87095] starting at token ' ' until [5:87096] to token ';' (based on com.helger.css.parser.ParseException: Encountered unexpected token: ";" ";"
    at line 5, column 87096.

Was expecting one of:

    "+"
    "-"
    "["
    "and"
    "expression("
    "from"
    "inherit"
    "not"
    "only"
    "or"
    "to"
    <ANGLE_DEG>
    <ANGLE_GRAD>
    <ANGLE_RAD>
    <ANGLE_TURN>
    <CH>
    <DPCM>
    <DPI>
    <DPPX>
    <EM>
    <EX>
    <FR>
    <FREQ_HZ>
    <FREQ_KHZ>
    <FUNCTION>
    <FUNCTION_CALC>
    <HASH>
    <IDENT>
    <LENGTH_CM>
    <LENGTH_IN>
    <LENGTH_MM>
    <LENGTH_PC>
    <LENGTH_PT>
    <LENGTH_Q>
    <NUMBER>
    <PERCENTAGE>
    <PX>
    <REM>
    <S>
    <STRING1>
    <STRING2>
    <TIME_MS>
    <TIME_S>
    <URANGE>
    <URL>
    <VH>
    <VMAX>
    <VMIN>
    <VW>
)
2024-11-25 20:09:10,556 WARN c.h.c.r.e.LoggingCSSParseErrorHandler: Browser compliant mode skipped CSS from [5:87122] starting at token ' ' until [5:87123] to token ';' (based on com.helger.css.parser.ParseException: Encountered unexpected token: ";" ";"
    at line 5, column 87123.

Was expecting one of:

    "+"
    "-"
    "["
    "and"
    "expression("
    "from"
    "inherit"
    "not"
    "only"
    "or"
    "to"
    <ANGLE_DEG>
    <ANGLE_GRAD>
    <ANGLE_RAD>
    <ANGLE_TURN>
    <CH>
    <DPCM>
    <DPI>
    <DPPX>
    <EM>
    <EX>
    <FR>
    <FREQ_HZ>
    <FREQ_KHZ>
    <FUNCTION>
    <FUNCTION_CALC>
    <HASH>
    <IDENT>
    <LENGTH_CM>
    <LENGTH_IN>
    <LENGTH_MM>
    <LENGTH_PC>
    <LENGTH_PT>
    <LENGTH_Q>
    <NUMBER>
    <PERCENTAGE>
    <PX>
    <REM>
    <S>
    <STRING1>
    <STRING2>
    <TIME_MS>
    <TIME_S>
    <URANGE>
    <URL>
    <VH>
    <VMAX>
    <VMIN>
    <VW>
)
2024-11-25 20:09:10,556 WARN c.h.c.r.e.LoggingCSSParseErrorHandler: Browser compliant mode skipped CSS from [5:87297] starting at token ' ' until [5:87298] to token ';' (based on com.helger.css.parser.ParseException: Encountered unexpected token: ";" ";"
    at line 5, column 87298.

Was expecting one of:

    "+"
    "-"
    "["
    "and"
    "expression("
    "from"
    "inherit"
    "not"
    "only"
    "or"
    "to"
    <ANGLE_DEG>
    <ANGLE_GRAD>
    <ANGLE_RAD>
    <ANGLE_TURN>
    <CH>
    <DPCM>
    <DPI>
    <DPPX>
    <EM>
    <EX>
    <FR>
    <FREQ_HZ>
    <FREQ_KHZ>
    <FUNCTION>
    <FUNCTION_CALC>
    <HASH>
    <IDENT>
    <LENGTH_CM>
    <LENGTH_IN>
    <LENGTH_MM>
    <LENGTH_PC>
    <LENGTH_PT>
    <LENGTH_Q>
    <NUMBER>
    <PERCENTAGE>
    <PX>
    <REM>
    <S>
    <STRING1>
    <STRING2>
    <TIME_MS>
    <TIME_S>
    <URANGE>
    <URL>
    <VH>
    <VMAX>
    <VMIN>
    <VW>
)
2024-11-25 20:09:10,556 WARN c.h.c.r.e.LoggingCSSParseErrorHandler: Browser compliant mode skipped CSS from [5:87520] starting at token ' ' until [5:87521] to token ';' (based on com.helger.css.parser.ParseException: Encountered unexpected token: ";" ";"
    at line 5, column 87521.

Was expecting one of:

    "+"
    "-"
    "["
    "and"
    "expression("
    "from"
    "inherit"
    "not"
    "only"
    "or"
    "to"
    <ANGLE_DEG>
    <ANGLE_GRAD>
    <ANGLE_RAD>
    <ANGLE_TURN>
    <CH>
    <DPCM>
    <DPI>
    <DPPX>
    <EM>
    <EX>
    <FR>
    <FREQ_HZ>
    <FREQ_KHZ>
    <FUNCTION>
    <FUNCTION_CALC>
    <HASH>
    <IDENT>
    <LENGTH_CM>
    <LENGTH_IN>
    <LENGTH_MM>
    <LENGTH_PC>
    <LENGTH_PT>
    <LENGTH_Q>
    <NUMBER>
    <PERCENTAGE>
    <PX>
    <REM>
    <S>
    <STRING1>
    <STRING2>
    <TIME_MS>
    <TIME_S>
    <URANGE>
    <URL>
    <VH>
    <VMAX>
    <VMIN>
    <VW>
)
2024-11-25 20:09:10,556 WARN c.h.c.r.e.LoggingCSSParseErrorHandler: Browser compliant mode skipped CSS from [5:87539] starting at token ' ' until [5:87540] to token ';' (based on com.helger.css.parser.ParseException: Encountered unexpected token: ";" ";"
    at line 5, column 87540.

Was expecting one of:

    "+"
    "-"
    "["
    "and"
    "expression("
    "from"
    "inherit"
    "not"
    "only"
    "or"
    "to"
    <ANGLE_DEG>
    <ANGLE_GRAD>
    <ANGLE_RAD>
    <ANGLE_TURN>
    <CH>
    <DPCM>
    <DPI>
    <DPPX>
    <EM>
    <EX>
    <FR>
    <FREQ_HZ>
    <FREQ_KHZ>
    <FUNCTION>
    <FUNCTION_CALC>
    <HASH>
    <IDENT>
    <LENGTH_CM>
    <LENGTH_IN>
    <LENGTH_MM>
    <LENGTH_PC>
    <LENGTH_PT>
    <LENGTH_Q>
    <NUMBER>
    <PERCENTAGE>
    <PX>
    <REM>
    <S>
    <STRING1>
    <STRING2>
    <TIME_MS>
    <TIME_S>
    <URANGE>
    <URL>
    <VH>
    <VMAX>
    <VMIN>
    <VW>
)
2024-11-25 20:09:10,557 WARN c.h.c.r.e.LoggingCSSParseErrorHandler: Browser compliant mode skipped CSS from [5:87557] starting at token ' ' until [5:87558] to token ';' (based on com.helger.css.parser.ParseException: Encountered unexpected token: ";" ";"
    at line 5, column 87558.

Was expecting one of:

    "+"
    "-"
    "["
    "and"
    "expression("
    "from"
    "inherit"
    "not"
    "only"
    "or"
    "to"
    <ANGLE_DEG>
    <ANGLE_GRAD>
    <ANGLE_RAD>
    <ANGLE_TURN>
    <CH>
    <DPCM>
    <DPI>
    <DPPX>
    <EM>
    <EX>
    <FR>
    <FREQ_HZ>
    <FREQ_KHZ>
    <FUNCTION>
    <FUNCTION_CALC>
    <HASH>
    <IDENT>
    <LENGTH_CM>
    <LENGTH_IN>
    <LENGTH_MM>
    <LENGTH_PC>
    <LENGTH_PT>
    <LENGTH_Q>
    <NUMBER>
    <PERCENTAGE>
    <PX>
    <REM>
    <S>
    <STRING1>
    <STRING2>
    <TIME_MS>
    <TIME_S>
    <URANGE>
    <URL>
    <VH>
    <VMAX>
    <VMIN>
    <VW>
)
2024-11-25 20:09:10,565 WARN c.h.c.r.e.LoggingCSSParseErrorHandler: Browser compliant mode skipped CSS from [5:96851] starting at token ' ' until [5:96852] to token ';' (based on com.helger.css.parser.ParseException: Encountered unexpected token: ";" ";"
    at line 5, column 96852.

Was expecting one of:

    "+"
    "-"
    "["
    "and"
    "expression("
    "from"
    "inherit"
    "not"
    "only"
    "or"
    "to"
    <ANGLE_DEG>
    <ANGLE_GRAD>
    <ANGLE_RAD>
    <ANGLE_TURN>
    <CH>
    <DPCM>
    <DPI>
    <DPPX>
    <EM>
    <EX>
    <FR>
    <FREQ_HZ>
    <FREQ_KHZ>
    <FUNCTION>
    <FUNCTION_CALC>
    <HASH>
    <IDENT>
    <LENGTH_CM>
    <LENGTH_IN>
    <LENGTH_MM>
    <LENGTH_PC>
    <LENGTH_PT>
    <LENGTH_Q>
    <NUMBER>
    <PERCENTAGE>
    <PX>
    <REM>
    <S>
    <STRING1>
    <STRING2>
    <TIME_MS>
    <TIME_S>
    <URANGE>
    <URL>
    <VH>
    <VMAX>
    <VMIN>
    <VW>
)
2024-11-25 20:09:10,565 WARN c.h.c.r.e.LoggingCSSParseErrorHandler: Browser compliant mode skipped CSS from [5:96883] starting at token ' ' until [5:96884] to token ';' (based on com.helger.css.parser.ParseException: Encountered unexpected token: ";" ";"
    at line 5, column 96884.

Was expecting one of:

    "+"
    "-"
    "["
    "and"
    "expression("
    "from"
    "inherit"
    "not"
    "only"
    "or"
    "to"
    <ANGLE_DEG>
    <ANGLE_GRAD>
    <ANGLE_RAD>
    <ANGLE_TURN>
    <CH>
    <DPCM>
    <DPI>
    <DPPX>
    <EM>
    <EX>
    <FR>
    <FREQ_HZ>
    <FREQ_KHZ>
    <FUNCTION>
    <FUNCTION_CALC>
    <HASH>
    <IDENT>
    <LENGTH_CM>
    <LENGTH_IN>
    <LENGTH_MM>
    <LENGTH_PC>
    <LENGTH_PT>
    <LENGTH_Q>
    <NUMBER>
    <PERCENTAGE>
    <PX>
    <REM>
    <S>
    <STRING1>
    <STRING2>
    <TIME_MS>
    <TIME_S>
    <URANGE>
    <URL>
    <VH>
    <VMAX>
    <VMIN>
    <VW>
)
2024-11-25 20:09:10,580 WARN c.h.c.r.e.LoggingCSSParseErrorHandler: Browser compliant mode skipped CSS from [5:118914] starting at token ' ' until [5:118915] to token ';' (based on com.helger.css.parser.ParseException: Encountered unexpected token: ";" ";"
    at line 5, column 118915.

Was expecting one of:

    "+"
    "-"
    "["
    "and"
    "expression("
    "from"
    "inherit"
    "not"
    "only"
    "or"
    "to"
    <ANGLE_DEG>
    <ANGLE_GRAD>
    <ANGLE_RAD>
    <ANGLE_TURN>
    <CH>
    <DPCM>
    <DPI>
    <DPPX>
    <EM>
    <EX>
    <FR>
    <FREQ_HZ>
    <FREQ_KHZ>
    <FUNCTION>
    <FUNCTION_CALC>
    <HASH>
    <IDENT>
    <LENGTH_CM>
    <LENGTH_IN>
    <LENGTH_MM>
    <LENGTH_PC>
    <LENGTH_PT>
    <LENGTH_Q>
    <NUMBER>
    <PERCENTAGE>
    <PX>
    <REM>
    <S>
    <STRING1>
    <STRING2>
    <TIME_MS>
    <TIME_S>
    <URANGE>
    <URL>
    <VH>
    <VMAX>
    <VMIN>
    <VW>
)
2024-11-25 20:09:10,582 WARN c.h.c.r.e.LoggingCSSParseErrorHandler: Browser compliant mode skipped CSS from [5:120779] starting at token ' ' until [5:120780] to token ';' (based on com.helger.css.parser.ParseException: Encountered unexpected token: ";" ";"
    at line 5, column 120780.

Was expecting one of:

    "+"
    "-"
    "["
    "and"
    "expression("
    "from"
    "inherit"
    "not"
    "only"
    "or"
    "to"
    <ANGLE_DEG>
    <ANGLE_GRAD>
    <ANGLE_RAD>
    <ANGLE_TURN>
    <CH>
    <DPCM>
    <DPI>
    <DPPX>
    <EM>
    <EX>
    <FR>
    <FREQ_HZ>
    <FREQ_KHZ>
    <FUNCTION>
    <FUNCTION_CALC>
    <HASH>
    <IDENT>
    <LENGTH_CM>
    <LENGTH_IN>
    <LENGTH_MM>
    <LENGTH_PC>
    <LENGTH_PT>
    <LENGTH_Q>
    <NUMBER>
    <PERCENTAGE>
    <PX>
    <REM>
    <S>
    <STRING1>
    <STRING2>
    <TIME_MS>
    <TIME_S>
    <URANGE>
    <URL>
    <VH>
    <VMAX>
    <VMIN>
    <VW>
)
2024-11-25 20:09:10,582 WARN c.h.c.r.e.LoggingCSSParseErrorHandler: Browser compliant mode skipped CSS from [5:121417] starting at token ' ' until [5:121418] to token ';' (based on com.helger.css.parser.ParseException: Encountered unexpected token: ";" ";"
    at line 5, column 121418.

Was expecting one of:

    "+"
    "-"
    "["
    "and"
    "expression("
    "from"
    "inherit"
    "not"
    "only"
    "or"
    "to"
    <ANGLE_DEG>
    <ANGLE_GRAD>
    <ANGLE_RAD>
    <ANGLE_TURN>
    <CH>
    <DPCM>
    <DPI>
    <DPPX>
    <EM>
    <EX>
    <FR>
    <FREQ_HZ>
    <FREQ_KHZ>
    <FUNCTION>
    <FUNCTION_CALC>
    <HASH>
    <IDENT>
    <LENGTH_CM>
    <LENGTH_IN>
    <LENGTH_MM>
    <LENGTH_PC>
    <LENGTH_PT>
    <LENGTH_Q>
    <NUMBER>
    <PERCENTAGE>
    <PX>
    <REM>
    <S>
    <STRING1>
    <STRING2>
    <TIME_MS>
    <TIME_S>
    <URANGE>
    <URL>
    <VH>
    <VMAX>
    <VMIN>
    <VW>
)
2024-11-25 20:09:10,589 WARN c.h.c.r.e.LoggingCSSParseErrorHandler: Browser compliant mode skipped CSS from [5:126625] starting at token ' ' until [5:126626] to token ';' (based on com.helger.css.parser.ParseException: Encountered unexpected token: ";" ";"
    at line 5, column 126626.

Was expecting one of:

    "+"
    "-"
    "["
    "and"
    "expression("
    "from"
    "inherit"
    "not"
    "only"
    "or"
    "to"
    <ANGLE_DEG>
    <ANGLE_GRAD>
    <ANGLE_RAD>
    <ANGLE_TURN>
    <CH>
    <DPCM>
    <DPI>
    <DPPX>
    <EM>
    <EX>
    <FR>
    <FREQ_HZ>
    <FREQ_KHZ>
    <FUNCTION>
    <FUNCTION_CALC>
    <HASH>
    <IDENT>
    <LENGTH_CM>
    <LENGTH_IN>
    <LENGTH_MM>
    <LENGTH_PC>
    <LENGTH_PT>
    <LENGTH_Q>
    <NUMBER>
    <PERCENTAGE>
    <PX>
    <REM>
    <S>
    <STRING1>
    <STRING2>
    <TIME_MS>
    <TIME_S>
    <URANGE>
    <URL>
    <VH>
    <VMAX>
    <VMIN>
    <VW>
)
2024-11-25 20:09:30,220 INFO o.a.j.r.Summariser: summary +    338 in 00:00:29 =   11.5/s Avg: 14357 Min:  4241 Max: 25629 Err:    62 (18.34%) Active: 200 Started: 200 Finished: 0
2024-11-25 20:09:30,220 INFO o.a.j.r.Summariser: summary =    789 in 00:01:33 =    8.5/s Avg: 15467 Min:  4241 Max: 32948 Err:   117 (14.83%)
2024-11-25 20:09:57,020 INFO o.a.j.t.JMeterThread: Thread finished: Thread Group 1-32
2024-11-25 20:09:58,681 INFO o.a.j.t.JMeterThread: Stopping because end time detected by thread: Thread Group 1-78
2024-11-25 20:09:58,681 INFO o.a.j.t.JMeterThread: Thread finished: Thread Group 1-78
2024-11-25 20:09:58,682 INFO o.a.j.t.JMeterThread: Stopping because end time detected by thread: Thread Group 1-158
2024-11-25 20:10:01,658 INFO o.a.j.t.JMeterThread: Thread finished: Thread Group 1-158
2024-11-25 20:10:01,666 INFO o.a.j.t.JMeterThread: Stopping because end time detected by thread: Thread Group 1-111
2024-11-25 20:10:01,666 INFO o.a.j.t.JMeterThread: Stopping because end time detected by thread: Thread Group 1-97
2024-11-25 20:10:01,666 INFO o.a.j.r.Summariser: summary +    319 in 00:00:31 =   10.1/s Avg: 13269 Min:  4835 Max: 18945 Err:    26 (8.15%) Active: 200 Started: 200 Finished: 0
2024-11-25 20:10:01,666 INFO o.a.j.t.JMeterThread: Stopping because end time detected by thread: Thread Group 1-45
2024-11-25 20:10:01,666 INFO o.a.j.t.JMeterThread: Thread finished: Thread Group 1-45
2024-11-25 20:10:01,666 INFO o.a.j.r.Summariser: summary =   1108 in 00:02:04 =    8.9/s Avg: 14834 Min:  4241 Max: 32948 Err:   143 (12.91%)
2024-11-25 20:10:01,666 INFO o.a.j.t.JMeterThread: Stopping because end time detected by thread: Thread Group 1-110
2024-11-25 20:10:01,666 INFO o.a.j.t.JMeterThread: Thread finished: Thread Group 1-110
2024-11-25 20:10:01,668 INFO o.a.j.t.JMeterThread: Stopping because end time detected by thread: Thread Group 1-152
2024-11-25 20:10:01,668 INFO o.a.j.t.JMeterThread: Thread finished: Thread Group 1-152
2024-11-25 20:10:01,668 INFO o.a.j.t.JMeterThread: Stopping because end time detected by thread: Thread Group 1-70
2024-11-25 20:10:01,669 INFO o.a.j.t.JMeterThread: Thread finished: Thread Group 1-70
2024-11-25 20:10:01,669 INFO o.a.j.t.JMeterThread: Thread finished: Thread Group 1-97
2024-11-25 20:10:01,666 INFO o.a.j.t.JMeterThread: Thread finished: Thread Group 1-111
2024-11-25 20:10:01,669 INFO o.a.j.t.JMeterThread: Stopping because end time detected by thread: Thread Group 1-153
2024-11-25 20:10:01,669 INFO o.a.j.t.JMeterThread: Thread finished: Thread Group 1-153
2024-11-25 20:10:01,669 INFO o.a.j.t.JMeterThread: Stopping because end time detected by thread: Thread Group 1-82
2024-11-25 20:10:01,669 INFO o.a.j.t.JMeterThread: Stopping because end time detected by thread: Thread Group 1-175
2024-11-25 20:10:01,669 INFO o.a.j.t.JMeterThread: Thread finished: Thread Group 1-82
2024-11-25 20:10:01,669 INFO o.a.j.t.JMeterThread: Thread finished: Thread Group 1-175
2024-11-25 20:10:01,669 INFO o.a.j.t.JMeterThread: Stopping because end time detected by thread: Thread Group 1-167
2024-11-25 20:10:01,670 INFO o.a.j.t.JMeterThread: Thread finished: Thread Group 1-167
2024-11-25 20:10:01,670 INFO o.a.j.t.JMeterThread: Stopping because end time detected by thread: Thread Group 1-42
2024-11-25 20:10:01,670 INFO o.a.j.t.JMeterThread: Stopping because end time detected by thread: Thread Group 1-105
2024-11-25 20:10:01,701 INFO o.a.j.t.JMeterThread: Thread finished: Thread Group 1-105
2024-11-25 20:10:01,701 INFO o.a.j.t.JMeterThread: Thread finished: Thread Group 1-42
2024-11-25 20:10:01,788 INFO o.a.j.t.JMeterThread: Stopping because end time detected by thread: Thread Group 1-189
2024-11-25 20:10:01,788 INFO o.a.j.t.JMeterThread: Thread finished: Thread Group 1-189
2024-11-25 20:10:01,971 INFO o.a.j.t.JMeterThread: Stopping because end time detected by thread: Thread Group 1-117
2024-11-25 20:10:01,971 INFO o.a.j.t.JMeterThread: Thread finished: Thread Group 1-117
2024-11-25 20:10:01,972 INFO o.a.j.t.JMeterThread: Stopping because end time detected by thread: Thread Group 1-93
2024-11-25 20:10:01,972 INFO o.a.j.t.JMeterThread: Thread finished: Thread Group 1-93
2024-11-25 20:10:05,201 INFO o.a.j.t.JMeterThread: Stopping because end time detected by thread: Thread Group 1-115
2024-11-25 20:10:05,201 INFO o.a.j.t.JMeterThread: Stopping because end time detected by thread: Thread Group 1-3
2024-11-25 20:10:05,201 INFO o.a.j.t.JMeterThread: Thread finished: Thread Group 1-115
2024-11-25 20:10:05,201 INFO o.a.j.t.JMeterThread: Stopping because end time detected by thread: Thread Group 1-15
2024-11-25 20:10:05,204 INFO o.a.j.t.JMeterThread: Thread finished: Thread Group 1-3
2024-11-25 20:10:05,978 INFO o.a.j.t.JMeterThread: Stopping because end time detected by thread: Thread Group 1-108
2024-11-25 20:10:05,977 INFO o.a.j.t.JMeterThread: Thread finished: Thread Group 1-15
2024-11-25 20:10:05,978 INFO o.a.j.t.JMeterThread: Thread finished: Thread Group 1-108
2024-11-25 20:10:06,159 INFO o.a.j.t.JMeterThread: Stopping because end time detected by thread: Thread Group 1-19
2024-11-25 20:10:06,159 INFO o.a.j.t.JMeterThread: Stopping because end time detected by thread: Thread Group 1-66
2024-11-25 20:10:06,160 INFO o.a.j.t.JMeterThread: Stopping because end time detected by thread: Thread Group 1-168
2024-11-25 20:10:06,160 INFO o.a.j.t.JMeterThread: Thread finished: Thread Group 1-19
2024-11-25 20:10:06,160 INFO o.a.j.t.JMeterThread: Thread finished: Thread Group 1-168
2024-11-25 20:10:06,160 INFO o.a.j.t.JMeterThread: Thread finished: Thread Group 1-66
2024-11-25 20:10:06,162 INFO o.a.j.t.JMeterThread: Stopping because end time detected by thread: Thread Group 1-151
2024-11-25 20:10:06,162 INFO o.a.j.t.JMeterThread: Stopping because end time detected by thread: Thread Group 1-100
2024-11-25 20:10:06,162 INFO o.a.j.t.JMeterThread: Thread finished: Thread Group 1-100
2024-11-25 20:10:06,163 INFO o.a.j.t.JMeterThread: Stopping because end time detected by thread: Thread Group 1-134
2024-11-25 20:10:06,163 INFO o.a.j.t.JMeterThread: Thread finished: Thread Group 1-134
2024-11-25 20:10:06,163 INFO o.a.j.t.JMeterThread: Stopping because end time detected by thread: Thread Group 1-22
2024-11-25 20:10:06,163 INFO o.a.j.t.JMeterThread: Thread finished: Thread Group 1-22
2024-11-25 20:10:06,163 INFO o.a.j.t.JMeterThread: Stopping because end time detected by thread: Thread Group 1-91
2024-11-25 20:10:06,163 INFO o.a.j.t.JMeterThread: Thread finished: Thread Group 1-91
2024-11-25 20:10:06,162 INFO o.a.j.t.JMeterThread: Thread finished: Thread Group 1-151
2024-11-25 20:10:06,164 INFO o.a.j.t.JMeterThread: Stopping because end time detected by thread: Thread Group 1-48
2024-11-25 20:10:06,164 INFO o.a.j.t.JMeterThread: Thread finished: Thread Group 1-48
2024-11-25 20:10:06,165 INFO o.a.j.t.JMeterThread: Stopping because end time detected by thread: Thread Group 1-198
2024-11-25 20:10:06,165 INFO o.a.j.t.JMeterThread: Thread finished: Thread Group 1-198
2024-11-25 20:10:06,165 INFO o.a.j.t.JMeterThread: Stopping because end time detected by thread: Thread Group 1-159
2024-11-25 20:10:06,165 INFO o.a.j.t.JMeterThread: Thread finished: Thread Group 1-159
2024-11-25 20:10:06,169 INFO o.a.j.t.JMeterThread: Stopping because end time detected by thread: Thread Group 1-192
2024-11-25 20:10:06,169 INFO o.a.j.t.JMeterThread: Stopping because end time detected by thread: Thread Group 1-188
2024-11-25 20:10:06,169 INFO o.a.j.t.JMeterThread: Thread finished: Thread Group 1-192
2024-11-25 20:10:06,169 INFO o.a.j.t.JMeterThread: Thread finished: Thread Group 1-188
2024-11-25 20:10:06,170 INFO o.a.j.t.JMeterThread: Stopping because end time detected by thread: Thread Group 1-11
2024-11-25 20:10:06,170 INFO o.a.j.t.JMeterThread: Thread finished: Thread Group 1-11
2024-11-25 20:10:06,170 INFO o.a.j.t.JMeterThread: Stopping because end time detected by thread: Thread Group 1-89
2024-11-25 20:10:06,170 INFO o.a.j.t.JMeterThread: Thread finished: Thread Group 1-89
2024-11-25 20:10:06,169 INFO o.a.j.t.JMeterThread: Stopping because end time detected by thread: Thread Group 1-61
2024-11-25 20:10:06,169 INFO o.a.j.t.JMeterThread: Stopping because end time detected by thread: Thread Group 1-102
2024-11-25 20:10:06,169 INFO o.a.j.t.JMeterThread: Stopping because end time detected by thread: Thread Group 1-133
2024-11-25 20:10:06,212 INFO o.a.j.t.JMeterThread: Thread finished: Thread Group 1-102
2024-11-25 20:10:06,212 INFO o.a.j.t.JMeterThread: Thread finished: Thread Group 1-61
2024-11-25 20:10:06,231 INFO o.a.j.t.JMeterThread: Stopping because end time detected by thread: Thread Group 1-123
2024-11-25 20:10:06,231 INFO o.a.j.t.JMeterThread: Thread finished: Thread Group 1-123
2024-11-25 20:10:06,243 INFO o.a.j.t.JMeterThread: Stopping because end time detected by thread: Thread Group 1-73
2024-11-25 20:10:06,243 INFO o.a.j.t.JMeterThread: Stopping because end time detected by thread: Thread Group 1-1
2024-11-25 20:10:06,244 INFO o.a.j.t.JMeterThread: Thread finished: Thread Group 1-73
2024-11-25 20:10:06,244 INFO o.a.j.t.JMeterThread: Thread finished: Thread Group 1-1
2024-11-25 20:10:06,244 INFO o.a.j.t.JMeterThread: Stopping because end time detected by thread: Thread Group 1-127
2024-11-25 20:10:06,244 INFO o.a.j.t.JMeterThread: Thread finished: Thread Group 1-127
2024-11-25 20:10:06,244 INFO o.a.j.t.JMeterThread: Stopping because end time detected by thread: Thread Group 1-49
2024-11-25 20:10:06,245 INFO o.a.j.t.JMeterThread: Thread finished: Thread Group 1-49
2024-11-25 20:10:06,247 INFO o.a.j.t.JMeterThread: Stopping because end time detected by thread: Thread Group 1-124
2024-11-25 20:10:06,252 INFO o.a.j.t.JMeterThread: Thread finished: Thread Group 1-124
2024-11-25 20:10:06,252 INFO o.a.j.t.JMeterThread: Stopping because end time detected by thread: Thread Group 1-194
2024-11-25 20:10:06,252 INFO o.a.j.t.JMeterThread: Stopping because end time detected by thread: Thread Group 1-195
2024-11-25 20:10:06,252 INFO o.a.j.t.JMeterThread: Thread finished: Thread Group 1-195
2024-11-25 20:10:06,253 INFO o.a.j.t.JMeterThread: Stopping because end time detected by thread: Thread Group 1-138
2024-11-25 20:10:06,253 INFO o.a.j.t.JMeterThread: Thread finished: Thread Group 1-138
2024-11-25 20:10:06,252 INFO o.a.j.t.JMeterThread: Thread finished: Thread Group 1-194
2024-11-25 20:10:06,254 INFO o.a.j.t.JMeterThread: Stopping because end time detected by thread: Thread Group 1-177
2024-11-25 20:10:06,254 INFO o.a.j.t.JMeterThread: Stopping because end time detected by thread: Thread Group 1-77
2024-11-25 20:10:06,254 INFO o.a.j.t.JMeterThread: Thread finished: Thread Group 1-77
2024-11-25 20:10:06,254 INFO o.a.j.t.JMeterThread: Thread finished: Thread Group 1-177
2024-11-25 20:10:06,255 INFO o.a.j.t.JMeterThread: Thread finished: Thread Group 1-133
2024-11-25 20:10:06,257 INFO o.a.j.t.JMeterThread: Stopping because end time detected by thread: Thread Group 1-80
2024-11-25 20:10:06,257 INFO o.a.j.t.JMeterThread: Thread finished: Thread Group 1-80
2024-11-25 20:10:06,257 INFO o.a.j.t.JMeterThread: Stopping because end time detected by thread: Thread Group 1-137
2024-11-25 20:10:06,257 INFO o.a.j.t.JMeterThread: Thread finished: Thread Group 1-137
2024-11-25 20:10:06,257 INFO o.a.j.t.JMeterThread: Stopping because end time detected by thread: Thread Group 1-156
2024-11-25 20:10:06,257 INFO o.a.j.t.JMeterThread: Thread finished: Thread Group 1-156
2024-11-25 20:10:06,262 INFO o.a.j.t.JMeterThread: Stopping because end time detected by thread: Thread Group 1-52
2024-11-25 20:10:06,262 INFO o.a.j.t.JMeterThread: Thread finished: Thread Group 1-52
2024-11-25 20:10:06,263 INFO o.a.j.t.JMeterThread: Stopping because end time detected by thread: Thread Group 1-178
2024-11-25 20:10:06,263 INFO o.a.j.t.JMeterThread: Stopping because end time detected by thread: Thread Group 1-191
2024-11-25 20:10:06,263 INFO o.a.j.t.JMeterThread: Thread finished: Thread Group 1-178
2024-11-25 20:10:06,263 INFO o.a.j.t.JMeterThread: Thread finished: Thread Group 1-191
2024-11-25 20:10:06,263 INFO o.a.j.t.JMeterThread: Stopping because end time detected by thread: Thread Group 1-181
2024-11-25 20:10:06,263 INFO o.a.j.t.JMeterThread: Stopping because end time detected by thread: Thread Group 1-99
2024-11-25 20:10:06,263 INFO o.a.j.t.JMeterThread: Thread finished: Thread Group 1-181
2024-11-25 20:10:06,264 INFO o.a.j.t.JMeterThread: Stopping because end time detected by thread: Thread Group 1-21
2024-11-25 20:10:06,264 INFO o.a.j.t.JMeterThread: Thread finished: Thread Group 1-21
2024-11-25 20:10:06,263 INFO o.a.j.t.JMeterThread: Thread finished: Thread Group 1-99
2024-11-25 20:10:06,264 INFO o.a.j.t.JMeterThread: Stopping because end time detected by thread: Thread Group 1-18
2024-11-25 20:10:06,264 INFO o.a.j.t.JMeterThread: Thread finished: Thread Group 1-18
2024-11-25 20:10:06,264 INFO o.a.j.t.JMeterThread: Stopping because end time detected by thread: Thread Group 1-90
2024-11-25 20:10:06,265 INFO o.a.j.t.JMeterThread: Thread finished: Thread Group 1-90
2024-11-25 20:10:06,265 INFO o.a.j.t.JMeterThread: Stopping because end time detected by thread: Thread Group 1-38
2024-11-25 20:10:06,266 INFO o.a.j.t.JMeterThread: Thread finished: Thread Group 1-38
2024-11-25 20:10:06,266 INFO o.a.j.t.JMeterThread: Stopping because end time detected by thread: Thread Group 1-55
2024-11-25 20:10:06,266 INFO o.a.j.t.JMeterThread: Thread finished: Thread Group 1-55
2024-11-25 20:10:06,266 INFO o.a.j.t.JMeterThread: Stopping because end time detected by thread: Thread Group 1-170
2024-11-25 20:10:06,267 INFO o.a.j.t.JMeterThread: Stopping because end time detected by thread: Thread Group 1-94
2024-11-25 20:10:06,267 INFO o.a.j.t.JMeterThread: Thread finished: Thread Group 1-170
2024-11-25 20:10:06,267 INFO o.a.j.t.JMeterThread: Thread finished: Thread Group 1-94
2024-11-25 20:10:06,267 INFO o.a.j.t.JMeterThread: Stopping because end time detected by thread: Thread Group 1-142
2024-11-25 20:10:06,267 INFO o.a.j.t.JMeterThread: Thread finished: Thread Group 1-142
2024-11-25 20:10:06,267 INFO o.a.j.t.JMeterThread: Stopping because end time detected by thread: Thread Group 1-187
2024-11-25 20:10:06,267 INFO o.a.j.t.JMeterThread: Thread finished: Thread Group 1-187
2024-11-25 20:10:06,267 INFO o.a.j.t.JMeterThread: Stopping because end time detected by thread: Thread Group 1-59
2024-11-25 20:10:06,267 INFO o.a.j.t.JMeterThread: Thread finished: Thread Group 1-59
2024-11-25 20:10:06,268 INFO o.a.j.t.JMeterThread: Stopping because end time detected by thread: Thread Group 1-56
2024-11-25 20:10:06,268 INFO o.a.j.t.JMeterThread: Thread finished: Thread Group 1-56
2024-11-25 20:10:06,270 INFO o.a.j.t.JMeterThread: Stopping because end time detected by thread: Thread Group 1-125
2024-11-25 20:10:06,270 INFO o.a.j.t.JMeterThread: Thread finished: Thread Group 1-125
2024-11-25 20:10:06,271 INFO o.a.j.t.JMeterThread: Stopping because end time detected by thread: Thread Group 1-46
2024-11-25 20:10:06,271 INFO o.a.j.t.JMeterThread: Thread finished: Thread Group 1-46
2024-11-25 20:10:06,271 INFO o.a.j.t.JMeterThread: Stopping because end time detected by thread: Thread Group 1-176
2024-11-25 20:10:06,271 INFO o.a.j.t.JMeterThread: Thread finished: Thread Group 1-176
2024-11-25 20:10:06,271 INFO o.a.j.t.JMeterThread: Stopping because end time detected by thread: Thread Group 1-8
2024-11-25 20:10:06,272 INFO o.a.j.t.JMeterThread: Thread finished: Thread Group 1-8
2024-11-25 20:10:06,272 INFO o.a.j.t.JMeterThread: Stopping because end time detected by thread: Thread Group 1-179
2024-11-25 20:10:06,272 INFO o.a.j.t.JMeterThread: Thread finished: Thread Group 1-179
2024-11-25 20:10:06,272 INFO o.a.j.t.JMeterThread: Stopping because end time detected by thread: Thread Group 1-101
2024-11-25 20:10:06,273 INFO o.a.j.t.JMeterThread: Thread finished: Thread Group 1-101
2024-11-25 20:10:06,274 INFO o.a.j.t.JMeterThread: Stopping because end time detected by thread: Thread Group 1-23
2024-11-25 20:10:06,274 INFO o.a.j.t.JMeterThread: Thread finished: Thread Group 1-23
2024-11-25 20:10:06,275 INFO o.a.j.t.JMeterThread: Stopping because end time detected by thread: Thread Group 1-44
2024-11-25 20:10:06,275 INFO o.a.j.t.JMeterThread: Thread finished: Thread Group 1-44
2024-11-25 20:10:06,276 INFO o.a.j.t.JMeterThread: Stopping because end time detected by thread: Thread Group 1-148
2024-11-25 20:10:06,276 INFO o.a.j.t.JMeterThread: Thread finished: Thread Group 1-148
2024-11-25 20:10:06,276 INFO o.a.j.t.JMeterThread: Stopping because end time detected by thread: Thread Group 1-199
2024-11-25 20:10:06,276 INFO o.a.j.t.JMeterThread: Stopping because end time detected by thread: Thread Group 1-190
2024-11-25 20:10:06,277 INFO o.a.j.t.JMeterThread: Thread finished: Thread Group 1-199
2024-11-25 20:10:06,277 INFO o.a.j.t.JMeterThread: Thread finished: Thread Group 1-190
2024-11-25 20:10:06,277 INFO o.a.j.t.JMeterThread: Stopping because end time detected by thread: Thread Group 1-26
2024-11-25 20:10:06,277 INFO o.a.j.t.JMeterThread: Thread finished: Thread Group 1-26
2024-11-25 20:10:06,277 INFO o.a.j.t.JMeterThread: Stopping because end time detected by thread: Thread Group 1-150
2024-11-25 20:10:06,277 INFO o.a.j.t.JMeterThread: Thread finished: Thread Group 1-150
2024-11-25 20:10:06,277 INFO o.a.j.t.JMeterThread: Stopping because end time detected by thread: Thread Group 1-54
2024-11-25 20:10:06,277 INFO o.a.j.t.JMeterThread: Thread finished: Thread Group 1-54
2024-11-25 20:10:06,277 INFO o.a.j.t.JMeterThread: Stopping because end time detected by thread: Thread Group 1-10
2024-11-25 20:10:06,277 INFO o.a.j.t.JMeterThread: Thread finished: Thread Group 1-10
2024-11-25 20:10:06,277 INFO o.a.j.t.JMeterThread: Stopping because end time detected by thread: Thread Group 1-84
2024-11-25 20:10:06,277 INFO o.a.j.t.JMeterThread: Thread finished: Thread Group 1-84
2024-11-25 20:10:06,278 INFO o.a.j.t.JMeterThread: Stopping because end time detected by thread: Thread Group 1-75
2024-11-25 20:10:06,279 INFO o.a.j.t.JMeterThread: Stopping because end time detected by thread: Thread Group 1-128
2024-11-25 20:10:06,279 INFO o.a.j.t.JMeterThread: Thread finished: Thread Group 1-128
2024-11-25 20:10:06,279 INFO o.a.j.t.JMeterThread: Thread finished: Thread Group 1-75
2024-11-25 20:10:06,279 INFO o.a.j.t.JMeterThread: Stopping because end time detected by thread: Thread Group 1-34
2024-11-25 20:10:06,279 INFO o.a.j.t.JMeterThread: Thread finished: Thread Group 1-34
2024-11-25 20:10:06,279 INFO o.a.j.t.JMeterThread: Stopping because end time detected by thread: Thread Group 1-163
2024-11-25 20:10:06,279 INFO o.a.j.t.JMeterThread: Thread finished: Thread Group 1-163
2024-11-25 20:10:06,280 INFO o.a.j.t.JMeterThread: Stopping because end time detected by thread: Thread Group 1-5
2024-11-25 20:10:06,280 INFO o.a.j.t.JMeterThread: Thread finished: Thread Group 1-5
2024-11-25 20:10:06,280 INFO o.a.j.t.JMeterThread: Stopping because end time detected by thread: Thread Group 1-64
2024-11-25 20:10:06,280 INFO o.a.j.t.JMeterThread: Thread finished: Thread Group 1-64
2024-11-25 20:10:06,280 INFO o.a.j.t.JMeterThread: Stopping because end time detected by thread: Thread Group 1-24
2024-11-25 20:10:06,280 INFO o.a.j.t.JMeterThread: Thread finished: Thread Group 1-24
2024-11-25 20:10:06,281 INFO o.a.j.t.JMeterThread: Stopping because end time detected by thread: Thread Group 1-172
2024-11-25 20:10:06,281 INFO o.a.j.t.JMeterThread: Thread finished: Thread Group 1-172
2024-11-25 20:10:06,281 INFO o.a.j.t.JMeterThread: Stopping because end time detected by thread: Thread Group 1-185
2024-11-25 20:10:06,281 INFO o.a.j.t.JMeterThread: Thread finished: Thread Group 1-185
2024-11-25 20:10:06,281 INFO o.a.j.t.JMeterThread: Stopping because end time detected by thread: Thread Group 1-182
2024-11-25 20:10:06,281 INFO o.a.j.t.JMeterThread: Thread finished: Thread Group 1-182
2024-11-25 20:10:06,281 INFO o.a.j.t.JMeterThread: Stopping because end time detected by thread: Thread Group 1-112
2024-11-25 20:10:06,281 INFO o.a.j.t.JMeterThread: Thread finished: Thread Group 1-112
2024-11-25 20:10:06,282 INFO o.a.j.t.JMeterThread: Stopping because end time detected by thread: Thread Group 1-67
2024-11-25 20:10:06,282 INFO o.a.j.t.JMeterThread: Thread finished: Thread Group 1-67
2024-11-25 20:10:06,282 INFO o.a.j.t.JMeterThread: Stopping because end time detected by thread: Thread Group 1-65
2024-11-25 20:10:06,282 INFO o.a.j.t.JMeterThread: Thread finished: Thread Group 1-65
2024-11-25 20:10:06,284 INFO o.a.j.t.JMeterThread: Stopping because end time detected by thread: Thread Group 1-79
2024-11-25 20:10:06,284 INFO o.a.j.t.JMeterThread: Thread finished: Thread Group 1-79
2024-11-25 20:10:06,284 INFO o.a.j.t.JMeterThread: Stopping because end time detected by thread: Thread Group 1-58
2024-11-25 20:10:06,284 INFO o.a.j.t.JMeterThread: Thread finished: Thread Group 1-58
2024-11-25 20:10:06,285 INFO o.a.j.t.JMeterThread: Stopping because end time detected by thread: Thread Group 1-2
2024-11-25 20:10:06,285 INFO o.a.j.t.JMeterThread: Stopping because end time detected by thread: Thread Group 1-180
2024-11-25 20:10:06,285 INFO o.a.j.t.JMeterThread: Thread finished: Thread Group 1-180
2024-11-25 20:10:06,286 INFO o.a.j.t.JMeterThread: Stopping because end time detected by thread: Thread Group 1-17
2024-11-25 20:10:06,285 INFO o.a.j.t.JMeterThread: Thread finished: Thread Group 1-2
2024-11-25 20:10:06,286 INFO o.a.j.t.JMeterThread: Thread finished: Thread Group 1-17
2024-11-25 20:10:06,286 INFO o.a.j.t.JMeterThread: Stopping because end time detected by thread: Thread Group 1-140
2024-11-25 20:10:06,286 INFO o.a.j.t.JMeterThread: Thread finished: Thread Group 1-140
2024-11-25 20:10:06,287 INFO o.a.j.t.JMeterThread: Stopping because end time detected by thread: Thread Group 1-71
2024-11-25 20:10:06,287 INFO o.a.j.t.JMeterThread: Thread finished: Thread Group 1-71
2024-11-25 20:10:06,975 INFO o.a.j.t.JMeterThread: Stopping because end time detected by thread: Thread Group 1-76
2024-11-25 20:10:06,975 INFO o.a.j.t.JMeterThread: Thread finished: Thread Group 1-76
2024-11-25 20:10:06,981 INFO o.a.j.t.JMeterThread: Stopping because end time detected by thread: Thread Group 1-81
2024-11-25 20:10:06,982 INFO o.a.j.t.JMeterThread: Thread finished: Thread Group 1-81
2024-11-25 20:10:07,038 INFO o.a.j.t.JMeterThread: Stopping because end time detected by thread: Thread Group 1-120
2024-11-25 20:10:07,038 INFO o.a.j.t.JMeterThread: Thread finished: Thread Group 1-120
2024-11-25 20:10:07,038 INFO o.a.j.t.JMeterThread: Stopping because end time detected by thread: Thread Group 1-27
2024-11-25 20:10:07,038 INFO o.a.j.t.JMeterThread: Thread finished: Thread Group 1-27
2024-11-25 20:10:07,051 INFO o.a.j.t.JMeterThread: Stopping because end time detected by thread: Thread Group 1-166
2024-11-25 20:10:07,051 INFO o.a.j.t.JMeterThread: Thread finished: Thread Group 1-166
2024-11-25 20:10:07,060 INFO o.a.j.t.JMeterThread: Stopping because end time detected by thread: Thread Group 1-162
2024-11-25 20:10:07,060 INFO o.a.j.t.JMeterThread: Thread finished: Thread Group 1-162
2024-11-25 20:10:07,065 INFO o.a.j.t.JMeterThread: Stopping because end time detected by thread: Thread Group 1-126
2024-11-25 20:10:07,066 INFO o.a.j.t.JMeterThread: Thread finished: Thread Group 1-126
2024-11-25 20:10:07,067 INFO o.a.j.t.JMeterThread: Stopping because end time detected by thread: Thread Group 1-31
2024-11-25 20:10:07,067 INFO o.a.j.t.JMeterThread: Thread finished: Thread Group 1-31
2024-11-25 20:10:07,071 INFO o.a.j.t.JMeterThread: Stopping because end time detected by thread: Thread Group 1-4
2024-11-25 20:10:07,071 INFO o.a.j.t.JMeterThread: Thread finished: Thread Group 1-4
2024-11-25 20:10:07,080 INFO o.a.j.t.JMeterThread: Stopping because end time detected by thread: Thread Group 1-96
2024-11-25 20:10:07,080 INFO o.a.j.t.JMeterThread: Thread finished: Thread Group 1-96
2024-11-25 20:10:07,086 INFO o.a.j.t.JMeterThread: Stopping because end time detected by thread: Thread Group 1-130
2024-11-25 20:10:07,086 INFO o.a.j.t.JMeterThread: Thread finished: Thread Group 1-130
2024-11-25 20:10:07,086 INFO o.a.j.t.JMeterThread: Stopping because end time detected by thread: Thread Group 1-103
2024-11-25 20:10:07,086 INFO o.a.j.t.JMeterThread: Thread finished: Thread Group 1-103
2024-11-25 20:10:07,086 INFO o.a.j.t.JMeterThread: Stopping because end time detected by thread: Thread Group 1-41
2024-11-25 20:10:07,086 INFO o.a.j.t.JMeterThread: Thread finished: Thread Group 1-41
2024-11-25 20:10:07,090 INFO o.a.j.t.JMeterThread: Stopping because end time detected by thread: Thread Group 1-107
2024-11-25 20:10:07,090 INFO o.a.j.t.JMeterThread: Thread finished: Thread Group 1-107
2024-11-25 20:10:07,095 INFO o.a.j.t.JMeterThread: Stopping because end time detected by thread: Thread Group 1-29
2024-11-25 20:10:07,095 INFO o.a.j.t.JMeterThread: Thread finished: Thread Group 1-29
2024-11-25 20:10:07,097 INFO o.a.j.t.JMeterThread: Stopping because end time detected by thread: Thread Group 1-33
2024-11-25 20:10:07,097 INFO o.a.j.t.JMeterThread: Thread finished: Thread Group 1-33
2024-11-25 20:10:07,097 INFO o.a.j.t.JMeterThread: Stopping because end time detected by thread: Thread Group 1-106
2024-11-25 20:10:07,097 INFO o.a.j.t.JMeterThread: Thread finished: Thread Group 1-106
2024-11-25 20:10:07,099 INFO o.a.j.t.JMeterThread: Stopping because end time detected by thread: Thread Group 1-154
2024-11-25 20:10:07,099 INFO o.a.j.t.JMeterThread: Thread finished: Thread Group 1-154
2024-11-25 20:10:07,099 INFO o.a.j.t.JMeterThread: Stopping because end time detected by thread: Thread Group 1-87
2024-11-25 20:10:07,099 INFO o.a.j.t.JMeterThread: Thread finished: Thread Group 1-87
2024-11-25 20:10:07,100 INFO o.a.j.t.JMeterThread: Stopping because end time detected by thread: Thread Group 1-109
2024-11-25 20:10:07,100 INFO o.a.j.t.JMeterThread: Thread finished: Thread Group 1-109
2024-11-25 20:10:07,100 INFO o.a.j.t.JMeterThread: Stopping because end time detected by thread: Thread Group 1-40
2024-11-25 20:10:07,100 INFO o.a.j.t.JMeterThread: Thread finished: Thread Group 1-40
2024-11-25 20:10:07,100 INFO o.a.j.t.JMeterThread: Stopping because end time detected by thread: Thread Group 1-36
2024-11-25 20:10:07,100 INFO o.a.j.t.JMeterThread: Thread finished: Thread Group 1-36
2024-11-25 20:10:07,101 INFO o.a.j.t.JMeterThread: Stopping because end time detected by thread: Thread Group 1-118
2024-11-25 20:10:07,101 INFO o.a.j.t.JMeterThread: Thread finished: Thread Group 1-118
2024-11-25 20:10:07,309 INFO o.a.j.t.JMeterThread: Stopping because end time detected by thread: Thread Group 1-28
2024-11-25 20:10:07,310 INFO o.a.j.t.JMeterThread: Thread finished: Thread Group 1-28
2024-11-25 20:10:07,312 INFO o.a.j.t.JMeterThread: Stopping because end time detected by thread: Thread Group 1-160
2024-11-25 20:10:07,312 INFO o.a.j.t.JMeterThread: Thread finished: Thread Group 1-160
2024-11-25 20:10:07,312 INFO o.a.j.t.JMeterThread: Stopping because end time detected by thread: Thread Group 1-132
2024-11-25 20:10:07,312 INFO o.a.j.t.JMeterThread: Thread finished: Thread Group 1-132
2024-11-25 20:10:07,324 INFO o.a.j.t.JMeterThread: Stopping because end time detected by thread: Thread Group 1-35
2024-11-25 20:10:07,324 INFO o.a.j.t.JMeterThread: Thread finished: Thread Group 1-35
2024-11-25 20:10:07,328 INFO o.a.j.t.JMeterThread: Stopping because end time detected by thread: Thread Group 1-184
2024-11-25 20:10:07,328 INFO o.a.j.t.JMeterThread: Thread finished: Thread Group 1-184
2024-11-25 20:10:07,433 INFO o.a.j.t.JMeterThread: Stopping because end time detected by thread: Thread Group 1-169
2024-11-25 20:10:07,434 INFO o.a.j.t.JMeterThread: Thread finished: Thread Group 1-169
2024-11-25 20:10:08,056 INFO o.a.j.t.JMeterThread: Stopping because end time detected by thread: Thread Group 1-14
2024-11-25 20:10:08,056 INFO o.a.j.t.JMeterThread: Thread finished: Thread Group 1-14
2024-11-25 20:10:08,928 INFO o.a.j.t.JMeterThread: Stopping because end time detected by thread: Thread Group 1-85
2024-11-25 20:10:08,928 INFO o.a.j.t.JMeterThread: Thread finished: Thread Group 1-85
2024-11-25 20:10:09,003 INFO o.a.j.t.JMeterThread: Stopping because end time detected by thread: Thread Group 1-51
2024-11-25 20:10:09,003 INFO o.a.j.t.JMeterThread: Thread finished: Thread Group 1-51
2024-11-25 20:10:09,150 INFO o.a.j.t.JMeterThread: Stopping because end time detected by thread: Thread Group 1-145
2024-11-25 20:10:09,150 INFO o.a.j.t.JMeterThread: Thread finished: Thread Group 1-145
2024-11-25 20:10:09,299 INFO o.a.j.t.JMeterThread: Stopping because end time detected by thread: Thread Group 1-200
2024-11-25 20:10:09,299 INFO o.a.j.t.JMeterThread: Thread finished: Thread Group 1-200
2024-11-25 20:10:09,348 INFO o.a.j.t.JMeterThread: Stopping because end time detected by thread: Thread Group 1-146
2024-11-25 20:10:09,348 INFO o.a.j.t.JMeterThread: Thread finished: Thread Group 1-146
2024-11-25 20:10:09,374 INFO o.a.j.t.JMeterThread: Stopping because end time detected by thread: Thread Group 1-39
2024-11-25 20:10:09,374 INFO o.a.j.t.JMeterThread: Thread finished: Thread Group 1-39
2024-11-25 20:10:09,388 INFO o.a.j.t.JMeterThread: Stopping because end time detected by thread: Thread Group 1-98
2024-11-25 20:10:09,388 INFO o.a.j.t.JMeterThread: Thread finished: Thread Group 1-98
2024-11-25 20:10:09,390 INFO o.a.j.t.JMeterThread: Stopping because end time detected by thread: Thread Group 1-7
2024-11-25 20:10:09,390 INFO o.a.j.t.JMeterThread: Thread finished: Thread Group 1-7
2024-11-25 20:10:09,406 INFO o.a.j.t.JMeterThread: Stopping because end time detected by thread: Thread Group 1-6
2024-11-25 20:10:09,406 INFO o.a.j.t.JMeterThread: Thread finished: Thread Group 1-6
2024-11-25 20:10:09,406 INFO o.a.j.t.JMeterThread: Stopping because end time detected by thread: Thread Group 1-193
2024-11-25 20:10:09,406 INFO o.a.j.t.JMeterThread: Thread finished: Thread Group 1-193
2024-11-25 20:10:09,417 INFO o.a.j.t.JMeterThread: Stopping because end time detected by thread: Thread Group 1-196
2024-11-25 20:10:09,417 INFO o.a.j.t.JMeterThread: Thread finished: Thread Group 1-196
2024-11-25 20:10:09,417 INFO o.a.j.t.JMeterThread: Stopping because end time detected by thread: Thread Group 1-72
2024-11-25 20:10:09,417 INFO o.a.j.t.JMeterThread: Thread finished: Thread Group 1-72
2024-11-25 20:10:09,418 INFO o.a.j.t.JMeterThread: Stopping because end time detected by thread: Thread Group 1-95
2024-11-25 20:10:09,418 INFO o.a.j.t.JMeterThread: Thread finished: Thread Group 1-95
2024-11-25 20:10:09,418 INFO o.a.j.t.JMeterThread: Stopping because end time detected by thread: Thread Group 1-114
2024-11-25 20:10:09,418 INFO o.a.j.t.JMeterThread: Thread finished: Thread Group 1-114
2024-11-25 20:10:09,495 INFO o.a.j.t.JMeterThread: Stopping because end time detected by thread: Thread Group 1-183
2024-11-25 20:10:09,496 INFO o.a.j.t.JMeterThread: Thread finished: Thread Group 1-183
2024-11-25 20:10:09,559 INFO o.a.j.t.JMeterThread: Stopping because end time detected by thread: Thread Group 1-119
2024-11-25 20:10:09,559 INFO o.a.j.t.JMeterThread: Thread finished: Thread Group 1-119
2024-11-25 20:10:09,586 INFO o.a.j.t.JMeterThread: Stopping because end time detected by thread: Thread Group 1-131
2024-11-25 20:10:09,586 INFO o.a.j.t.JMeterThread: Thread finished: Thread Group 1-131
2024-11-25 20:10:09,588 INFO o.a.j.t.JMeterThread: Stopping because end time detected by thread: Thread Group 1-161
2024-11-25 20:10:09,588 INFO o.a.j.t.JMeterThread: Thread finished: Thread Group 1-161
2024-11-25 20:10:09,613 INFO o.a.j.t.JMeterThread: Stopping because end time detected by thread: Thread Group 1-141
2024-11-25 20:10:09,613 INFO o.a.j.t.JMeterThread: Thread finished: Thread Group 1-141
2024-11-25 20:10:09,631 INFO o.a.j.t.JMeterThread: Stopping because end time detected by thread: Thread Group 1-88
2024-11-25 20:10:09,631 INFO o.a.j.t.JMeterThread: Thread finished: Thread Group 1-88
2024-11-25 20:10:09,631 INFO o.a.j.t.JMeterThread: Stopping because end time detected by thread: Thread Group 1-30
2024-11-25 20:10:09,631 INFO o.a.j.t.JMeterThread: Thread finished: Thread Group 1-30
2024-11-25 20:10:09,632 INFO o.a.j.t.JMeterThread: Stopping because end time detected by thread: Thread Group 1-173
2024-11-25 20:10:09,632 INFO o.a.j.t.JMeterThread: Thread finished: Thread Group 1-173
2024-11-25 20:10:09,632 INFO o.a.j.t.JMeterThread: Stopping because end time detected by thread: Thread Group 1-139
2024-11-25 20:10:09,632 INFO o.a.j.t.JMeterThread: Thread finished: Thread Group 1-139
2024-11-25 20:10:09,632 INFO o.a.j.t.JMeterThread: Stopping because end time detected by thread: Thread Group 1-136
2024-11-25 20:10:09,632 INFO o.a.j.t.JMeterThread: Thread finished: Thread Group 1-136
2024-11-25 20:10:09,635 INFO o.a.j.t.JMeterThread: Stopping because end time detected by thread: Thread Group 1-186
2024-11-25 20:10:09,635 INFO o.a.j.t.JMeterThread: Thread finished: Thread Group 1-186
2024-11-25 20:10:09,639 INFO o.a.j.t.JMeterThread: Stopping because end time detected by thread: Thread Group 1-143
2024-11-25 20:10:09,639 INFO o.a.j.t.JMeterThread: Thread finished: Thread Group 1-143
2024-11-25 20:10:09,639 INFO o.a.j.t.JMeterThread: Stopping because end time detected by thread: Thread Group 1-129
2024-11-25 20:10:09,639 INFO o.a.j.t.JMeterThread: Thread finished: Thread Group 1-129
2024-11-25 20:10:09,639 INFO o.a.j.t.JMeterThread: Stopping because end time detected by thread: Thread Group 1-144
2024-11-25 20:10:09,639 INFO o.a.j.t.JMeterThread: Thread finished: Thread Group 1-144
2024-11-25 20:10:09,646 INFO o.a.j.t.JMeterThread: Stopping because end time detected by thread: Thread Group 1-147
2024-11-25 20:10:09,646 INFO o.a.j.t.JMeterThread: Thread finished: Thread Group 1-147
2024-11-25 20:10:09,647 INFO o.a.j.t.JMeterThread: Stopping because end time detected by thread: Thread Group 1-20
2024-11-25 20:10:09,648 INFO o.a.j.t.JMeterThread: Thread finished: Thread Group 1-20
2024-11-25 20:10:09,649 INFO o.a.j.t.JMeterThread: Stopping because end time detected by thread: Thread Group 1-47
2024-11-25 20:10:09,649 INFO o.a.j.t.JMeterThread: Thread finished: Thread Group 1-47
2024-11-25 20:10:09,657 INFO o.a.j.t.JMeterThread: Stopping because end time detected by thread: Thread Group 1-157
2024-11-25 20:10:09,657 INFO o.a.j.t.JMeterThread: Thread finished: Thread Group 1-157
2024-11-25 20:10:09,658 INFO o.a.j.t.JMeterThread: Stopping because end time detected by thread: Thread Group 1-171
2024-11-25 20:10:09,658 INFO o.a.j.t.JMeterThread: Thread finished: Thread Group 1-171
2024-11-25 20:10:09,659 INFO o.a.j.t.JMeterThread: Stopping because end time detected by thread: Thread Group 1-122
2024-11-25 20:10:09,660 INFO o.a.j.t.JMeterThread: Thread finished: Thread Group 1-122
2024-11-25 20:10:09,660 INFO o.a.j.t.JMeterThread: Stopping because end time detected by thread: Thread Group 1-9
2024-11-25 20:10:09,660 INFO o.a.j.t.JMeterThread: Thread finished: Thread Group 1-9
2024-11-25 20:10:09,660 INFO o.a.j.t.JMeterThread: Stopping because end time detected by thread: Thread Group 1-135
2024-11-25 20:10:09,661 INFO o.a.j.t.JMeterThread: Stopping because end time detected by thread: Thread Group 1-53
2024-11-25 20:10:09,661 INFO o.a.j.t.JMeterThread: Thread finished: Thread Group 1-53
2024-11-25 20:10:09,661 INFO o.a.j.t.JMeterThread: Thread finished: Thread Group 1-135
2024-11-25 20:10:09,663 INFO o.a.j.t.JMeterThread: Stopping because end time detected by thread: Thread Group 1-69
2024-11-25 20:10:09,663 INFO o.a.j.t.JMeterThread: Thread finished: Thread Group 1-69
2024-11-25 20:10:09,666 INFO o.a.j.t.JMeterThread: Stopping because end time detected by thread: Thread Group 1-164
2024-11-25 20:10:09,666 INFO o.a.j.t.JMeterThread: Thread finished: Thread Group 1-164
2024-11-25 20:10:09,666 INFO o.a.j.t.JMeterThread: Stopping because end time detected by thread: Thread Group 1-37
2024-11-25 20:10:09,666 INFO o.a.j.t.JMeterThread: Thread finished: Thread Group 1-37
2024-11-25 20:10:09,667 INFO o.a.j.t.JMeterThread: Stopping because end time detected by thread: Thread Group 1-165
2024-11-25 20:10:09,667 INFO o.a.j.t.JMeterThread: Thread finished: Thread Group 1-165
2024-11-25 20:10:09,668 INFO o.a.j.t.JMeterThread: Stopping because end time detected by thread: Thread Group 1-68
2024-11-25 20:10:09,668 INFO o.a.j.t.JMeterThread: Thread finished: Thread Group 1-68
2024-11-25 20:10:09,693 INFO o.a.j.t.JMeterThread: Stopping because end time detected by thread: Thread Group 1-16
2024-11-25 20:10:09,693 INFO o.a.j.t.JMeterThread: Thread finished: Thread Group 1-16
2024-11-25 20:10:09,694 INFO o.a.j.t.JMeterThread: Stopping because end time detected by thread: Thread Group 1-60
2024-11-25 20:10:09,694 INFO o.a.j.t.JMeterThread: Thread finished: Thread Group 1-60
2024-11-25 20:10:09,696 INFO o.a.j.t.JMeterThread: Stopping because end time detected by thread: Thread Group 1-63
2024-11-25 20:10:09,696 INFO o.a.j.t.JMeterThread: Thread finished: Thread Group 1-63
2024-11-25 20:10:09,696 INFO o.a.j.t.JMeterThread: Stopping because end time detected by thread: Thread Group 1-155
2024-11-25 20:10:09,696 INFO o.a.j.t.JMeterThread: Thread finished: Thread Group 1-155
2024-11-25 20:10:09,696 INFO o.a.j.t.JMeterThread: Stopping because end time detected by thread: Thread Group 1-86
2024-11-25 20:10:09,696 INFO o.a.j.t.JMeterThread: Thread finished: Thread Group 1-86
2024-11-25 20:10:09,697 INFO o.a.j.t.JMeterThread: Stopping because end time detected by thread: Thread Group 1-113
2024-11-25 20:10:09,697 INFO o.a.j.t.JMeterThread: Thread finished: Thread Group 1-113
2024-11-25 20:10:09,697 INFO o.a.j.t.JMeterThread: Stopping because end time detected by thread: Thread Group 1-116
2024-11-25 20:10:09,697 INFO o.a.j.t.JMeterThread: Thread finished: Thread Group 1-116
2024-11-25 20:10:09,697 INFO o.a.j.t.JMeterThread: Stopping because end time detected by thread: Thread Group 1-43
2024-11-25 20:10:09,697 INFO o.a.j.t.JMeterThread: Thread finished: Thread Group 1-43
2024-11-25 20:10:09,698 INFO o.a.j.t.JMeterThread: Stopping because end time detected by thread: Thread Group 1-62
2024-11-25 20:10:09,698 INFO o.a.j.t.JMeterThread: Thread finished: Thread Group 1-62
2024-11-25 20:10:09,698 INFO o.a.j.t.JMeterThread: Stopping because end time detected by thread: Thread Group 1-104
2024-11-25 20:10:09,698 INFO o.a.j.t.JMeterThread: Thread finished: Thread Group 1-104
2024-11-25 20:10:09,701 INFO o.a.j.t.JMeterThread: Stopping because end time detected by thread: Thread Group 1-197
2024-11-25 20:10:09,701 INFO o.a.j.t.JMeterThread: Thread finished: Thread Group 1-197
2024-11-25 20:10:09,702 INFO o.a.j.t.JMeterThread: Stopping because end time detected by thread: Thread Group 1-57
2024-11-25 20:10:09,702 INFO o.a.j.t.JMeterThread: Thread finished: Thread Group 1-57
2024-11-25 20:10:09,702 INFO o.a.j.t.JMeterThread: Stopping because end time detected by thread: Thread Group 1-25
2024-11-25 20:10:09,702 INFO o.a.j.t.JMeterThread: Thread finished: Thread Group 1-25
2024-11-25 20:10:09,708 INFO o.a.j.t.JMeterThread: Stopping because end time detected by thread: Thread Group 1-74
2024-11-25 20:10:09,708 INFO o.a.j.t.JMeterThread: Thread finished: Thread Group 1-74
2024-11-25 20:10:09,719 INFO o.a.j.t.JMeterThread: Stopping because end time detected by thread: Thread Group 1-12
2024-11-25 20:10:09,719 INFO o.a.j.t.JMeterThread: Thread finished: Thread Group 1-12
2024-11-25 20:10:09,720 INFO o.a.j.t.JMeterThread: Stopping because end time detected by thread: Thread Group 1-50
2024-11-25 20:10:09,720 INFO o.a.j.t.JMeterThread: Thread finished: Thread Group 1-50
2024-11-25 20:10:09,721 INFO o.a.j.t.JMeterThread: Stopping because end time detected by thread: Thread Group 1-174
2024-11-25 20:10:09,721 INFO o.a.j.t.JMeterThread: Thread finished: Thread Group 1-174
2024-11-25 20:10:09,722 INFO o.a.j.t.JMeterThread: Stopping because end time detected by thread: Thread Group 1-83
2024-11-25 20:10:09,722 INFO o.a.j.t.JMeterThread: Thread finished: Thread Group 1-83
2024-11-25 20:10:09,724 INFO o.a.j.t.JMeterThread: Stopping because end time detected by thread: Thread Group 1-121
2024-11-25 20:10:09,724 INFO o.a.j.t.JMeterThread: Thread finished: Thread Group 1-121
2024-11-25 20:10:09,729 INFO o.a.j.t.JMeterThread: Stopping because end time detected by thread: Thread Group 1-13
2024-11-25 20:10:09,729 INFO o.a.j.t.JMeterThread: Thread finished: Thread Group 1-13
2024-11-25 20:10:09,743 INFO o.a.j.t.JMeterThread: Stopping because end time detected by thread: Thread Group 1-92
2024-11-25 20:10:09,743 INFO o.a.j.t.JMeterThread: Thread finished: Thread Group 1-92
2024-11-25 20:10:09,743 INFO o.a.j.t.JMeterThread: Stopping because end time detected by thread: Thread Group 1-149
2024-11-25 20:10:09,744 INFO o.a.j.t.JMeterThread: Thread finished: Thread Group 1-149
2024-11-25 20:10:09,747 INFO o.a.j.e.StandardJMeterEngine: Notifying test listeners of end of test
2024-11-25 20:10:11,688 INFO o.a.j.r.Summariser: summary +    196 in 00:00:10 =   19.6/s Avg: 16604 Min:  4449 Max: 27334 Err:    66 (33.67%) Active: 0 Started: 200 Finished: 200
2024-11-25 20:10:11,689 INFO o.a.j.r.Summariser: summary =   1304 in 00:02:14 =    9.7/s Avg: 15100 Min:  4241 Max: 32948 Err:   209 (16.03%)
