2024-11-25 19:22:07,572 INFO o.a.j.u.JMeterUtils: Setting Locale to en_EN
2024-11-25 19:22:07,592 INFO o.a.j.JMeter: Loading user properties from: C:\Utils\apache-jmeter-5.6.3\bin\user.properties
2024-11-25 19:22:07,593 INFO o.a.j.JMeter: Loading system properties from: C:\Utils\apache-jmeter-5.6.3\bin\system.properties
2024-11-25 19:22:07,600 INFO o.a.j.JMeter: Copyright (c) 1998-2024 The Apache Software Foundation
2024-11-25 19:22:07,600 INFO o.a.j.JMeter: Version 5.6.3
2024-11-25 19:22:07,600 INFO o.a.j.JMeter: java.version=19.0.1
2024-11-25 19:22:07,600 INFO o.a.j.JMeter: java.vm.name=Java HotSpot(TM) 64-Bit Server VM
2024-11-25 19:22:07,601 INFO o.a.j.JMeter: os.name=Windows 10
2024-11-25 19:22:07,601 INFO o.a.j.JMeter: os.arch=amd64
2024-11-25 19:22:07,601 INFO o.a.j.JMeter: os.version=10.0
2024-11-25 19:22:07,601 INFO o.a.j.JMeter: file.encoding=UTF-8
2024-11-25 19:22:07,601 INFO o.a.j.JMeter: java.awt.headless=true
2024-11-25 19:22:07,601 INFO o.a.j.JMeter: Max memory     =1073741824
2024-11-25 19:22:07,601 INFO o.a.j.JMeter: Available Processors =16
2024-11-25 19:22:07,616 INFO o.a.j.JMeter: Default Locale=English (EN)
2024-11-25 19:22:07,616 INFO o.a.j.JMeter: JMeter  Locale=English (EN)
2024-11-25 19:22:07,616 INFO o.a.j.JMeter: JMeterHome=C:\Utils\apache-jmeter-5.6.3
2024-11-25 19:22:07,616 INFO o.a.j.JMeter: user.dir  =C:\Users\danie\Dropbox\bonjr\coding\VSProjects\Lets_SAS_RPI_Websites\Jmeter
2024-11-25 19:22:07,617 INFO o.a.j.JMeter: PWD       =C:\Users\danie\Dropbox\bonjr\coding\VSProjects\Lets_SAS_RPI_Websites\Jmeter
2024-11-25 19:22:12,138 INFO o.a.j.JMeter: IP: 169.254.5.254 Name: OlijebwaPC FullName: OlijebwaPC
2024-11-25 19:22:12,149 INFO o.a.j.s.FileServer: Default base='C:\Users\danie\Dropbox\bonjr\coding\VSProjects\Lets_SAS_RPI_Websites\Jmeter'
2024-11-25 19:22:12,151 INFO o.a.j.s.FileServer: Set new base='C:\Users\danie\Dropbox\bonjr\coding\VSProjects\Lets_SAS_RPI_Websites\Jmeter'
2024-11-25 19:22:12,295 INFO o.a.j.s.SaveService: Testplan (JMX) version: 2.2. Testlog (JTL) version: 2.2
2024-11-25 19:22:12,320 INFO o.a.j.s.SaveService: Using SaveService properties version 5.0
2024-11-25 19:22:12,322 INFO o.a.j.s.SaveService: Using SaveService properties file encoding UTF-8
2024-11-25 19:22:12,324 INFO o.a.j.s.SaveService: Loading file: C:\Users\danie\Dropbox\bonjr\coding\VSProjects\Lets_SAS_RPI_Websites\Jmeter\traffic_simulation_spike.jmx
2024-11-25 19:22:12,365 INFO o.a.j.p.h.s.HTTPSamplerBase: Parser for text/html is org.apache.jmeter.protocol.http.parser.LagartoBasedHtmlParser
2024-11-25 19:22:12,365 INFO o.a.j.p.h.s.HTTPSamplerBase: Parser for application/xhtml+xml is org.apache.jmeter.protocol.http.parser.LagartoBasedHtmlParser
2024-11-25 19:22:12,365 INFO o.a.j.p.h.s.HTTPSamplerBase: Parser for application/xml is org.apache.jmeter.protocol.http.parser.LagartoBasedHtmlParser
2024-11-25 19:22:12,365 INFO o.a.j.p.h.s.HTTPSamplerBase: Parser for text/xml is org.apache.jmeter.protocol.http.parser.LagartoBasedHtmlParser
2024-11-25 19:22:12,365 INFO o.a.j.p.h.s.HTTPSamplerBase: Parser for text/vnd.wap.wml is org.apache.jmeter.protocol.http.parser.RegexpHTMLParser
2024-11-25 19:22:12,365 INFO o.a.j.p.h.s.HTTPSamplerBase: Parser for text/css is org.apache.jmeter.protocol.http.parser.CssParser
2024-11-25 19:22:12,383 INFO o.a.j.JMeter: Creating summariser <summary>
2024-11-25 19:22:12,394 INFO o.a.j.e.StandardJMeterEngine: Running the test!
2024-11-25 19:22:12,395 INFO o.a.j.s.SampleEvent: List of sample_variables: [FLIGHTTOCOUNT, FLIGHTRETCOUNT, ONEWAY]
2024-11-25 19:22:12,395 INFO o.a.j.s.SampleEvent: List of sample_variables: [FLIGHTTOCOUNT, FLIGHTRETCOUNT, ONEWAY]
2024-11-25 19:22:12,398 INFO o.a.j.e.u.CompoundVariable: Note: Function class names must contain the string: '.functions.'
2024-11-25 19:22:12,398 INFO o.a.j.e.u.CompoundVariable: Note: Function class names must not contain the string: '.gui.'
2024-11-25 19:22:12,447 INFO o.a.j.r.ClassFinder: Will scan jar C:\Utils\apache-jmeter-5.6.3\lib\ext\jmeter-plugins-casutg-2.10.jar with filter ExtendsClassFilter [parents=[interface org.apache.jmeter.functions.Function], inner=false, contains=null, notContains=null]. Consider exposing JMeter plugins via META-INF/services, and add JMeter-Skip-Class-Scanning=true manifest attribute so JMeter can skip classfile scanning
2024-11-25 19:22:12,456 INFO o.a.j.r.ClassFinder: Will scan jar C:\Utils\apache-jmeter-5.6.3\lib\ext\json-simple-1.1.1.jar with filter ExtendsClassFilter [parents=[interface org.apache.jmeter.functions.Function], inner=false, contains=null, notContains=null]. Consider exposing JMeter plugins via META-INF/services, and add JMeter-Skip-Class-Scanning=true manifest attribute so JMeter can skip classfile scanning
2024-11-25 19:22:12,459 INFO o.a.j.r.ClassFinder: Will scan jar C:\Utils\apache-jmeter-5.6.3\lib\ext\acmeair-jmeter-2.0.0-SNAPSHOT.jar with filter ExtendsClassFilter [parents=[interface org.apache.jmeter.functions.Function], inner=false, contains=null, notContains=null]. Consider exposing JMeter plugins via META-INF/services, and add JMeter-Skip-Class-Scanning=true manifest attribute so JMeter can skip classfile scanning
2024-11-25 19:22:12,464 INFO o.a.j.r.ClassFinder: Will scan jar C:\Utils\apache-jmeter-5.6.3\lib\ext\jmeter-plugins-manager-1.6.jar with filter ExtendsClassFilter [parents=[interface org.apache.jmeter.functions.Function], inner=false, contains=null, notContains=null]. Consider exposing JMeter plugins via META-INF/services, and add JMeter-Skip-Class-Scanning=true manifest attribute so JMeter can skip classfile scanning
2024-11-25 19:22:12,540 INFO o.a.j.r.ClassFinder: Will scan jar C:\Utils\apache-jmeter-5.6.3\lib\ext\jmeter-plugins-manager-1.10.jar with filter ExtendsClassFilter [parents=[interface org.apache.jmeter.functions.Function], inner=false, contains=null, notContains=null]. Consider exposing JMeter plugins via META-INF/services, and add JMeter-Skip-Class-Scanning=true manifest attribute so JMeter can skip classfile scanning
2024-11-25 19:22:12,549 INFO o.a.j.JMeter: Running test (1732580532549)
2024-11-25 19:22:12,564 INFO o.a.j.e.StandardJMeterEngine: Starting ThreadGroup: 1 : Thread Group
2024-11-25 19:22:12,564 INFO o.a.j.e.StandardJMeterEngine: Starting 200 threads for group Thread Group.
2024-11-25 19:22:12,564 INFO o.a.j.e.StandardJMeterEngine: Thread will continue on error
2024-11-25 19:22:12,564 INFO o.a.j.t.ThreadGroup: Starting thread group... number=1 threads=200 ramp-up=10 delayedStart=false
2024-11-25 19:22:12,569 INFO o.a.j.t.JMeterThread: Thread started: Thread Group 1-1
2024-11-25 19:22:12,604 INFO o.a.j.t.ThreadGroup: Started thread group number 1
2024-11-25 19:22:12,604 INFO o.a.j.e.StandardJMeterEngine: All thread groups have been started
2024-11-25 19:22:12,605 INFO o.a.j.p.h.s.HTTPHCAbstractImpl: Local host = OlijebwaPC
2024-11-25 19:22:12,613 INFO o.a.j.p.h.s.HTTPHC4Impl: HTTP request retry count = 0
2024-11-25 19:22:12,615 INFO o.a.j.s.SampleResult: Note: Sample TimeStamps are START times
2024-11-25 19:22:12,615 INFO o.a.j.s.SampleResult: sampleresult.default.encoding is set to UTF-8
2024-11-25 19:22:12,615 INFO o.a.j.s.SampleResult: sampleresult.useNanoTime=true
2024-11-25 19:22:12,615 INFO o.a.j.s.SampleResult: sampleresult.nanoThreadSleep=5000
2024-11-25 19:22:12,618 INFO o.a.j.t.JMeterThread: Thread started: Thread Group 1-2
2024-11-25 19:22:12,669 INFO o.a.j.t.JMeterThread: Thread started: Thread Group 1-3
2024-11-25 19:22:12,717 INFO o.a.j.t.JMeterThread: Thread started: Thread Group 1-4
2024-11-25 19:22:12,730 INFO o.a.j.p.h.p.BaseParser: Created org.apache.jmeter.protocol.http.parser.LagartoBasedHtmlParser
2024-11-25 19:22:12,757 INFO o.a.j.p.h.s.ResourcesDownloader: Creating ResourcesDownloader with keepalive_inseconds : 60
2024-11-25 19:22:12,767 INFO o.a.j.t.JMeterThread: Thread started: Thread Group 1-5
2024-11-25 19:22:12,817 INFO o.a.j.t.JMeterThread: Thread started: Thread Group 1-6
2024-11-25 19:22:12,831 INFO o.a.j.p.h.s.h.LazyLayeredConnectionSocketFactory: Setting up HTTPS TrustAll Socket Factory
2024-11-25 19:22:12,837 INFO o.a.j.u.JsseSSLManager: Using default SSL protocol: TLS
2024-11-25 19:22:12,838 INFO o.a.j.u.JsseSSLManager: SSL session context: per-thread
2024-11-25 19:22:12,866 INFO o.a.j.t.JMeterThread: Thread started: Thread Group 1-7
2024-11-25 19:22:12,916 INFO o.a.j.t.JMeterThread: Thread started: Thread Group 1-8
2024-11-25 19:22:12,957 INFO o.a.j.u.SSLManager: JmeterKeyStore Location:  type JKS
2024-11-25 19:22:12,961 INFO o.a.j.u.SSLManager: KeyStore created OK
2024-11-25 19:22:12,961 WARN o.a.j.u.SSLManager: Keystore file not found, loading empty keystore
2024-11-25 19:22:12,966 INFO o.a.j.t.JMeterThread: Thread started: Thread Group 1-9
2024-11-25 19:22:13,015 INFO o.a.j.t.JMeterThread: Thread started: Thread Group 1-10
2024-11-25 19:22:13,066 INFO o.a.j.t.JMeterThread: Thread started: Thread Group 1-11
2024-11-25 19:22:13,116 INFO o.a.j.t.JMeterThread: Thread started: Thread Group 1-12
2024-11-25 19:22:13,165 INFO o.a.j.t.JMeterThread: Thread started: Thread Group 1-13
2024-11-25 19:22:13,215 INFO o.a.j.t.JMeterThread: Thread started: Thread Group 1-14
2024-11-25 19:22:13,265 INFO o.a.j.t.JMeterThread: Thread started: Thread Group 1-15
2024-11-25 19:22:13,316 INFO o.a.j.t.JMeterThread: Thread started: Thread Group 1-16
2024-11-25 19:22:13,368 INFO o.a.j.t.JMeterThread: Thread started: Thread Group 1-17
2024-11-25 19:22:13,407 INFO o.a.j.p.h.p.BaseParser: Created org.apache.jmeter.protocol.http.parser.CssParser
2024-11-25 19:22:13,407 INFO o.a.j.p.h.p.BaseParser: Created org.apache.jmeter.protocol.http.parser.CssParser
2024-11-25 19:22:13,407 INFO o.a.j.p.h.p.BaseParser: Created org.apache.jmeter.protocol.http.parser.CssParser
2024-11-25 19:22:13,417 INFO o.a.j.t.JMeterThread: Thread started: Thread Group 1-18
2024-11-25 19:22:13,465 INFO o.a.j.t.JMeterThread: Thread started: Thread Group 1-19
2024-11-25 19:22:13,515 INFO o.a.j.t.JMeterThread: Thread started: Thread Group 1-20
2024-11-25 19:22:13,588 INFO o.a.j.t.JMeterThread: Thread started: Thread Group 1-21
2024-11-25 19:22:13,626 INFO o.a.j.t.JMeterThread: Thread started: Thread Group 1-22
2024-11-25 19:22:13,678 INFO o.a.j.t.JMeterThread: Thread started: Thread Group 1-23
2024-11-25 19:22:13,716 INFO o.a.j.t.JMeterThread: Thread started: Thread Group 1-24
2024-11-25 19:22:13,758 WARN c.h.c.r.e.LoggingCSSParseErrorHandler: Browser compliant mode skipped CSS from [5:53250] starting at token ' ' until [5:53251] to token ';' (based on com.helger.css.parser.ParseException: Encountered unexpected token: ";" ";"
    at line 5, column 53251.

Was expecting one of:

    "+"
    "-"
    "["
    "and"
    "expression("
    "from"
    "inherit"
    "not"
    "only"
    "or"
    "to"
    <ANGLE_DEG>
    <ANGLE_GRAD>
    <ANGLE_RAD>
    <ANGLE_TURN>
    <CH>
    <DPCM>
    <DPI>
    <DPPX>
    <EM>
    <EX>
    <FR>
    <FREQ_HZ>
    <FREQ_KHZ>
    <FUNCTION>
    <FUNCTION_CALC>
    <HASH>
    <IDENT>
    <LENGTH_CM>
    <LENGTH_IN>
    <LENGTH_MM>
    <LENGTH_PC>
    <LENGTH_PT>
    <LENGTH_Q>
    <NUMBER>
    <PERCENTAGE>
    <PX>
    <REM>
    <S>
    <STRING1>
    <STRING2>
    <TIME_MS>
    <TIME_S>
    <URANGE>
    <URL>
    <VH>
    <VMAX>
    <VMIN>
    <VW>
)
2024-11-25 19:22:13,765 INFO o.a.j.t.JMeterThread: Thread started: Thread Group 1-25
2024-11-25 19:22:13,780 WARN c.h.c.r.e.LoggingCSSParseErrorHandler: Browser compliant mode skipped CSS from [5:70708] starting at token ' ' until [5:70709] to token ';' (based on com.helger.css.parser.ParseException: Encountered unexpected token: ";" ";"
    at line 5, column 70709.

Was expecting one of:

    "+"
    "-"
    "["
    "and"
    "expression("
    "from"
    "inherit"
    "not"
    "only"
    "or"
    "to"
    <ANGLE_DEG>
    <ANGLE_GRAD>
    <ANGLE_RAD>
    <ANGLE_TURN>
    <CH>
    <DPCM>
    <DPI>
    <DPPX>
    <EM>
    <EX>
    <FR>
    <FREQ_HZ>
    <FREQ_KHZ>
    <FUNCTION>
    <FUNCTION_CALC>
    <HASH>
    <IDENT>
    <LENGTH_CM>
    <LENGTH_IN>
    <LENGTH_MM>
    <LENGTH_PC>
    <LENGTH_PT>
    <LENGTH_Q>
    <NUMBER>
    <PERCENTAGE>
    <PX>
    <REM>
    <S>
    <STRING1>
    <STRING2>
    <TIME_MS>
    <TIME_S>
    <URANGE>
    <URL>
    <VH>
    <VMAX>
    <VMIN>
    <VW>
)
2024-11-25 19:22:13,784 WARN c.h.c.r.e.LoggingCSSParseErrorHandler: Browser compliant mode skipped CSS from [5:73407] starting at token ' ' until [5:73408] to token ';' (based on com.helger.css.parser.ParseException: Encountered unexpected token: ";" ";"
    at line 5, column 73408.

Was expecting one of:

    "+"
    "-"
    "["
    "and"
    "expression("
    "from"
    "inherit"
    "not"
    "only"
    "or"
    "to"
    <ANGLE_DEG>
    <ANGLE_GRAD>
    <ANGLE_RAD>
    <ANGLE_TURN>
    <CH>
    <DPCM>
    <DPI>
    <DPPX>
    <EM>
    <EX>
    <FR>
    <FREQ_HZ>
    <FREQ_KHZ>
    <FUNCTION>
    <FUNCTION_CALC>
    <HASH>
    <IDENT>
    <LENGTH_CM>
    <LENGTH_IN>
    <LENGTH_MM>
    <LENGTH_PC>
    <LENGTH_PT>
    <LENGTH_Q>
    <NUMBER>
    <PERCENTAGE>
    <PX>
    <REM>
    <S>
    <STRING1>
    <STRING2>
    <TIME_MS>
    <TIME_S>
    <URANGE>
    <URL>
    <VH>
    <VMAX>
    <VMIN>
    <VW>
)
2024-11-25 19:22:13,795 WARN c.h.c.r.e.LoggingCSSParseErrorHandler: Browser compliant mode skipped CSS from [5:79112] starting at token ' ' until [5:79113] to token ';' (based on com.helger.css.parser.ParseException: Encountered unexpected token: ";" ";"
    at line 5, column 79113.

Was expecting one of:

    "+"
    "-"
    "["
    "and"
    "expression("
    "from"
    "inherit"
    "not"
    "only"
    "or"
    "to"
    <ANGLE_DEG>
    <ANGLE_GRAD>
    <ANGLE_RAD>
    <ANGLE_TURN>
    <CH>
    <DPCM>
    <DPI>
    <DPPX>
    <EM>
    <EX>
    <FR>
    <FREQ_HZ>
    <FREQ_KHZ>
    <FUNCTION>
    <FUNCTION_CALC>
    <HASH>
    <IDENT>
    <LENGTH_CM>
    <LENGTH_IN>
    <LENGTH_MM>
    <LENGTH_PC>
    <LENGTH_PT>
    <LENGTH_Q>
    <NUMBER>
    <PERCENTAGE>
    <PX>
    <REM>
    <S>
    <STRING1>
    <STRING2>
    <TIME_MS>
    <TIME_S>
    <URANGE>
    <URL>
    <VH>
    <VMAX>
    <VMIN>
    <VW>
)
2024-11-25 19:22:13,810 WARN c.h.c.r.e.LoggingCSSParseErrorHandler: Browser compliant mode skipped CSS from [5:87095] starting at token ' ' until [5:87096] to token ';' (based on com.helger.css.parser.ParseException: Encountered unexpected token: ";" ";"
    at line 5, column 87096.

Was expecting one of:

    "+"
    "-"
    "["
    "and"
    "expression("
    "from"
    "inherit"
    "not"
    "only"
    "or"
    "to"
    <ANGLE_DEG>
    <ANGLE_GRAD>
    <ANGLE_RAD>
    <ANGLE_TURN>
    <CH>
    <DPCM>
    <DPI>
    <DPPX>
    <EM>
    <EX>
    <FR>
    <FREQ_HZ>
    <FREQ_KHZ>
    <FUNCTION>
    <FUNCTION_CALC>
    <HASH>
    <IDENT>
    <LENGTH_CM>
    <LENGTH_IN>
    <LENGTH_MM>
    <LENGTH_PC>
    <LENGTH_PT>
    <LENGTH_Q>
    <NUMBER>
    <PERCENTAGE>
    <PX>
    <REM>
    <S>
    <STRING1>
    <STRING2>
    <TIME_MS>
    <TIME_S>
    <URANGE>
    <URL>
    <VH>
    <VMAX>
    <VMIN>
    <VW>
)
2024-11-25 19:22:13,811 WARN c.h.c.r.e.LoggingCSSParseErrorHandler: Browser compliant mode skipped CSS from [5:87122] starting at token ' ' until [5:87123] to token ';' (based on com.helger.css.parser.ParseException: Encountered unexpected token: ";" ";"
    at line 5, column 87123.

Was expecting one of:

    "+"
    "-"
    "["
    "and"
    "expression("
    "from"
    "inherit"
    "not"
    "only"
    "or"
    "to"
    <ANGLE_DEG>
    <ANGLE_GRAD>
    <ANGLE_RAD>
    <ANGLE_TURN>
    <CH>
    <DPCM>
    <DPI>
    <DPPX>
    <EM>
    <EX>
    <FR>
    <FREQ_HZ>
    <FREQ_KHZ>
    <FUNCTION>
    <FUNCTION_CALC>
    <HASH>
    <IDENT>
    <LENGTH_CM>
    <LENGTH_IN>
    <LENGTH_MM>
    <LENGTH_PC>
    <LENGTH_PT>
    <LENGTH_Q>
    <NUMBER>
    <PERCENTAGE>
    <PX>
    <REM>
    <S>
    <STRING1>
    <STRING2>
    <TIME_MS>
    <TIME_S>
    <URANGE>
    <URL>
    <VH>
    <VMAX>
    <VMIN>
    <VW>
)
2024-11-25 19:22:13,812 WARN c.h.c.r.e.LoggingCSSParseErrorHandler: Browser compliant mode skipped CSS from [5:87297] starting at token ' ' until [5:87298] to token ';' (based on com.helger.css.parser.ParseException: Encountered unexpected token: ";" ";"
    at line 5, column 87298.

Was expecting one of:

    "+"
    "-"
    "["
    "and"
    "expression("
    "from"
    "inherit"
    "not"
    "only"
    "or"
    "to"
    <ANGLE_DEG>
    <ANGLE_GRAD>
    <ANGLE_RAD>
    <ANGLE_TURN>
    <CH>
    <DPCM>
    <DPI>
    <DPPX>
    <EM>
    <EX>
    <FR>
    <FREQ_HZ>
    <FREQ_KHZ>
    <FUNCTION>
    <FUNCTION_CALC>
    <HASH>
    <IDENT>
    <LENGTH_CM>
    <LENGTH_IN>
    <LENGTH_MM>
    <LENGTH_PC>
    <LENGTH_PT>
    <LENGTH_Q>
    <NUMBER>
    <PERCENTAGE>
    <PX>
    <REM>
    <S>
    <STRING1>
    <STRING2>
    <TIME_MS>
    <TIME_S>
    <URANGE>
    <URL>
    <VH>
    <VMAX>
    <VMIN>
    <VW>
)
2024-11-25 19:22:13,813 WARN c.h.c.r.e.LoggingCSSParseErrorHandler: Browser compliant mode skipped CSS from [5:87520] starting at token ' ' until [5:87521] to token ';' (based on com.helger.css.parser.ParseException: Encountered unexpected token: ";" ";"
    at line 5, column 87521.

Was expecting one of:

    "+"
    "-"
    "["
    "and"
    "expression("
    "from"
    "inherit"
    "not"
    "only"
    "or"
    "to"
    <ANGLE_DEG>
    <ANGLE_GRAD>
    <ANGLE_RAD>
    <ANGLE_TURN>
    <CH>
    <DPCM>
    <DPI>
    <DPPX>
    <EM>
    <EX>
    <FR>
    <FREQ_HZ>
    <FREQ_KHZ>
    <FUNCTION>
    <FUNCTION_CALC>
    <HASH>
    <IDENT>
    <LENGTH_CM>
    <LENGTH_IN>
    <LENGTH_MM>
    <LENGTH_PC>
    <LENGTH_PT>
    <LENGTH_Q>
    <NUMBER>
    <PERCENTAGE>
    <PX>
    <REM>
    <S>
    <STRING1>
    <STRING2>
    <TIME_MS>
    <TIME_S>
    <URANGE>
    <URL>
    <VH>
    <VMAX>
    <VMIN>
    <VW>
)
2024-11-25 19:22:13,813 WARN c.h.c.r.e.LoggingCSSParseErrorHandler: Browser compliant mode skipped CSS from [5:87539] starting at token ' ' until [5:87540] to token ';' (based on com.helger.css.parser.ParseException: Encountered unexpected token: ";" ";"
    at line 5, column 87540.

Was expecting one of:

    "+"
    "-"
    "["
    "and"
    "expression("
    "from"
    "inherit"
    "not"
    "only"
    "or"
    "to"
    <ANGLE_DEG>
    <ANGLE_GRAD>
    <ANGLE_RAD>
    <ANGLE_TURN>
    <CH>
    <DPCM>
    <DPI>
    <DPPX>
    <EM>
    <EX>
    <FR>
    <FREQ_HZ>
    <FREQ_KHZ>
    <FUNCTION>
    <FUNCTION_CALC>
    <HASH>
    <IDENT>
    <LENGTH_CM>
    <LENGTH_IN>
    <LENGTH_MM>
    <LENGTH_PC>
    <LENGTH_PT>
    <LENGTH_Q>
    <NUMBER>
    <PERCENTAGE>
    <PX>
    <REM>
    <S>
    <STRING1>
    <STRING2>
    <TIME_MS>
    <TIME_S>
    <URANGE>
    <URL>
    <VH>
    <VMAX>
    <VMIN>
    <VW>
)
2024-11-25 19:22:13,813 WARN c.h.c.r.e.LoggingCSSParseErrorHandler: Browser compliant mode skipped CSS from [5:87557] starting at token ' ' until [5:87558] to token ';' (based on com.helger.css.parser.ParseException: Encountered unexpected token: ";" ";"
    at line 5, column 87558.

Was expecting one of:

    "+"
    "-"
    "["
    "and"
    "expression("
    "from"
    "inherit"
    "not"
    "only"
    "or"
    "to"
    <ANGLE_DEG>
    <ANGLE_GRAD>
    <ANGLE_RAD>
    <ANGLE_TURN>
    <CH>
    <DPCM>
    <DPI>
    <DPPX>
    <EM>
    <EX>
    <FR>
    <FREQ_HZ>
    <FREQ_KHZ>
    <FUNCTION>
    <FUNCTION_CALC>
    <HASH>
    <IDENT>
    <LENGTH_CM>
    <LENGTH_IN>
    <LENGTH_MM>
    <LENGTH_PC>
    <LENGTH_PT>
    <LENGTH_Q>
    <NUMBER>
    <PERCENTAGE>
    <PX>
    <REM>
    <S>
    <STRING1>
    <STRING2>
    <TIME_MS>
    <TIME_S>
    <URANGE>
    <URL>
    <VH>
    <VMAX>
    <VMIN>
    <VW>
)
2024-11-25 19:22:13,816 INFO o.a.j.t.JMeterThread: Thread started: Thread Group 1-26
2024-11-25 19:22:13,820 WARN c.h.c.r.e.LoggingCSSParseErrorHandler: Browser compliant mode skipped CSS from [5:96851] starting at token ' ' until [5:96852] to token ';' (based on com.helger.css.parser.ParseException: Encountered unexpected token: ";" ";"
    at line 5, column 96852.

Was expecting one of:

    "+"
    "-"
    "["
    "and"
    "expression("
    "from"
    "inherit"
    "not"
    "only"
    "or"
    "to"
    <ANGLE_DEG>
    <ANGLE_GRAD>
    <ANGLE_RAD>
    <ANGLE_TURN>
    <CH>
    <DPCM>
    <DPI>
    <DPPX>
    <EM>
    <EX>
    <FR>
    <FREQ_HZ>
    <FREQ_KHZ>
    <FUNCTION>
    <FUNCTION_CALC>
    <HASH>
    <IDENT>
    <LENGTH_CM>
    <LENGTH_IN>
    <LENGTH_MM>
    <LENGTH_PC>
    <LENGTH_PT>
    <LENGTH_Q>
    <NUMBER>
    <PERCENTAGE>
    <PX>
    <REM>
    <S>
    <STRING1>
    <STRING2>
    <TIME_MS>
    <TIME_S>
    <URANGE>
    <URL>
    <VH>
    <VMAX>
    <VMIN>
    <VW>
)
2024-11-25 19:22:13,820 WARN c.h.c.r.e.LoggingCSSParseErrorHandler: Browser compliant mode skipped CSS from [5:96883] starting at token ' ' until [5:96884] to token ';' (based on com.helger.css.parser.ParseException: Encountered unexpected token: ";" ";"
    at line 5, column 96884.

Was expecting one of:

    "+"
    "-"
    "["
    "and"
    "expression("
    "from"
    "inherit"
    "not"
    "only"
    "or"
    "to"
    <ANGLE_DEG>
    <ANGLE_GRAD>
    <ANGLE_RAD>
    <ANGLE_TURN>
    <CH>
    <DPCM>
    <DPI>
    <DPPX>
    <EM>
    <EX>
    <FR>
    <FREQ_HZ>
    <FREQ_KHZ>
    <FUNCTION>
    <FUNCTION_CALC>
    <HASH>
    <IDENT>
    <LENGTH_CM>
    <LENGTH_IN>
    <LENGTH_MM>
    <LENGTH_PC>
    <LENGTH_PT>
    <LENGTH_Q>
    <NUMBER>
    <PERCENTAGE>
    <PX>
    <REM>
    <S>
    <STRING1>
    <STRING2>
    <TIME_MS>
    <TIME_S>
    <URANGE>
    <URL>
    <VH>
    <VMAX>
    <VMIN>
    <VW>
)
2024-11-25 19:22:13,837 WARN c.h.c.r.e.LoggingCSSParseErrorHandler: Browser compliant mode skipped CSS from [5:118914] starting at token ' ' until [5:118915] to token ';' (based on com.helger.css.parser.ParseException: Encountered unexpected token: ";" ";"
    at line 5, column 118915.

Was expecting one of:

    "+"
    "-"
    "["
    "and"
    "expression("
    "from"
    "inherit"
    "not"
    "only"
    "or"
    "to"
    <ANGLE_DEG>
    <ANGLE_GRAD>
    <ANGLE_RAD>
    <ANGLE_TURN>
    <CH>
    <DPCM>
    <DPI>
    <DPPX>
    <EM>
    <EX>
    <FR>
    <FREQ_HZ>
    <FREQ_KHZ>
    <FUNCTION>
    <FUNCTION_CALC>
    <HASH>
    <IDENT>
    <LENGTH_CM>
    <LENGTH_IN>
    <LENGTH_MM>
    <LENGTH_PC>
    <LENGTH_PT>
    <LENGTH_Q>
    <NUMBER>
    <PERCENTAGE>
    <PX>
    <REM>
    <S>
    <STRING1>
    <STRING2>
    <TIME_MS>
    <TIME_S>
    <URANGE>
    <URL>
    <VH>
    <VMAX>
    <VMIN>
    <VW>
)
2024-11-25 19:22:13,841 WARN c.h.c.r.e.LoggingCSSParseErrorHandler: Browser compliant mode skipped CSS from [5:120779] starting at token ' ' until [5:120780] to token ';' (based on com.helger.css.parser.ParseException: Encountered unexpected token: ";" ";"
    at line 5, column 120780.

Was expecting one of:

    "+"
    "-"
    "["
    "and"
    "expression("
    "from"
    "inherit"
    "not"
    "only"
    "or"
    "to"
    <ANGLE_DEG>
    <ANGLE_GRAD>
    <ANGLE_RAD>
    <ANGLE_TURN>
    <CH>
    <DPCM>
    <DPI>
    <DPPX>
    <EM>
    <EX>
    <FR>
    <FREQ_HZ>
    <FREQ_KHZ>
    <FUNCTION>
    <FUNCTION_CALC>
    <HASH>
    <IDENT>
    <LENGTH_CM>
    <LENGTH_IN>
    <LENGTH_MM>
    <LENGTH_PC>
    <LENGTH_PT>
    <LENGTH_Q>
    <NUMBER>
    <PERCENTAGE>
    <PX>
    <REM>
    <S>
    <STRING1>
    <STRING2>
    <TIME_MS>
    <TIME_S>
    <URANGE>
    <URL>
    <VH>
    <VMAX>
    <VMIN>
    <VW>
)
2024-11-25 19:22:13,842 WARN c.h.c.r.e.LoggingCSSParseErrorHandler: Browser compliant mode skipped CSS from [5:121417] starting at token ' ' until [5:121418] to token ';' (based on com.helger.css.parser.ParseException: Encountered unexpected token: ";" ";"
    at line 5, column 121418.

Was expecting one of:

    "+"
    "-"
    "["
    "and"
    "expression("
    "from"
    "inherit"
    "not"
    "only"
    "or"
    "to"
    <ANGLE_DEG>
    <ANGLE_GRAD>
    <ANGLE_RAD>
    <ANGLE_TURN>
    <CH>
    <DPCM>
    <DPI>
    <DPPX>
    <EM>
    <EX>
    <FR>
    <FREQ_HZ>
    <FREQ_KHZ>
    <FUNCTION>
    <FUNCTION_CALC>
    <HASH>
    <IDENT>
    <LENGTH_CM>
    <LENGTH_IN>
    <LENGTH_MM>
    <LENGTH_PC>
    <LENGTH_PT>
    <LENGTH_Q>
    <NUMBER>
    <PERCENTAGE>
    <PX>
    <REM>
    <S>
    <STRING1>
    <STRING2>
    <TIME_MS>
    <TIME_S>
    <URANGE>
    <URL>
    <VH>
    <VMAX>
    <VMIN>
    <VW>
)
2024-11-25 19:22:13,847 WARN c.h.c.r.e.LoggingCSSParseErrorHandler: Browser compliant mode skipped CSS from [5:126625] starting at token ' ' until [5:126626] to token ';' (based on com.helger.css.parser.ParseException: Encountered unexpected token: ";" ";"
    at line 5, column 126626.

Was expecting one of:

    "+"
    "-"
    "["
    "and"
    "expression("
    "from"
    "inherit"
    "not"
    "only"
    "or"
    "to"
    <ANGLE_DEG>
    <ANGLE_GRAD>
    <ANGLE_RAD>
    <ANGLE_TURN>
    <CH>
    <DPCM>
    <DPI>
    <DPPX>
    <EM>
    <EX>
    <FR>
    <FREQ_HZ>
    <FREQ_KHZ>
    <FUNCTION>
    <FUNCTION_CALC>
    <HASH>
    <IDENT>
    <LENGTH_CM>
    <LENGTH_IN>
    <LENGTH_MM>
    <LENGTH_PC>
    <LENGTH_PT>
    <LENGTH_Q>
    <NUMBER>
    <PERCENTAGE>
    <PX>
    <REM>
    <S>
    <STRING1>
    <STRING2>
    <TIME_MS>
    <TIME_S>
    <URANGE>
    <URL>
    <VH>
    <VMAX>
    <VMIN>
    <VW>
)
2024-11-25 19:22:13,866 INFO o.a.j.t.JMeterThread: Thread started: Thread Group 1-27
2024-11-25 19:22:13,916 INFO o.a.j.t.JMeterThread: Thread started: Thread Group 1-28
2024-11-25 19:22:13,965 INFO o.a.j.t.JMeterThread: Thread started: Thread Group 1-29
2024-11-25 19:22:14,019 INFO o.a.j.t.JMeterThread: Thread started: Thread Group 1-30
2024-11-25 19:22:14,065 INFO o.a.j.t.JMeterThread: Thread started: Thread Group 1-31
2024-11-25 19:22:14,116 INFO o.a.j.t.JMeterThread: Thread started: Thread Group 1-32
2024-11-25 19:22:14,166 INFO o.a.j.t.JMeterThread: Thread started: Thread Group 1-33
2024-11-25 19:22:14,222 INFO o.a.j.t.JMeterThread: Thread started: Thread Group 1-34
2024-11-25 19:22:14,265 INFO o.a.j.t.JMeterThread: Thread started: Thread Group 1-35
2024-11-25 19:22:14,318 INFO o.a.j.t.JMeterThread: Thread started: Thread Group 1-36
2024-11-25 19:22:14,365 INFO o.a.j.t.JMeterThread: Thread started: Thread Group 1-37
2024-11-25 19:22:14,416 INFO o.a.j.t.JMeterThread: Thread started: Thread Group 1-38
2024-11-25 19:22:14,481 INFO o.a.j.t.JMeterThread: Thread started: Thread Group 1-39
2024-11-25 19:22:14,516 INFO o.a.j.t.JMeterThread: Thread started: Thread Group 1-40
2024-11-25 19:22:14,568 INFO o.a.j.t.JMeterThread: Thread started: Thread Group 1-41
2024-11-25 19:22:14,621 INFO o.a.j.t.JMeterThread: Thread started: Thread Group 1-42
2024-11-25 19:22:14,666 INFO o.a.j.t.JMeterThread: Thread started: Thread Group 1-43
2024-11-25 19:22:14,714 INFO o.a.j.t.JMeterThread: Thread started: Thread Group 1-44
2024-11-25 19:22:14,792 INFO o.a.j.t.JMeterThread: Thread started: Thread Group 1-45
2024-11-25 19:22:14,848 INFO o.a.j.t.JMeterThread: Thread started: Thread Group 1-46
2024-11-25 19:22:14,894 INFO o.a.j.t.JMeterThread: Thread started: Thread Group 1-47
2024-11-25 19:22:14,931 INFO o.a.j.t.JMeterThread: Thread started: Thread Group 1-48
2024-11-25 19:22:15,002 INFO o.a.j.t.JMeterThread: Thread started: Thread Group 1-49
2024-11-25 19:22:15,034 INFO o.a.j.t.JMeterThread: Thread started: Thread Group 1-50
2024-11-25 19:22:15,082 INFO o.a.j.t.JMeterThread: Thread started: Thread Group 1-51
2024-11-25 19:22:15,155 INFO o.a.j.t.JMeterThread: Thread started: Thread Group 1-52
2024-11-25 19:22:15,217 INFO o.a.j.t.JMeterThread: Thread started: Thread Group 1-53
2024-11-25 19:22:15,242 INFO o.a.j.t.JMeterThread: Thread started: Thread Group 1-54
2024-11-25 19:22:15,283 INFO o.a.j.t.JMeterThread: Thread started: Thread Group 1-55
2024-11-25 19:22:15,321 INFO o.a.j.t.JMeterThread: Thread started: Thread Group 1-56
2024-11-25 19:22:15,405 INFO o.a.j.t.JMeterThread: Thread started: Thread Group 1-57
2024-11-25 19:22:15,435 INFO o.a.j.t.JMeterThread: Thread started: Thread Group 1-58
2024-11-25 19:22:15,506 INFO o.a.j.t.JMeterThread: Thread started: Thread Group 1-59
2024-11-25 19:22:15,524 INFO o.a.j.t.JMeterThread: Thread started: Thread Group 1-60
2024-11-25 19:22:15,600 INFO o.a.j.t.JMeterThread: Thread started: Thread Group 1-61
2024-11-25 19:22:15,724 INFO o.a.j.t.JMeterThread: Thread started: Thread Group 1-62
2024-11-25 19:22:15,772 INFO o.a.j.t.JMeterThread: Thread started: Thread Group 1-63
2024-11-25 19:22:15,780 INFO o.a.j.t.JMeterThread: Thread started: Thread Group 1-64
2024-11-25 19:22:15,778 INFO o.a.j.t.JMeterThread: Thread started: Thread Group 1-65
2024-11-25 19:22:15,944 INFO o.a.j.t.JMeterThread: Thread started: Thread Group 1-66
2024-11-25 19:22:16,043 INFO o.a.j.t.JMeterThread: Thread started: Thread Group 1-67
2024-11-25 19:22:16,059 INFO o.a.j.t.JMeterThread: Thread started: Thread Group 1-69
2024-11-25 19:22:16,075 INFO o.a.j.t.JMeterThread: Thread started: Thread Group 1-68
2024-11-25 19:22:16,120 INFO o.a.j.t.JMeterThread: Thread started: Thread Group 1-71
2024-11-25 19:22:16,152 INFO o.a.j.t.JMeterThread: Thread started: Thread Group 1-70
2024-11-25 19:22:16,177 INFO o.a.j.t.JMeterThread: Thread started: Thread Group 1-72
2024-11-25 19:22:16,216 INFO o.a.j.t.JMeterThread: Thread started: Thread Group 1-73
2024-11-25 19:22:16,217 INFO o.a.j.t.JMeterThread: Thread started: Thread Group 1-74
2024-11-25 19:22:16,296 INFO o.a.j.t.JMeterThread: Thread started: Thread Group 1-75
2024-11-25 19:22:16,329 INFO o.a.j.t.JMeterThread: Thread started: Thread Group 1-76
2024-11-25 19:22:16,425 INFO o.a.j.t.JMeterThread: Thread started: Thread Group 1-77
2024-11-25 19:22:16,454 INFO o.a.j.t.JMeterThread: Thread started: Thread Group 1-78
2024-11-25 19:22:16,475 INFO o.a.j.t.JMeterThread: Thread started: Thread Group 1-79
2024-11-25 19:22:16,531 INFO o.a.j.t.JMeterThread: Thread started: Thread Group 1-80
2024-11-25 19:22:16,590 INFO o.a.j.t.JMeterThread: Thread started: Thread Group 1-81
2024-11-25 19:22:16,637 INFO o.a.j.t.JMeterThread: Thread started: Thread Group 1-82
2024-11-25 19:22:16,678 INFO o.a.j.t.JMeterThread: Thread started: Thread Group 1-83
2024-11-25 19:22:16,717 INFO o.a.j.t.JMeterThread: Thread started: Thread Group 1-84
2024-11-25 19:22:16,782 INFO o.a.j.t.JMeterThread: Thread started: Thread Group 1-85
2024-11-25 19:22:16,836 INFO o.a.j.t.JMeterThread: Thread started: Thread Group 1-86
2024-11-25 19:22:16,926 INFO o.a.j.t.JMeterThread: Thread started: Thread Group 1-87
2024-11-25 19:22:17,038 INFO o.a.j.t.JMeterThread: Thread started: Thread Group 1-89
2024-11-25 19:22:17,076 INFO o.a.j.t.JMeterThread: Thread started: Thread Group 1-88
2024-11-25 19:22:17,104 INFO o.a.j.t.JMeterThread: Thread started: Thread Group 1-90
2024-11-25 19:22:17,151 INFO o.a.j.t.JMeterThread: Thread started: Thread Group 1-91
2024-11-25 19:22:17,220 INFO o.a.j.t.JMeterThread: Thread started: Thread Group 1-92
2024-11-25 19:22:17,291 INFO o.a.j.t.JMeterThread: Thread started: Thread Group 1-93
2024-11-25 19:22:17,330 INFO o.a.j.t.JMeterThread: Thread started: Thread Group 1-94
2024-11-25 19:22:17,347 INFO o.a.j.t.JMeterThread: Thread started: Thread Group 1-96
2024-11-25 19:22:17,436 INFO o.a.j.t.JMeterThread: Thread started: Thread Group 1-97
2024-11-25 19:22:17,471 INFO o.a.j.t.JMeterThread: Thread started: Thread Group 1-98
2024-11-25 19:22:17,346 INFO o.a.j.t.JMeterThread: Thread started: Thread Group 1-95
2024-11-25 19:22:17,511 INFO o.a.j.t.JMeterThread: Thread started: Thread Group 1-99
2024-11-25 19:22:17,547 INFO o.a.j.t.JMeterThread: Thread started: Thread Group 1-100
2024-11-25 19:22:17,702 INFO o.a.j.t.JMeterThread: Thread started: Thread Group 1-101
2024-11-25 19:22:17,752 INFO o.a.j.t.JMeterThread: Thread started: Thread Group 1-102
2024-11-25 19:22:17,768 INFO o.a.j.t.JMeterThread: Thread started: Thread Group 1-105
2024-11-25 19:22:17,840 INFO o.a.j.t.JMeterThread: Thread started: Thread Group 1-106
2024-11-25 19:22:17,841 INFO o.a.j.t.JMeterThread: Thread started: Thread Group 1-103
2024-11-25 19:22:17,924 INFO o.a.j.t.JMeterThread: Thread started: Thread Group 1-107
2024-11-25 19:22:17,943 INFO o.a.j.t.JMeterThread: Thread started: Thread Group 1-104
2024-11-25 19:22:17,988 INFO o.a.j.t.JMeterThread: Thread started: Thread Group 1-108
2024-11-25 19:22:18,185 INFO o.a.j.t.JMeterThread: Thread started: Thread Group 1-113
2024-11-25 19:22:18,198 INFO o.a.j.t.JMeterThread: Thread started: Thread Group 1-109
2024-11-25 19:22:18,217 INFO o.a.j.t.JMeterThread: Thread started: Thread Group 1-114
2024-11-25 19:22:18,240 INFO o.a.j.t.JMeterThread: Thread started: Thread Group 1-110
2024-11-25 19:22:18,268 INFO o.a.j.t.JMeterThread: Thread started: Thread Group 1-115
2024-11-25 19:22:18,279 INFO o.a.j.t.JMeterThread: Thread started: Thread Group 1-111
2024-11-25 19:22:18,313 INFO o.a.j.t.JMeterThread: Thread started: Thread Group 1-112
2024-11-25 19:22:18,316 INFO o.a.j.t.JMeterThread: Thread started: Thread Group 1-116
2024-11-25 19:22:18,385 INFO o.a.j.t.JMeterThread: Thread started: Thread Group 1-117
2024-11-25 19:22:18,448 INFO o.a.j.t.JMeterThread: Thread started: Thread Group 1-118
2024-11-25 19:22:18,689 INFO o.a.j.t.JMeterThread: Thread started: Thread Group 1-119
2024-11-25 19:22:18,702 INFO o.a.j.t.JMeterThread: Thread started: Thread Group 1-121
2024-11-25 19:22:18,727 INFO o.a.j.t.JMeterThread: Thread started: Thread Group 1-120
2024-11-25 19:22:18,749 INFO o.a.j.t.JMeterThread: Thread started: Thread Group 1-122
2024-11-25 19:22:18,914 INFO o.a.j.t.JMeterThread: Thread started: Thread Group 1-125
2024-11-25 19:22:18,937 INFO o.a.j.t.JMeterThread: Thread started: Thread Group 1-124
2024-11-25 19:22:18,776 INFO o.a.j.t.JMeterThread: Thread started: Thread Group 1-123
2024-11-25 19:22:19,022 INFO o.a.j.t.JMeterThread: Thread started: Thread Group 1-126
2024-11-25 19:22:19,045 INFO o.a.j.t.JMeterThread: Thread started: Thread Group 1-127
2024-11-25 19:22:19,078 INFO o.a.j.t.JMeterThread: Thread started: Thread Group 1-128
2024-11-25 19:22:19,134 INFO o.a.j.t.JMeterThread: Thread started: Thread Group 1-129
2024-11-25 19:22:19,134 INFO o.a.j.t.JMeterThread: Thread started: Thread Group 1-130
2024-11-25 19:22:19,232 INFO o.a.j.t.JMeterThread: Thread started: Thread Group 1-132
2024-11-25 19:22:19,134 INFO o.a.j.t.JMeterThread: Thread started: Thread Group 1-131
2024-11-25 19:22:19,329 INFO o.a.j.t.JMeterThread: Thread started: Thread Group 1-133
2024-11-25 19:22:19,357 INFO o.a.j.t.JMeterThread: Thread started: Thread Group 1-134
2024-11-25 19:22:19,398 INFO o.a.j.t.JMeterThread: Thread started: Thread Group 1-135
2024-11-25 19:22:19,405 INFO o.a.j.t.JMeterThread: Thread started: Thread Group 1-136
2024-11-25 19:22:19,468 INFO o.a.j.t.JMeterThread: Thread started: Thread Group 1-138
2024-11-25 19:22:19,528 INFO o.a.j.t.JMeterThread: Thread started: Thread Group 1-139
2024-11-25 19:22:19,466 INFO o.a.j.t.JMeterThread: Thread started: Thread Group 1-137
2024-11-25 19:22:19,629 INFO o.a.j.t.JMeterThread: Thread started: Thread Group 1-140
2024-11-25 19:22:19,683 INFO o.a.j.t.JMeterThread: Thread started: Thread Group 1-141
2024-11-25 19:22:19,690 INFO o.a.j.t.JMeterThread: Thread started: Thread Group 1-142
2024-11-25 19:22:19,721 INFO o.a.j.t.JMeterThread: Thread started: Thread Group 1-143
2024-11-25 19:22:19,807 INFO o.a.j.t.JMeterThread: Thread started: Thread Group 1-144
2024-11-25 19:22:19,852 INFO o.a.j.t.JMeterThread: Thread started: Thread Group 1-145
2024-11-25 19:22:20,001 INFO o.a.j.t.JMeterThread: Thread started: Thread Group 1-146
2024-11-25 19:22:20,011 INFO o.a.j.t.JMeterThread: Thread started: Thread Group 1-148
2024-11-25 19:22:20,013 INFO o.a.j.t.JMeterThread: Thread started: Thread Group 1-147
2024-11-25 19:22:20,022 INFO o.a.j.t.JMeterThread: Thread started: Thread Group 1-149
2024-11-25 19:22:20,093 INFO o.a.j.t.JMeterThread: Thread started: Thread Group 1-150
2024-11-25 19:22:20,095 INFO o.a.j.t.JMeterThread: Thread started: Thread Group 1-151
2024-11-25 19:22:20,205 INFO o.a.j.t.JMeterThread: Thread started: Thread Group 1-152
2024-11-25 19:22:20,260 INFO o.a.j.t.JMeterThread: Thread started: Thread Group 1-153
2024-11-25 19:22:20,368 INFO o.a.j.t.JMeterThread: Thread started: Thread Group 1-154
2024-11-25 19:22:20,407 INFO o.a.j.t.JMeterThread: Thread started: Thread Group 1-155
2024-11-25 19:22:20,466 INFO o.a.j.t.JMeterThread: Thread started: Thread Group 1-156
2024-11-25 19:22:20,506 INFO o.a.j.t.JMeterThread: Thread started: Thread Group 1-158
2024-11-25 19:22:20,527 INFO o.a.j.t.JMeterThread: Thread started: Thread Group 1-159
2024-11-25 19:22:20,537 INFO o.a.j.t.JMeterThread: Thread started: Thread Group 1-160
2024-11-25 19:22:20,573 INFO o.a.j.t.JMeterThread: Thread started: Thread Group 1-157
2024-11-25 19:22:20,613 INFO o.a.j.t.JMeterThread: Thread started: Thread Group 1-161
2024-11-25 19:22:20,639 INFO o.a.j.t.JMeterThread: Thread started: Thread Group 1-162
2024-11-25 19:22:21,038 INFO o.a.j.t.JMeterThread: Thread started: Thread Group 1-165
2024-11-25 19:22:21,250 INFO o.a.j.t.JMeterThread: Thread started: Thread Group 1-164
2024-11-25 19:22:21,250 INFO o.a.j.t.JMeterThread: Thread started: Thread Group 1-170
2024-11-25 19:22:21,362 INFO o.a.j.t.JMeterThread: Thread started: Thread Group 1-176
2024-11-25 19:22:21,365 INFO o.a.j.t.JMeterThread: Thread started: Thread Group 1-171
2024-11-25 19:22:21,370 INFO o.a.j.t.JMeterThread: Thread started: Thread Group 1-163
2024-11-25 19:22:21,377 INFO o.a.j.t.JMeterThread: Thread started: Thread Group 1-175
2024-11-25 19:22:21,649 INFO o.a.j.t.JMeterThread: Thread started: Thread Group 1-180
2024-11-25 19:22:21,654 INFO o.a.j.t.JMeterThread: Thread started: Thread Group 1-179
2024-11-25 19:22:21,764 INFO o.a.j.t.JMeterThread: Thread started: Thread Group 1-181
2024-11-25 19:22:21,766 INFO o.a.j.t.JMeterThread: Thread started: Thread Group 1-185
2024-11-25 19:22:21,780 INFO o.a.j.t.JMeterThread: Thread started: Thread Group 1-172
2024-11-25 19:22:21,779 INFO o.a.j.t.JMeterThread: Thread started: Thread Group 1-173
2024-11-25 19:22:21,902 INFO o.a.j.t.JMeterThread: Thread started: Thread Group 1-182
2024-11-25 19:22:22,090 INFO o.a.j.t.JMeterThread: Thread started: Thread Group 1-183
2024-11-25 19:22:22,091 INFO o.a.j.t.JMeterThread: Thread started: Thread Group 1-191
2024-11-25 19:22:22,092 INFO o.a.j.t.JMeterThread: Thread started: Thread Group 1-184
2024-11-25 19:22:22,093 INFO o.a.j.t.JMeterThread: Thread started: Thread Group 1-174
2024-11-25 19:22:22,538 INFO o.a.j.t.JMeterThread: Thread started: Thread Group 1-198
2024-11-25 19:22:22,543 INFO o.a.j.t.JMeterThread: Thread started: Thread Group 1-166
2024-11-25 19:22:22,543 INFO o.a.j.t.JMeterThread: Thread started: Thread Group 1-197
2024-11-25 19:22:22,873 INFO o.a.j.t.JMeterThread: Thread started: Thread Group 1-177
2024-11-25 19:22:23,586 INFO o.a.j.t.JMeterThread: Thread started: Thread Group 1-178
2024-11-25 19:22:23,588 INFO o.a.j.t.JMeterThread: Thread started: Thread Group 1-200
2024-11-25 19:22:23,592 INFO o.a.j.t.JMeterThread: Thread started: Thread Group 1-168
2024-11-25 19:22:23,593 INFO o.a.j.t.JMeterThread: Thread started: Thread Group 1-190
2024-11-25 19:22:23,602 INFO o.a.j.t.JMeterThread: Thread started: Thread Group 1-169
2024-11-25 19:22:23,592 INFO o.a.j.t.JMeterThread: Thread started: Thread Group 1-167
2024-11-25 19:22:24,096 INFO o.a.j.t.JMeterThread: Thread started: Thread Group 1-192
2024-11-25 19:22:24,325 INFO o.a.j.t.JMeterThread: Thread started: Thread Group 1-196
2024-11-25 19:22:24,328 INFO o.a.j.t.JMeterThread: Thread started: Thread Group 1-194
2024-11-25 19:22:24,338 INFO o.a.j.t.JMeterThread: Thread started: Thread Group 1-187
2024-11-25 19:22:24,338 INFO o.a.j.t.JMeterThread: Thread started: Thread Group 1-186
2024-11-25 19:22:24,896 INFO o.a.j.t.JMeterThread: Thread started: Thread Group 1-199
2024-11-25 19:22:24,934 INFO o.a.j.t.JMeterThread: Thread started: Thread Group 1-195
2024-11-25 19:22:25,037 INFO o.a.j.t.JMeterThread: Thread started: Thread Group 1-193
2024-11-25 19:22:25,533 INFO o.a.j.t.JMeterThread: Thread started: Thread Group 1-189
2024-11-25 19:22:25,541 INFO o.a.j.t.JMeterThread: Thread started: Thread Group 1-188
2024-11-25 19:23:04,833 INFO o.a.j.r.Summariser: summary +    366 in 00:00:52 =    7.1/s Avg:  9791 Min:   139 Max: 31157 Err:    72 (19.67%) Active: 200 Started: 200 Finished: 0
2024-11-25 19:23:30,761 INFO o.a.j.r.Summariser: summary +    359 in 00:00:27 =   13.5/s Avg: 12047 Min:  1573 Max: 25023 Err:   139 (38.72%) Active: 200 Started: 200 Finished: 0
2024-11-25 19:23:30,761 INFO o.a.j.r.Summariser: summary =    725 in 00:01:18 =    9.3/s Avg: 10908 Min:   139 Max: 31157 Err:   211 (29.10%)
2024-11-25 19:24:00,890 INFO o.a.j.r.Summariser: summary +    250 in 00:00:30 =    8.3/s Avg: 12564 Min:   458 Max: 24149 Err:   112 (44.80%) Active: 200 Started: 200 Finished: 0
2024-11-25 19:24:01,032 INFO o.a.j.r.Summariser: summary =    975 in 00:01:48 =    9.0/s Avg: 11333 Min:   139 Max: 31157 Err:   323 (33.13%)
2024-11-25 19:24:11,711 INFO o.a.j.t.JMeterThread: Thread finished: Thread Group 1-78
2024-11-25 19:24:11,713 INFO o.a.j.t.JMeterThread: Thread finished: Thread Group 1-130
2024-11-25 19:24:11,713 INFO o.a.j.t.JMeterThread: Thread finished: Thread Group 1-21
2024-11-25 19:24:11,716 INFO o.a.j.t.JMeterThread: Thread finished: Thread Group 1-113
2024-11-25 19:24:11,717 INFO o.a.j.t.JMeterThread: Thread finished: Thread Group 1-46
2024-11-25 19:24:11,725 INFO o.a.j.t.JMeterThread: Thread finished: Thread Group 1-165
2024-11-25 19:24:11,733 INFO o.a.j.t.JMeterThread: Thread finished: Thread Group 1-105
2024-11-25 19:24:11,737 INFO o.a.j.t.JMeterThread: Thread finished: Thread Group 1-28
2024-11-25 19:24:11,738 INFO o.a.j.t.JMeterThread: Thread finished: Thread Group 1-70
2024-11-25 19:24:11,739 INFO o.a.j.t.JMeterThread: Thread finished: Thread Group 1-127
2024-11-25 19:24:11,740 INFO o.a.j.t.JMeterThread: Thread finished: Thread Group 1-179
2024-11-25 19:24:11,769 INFO o.a.j.t.JMeterThread: Thread finished: Thread Group 1-160
2024-11-25 19:24:11,769 INFO o.a.j.t.JMeterThread: Thread finished: Thread Group 1-38
2024-11-25 19:24:11,769 INFO o.a.j.t.JMeterThread: Thread finished: Thread Group 1-163
2024-11-25 19:24:11,769 INFO o.a.j.t.JMeterThread: Thread finished: Thread Group 1-100
2024-11-25 19:24:11,769 INFO o.a.j.t.JMeterThread: Thread finished: Thread Group 1-131
2024-11-25 19:24:11,770 INFO o.a.j.t.JMeterThread: Thread finished: Thread Group 1-178
2024-11-25 19:24:11,770 INFO o.a.j.t.JMeterThread: Thread finished: Thread Group 1-65
2024-11-25 19:24:11,771 INFO o.a.j.t.JMeterThread: Thread finished: Thread Group 1-181
2024-11-25 19:24:11,773 INFO o.a.j.t.JMeterThread: Thread finished: Thread Group 1-146
2024-11-25 19:24:11,778 INFO o.a.j.t.JMeterThread: Thread finished: Thread Group 1-88
2024-11-25 19:24:11,778 INFO o.a.j.t.JMeterThread: Thread finished: Thread Group 1-110
2024-11-25 19:24:11,778 INFO o.a.j.t.JMeterThread: Thread finished: Thread Group 1-188
2024-11-25 19:24:11,815 INFO o.a.j.t.JMeterThread: Thread finished: Thread Group 1-52
2024-11-25 19:24:11,974 INFO o.a.j.t.JMeterThread: Thread finished: Thread Group 1-83
2024-11-25 19:24:13,187 INFO o.a.j.t.JMeterThread: Stopping because end time detected by thread: Thread Group 1-43
2024-11-25 19:24:13,187 INFO o.a.j.t.JMeterThread: Thread finished: Thread Group 1-43
2024-11-25 19:24:13,187 INFO o.a.j.t.JMeterThread: Stopping because end time detected by thread: Thread Group 1-167
2024-11-25 19:24:13,188 INFO o.a.j.t.JMeterThread: Thread finished: Thread Group 1-167
2024-11-25 19:24:13,205 INFO o.a.j.t.JMeterThread: Stopping because end time detected by thread: Thread Group 1-175
2024-11-25 19:24:13,209 INFO o.a.j.t.JMeterThread: Thread finished: Thread Group 1-175
2024-11-25 19:24:13,209 INFO o.a.j.t.JMeterThread: Stopping because end time detected by thread: Thread Group 1-118
2024-11-25 19:24:13,210 INFO o.a.j.t.JMeterThread: Thread finished: Thread Group 1-118
2024-11-25 19:24:13,210 INFO o.a.j.t.JMeterThread: Stopping because end time detected by thread: Thread Group 1-153
2024-11-25 19:24:13,210 INFO o.a.j.t.JMeterThread: Thread finished: Thread Group 1-153
2024-11-25 19:24:13,210 INFO o.a.j.t.JMeterThread: Stopping because end time detected by thread: Thread Group 1-174
2024-11-25 19:24:13,210 INFO o.a.j.t.JMeterThread: Thread finished: Thread Group 1-174
2024-11-25 19:24:13,210 INFO o.a.j.t.JMeterThread: Stopping because end time detected by thread: Thread Group 1-107
2024-11-25 19:24:13,210 INFO o.a.j.t.JMeterThread: Thread finished: Thread Group 1-107
2024-11-25 19:24:13,210 INFO o.a.j.t.JMeterThread: Stopping because end time detected by thread: Thread Group 1-47
2024-11-25 19:24:13,210 INFO o.a.j.t.JMeterThread: Thread finished: Thread Group 1-47
2024-11-25 19:24:13,214 INFO o.a.j.t.JMeterThread: Stopping because end time detected by thread: Thread Group 1-198
2024-11-25 19:24:13,214 INFO o.a.j.t.JMeterThread: Stopping because end time detected by thread: Thread Group 1-144
2024-11-25 19:24:13,214 INFO o.a.j.t.JMeterThread: Thread finished: Thread Group 1-198
2024-11-25 19:24:13,214 INFO o.a.j.t.JMeterThread: Thread finished: Thread Group 1-144
2024-11-25 19:24:13,214 INFO o.a.j.t.JMeterThread: Stopping because end time detected by thread: Thread Group 1-14
2024-11-25 19:24:13,214 INFO o.a.j.t.JMeterThread: Thread finished: Thread Group 1-14
2024-11-25 19:24:13,214 INFO o.a.j.t.JMeterThread: Stopping because end time detected by thread: Thread Group 1-138
2024-11-25 19:24:13,215 INFO o.a.j.t.JMeterThread: Thread finished: Thread Group 1-138
2024-11-25 19:24:13,215 INFO o.a.j.t.JMeterThread: Stopping because end time detected by thread: Thread Group 1-71
2024-11-25 19:24:13,215 INFO o.a.j.t.JMeterThread: Thread finished: Thread Group 1-71
2024-11-25 19:24:13,215 INFO o.a.j.t.JMeterThread: Stopping because end time detected by thread: Thread Group 1-155
2024-11-25 19:24:13,215 INFO o.a.j.t.JMeterThread: Stopping because end time detected by thread: Thread Group 1-11
2024-11-25 19:24:13,215 INFO o.a.j.t.JMeterThread: Thread finished: Thread Group 1-155
2024-11-25 19:24:13,215 INFO o.a.j.t.JMeterThread: Stopping because end time detected by thread: Thread Group 1-187
2024-11-25 19:24:13,215 INFO o.a.j.t.JMeterThread: Thread finished: Thread Group 1-11
2024-11-25 19:24:13,215 INFO o.a.j.t.JMeterThread: Thread finished: Thread Group 1-187
2024-11-25 19:24:13,215 INFO o.a.j.t.JMeterThread: Stopping because end time detected by thread: Thread Group 1-17
2024-11-25 19:24:13,215 INFO o.a.j.t.JMeterThread: Thread finished: Thread Group 1-17
2024-11-25 19:24:13,221 INFO o.a.j.t.JMeterThread: Stopping because end time detected by thread: Thread Group 1-15
2024-11-25 19:24:13,221 INFO o.a.j.t.JMeterThread: Stopping because end time detected by thread: Thread Group 1-69
2024-11-25 19:24:13,221 INFO o.a.j.t.JMeterThread: Thread finished: Thread Group 1-15
2024-11-25 19:24:13,221 INFO o.a.j.t.JMeterThread: Thread finished: Thread Group 1-69
2024-11-25 19:24:13,222 INFO o.a.j.t.JMeterThread: Stopping because end time detected by thread: Thread Group 1-143
2024-11-25 19:24:13,222 INFO o.a.j.t.JMeterThread: Stopping because end time detected by thread: Thread Group 1-50
2024-11-25 19:24:13,222 INFO o.a.j.t.JMeterThread: Thread finished: Thread Group 1-50
2024-11-25 19:24:13,222 INFO o.a.j.t.JMeterThread: Stopping because end time detected by thread: Thread Group 1-75
2024-11-25 19:24:13,222 INFO o.a.j.t.JMeterThread: Thread finished: Thread Group 1-75
2024-11-25 19:24:13,223 INFO o.a.j.t.JMeterThread: Stopping because end time detected by thread: Thread Group 1-80
2024-11-25 19:24:13,223 INFO o.a.j.t.JMeterThread: Thread finished: Thread Group 1-80
2024-11-25 19:24:13,222 INFO o.a.j.t.JMeterThread: Thread finished: Thread Group 1-143
2024-11-25 19:24:13,225 INFO o.a.j.t.JMeterThread: Stopping because end time detected by thread: Thread Group 1-87
2024-11-25 19:24:13,225 INFO o.a.j.t.JMeterThread: Thread finished: Thread Group 1-87
2024-11-25 19:24:13,225 INFO o.a.j.t.JMeterThread: Stopping because end time detected by thread: Thread Group 1-57
2024-11-25 19:24:13,225 INFO o.a.j.t.JMeterThread: Thread finished: Thread Group 1-57
2024-11-25 19:24:13,225 INFO o.a.j.t.JMeterThread: Stopping because end time detected by thread: Thread Group 1-180
2024-11-25 19:24:13,225 INFO o.a.j.t.JMeterThread: Thread finished: Thread Group 1-180
2024-11-25 19:24:13,225 INFO o.a.j.t.JMeterThread: Stopping because end time detected by thread: Thread Group 1-125
2024-11-25 19:24:13,226 INFO o.a.j.t.JMeterThread: Thread finished: Thread Group 1-125
2024-11-25 19:24:13,226 INFO o.a.j.t.JMeterThread: Stopping because end time detected by thread: Thread Group 1-133
2024-11-25 19:24:13,226 INFO o.a.j.t.JMeterThread: Thread finished: Thread Group 1-133
2024-11-25 19:24:13,227 INFO o.a.j.t.JMeterThread: Stopping because end time detected by thread: Thread Group 1-93
2024-11-25 19:24:13,227 INFO o.a.j.t.JMeterThread: Thread finished: Thread Group 1-93
2024-11-25 19:24:13,248 INFO o.a.j.t.JMeterThread: Stopping because end time detected by thread: Thread Group 1-150
2024-11-25 19:24:13,248 INFO o.a.j.t.JMeterThread: Stopping because end time detected by thread: Thread Group 1-141
2024-11-25 19:24:13,248 INFO o.a.j.t.JMeterThread: Stopping because end time detected by thread: Thread Group 1-98
2024-11-25 19:24:13,248 INFO o.a.j.t.JMeterThread: Thread finished: Thread Group 1-150
2024-11-25 19:24:13,248 INFO o.a.j.t.JMeterThread: Thread finished: Thread Group 1-98
2024-11-25 19:24:13,248 INFO o.a.j.t.JMeterThread: Thread finished: Thread Group 1-141
2024-11-25 19:24:13,248 INFO o.a.j.t.JMeterThread: Stopping because end time detected by thread: Thread Group 1-99
2024-11-25 19:24:13,248 INFO o.a.j.t.JMeterThread: Stopping because end time detected by thread: Thread Group 1-59
2024-11-25 19:24:13,248 INFO o.a.j.t.JMeterThread: Stopping because end time detected by thread: Thread Group 1-200
2024-11-25 19:24:13,248 INFO o.a.j.t.JMeterThread: Thread finished: Thread Group 1-59
2024-11-25 19:24:13,248 INFO o.a.j.t.JMeterThread: Thread finished: Thread Group 1-99
2024-11-25 19:24:13,248 INFO o.a.j.t.JMeterThread: Thread finished: Thread Group 1-200
2024-11-25 19:24:13,248 INFO o.a.j.t.JMeterThread: Stopping because end time detected by thread: Thread Group 1-197
2024-11-25 19:24:13,248 INFO o.a.j.t.JMeterThread: Stopping because end time detected by thread: Thread Group 1-1
2024-11-25 19:24:13,248 INFO o.a.j.t.JMeterThread: Thread finished: Thread Group 1-197
2024-11-25 19:24:13,248 INFO o.a.j.t.JMeterThread: Thread finished: Thread Group 1-1
2024-11-25 19:24:13,248 INFO o.a.j.t.JMeterThread: Stopping because end time detected by thread: Thread Group 1-13
2024-11-25 19:24:13,248 INFO o.a.j.t.JMeterThread: Stopping because end time detected by thread: Thread Group 1-129
2024-11-25 19:24:13,249 INFO o.a.j.t.JMeterThread: Thread finished: Thread Group 1-129
2024-11-25 19:24:13,249 INFO o.a.j.t.JMeterThread: Thread finished: Thread Group 1-13
2024-11-25 19:24:13,249 INFO o.a.j.t.JMeterThread: Stopping because end time detected by thread: Thread Group 1-139
2024-11-25 19:24:13,249 INFO o.a.j.t.JMeterThread: Thread finished: Thread Group 1-139
2024-11-25 19:24:13,249 INFO o.a.j.t.JMeterThread: Stopping because end time detected by thread: Thread Group 1-45
2024-11-25 19:24:13,249 INFO o.a.j.t.JMeterThread: Thread finished: Thread Group 1-45
2024-11-25 19:24:13,251 INFO o.a.j.t.JMeterThread: Stopping because end time detected by thread: Thread Group 1-82
2024-11-25 19:24:13,251 INFO o.a.j.t.JMeterThread: Thread finished: Thread Group 1-82
2024-11-25 19:24:13,253 INFO o.a.j.t.JMeterThread: Stopping because end time detected by thread: Thread Group 1-161
2024-11-25 19:24:13,253 INFO o.a.j.t.JMeterThread: Thread finished: Thread Group 1-161
2024-11-25 19:24:13,257 INFO o.a.j.t.JMeterThread: Stopping because end time detected by thread: Thread Group 1-48
2024-11-25 19:24:13,258 INFO o.a.j.t.JMeterThread: Thread finished: Thread Group 1-48
2024-11-25 19:24:13,265 INFO o.a.j.t.JMeterThread: Stopping because end time detected by thread: Thread Group 1-112
2024-11-25 19:24:13,265 INFO o.a.j.t.JMeterThread: Thread finished: Thread Group 1-112
2024-11-25 19:24:13,281 INFO o.a.j.t.JMeterThread: Stopping because end time detected by thread: Thread Group 1-53
2024-11-25 19:24:13,282 INFO o.a.j.t.JMeterThread: Thread finished: Thread Group 1-53
2024-11-25 19:24:13,282 INFO o.a.j.t.JMeterThread: Stopping because end time detected by thread: Thread Group 1-55
2024-11-25 19:24:13,282 INFO o.a.j.t.JMeterThread: Thread finished: Thread Group 1-55
2024-11-25 19:24:13,283 INFO o.a.j.t.JMeterThread: Stopping because end time detected by thread: Thread Group 1-39
2024-11-25 19:24:13,283 INFO o.a.j.t.JMeterThread: Thread finished: Thread Group 1-39
2024-11-25 19:24:13,341 INFO o.a.j.t.JMeterThread: Stopping because end time detected by thread: Thread Group 1-177
2024-11-25 19:24:13,341 INFO o.a.j.t.JMeterThread: Thread finished: Thread Group 1-177
2024-11-25 19:24:13,344 INFO o.a.j.t.JMeterThread: Stopping because end time detected by thread: Thread Group 1-16
2024-11-25 19:24:13,344 INFO o.a.j.t.JMeterThread: Stopping because end time detected by thread: Thread Group 1-20
2024-11-25 19:24:13,344 INFO o.a.j.t.JMeterThread: Thread finished: Thread Group 1-20
2024-11-25 19:24:13,350 INFO o.a.j.t.JMeterThread: Thread finished: Thread Group 1-16
2024-11-25 19:24:13,365 INFO o.a.j.t.JMeterThread: Stopping because end time detected by thread: Thread Group 1-117
2024-11-25 19:24:13,365 INFO o.a.j.t.JMeterThread: Thread finished: Thread Group 1-117
2024-11-25 19:24:13,400 INFO o.a.j.t.JMeterThread: Stopping because end time detected by thread: Thread Group 1-23
2024-11-25 19:24:13,400 INFO o.a.j.t.JMeterThread: Thread finished: Thread Group 1-23
2024-11-25 19:24:13,401 INFO o.a.j.t.JMeterThread: Stopping because end time detected by thread: Thread Group 1-92
2024-11-25 19:24:13,401 INFO o.a.j.t.JMeterThread: Thread finished: Thread Group 1-92
2024-11-25 19:24:13,402 INFO o.a.j.t.JMeterThread: Stopping because end time detected by thread: Thread Group 1-193
2024-11-25 19:24:13,403 INFO o.a.j.t.JMeterThread: Thread finished: Thread Group 1-193
2024-11-25 19:24:13,440 INFO o.a.j.t.JMeterThread: Stopping because end time detected by thread: Thread Group 1-132
2024-11-25 19:24:13,441 INFO o.a.j.t.JMeterThread: Stopping because end time detected by thread: Thread Group 1-108
2024-11-25 19:24:13,441 INFO o.a.j.t.JMeterThread: Thread finished: Thread Group 1-108
2024-11-25 19:24:13,441 INFO o.a.j.t.JMeterThread: Thread finished: Thread Group 1-132
2024-11-25 19:24:13,457 INFO o.a.j.t.JMeterThread: Stopping because end time detected by thread: Thread Group 1-176
2024-11-25 19:24:13,458 INFO o.a.j.t.JMeterThread: Thread finished: Thread Group 1-176
2024-11-25 19:24:13,458 INFO o.a.j.t.JMeterThread: Stopping because end time detected by thread: Thread Group 1-60
2024-11-25 19:24:13,458 INFO o.a.j.t.JMeterThread: Thread finished: Thread Group 1-60
2024-11-25 19:24:13,460 INFO o.a.j.t.JMeterThread: Stopping because end time detected by thread: Thread Group 1-195
2024-11-25 19:24:13,460 INFO o.a.j.t.JMeterThread: Thread finished: Thread Group 1-195
2024-11-25 19:24:13,461 INFO o.a.j.t.JMeterThread: Stopping because end time detected by thread: Thread Group 1-186
2024-11-25 19:24:13,461 INFO o.a.j.t.JMeterThread: Thread finished: Thread Group 1-186
2024-11-25 19:24:13,462 INFO o.a.j.t.JMeterThread: Stopping because end time detected by thread: Thread Group 1-185
2024-11-25 19:24:13,462 INFO o.a.j.t.JMeterThread: Thread finished: Thread Group 1-185
2024-11-25 19:24:13,464 INFO o.a.j.t.JMeterThread: Stopping because end time detected by thread: Thread Group 1-51
2024-11-25 19:24:13,464 INFO o.a.j.t.JMeterThread: Stopping because end time detected by thread: Thread Group 1-95
2024-11-25 19:24:13,464 INFO o.a.j.t.JMeterThread: Thread finished: Thread Group 1-51
2024-11-25 19:24:13,464 INFO o.a.j.t.JMeterThread: Thread finished: Thread Group 1-95
2024-11-25 19:24:13,470 INFO o.a.j.t.JMeterThread: Stopping because end time detected by thread: Thread Group 1-76
2024-11-25 19:24:13,470 INFO o.a.j.t.JMeterThread: Thread finished: Thread Group 1-76
2024-11-25 19:24:13,475 INFO o.a.j.t.JMeterThread: Stopping because end time detected by thread: Thread Group 1-49
2024-11-25 19:24:13,475 INFO o.a.j.t.JMeterThread: Thread finished: Thread Group 1-49
2024-11-25 19:24:13,475 INFO o.a.j.t.JMeterThread: Stopping because end time detected by thread: Thread Group 1-104
2024-11-25 19:24:13,476 INFO o.a.j.t.JMeterThread: Thread finished: Thread Group 1-104
2024-11-25 19:24:13,476 INFO o.a.j.t.JMeterThread: Stopping because end time detected by thread: Thread Group 1-191
2024-11-25 19:24:13,476 INFO o.a.j.t.JMeterThread: Thread finished: Thread Group 1-191
2024-11-25 19:24:13,479 INFO o.a.j.t.JMeterThread: Stopping because end time detected by thread: Thread Group 1-34
2024-11-25 19:24:13,479 INFO o.a.j.t.JMeterThread: Thread finished: Thread Group 1-34
2024-11-25 19:24:13,479 INFO o.a.j.t.JMeterThread: Stopping because end time detected by thread: Thread Group 1-114
2024-11-25 19:24:13,480 INFO o.a.j.t.JMeterThread: Thread finished: Thread Group 1-114
2024-11-25 19:24:13,480 INFO o.a.j.t.JMeterThread: Stopping because end time detected by thread: Thread Group 1-171
2024-11-25 19:24:13,480 INFO o.a.j.t.JMeterThread: Thread finished: Thread Group 1-171
2024-11-25 19:24:13,480 INFO o.a.j.t.JMeterThread: Stopping because end time detected by thread: Thread Group 1-142
2024-11-25 19:24:13,480 INFO o.a.j.t.JMeterThread: Thread finished: Thread Group 1-142
2024-11-25 19:24:13,484 INFO o.a.j.t.JMeterThread: Stopping because end time detected by thread: Thread Group 1-5
2024-11-25 19:24:13,484 INFO o.a.j.t.JMeterThread: Thread finished: Thread Group 1-5
2024-11-25 19:24:13,488 INFO o.a.j.t.JMeterThread: Stopping because end time detected by thread: Thread Group 1-122
2024-11-25 19:24:13,488 INFO o.a.j.t.JMeterThread: Thread finished: Thread Group 1-122
2024-11-25 19:24:13,488 INFO o.a.j.t.JMeterThread: Stopping because end time detected by thread: Thread Group 1-170
2024-11-25 19:24:13,488 INFO o.a.j.t.JMeterThread: Thread finished: Thread Group 1-170
2024-11-25 19:24:13,489 INFO o.a.j.t.JMeterThread: Stopping because end time detected by thread: Thread Group 1-42
2024-11-25 19:24:13,489 INFO o.a.j.t.JMeterThread: Thread finished: Thread Group 1-42
2024-11-25 19:24:13,490 INFO o.a.j.t.JMeterThread: Stopping because end time detected by thread: Thread Group 1-183
2024-11-25 19:24:13,490 INFO o.a.j.t.JMeterThread: Thread finished: Thread Group 1-183
2024-11-25 19:24:13,491 INFO o.a.j.t.JMeterThread: Stopping because end time detected by thread: Thread Group 1-35
2024-11-25 19:24:13,491 INFO o.a.j.t.JMeterThread: Thread finished: Thread Group 1-35
2024-11-25 19:24:13,492 INFO o.a.j.t.JMeterThread: Stopping because end time detected by thread: Thread Group 1-77
2024-11-25 19:24:13,492 INFO o.a.j.t.JMeterThread: Thread finished: Thread Group 1-77
2024-11-25 19:24:13,496 INFO o.a.j.t.JMeterThread: Stopping because end time detected by thread: Thread Group 1-19
2024-11-25 19:24:13,496 INFO o.a.j.t.JMeterThread: Thread finished: Thread Group 1-19
2024-11-25 19:24:13,502 INFO o.a.j.t.JMeterThread: Stopping because end time detected by thread: Thread Group 1-157
2024-11-25 19:24:13,502 INFO o.a.j.t.JMeterThread: Thread finished: Thread Group 1-157
2024-11-25 19:24:13,503 INFO o.a.j.t.JMeterThread: Stopping because end time detected by thread: Thread Group 1-58
2024-11-25 19:24:13,503 INFO o.a.j.t.JMeterThread: Thread finished: Thread Group 1-58
2024-11-25 19:24:13,504 INFO o.a.j.t.JMeterThread: Stopping because end time detected by thread: Thread Group 1-2
2024-11-25 19:24:13,504 INFO o.a.j.t.JMeterThread: Thread finished: Thread Group 1-2
2024-11-25 19:24:13,504 INFO o.a.j.t.JMeterThread: Stopping because end time detected by thread: Thread Group 1-123
2024-11-25 19:24:13,504 INFO o.a.j.t.JMeterThread: Thread finished: Thread Group 1-123
2024-11-25 19:24:13,530 INFO o.a.j.t.JMeterThread: Stopping because end time detected by thread: Thread Group 1-66
2024-11-25 19:24:13,530 INFO o.a.j.t.JMeterThread: Thread finished: Thread Group 1-66
2024-11-25 19:24:13,531 INFO o.a.j.t.JMeterThread: Stopping because end time detected by thread: Thread Group 1-8
2024-11-25 19:24:13,531 INFO o.a.j.t.JMeterThread: Thread finished: Thread Group 1-8
2024-11-25 19:24:13,532 INFO o.a.j.t.JMeterThread: Stopping because end time detected by thread: Thread Group 1-9
2024-11-25 19:24:13,532 INFO o.a.j.t.JMeterThread: Thread finished: Thread Group 1-9
2024-11-25 19:24:13,532 INFO o.a.j.t.JMeterThread: Stopping because end time detected by thread: Thread Group 1-168
2024-11-25 19:24:13,532 INFO o.a.j.t.JMeterThread: Thread finished: Thread Group 1-168
2024-11-25 19:24:13,532 INFO o.a.j.t.JMeterThread: Stopping because end time detected by thread: Thread Group 1-189
2024-11-25 19:24:13,532 INFO o.a.j.t.JMeterThread: Thread finished: Thread Group 1-189
2024-11-25 19:24:13,532 INFO o.a.j.t.JMeterThread: Stopping because end time detected by thread: Thread Group 1-29
2024-11-25 19:24:13,532 INFO o.a.j.t.JMeterThread: Thread finished: Thread Group 1-29
2024-11-25 19:24:13,533 INFO o.a.j.t.JMeterThread: Stopping because end time detected by thread: Thread Group 1-199
2024-11-25 19:24:13,533 INFO o.a.j.t.JMeterThread: Thread finished: Thread Group 1-199
2024-11-25 19:24:13,533 INFO o.a.j.t.JMeterThread: Stopping because end time detected by thread: Thread Group 1-128
2024-11-25 19:24:13,533 INFO o.a.j.t.JMeterThread: Thread finished: Thread Group 1-128
2024-11-25 19:24:13,533 INFO o.a.j.t.JMeterThread: Stopping because end time detected by thread: Thread Group 1-116
2024-11-25 19:24:13,533 INFO o.a.j.t.JMeterThread: Thread finished: Thread Group 1-116
2024-11-25 19:24:13,535 INFO o.a.j.t.JMeterThread: Stopping because end time detected by thread: Thread Group 1-111
2024-11-25 19:24:13,535 INFO o.a.j.t.JMeterThread: Thread finished: Thread Group 1-111
2024-11-25 19:24:13,535 INFO o.a.j.t.JMeterThread: Stopping because end time detected by thread: Thread Group 1-86
2024-11-25 19:24:13,535 INFO o.a.j.t.JMeterThread: Thread finished: Thread Group 1-86
2024-11-25 19:24:13,538 INFO o.a.j.t.JMeterThread: Stopping because end time detected by thread: Thread Group 1-7
2024-11-25 19:24:13,538 INFO o.a.j.t.JMeterThread: Thread finished: Thread Group 1-7
2024-11-25 19:24:13,538 INFO o.a.j.t.JMeterThread: Stopping because end time detected by thread: Thread Group 1-91
2024-11-25 19:24:13,539 INFO o.a.j.t.JMeterThread: Thread finished: Thread Group 1-91
2024-11-25 19:24:13,539 INFO o.a.j.t.JMeterThread: Stopping because end time detected by thread: Thread Group 1-97
2024-11-25 19:24:13,539 INFO o.a.j.t.JMeterThread: Thread finished: Thread Group 1-97
2024-11-25 19:24:13,540 INFO o.a.j.t.JMeterThread: Stopping because end time detected by thread: Thread Group 1-145
2024-11-25 19:24:13,540 INFO o.a.j.t.JMeterThread: Thread finished: Thread Group 1-145
2024-11-25 19:24:13,540 INFO o.a.j.t.JMeterThread: Stopping because end time detected by thread: Thread Group 1-25
2024-11-25 19:24:13,541 INFO o.a.j.t.JMeterThread: Thread finished: Thread Group 1-25
2024-11-25 19:24:13,541 INFO o.a.j.t.JMeterThread: Stopping because end time detected by thread: Thread Group 1-73
2024-11-25 19:24:13,548 INFO o.a.j.t.JMeterThread: Thread finished: Thread Group 1-73
2024-11-25 19:24:13,549 INFO o.a.j.t.JMeterThread: Stopping because end time detected by thread: Thread Group 1-32
2024-11-25 19:24:13,549 INFO o.a.j.t.JMeterThread: Thread finished: Thread Group 1-32
2024-11-25 19:24:13,550 INFO o.a.j.t.JMeterThread: Stopping because end time detected by thread: Thread Group 1-119
2024-11-25 19:24:13,550 INFO o.a.j.t.JMeterThread: Thread finished: Thread Group 1-119
2024-11-25 19:24:13,550 INFO o.a.j.t.JMeterThread: Stopping because end time detected by thread: Thread Group 1-162
2024-11-25 19:24:13,551 INFO o.a.j.t.JMeterThread: Thread finished: Thread Group 1-162
2024-11-25 19:24:13,551 INFO o.a.j.t.JMeterThread: Stopping because end time detected by thread: Thread Group 1-90
2024-11-25 19:24:13,551 INFO o.a.j.t.JMeterThread: Thread finished: Thread Group 1-90
2024-11-25 19:24:13,551 INFO o.a.j.t.JMeterThread: Stopping because end time detected by thread: Thread Group 1-152
2024-11-25 19:24:13,551 INFO o.a.j.t.JMeterThread: Thread finished: Thread Group 1-152
2024-11-25 19:24:13,552 INFO o.a.j.t.JMeterThread: Stopping because end time detected by thread: Thread Group 1-12
2024-11-25 19:24:13,552 INFO o.a.j.t.JMeterThread: Thread finished: Thread Group 1-12
2024-11-25 19:24:13,552 INFO o.a.j.t.JMeterThread: Stopping because end time detected by thread: Thread Group 1-124
2024-11-25 19:24:13,552 INFO o.a.j.t.JMeterThread: Thread finished: Thread Group 1-124
2024-11-25 19:24:13,552 INFO o.a.j.t.JMeterThread: Stopping because end time detected by thread: Thread Group 1-68
2024-11-25 19:24:13,552 INFO o.a.j.t.JMeterThread: Thread finished: Thread Group 1-68
2024-11-25 19:24:13,553 INFO o.a.j.t.JMeterThread: Stopping because end time detected by thread: Thread Group 1-30
2024-11-25 19:24:13,553 INFO o.a.j.t.JMeterThread: Thread finished: Thread Group 1-30
2024-11-25 19:24:13,553 INFO o.a.j.t.JMeterThread: Stopping because end time detected by thread: Thread Group 1-26
2024-11-25 19:24:13,553 INFO o.a.j.t.JMeterThread: Thread finished: Thread Group 1-26
2024-11-25 19:24:13,556 INFO o.a.j.t.JMeterThread: Stopping because end time detected by thread: Thread Group 1-184
2024-11-25 19:24:13,556 INFO o.a.j.t.JMeterThread: Thread finished: Thread Group 1-184
2024-11-25 19:24:13,556 INFO o.a.j.t.JMeterThread: Stopping because end time detected by thread: Thread Group 1-194
2024-11-25 19:24:13,556 INFO o.a.j.t.JMeterThread: Thread finished: Thread Group 1-194
2024-11-25 19:24:13,559 INFO o.a.j.t.JMeterThread: Stopping because end time detected by thread: Thread Group 1-24
2024-11-25 19:24:13,560 INFO o.a.j.t.JMeterThread: Thread finished: Thread Group 1-24
2024-11-25 19:24:13,744 INFO o.a.j.t.JMeterThread: Stopping because end time detected by thread: Thread Group 1-6
2024-11-25 19:24:13,744 INFO o.a.j.t.JMeterThread: Thread finished: Thread Group 1-6
2024-11-25 19:24:13,754 INFO o.a.j.t.JMeterThread: Stopping because end time detected by thread: Thread Group 1-63
2024-11-25 19:24:13,754 INFO o.a.j.t.JMeterThread: Thread finished: Thread Group 1-63
2024-11-25 19:24:13,756 INFO o.a.j.t.JMeterThread: Stopping because end time detected by thread: Thread Group 1-44
2024-11-25 19:24:13,756 INFO o.a.j.t.JMeterThread: Thread finished: Thread Group 1-44
2024-11-25 19:24:13,757 INFO o.a.j.t.JMeterThread: Stopping because end time detected by thread: Thread Group 1-173
2024-11-25 19:24:13,758 INFO o.a.j.t.JMeterThread: Thread finished: Thread Group 1-173
2024-11-25 19:24:13,789 INFO o.a.j.t.JMeterThread: Stopping because end time detected by thread: Thread Group 1-94
2024-11-25 19:24:13,789 INFO o.a.j.t.JMeterThread: Thread finished: Thread Group 1-94
2024-11-25 19:24:13,789 INFO o.a.j.t.JMeterThread: Stopping because end time detected by thread: Thread Group 1-126
2024-11-25 19:24:13,789 INFO o.a.j.t.JMeterThread: Thread finished: Thread Group 1-126
2024-11-25 19:24:13,789 INFO o.a.j.t.JMeterThread: Stopping because end time detected by thread: Thread Group 1-54
2024-11-25 19:24:13,790 INFO o.a.j.t.JMeterThread: Thread finished: Thread Group 1-54
2024-11-25 19:24:13,798 INFO o.a.j.t.JMeterThread: Stopping because end time detected by thread: Thread Group 1-41
2024-11-25 19:24:13,798 INFO o.a.j.t.JMeterThread: Thread finished: Thread Group 1-41
2024-11-25 19:24:13,817 INFO o.a.j.t.JMeterThread: Stopping because end time detected by thread: Thread Group 1-169
2024-11-25 19:24:13,817 INFO o.a.j.t.JMeterThread: Thread finished: Thread Group 1-169
2024-11-25 19:24:13,825 INFO o.a.j.t.JMeterThread: Stopping because end time detected by thread: Thread Group 1-33
2024-11-25 19:24:13,825 INFO o.a.j.t.JMeterThread: Thread finished: Thread Group 1-33
2024-11-25 19:24:13,833 INFO o.a.j.t.JMeterThread: Stopping because end time detected by thread: Thread Group 1-106
2024-11-25 19:24:13,833 INFO o.a.j.t.JMeterThread: Thread finished: Thread Group 1-106
2024-11-25 19:24:13,835 INFO o.a.j.t.JMeterThread: Stopping because end time detected by thread: Thread Group 1-40
2024-11-25 19:24:13,835 INFO o.a.j.t.JMeterThread: Thread finished: Thread Group 1-40
2024-11-25 19:24:13,858 INFO o.a.j.t.JMeterThread: Stopping because end time detected by thread: Thread Group 1-56
2024-11-25 19:24:13,858 INFO o.a.j.t.JMeterThread: Thread finished: Thread Group 1-56
2024-11-25 19:24:13,859 INFO o.a.j.t.JMeterThread: Stopping because end time detected by thread: Thread Group 1-74
2024-11-25 19:24:13,859 INFO o.a.j.t.JMeterThread: Thread finished: Thread Group 1-74
2024-11-25 19:24:13,862 INFO o.a.j.t.JMeterThread: Stopping because end time detected by thread: Thread Group 1-79
2024-11-25 19:24:13,862 INFO o.a.j.t.JMeterThread: Thread finished: Thread Group 1-79
2024-11-25 19:24:13,863 INFO o.a.j.t.JMeterThread: Stopping because end time detected by thread: Thread Group 1-115
2024-11-25 19:24:13,863 INFO o.a.j.t.JMeterThread: Thread finished: Thread Group 1-115
2024-11-25 19:24:13,894 INFO o.a.j.t.JMeterThread: Stopping because end time detected by thread: Thread Group 1-121
2024-11-25 19:24:13,894 INFO o.a.j.t.JMeterThread: Thread finished: Thread Group 1-121
2024-11-25 19:24:13,894 INFO o.a.j.t.JMeterThread: Stopping because end time detected by thread: Thread Group 1-172
2024-11-25 19:24:13,895 INFO o.a.j.t.JMeterThread: Thread finished: Thread Group 1-172
2024-11-25 19:24:13,895 INFO o.a.j.t.JMeterThread: Stopping because end time detected by thread: Thread Group 1-134
2024-11-25 19:24:13,895 INFO o.a.j.t.JMeterThread: Thread finished: Thread Group 1-134
2024-11-25 19:24:13,920 INFO o.a.j.t.JMeterThread: Stopping because end time detected by thread: Thread Group 1-120
2024-11-25 19:24:13,920 INFO o.a.j.t.JMeterThread: Thread finished: Thread Group 1-120
2024-11-25 19:24:13,925 INFO o.a.j.t.JMeterThread: Stopping because end time detected by thread: Thread Group 1-89
2024-11-25 19:24:13,925 INFO o.a.j.t.JMeterThread: Thread finished: Thread Group 1-89
2024-11-25 19:24:13,926 INFO o.a.j.t.JMeterThread: Stopping because end time detected by thread: Thread Group 1-62
2024-11-25 19:24:13,927 INFO o.a.j.t.JMeterThread: Thread finished: Thread Group 1-62
2024-11-25 19:24:13,927 INFO o.a.j.t.JMeterThread: Stopping because end time detected by thread: Thread Group 1-22
2024-11-25 19:24:13,927 INFO o.a.j.t.JMeterThread: Thread finished: Thread Group 1-22
2024-11-25 19:24:13,943 INFO o.a.j.t.JMeterThread: Stopping because end time detected by thread: Thread Group 1-137
2024-11-25 19:24:13,943 INFO o.a.j.t.JMeterThread: Thread finished: Thread Group 1-137
2024-11-25 19:24:13,948 INFO o.a.j.t.JMeterThread: Stopping because end time detected by thread: Thread Group 1-10
2024-11-25 19:24:13,948 INFO o.a.j.t.JMeterThread: Thread finished: Thread Group 1-10
2024-11-25 19:24:13,950 INFO o.a.j.t.JMeterThread: Stopping because end time detected by thread: Thread Group 1-154
2024-11-25 19:24:13,950 INFO o.a.j.t.JMeterThread: Thread finished: Thread Group 1-154
2024-11-25 19:24:13,969 INFO o.a.j.t.JMeterThread: Stopping because end time detected by thread: Thread Group 1-109
2024-11-25 19:24:13,969 INFO o.a.j.t.JMeterThread: Thread finished: Thread Group 1-109
2024-11-25 19:24:13,970 INFO o.a.j.t.JMeterThread: Stopping because end time detected by thread: Thread Group 1-81
2024-11-25 19:24:13,970 INFO o.a.j.t.JMeterThread: Thread finished: Thread Group 1-81
2024-11-25 19:24:13,984 INFO o.a.j.t.JMeterThread: Stopping because end time detected by thread: Thread Group 1-135
2024-11-25 19:24:13,984 INFO o.a.j.t.JMeterThread: Thread finished: Thread Group 1-135
2024-11-25 19:24:13,986 INFO o.a.j.t.JMeterThread: Stopping because end time detected by thread: Thread Group 1-192
2024-11-25 19:24:13,986 INFO o.a.j.t.JMeterThread: Thread finished: Thread Group 1-192
2024-11-25 19:24:13,996 INFO o.a.j.t.JMeterThread: Stopping because end time detected by thread: Thread Group 1-27
2024-11-25 19:24:13,997 INFO o.a.j.t.JMeterThread: Thread finished: Thread Group 1-27
2024-11-25 19:24:13,998 INFO o.a.j.t.JMeterThread: Stopping because end time detected by thread: Thread Group 1-102
2024-11-25 19:24:13,998 INFO o.a.j.t.JMeterThread: Thread finished: Thread Group 1-102
2024-11-25 19:24:13,999 INFO o.a.j.t.JMeterThread: Stopping because end time detected by thread: Thread Group 1-3
2024-11-25 19:24:13,999 INFO o.a.j.t.JMeterThread: Thread finished: Thread Group 1-3
2024-11-25 19:24:14,014 INFO o.a.j.t.JMeterThread: Stopping because end time detected by thread: Thread Group 1-84
2024-11-25 19:24:14,014 INFO o.a.j.t.JMeterThread: Thread finished: Thread Group 1-84
2024-11-25 19:24:14,043 INFO o.a.j.t.JMeterThread: Stopping because end time detected by thread: Thread Group 1-136
2024-11-25 19:24:14,043 INFO o.a.j.t.JMeterThread: Thread finished: Thread Group 1-136
2024-11-25 19:24:14,055 INFO o.a.j.t.JMeterThread: Stopping because end time detected by thread: Thread Group 1-101
2024-11-25 19:24:14,055 INFO o.a.j.t.JMeterThread: Thread finished: Thread Group 1-101
2024-11-25 19:24:14,057 INFO o.a.j.t.JMeterThread: Stopping because end time detected by thread: Thread Group 1-140
2024-11-25 19:24:14,057 INFO o.a.j.t.JMeterThread: Thread finished: Thread Group 1-140
2024-11-25 19:24:14,060 INFO o.a.j.t.JMeterThread: Stopping because end time detected by thread: Thread Group 1-36
2024-11-25 19:24:14,060 INFO o.a.j.t.JMeterThread: Thread finished: Thread Group 1-36
2024-11-25 19:24:14,077 INFO o.a.j.t.JMeterThread: Stopping because end time detected by thread: Thread Group 1-151
2024-11-25 19:24:14,077 INFO o.a.j.t.JMeterThread: Thread finished: Thread Group 1-151
2024-11-25 19:24:14,088 INFO o.a.j.t.JMeterThread: Stopping because end time detected by thread: Thread Group 1-85
2024-11-25 19:24:14,088 INFO o.a.j.t.JMeterThread: Thread finished: Thread Group 1-85
2024-11-25 19:24:14,111 INFO o.a.j.t.JMeterThread: Stopping because end time detected by thread: Thread Group 1-149
2024-11-25 19:24:14,111 INFO o.a.j.t.JMeterThread: Thread finished: Thread Group 1-149
2024-11-25 19:24:14,116 INFO o.a.j.t.JMeterThread: Stopping because end time detected by thread: Thread Group 1-156
2024-11-25 19:24:14,116 INFO o.a.j.t.JMeterThread: Thread finished: Thread Group 1-156
2024-11-25 19:24:14,129 INFO o.a.j.t.JMeterThread: Stopping because end time detected by thread: Thread Group 1-190
2024-11-25 19:24:14,129 INFO o.a.j.t.JMeterThread: Thread finished: Thread Group 1-190
2024-11-25 19:24:14,133 INFO o.a.j.t.JMeterThread: Stopping because end time detected by thread: Thread Group 1-147
2024-11-25 19:24:14,133 INFO o.a.j.t.JMeterThread: Thread finished: Thread Group 1-147
2024-11-25 19:24:14,140 INFO o.a.j.t.JMeterThread: Stopping because end time detected by thread: Thread Group 1-4
2024-11-25 19:24:14,140 INFO o.a.j.t.JMeterThread: Thread finished: Thread Group 1-4
2024-11-25 19:24:14,147 INFO o.a.j.t.JMeterThread: Stopping because end time detected by thread: Thread Group 1-196
2024-11-25 19:24:14,147 INFO o.a.j.t.JMeterThread: Stopping because end time detected by thread: Thread Group 1-67
2024-11-25 19:24:14,148 INFO o.a.j.t.JMeterThread: Thread finished: Thread Group 1-67
2024-11-25 19:24:14,148 INFO o.a.j.t.JMeterThread: Thread finished: Thread Group 1-196
2024-11-25 19:24:14,151 INFO o.a.j.t.JMeterThread: Stopping because end time detected by thread: Thread Group 1-96
2024-11-25 19:24:14,152 INFO o.a.j.t.JMeterThread: Thread finished: Thread Group 1-96
2024-11-25 19:24:14,159 INFO o.a.j.t.JMeterThread: Stopping because end time detected by thread: Thread Group 1-18
2024-11-25 19:24:14,159 INFO o.a.j.t.JMeterThread: Thread finished: Thread Group 1-18
2024-11-25 19:24:14,159 INFO o.a.j.t.JMeterThread: Stopping because end time detected by thread: Thread Group 1-159
2024-11-25 19:24:14,160 INFO o.a.j.t.JMeterThread: Thread finished: Thread Group 1-159
2024-11-25 19:24:14,165 INFO o.a.j.t.JMeterThread: Stopping because end time detected by thread: Thread Group 1-31
2024-11-25 19:24:14,165 INFO o.a.j.t.JMeterThread: Thread finished: Thread Group 1-31
2024-11-25 19:24:14,165 INFO o.a.j.t.JMeterThread: Stopping because end time detected by thread: Thread Group 1-37
2024-11-25 19:24:14,165 INFO o.a.j.t.JMeterThread: Thread finished: Thread Group 1-37
2024-11-25 19:24:14,167 INFO o.a.j.t.JMeterThread: Stopping because end time detected by thread: Thread Group 1-164
2024-11-25 19:24:14,167 INFO o.a.j.t.JMeterThread: Thread finished: Thread Group 1-164
2024-11-25 19:24:14,192 INFO o.a.j.t.JMeterThread: Stopping because end time detected by thread: Thread Group 1-72
2024-11-25 19:24:14,192 INFO o.a.j.t.JMeterThread: Thread finished: Thread Group 1-72
2024-11-25 19:24:14,210 INFO o.a.j.t.JMeterThread: Stopping because end time detected by thread: Thread Group 1-158
2024-11-25 19:24:14,210 INFO o.a.j.t.JMeterThread: Thread finished: Thread Group 1-158
2024-11-25 19:24:14,213 INFO o.a.j.t.JMeterThread: Stopping because end time detected by thread: Thread Group 1-61
2024-11-25 19:24:14,213 INFO o.a.j.t.JMeterThread: Thread finished: Thread Group 1-61
2024-11-25 19:24:14,220 INFO o.a.j.t.JMeterThread: Stopping because end time detected by thread: Thread Group 1-148
2024-11-25 19:24:14,220 INFO o.a.j.t.JMeterThread: Thread finished: Thread Group 1-148
2024-11-25 19:24:14,245 INFO o.a.j.t.JMeterThread: Stopping because end time detected by thread: Thread Group 1-103
2024-11-25 19:24:14,246 INFO o.a.j.t.JMeterThread: Thread finished: Thread Group 1-103
2024-11-25 19:24:14,287 INFO o.a.j.t.JMeterThread: Stopping because end time detected by thread: Thread Group 1-182
2024-11-25 19:24:14,287 INFO o.a.j.t.JMeterThread: Thread finished: Thread Group 1-182
2024-11-25 19:24:14,288 INFO o.a.j.t.JMeterThread: Stopping because end time detected by thread: Thread Group 1-166
2024-11-25 19:24:14,288 INFO o.a.j.t.JMeterThread: Thread finished: Thread Group 1-166
2024-11-25 19:24:14,290 INFO o.a.j.t.JMeterThread: Stopping because end time detected by thread: Thread Group 1-64
2024-11-25 19:24:14,290 INFO o.a.j.t.JMeterThread: Thread finished: Thread Group 1-64
2024-11-25 19:24:14,290 INFO o.a.j.e.StandardJMeterEngine: Notifying test listeners of end of test
2024-11-25 19:24:14,331 INFO o.a.j.r.Summariser: summary +    226 in 00:00:13 =   16.8/s Avg: 13239 Min:   153 Max: 25270 Err:   106 (46.90%) Active: 0 Started: 200 Finished: 200
2024-11-25 19:24:14,331 INFO o.a.j.r.Summariser: summary =   1201 in 00:02:02 =    9.9/s Avg: 11691 Min:   139 Max: 31157 Err:   429 (35.72%)
