2024-11-25 14:18:43,772 INFO o.a.j.u.JMeterUtils: Setting Locale to en_EN
2024-11-25 14:18:43,795 INFO o.a.j.JMeter: Loading user properties from: C:\Utils\apache-jmeter-5.6.3\bin\user.properties
2024-11-25 14:18:43,796 INFO o.a.j.JMeter: Loading system properties from: C:\Utils\apache-jmeter-5.6.3\bin\system.properties
2024-11-25 14:18:43,802 INFO o.a.j.JMeter: Copyright (c) 1998-2024 The Apache Software Foundation
2024-11-25 14:18:43,802 INFO o.a.j.JMeter: Version 5.6.3
2024-11-25 14:18:43,802 INFO o.a.j.JMeter: java.version=19.0.1
2024-11-25 14:18:43,803 INFO o.a.j.JMeter: java.vm.name=Java HotSpot(TM) 64-Bit Server VM
2024-11-25 14:18:43,803 INFO o.a.j.JMeter: os.name=Windows 10
2024-11-25 14:18:43,803 INFO o.a.j.JMeter: os.arch=amd64
2024-11-25 14:18:43,803 INFO o.a.j.JMeter: os.version=10.0
2024-11-25 14:18:43,804 INFO o.a.j.JMeter: file.encoding=UTF-8
2024-11-25 14:18:43,804 INFO o.a.j.JMeter: java.awt.headless=true
2024-11-25 14:18:43,804 INFO o.a.j.JMeter: Max memory     =1073741824
2024-11-25 14:18:43,804 INFO o.a.j.JMeter: Available Processors =16
2024-11-25 14:18:43,820 INFO o.a.j.JMeter: Default Locale=English (EN)
2024-11-25 14:18:43,820 INFO o.a.j.JMeter: JMeter  Locale=English (EN)
2024-11-25 14:18:43,820 INFO o.a.j.JMeter: JMeterHome=C:\Utils\apache-jmeter-5.6.3
2024-11-25 14:18:43,820 INFO o.a.j.JMeter: user.dir  =C:\Users\danie\Dropbox\bonjr\coding\VSProjects\Lets_SAS_RPI_Websites\Jmeter
2024-11-25 14:18:43,821 INFO o.a.j.JMeter: PWD       =C:\Users\danie\Dropbox\bonjr\coding\VSProjects\Lets_SAS_RPI_Websites\Jmeter
2024-11-25 14:18:48,466 INFO o.a.j.JMeter: IP: 169.254.5.254 Name: OlijebwaPC FullName: OlijebwaPC
2024-11-25 14:18:48,480 INFO o.a.j.s.FileServer: Default base='C:\Users\danie\Dropbox\bonjr\coding\VSProjects\Lets_SAS_RPI_Websites\Jmeter'
2024-11-25 14:18:48,482 INFO o.a.j.s.FileServer: Set new base='C:\Users\danie\Dropbox\bonjr\coding\VSProjects\Lets_SAS_RPI_Websites\Jmeter'
2024-11-25 14:18:48,778 INFO o.a.j.s.SaveService: Testplan (JMX) version: 2.2. Testlog (JTL) version: 2.2
2024-11-25 14:18:48,802 INFO o.a.j.s.SaveService: Using SaveService properties version 5.0
2024-11-25 14:18:48,804 INFO o.a.j.s.SaveService: Using SaveService properties file encoding UTF-8
2024-11-25 14:18:48,809 INFO o.a.j.s.SaveService: Loading file: C:\Users\danie\Dropbox\bonjr\coding\VSProjects\Lets_SAS_RPI_Websites\Jmeter\traffic_simulation_spike.jmx
2024-11-25 14:18:48,864 INFO o.a.j.p.h.s.HTTPSamplerBase: Parser for text/html is org.apache.jmeter.protocol.http.parser.LagartoBasedHtmlParser
2024-11-25 14:18:48,864 INFO o.a.j.p.h.s.HTTPSamplerBase: Parser for application/xhtml+xml is org.apache.jmeter.protocol.http.parser.LagartoBasedHtmlParser
2024-11-25 14:18:48,864 INFO o.a.j.p.h.s.HTTPSamplerBase: Parser for application/xml is org.apache.jmeter.protocol.http.parser.LagartoBasedHtmlParser
2024-11-25 14:18:48,864 INFO o.a.j.p.h.s.HTTPSamplerBase: Parser for text/xml is org.apache.jmeter.protocol.http.parser.LagartoBasedHtmlParser
2024-11-25 14:18:48,864 INFO o.a.j.p.h.s.HTTPSamplerBase: Parser for text/vnd.wap.wml is org.apache.jmeter.protocol.http.parser.RegexpHTMLParser
2024-11-25 14:18:48,864 INFO o.a.j.p.h.s.HTTPSamplerBase: Parser for text/css is org.apache.jmeter.protocol.http.parser.CssParser
2024-11-25 14:18:48,884 INFO o.a.j.JMeter: Creating summariser <summary>
2024-11-25 14:18:48,895 INFO o.a.j.e.StandardJMeterEngine: Running the test!
2024-11-25 14:18:48,896 INFO o.a.j.s.SampleEvent: List of sample_variables: [FLIGHTTOCOUNT, FLIGHTRETCOUNT, ONEWAY]
2024-11-25 14:18:48,896 INFO o.a.j.s.SampleEvent: List of sample_variables: [FLIGHTTOCOUNT, FLIGHTRETCOUNT, ONEWAY]
2024-11-25 14:18:48,901 INFO o.a.j.e.u.CompoundVariable: Note: Function class names must contain the string: '.functions.'
2024-11-25 14:18:48,901 INFO o.a.j.e.u.CompoundVariable: Note: Function class names must not contain the string: '.gui.'
2024-11-25 14:18:48,988 INFO o.a.j.r.ClassFinder: Will scan jar C:\Utils\apache-jmeter-5.6.3\lib\ext\jmeter-plugins-casutg-2.10.jar with filter ExtendsClassFilter [parents=[interface org.apache.jmeter.functions.Function], inner=false, contains=null, notContains=null]. Consider exposing JMeter plugins via META-INF/services, and add JMeter-Skip-Class-Scanning=true manifest attribute so JMeter can skip classfile scanning
2024-11-25 14:18:49,001 INFO o.a.j.r.ClassFinder: Will scan jar C:\Utils\apache-jmeter-5.6.3\lib\ext\json-simple-1.1.1.jar with filter ExtendsClassFilter [parents=[interface org.apache.jmeter.functions.Function], inner=false, contains=null, notContains=null]. Consider exposing JMeter plugins via META-INF/services, and add JMeter-Skip-Class-Scanning=true manifest attribute so JMeter can skip classfile scanning
2024-11-25 14:18:49,005 INFO o.a.j.r.ClassFinder: Will scan jar C:\Utils\apache-jmeter-5.6.3\lib\ext\acmeair-jmeter-2.0.0-SNAPSHOT.jar with filter ExtendsClassFilter [parents=[interface org.apache.jmeter.functions.Function], inner=false, contains=null, notContains=null]. Consider exposing JMeter plugins via META-INF/services, and add JMeter-Skip-Class-Scanning=true manifest attribute so JMeter can skip classfile scanning
2024-11-25 14:18:49,011 INFO o.a.j.r.ClassFinder: Will scan jar C:\Utils\apache-jmeter-5.6.3\lib\ext\jmeter-plugins-manager-1.6.jar with filter ExtendsClassFilter [parents=[interface org.apache.jmeter.functions.Function], inner=false, contains=null, notContains=null]. Consider exposing JMeter plugins via META-INF/services, and add JMeter-Skip-Class-Scanning=true manifest attribute so JMeter can skip classfile scanning
2024-11-25 14:18:49,120 INFO o.a.j.r.ClassFinder: Will scan jar C:\Utils\apache-jmeter-5.6.3\lib\ext\jmeter-plugins-manager-1.10.jar with filter ExtendsClassFilter [parents=[interface org.apache.jmeter.functions.Function], inner=false, contains=null, notContains=null]. Consider exposing JMeter plugins via META-INF/services, and add JMeter-Skip-Class-Scanning=true manifest attribute so JMeter can skip classfile scanning
2024-11-25 14:18:49,134 INFO o.a.j.JMeter: Running test (1732562329133)
2024-11-25 14:18:49,155 INFO o.a.j.e.StandardJMeterEngine: Starting ThreadGroup: 1 : Thread Group
2024-11-25 14:18:49,155 INFO o.a.j.e.StandardJMeterEngine: Starting 150 threads for group Thread Group.
2024-11-25 14:18:49,155 INFO o.a.j.e.StandardJMeterEngine: Thread will continue on error
2024-11-25 14:18:49,155 INFO o.a.j.t.ThreadGroup: Starting thread group... number=1 threads=150 ramp-up=15 delayedStart=false
2024-11-25 14:18:49,162 INFO o.a.j.t.JMeterThread: Thread started: Thread Group 1-1
2024-11-25 14:18:49,198 INFO o.a.j.t.ThreadGroup: Started thread group number 1
2024-11-25 14:18:49,198 INFO o.a.j.e.StandardJMeterEngine: All thread groups have been started
2024-11-25 14:18:49,262 INFO o.a.j.t.JMeterThread: Thread started: Thread Group 1-2
2024-11-25 14:18:49,360 INFO o.a.j.t.JMeterThread: Thread started: Thread Group 1-3
2024-11-25 14:18:49,459 INFO o.a.j.t.JMeterThread: Thread started: Thread Group 1-4
2024-11-25 14:18:49,560 INFO o.a.j.t.JMeterThread: Thread started: Thread Group 1-5
2024-11-25 14:18:49,645 INFO o.a.j.p.h.s.HTTPHCAbstractImpl: Local host = OlijebwaPC
2024-11-25 14:18:49,652 INFO o.a.j.p.h.s.HTTPHC4Impl: HTTP request retry count = 0
2024-11-25 14:18:49,653 INFO o.a.j.s.SampleResult: Note: Sample TimeStamps are START times
2024-11-25 14:18:49,653 INFO o.a.j.s.SampleResult: sampleresult.default.encoding is set to UTF-8
2024-11-25 14:18:49,654 INFO o.a.j.s.SampleResult: sampleresult.useNanoTime=true
2024-11-25 14:18:49,654 INFO o.a.j.s.SampleResult: sampleresult.nanoThreadSleep=5000
2024-11-25 14:18:49,658 INFO o.a.j.t.JMeterThread: Thread started: Thread Group 1-6
2024-11-25 14:18:49,759 INFO o.a.j.t.JMeterThread: Thread started: Thread Group 1-7
2024-11-25 14:18:49,789 INFO o.a.j.p.h.p.BaseParser: Created org.apache.jmeter.protocol.http.parser.LagartoBasedHtmlParser
2024-11-25 14:18:49,789 INFO o.a.j.p.h.p.BaseParser: Created org.apache.jmeter.protocol.http.parser.LagartoBasedHtmlParser
2024-11-25 14:18:49,817 INFO o.a.j.p.h.s.ResourcesDownloader: Creating ResourcesDownloader with keepalive_inseconds : 60
2024-11-25 14:18:49,821 INFO o.a.j.p.h.s.h.LazyLayeredConnectionSocketFactory: Setting up HTTPS TrustAll Socket Factory
2024-11-25 14:18:49,832 INFO o.a.j.u.JsseSSLManager: Using default SSL protocol: TLS
2024-11-25 14:18:49,832 INFO o.a.j.u.JsseSSLManager: SSL session context: per-thread
2024-11-25 14:18:49,857 INFO o.a.j.t.JMeterThread: Thread started: Thread Group 1-8
2024-11-25 14:18:49,959 INFO o.a.j.t.JMeterThread: Thread started: Thread Group 1-9
2024-11-25 14:18:50,058 INFO o.a.j.t.JMeterThread: Thread started: Thread Group 1-10
2024-11-25 14:18:50,135 INFO o.a.j.u.SSLManager: JmeterKeyStore Location:  type JKS
2024-11-25 14:18:50,138 INFO o.a.j.u.SSLManager: KeyStore created OK
2024-11-25 14:18:50,138 WARN o.a.j.u.SSLManager: Keystore file not found, loading empty keystore
2024-11-25 14:18:50,157 INFO o.a.j.t.JMeterThread: Thread started: Thread Group 1-11
2024-11-25 14:18:50,257 INFO o.a.j.t.JMeterThread: Thread started: Thread Group 1-12
2024-11-25 14:18:50,357 INFO o.a.j.t.JMeterThread: Thread started: Thread Group 1-13
2024-11-25 14:18:50,455 INFO o.a.j.t.JMeterThread: Thread started: Thread Group 1-14
2024-11-25 14:18:50,557 INFO o.a.j.t.JMeterThread: Thread started: Thread Group 1-15
2024-11-25 14:18:50,657 INFO o.a.j.t.JMeterThread: Thread started: Thread Group 1-16
2024-11-25 14:18:50,764 INFO o.a.j.t.JMeterThread: Thread started: Thread Group 1-17
2024-11-25 14:18:50,861 INFO o.a.j.t.JMeterThread: Thread started: Thread Group 1-18
2024-11-25 14:18:50,918 INFO o.a.j.p.h.p.BaseParser: Created org.apache.jmeter.protocol.http.parser.CssParser
2024-11-25 14:18:50,996 INFO o.a.j.t.JMeterThread: Thread started: Thread Group 1-19
2024-11-25 14:18:51,068 INFO o.a.j.t.JMeterThread: Thread started: Thread Group 1-20
2024-11-25 14:18:51,157 INFO o.a.j.t.JMeterThread: Thread started: Thread Group 1-21
2024-11-25 14:18:51,256 INFO o.a.j.t.JMeterThread: Thread started: Thread Group 1-22
2024-11-25 14:18:51,391 INFO o.a.j.t.JMeterThread: Thread started: Thread Group 1-23
2024-11-25 14:18:51,444 WARN c.h.c.r.e.LoggingCSSParseErrorHandler: Browser compliant mode skipped CSS from [5:53250] starting at token ' ' until [5:53251] to token ';' (based on com.helger.css.parser.ParseException: Encountered unexpected token: ";" ";"
    at line 5, column 53251.

Was expecting one of:

    "+"
    "-"
    "["
    "and"
    "expression("
    "from"
    "inherit"
    "not"
    "only"
    "or"
    "to"
    <ANGLE_DEG>
    <ANGLE_GRAD>
    <ANGLE_RAD>
    <ANGLE_TURN>
    <CH>
    <DPCM>
    <DPI>
    <DPPX>
    <EM>
    <EX>
    <FR>
    <FREQ_HZ>
    <FREQ_KHZ>
    <FUNCTION>
    <FUNCTION_CALC>
    <HASH>
    <IDENT>
    <LENGTH_CM>
    <LENGTH_IN>
    <LENGTH_MM>
    <LENGTH_PC>
    <LENGTH_PT>
    <LENGTH_Q>
    <NUMBER>
    <PERCENTAGE>
    <PX>
    <REM>
    <S>
    <STRING1>
    <STRING2>
    <TIME_MS>
    <TIME_S>
    <URANGE>
    <URL>
    <VH>
    <VMAX>
    <VMIN>
    <VW>
)
2024-11-25 14:18:51,483 WARN c.h.c.r.e.LoggingCSSParseErrorHandler: Browser compliant mode skipped CSS from [5:70708] starting at token ' ' until [5:70709] to token ';' (based on com.helger.css.parser.ParseException: Encountered unexpected token: ";" ";"
    at line 5, column 70709.

Was expecting one of:

    "+"
    "-"
    "["
    "and"
    "expression("
    "from"
    "inherit"
    "not"
    "only"
    "or"
    "to"
    <ANGLE_DEG>
    <ANGLE_GRAD>
    <ANGLE_RAD>
    <ANGLE_TURN>
    <CH>
    <DPCM>
    <DPI>
    <DPPX>
    <EM>
    <EX>
    <FR>
    <FREQ_HZ>
    <FREQ_KHZ>
    <FUNCTION>
    <FUNCTION_CALC>
    <HASH>
    <IDENT>
    <LENGTH_CM>
    <LENGTH_IN>
    <LENGTH_MM>
    <LENGTH_PC>
    <LENGTH_PT>
    <LENGTH_Q>
    <NUMBER>
    <PERCENTAGE>
    <PX>
    <REM>
    <S>
    <STRING1>
    <STRING2>
    <TIME_MS>
    <TIME_S>
    <URANGE>
    <URL>
    <VH>
    <VMAX>
    <VMIN>
    <VW>
)
2024-11-25 14:18:51,490 WARN c.h.c.r.e.LoggingCSSParseErrorHandler: Browser compliant mode skipped CSS from [5:73407] starting at token ' ' until [5:73408] to token ';' (based on com.helger.css.parser.ParseException: Encountered unexpected token: ";" ";"
    at line 5, column 73408.

Was expecting one of:

    "+"
    "-"
    "["
    "and"
    "expression("
    "from"
    "inherit"
    "not"
    "only"
    "or"
    "to"
    <ANGLE_DEG>
    <ANGLE_GRAD>
    <ANGLE_RAD>
    <ANGLE_TURN>
    <CH>
    <DPCM>
    <DPI>
    <DPPX>
    <EM>
    <EX>
    <FR>
    <FREQ_HZ>
    <FREQ_KHZ>
    <FUNCTION>
    <FUNCTION_CALC>
    <HASH>
    <IDENT>
    <LENGTH_CM>
    <LENGTH_IN>
    <LENGTH_MM>
    <LENGTH_PC>
    <LENGTH_PT>
    <LENGTH_Q>
    <NUMBER>
    <PERCENTAGE>
    <PX>
    <REM>
    <S>
    <STRING1>
    <STRING2>
    <TIME_MS>
    <TIME_S>
    <URANGE>
    <URL>
    <VH>
    <VMAX>
    <VMIN>
    <VW>
)
2024-11-25 14:18:51,495 WARN c.h.c.r.e.LoggingCSSParseErrorHandler: Browser compliant mode skipped CSS from [5:79112] starting at token ' ' until [5:79113] to token ';' (based on com.helger.css.parser.ParseException: Encountered unexpected token: ";" ";"
    at line 5, column 79113.

Was expecting one of:

    "+"
    "-"
    "["
    "and"
    "expression("
    "from"
    "inherit"
    "not"
    "only"
    "or"
    "to"
    <ANGLE_DEG>
    <ANGLE_GRAD>
    <ANGLE_RAD>
    <ANGLE_TURN>
    <CH>
    <DPCM>
    <DPI>
    <DPPX>
    <EM>
    <EX>
    <FR>
    <FREQ_HZ>
    <FREQ_KHZ>
    <FUNCTION>
    <FUNCTION_CALC>
    <HASH>
    <IDENT>
    <LENGTH_CM>
    <LENGTH_IN>
    <LENGTH_MM>
    <LENGTH_PC>
    <LENGTH_PT>
    <LENGTH_Q>
    <NUMBER>
    <PERCENTAGE>
    <PX>
    <REM>
    <S>
    <STRING1>
    <STRING2>
    <TIME_MS>
    <TIME_S>
    <URANGE>
    <URL>
    <VH>
    <VMAX>
    <VMIN>
    <VW>
)
2024-11-25 14:18:51,496 INFO o.a.j.t.JMeterThread: Thread started: Thread Group 1-24
2024-11-25 14:18:51,505 WARN c.h.c.r.e.LoggingCSSParseErrorHandler: Browser compliant mode skipped CSS from [5:87095] starting at token ' ' until [5:87096] to token ';' (based on com.helger.css.parser.ParseException: Encountered unexpected token: ";" ";"
    at line 5, column 87096.

Was expecting one of:

    "+"
    "-"
    "["
    "and"
    "expression("
    "from"
    "inherit"
    "not"
    "only"
    "or"
    "to"
    <ANGLE_DEG>
    <ANGLE_GRAD>
    <ANGLE_RAD>
    <ANGLE_TURN>
    <CH>
    <DPCM>
    <DPI>
    <DPPX>
    <EM>
    <EX>
    <FR>
    <FREQ_HZ>
    <FREQ_KHZ>
    <FUNCTION>
    <FUNCTION_CALC>
    <HASH>
    <IDENT>
    <LENGTH_CM>
    <LENGTH_IN>
    <LENGTH_MM>
    <LENGTH_PC>
    <LENGTH_PT>
    <LENGTH_Q>
    <NUMBER>
    <PERCENTAGE>
    <PX>
    <REM>
    <S>
    <STRING1>
    <STRING2>
    <TIME_MS>
    <TIME_S>
    <URANGE>
    <URL>
    <VH>
    <VMAX>
    <VMIN>
    <VW>
)
2024-11-25 14:18:51,505 WARN c.h.c.r.e.LoggingCSSParseErrorHandler: Browser compliant mode skipped CSS from [5:87122] starting at token ' ' until [5:87123] to token ';' (based on com.helger.css.parser.ParseException: Encountered unexpected token: ";" ";"
    at line 5, column 87123.

Was expecting one of:

    "+"
    "-"
    "["
    "and"
    "expression("
    "from"
    "inherit"
    "not"
    "only"
    "or"
    "to"
    <ANGLE_DEG>
    <ANGLE_GRAD>
    <ANGLE_RAD>
    <ANGLE_TURN>
    <CH>
    <DPCM>
    <DPI>
    <DPPX>
    <EM>
    <EX>
    <FR>
    <FREQ_HZ>
    <FREQ_KHZ>
    <FUNCTION>
    <FUNCTION_CALC>
    <HASH>
    <IDENT>
    <LENGTH_CM>
    <LENGTH_IN>
    <LENGTH_MM>
    <LENGTH_PC>
    <LENGTH_PT>
    <LENGTH_Q>
    <NUMBER>
    <PERCENTAGE>
    <PX>
    <REM>
    <S>
    <STRING1>
    <STRING2>
    <TIME_MS>
    <TIME_S>
    <URANGE>
    <URL>
    <VH>
    <VMAX>
    <VMIN>
    <VW>
)
2024-11-25 14:18:51,526 WARN c.h.c.r.e.LoggingCSSParseErrorHandler: Browser compliant mode skipped CSS from [5:87297] starting at token ' ' until [5:87298] to token ';' (based on com.helger.css.parser.ParseException: Encountered unexpected token: ";" ";"
    at line 5, column 87298.

Was expecting one of:

    "+"
    "-"
    "["
    "and"
    "expression("
    "from"
    "inherit"
    "not"
    "only"
    "or"
    "to"
    <ANGLE_DEG>
    <ANGLE_GRAD>
    <ANGLE_RAD>
    <ANGLE_TURN>
    <CH>
    <DPCM>
    <DPI>
    <DPPX>
    <EM>
    <EX>
    <FR>
    <FREQ_HZ>
    <FREQ_KHZ>
    <FUNCTION>
    <FUNCTION_CALC>
    <HASH>
    <IDENT>
    <LENGTH_CM>
    <LENGTH_IN>
    <LENGTH_MM>
    <LENGTH_PC>
    <LENGTH_PT>
    <LENGTH_Q>
    <NUMBER>
    <PERCENTAGE>
    <PX>
    <REM>
    <S>
    <STRING1>
    <STRING2>
    <TIME_MS>
    <TIME_S>
    <URANGE>
    <URL>
    <VH>
    <VMAX>
    <VMIN>
    <VW>
)
2024-11-25 14:18:51,526 WARN c.h.c.r.e.LoggingCSSParseErrorHandler: Browser compliant mode skipped CSS from [5:87520] starting at token ' ' until [5:87521] to token ';' (based on com.helger.css.parser.ParseException: Encountered unexpected token: ";" ";"
    at line 5, column 87521.

Was expecting one of:

    "+"
    "-"
    "["
    "and"
    "expression("
    "from"
    "inherit"
    "not"
    "only"
    "or"
    "to"
    <ANGLE_DEG>
    <ANGLE_GRAD>
    <ANGLE_RAD>
    <ANGLE_TURN>
    <CH>
    <DPCM>
    <DPI>
    <DPPX>
    <EM>
    <EX>
    <FR>
    <FREQ_HZ>
    <FREQ_KHZ>
    <FUNCTION>
    <FUNCTION_CALC>
    <HASH>
    <IDENT>
    <LENGTH_CM>
    <LENGTH_IN>
    <LENGTH_MM>
    <LENGTH_PC>
    <LENGTH_PT>
    <LENGTH_Q>
    <NUMBER>
    <PERCENTAGE>
    <PX>
    <REM>
    <S>
    <STRING1>
    <STRING2>
    <TIME_MS>
    <TIME_S>
    <URANGE>
    <URL>
    <VH>
    <VMAX>
    <VMIN>
    <VW>
)
2024-11-25 14:18:51,527 WARN c.h.c.r.e.LoggingCSSParseErrorHandler: Browser compliant mode skipped CSS from [5:87539] starting at token ' ' until [5:87540] to token ';' (based on com.helger.css.parser.ParseException: Encountered unexpected token: ";" ";"
    at line 5, column 87540.

Was expecting one of:

    "+"
    "-"
    "["
    "and"
    "expression("
    "from"
    "inherit"
    "not"
    "only"
    "or"
    "to"
    <ANGLE_DEG>
    <ANGLE_GRAD>
    <ANGLE_RAD>
    <ANGLE_TURN>
    <CH>
    <DPCM>
    <DPI>
    <DPPX>
    <EM>
    <EX>
    <FR>
    <FREQ_HZ>
    <FREQ_KHZ>
    <FUNCTION>
    <FUNCTION_CALC>
    <HASH>
    <IDENT>
    <LENGTH_CM>
    <LENGTH_IN>
    <LENGTH_MM>
    <LENGTH_PC>
    <LENGTH_PT>
    <LENGTH_Q>
    <NUMBER>
    <PERCENTAGE>
    <PX>
    <REM>
    <S>
    <STRING1>
    <STRING2>
    <TIME_MS>
    <TIME_S>
    <URANGE>
    <URL>
    <VH>
    <VMAX>
    <VMIN>
    <VW>
)
2024-11-25 14:18:51,527 WARN c.h.c.r.e.LoggingCSSParseErrorHandler: Browser compliant mode skipped CSS from [5:87557] starting at token ' ' until [5:87558] to token ';' (based on com.helger.css.parser.ParseException: Encountered unexpected token: ";" ";"
    at line 5, column 87558.

Was expecting one of:

    "+"
    "-"
    "["
    "and"
    "expression("
    "from"
    "inherit"
    "not"
    "only"
    "or"
    "to"
    <ANGLE_DEG>
    <ANGLE_GRAD>
    <ANGLE_RAD>
    <ANGLE_TURN>
    <CH>
    <DPCM>
    <DPI>
    <DPPX>
    <EM>
    <EX>
    <FR>
    <FREQ_HZ>
    <FREQ_KHZ>
    <FUNCTION>
    <FUNCTION_CALC>
    <HASH>
    <IDENT>
    <LENGTH_CM>
    <LENGTH_IN>
    <LENGTH_MM>
    <LENGTH_PC>
    <LENGTH_PT>
    <LENGTH_Q>
    <NUMBER>
    <PERCENTAGE>
    <PX>
    <REM>
    <S>
    <STRING1>
    <STRING2>
    <TIME_MS>
    <TIME_S>
    <URANGE>
    <URL>
    <VH>
    <VMAX>
    <VMIN>
    <VW>
)
2024-11-25 14:18:51,544 WARN c.h.c.r.e.LoggingCSSParseErrorHandler: Browser compliant mode skipped CSS from [5:96851] starting at token ' ' until [5:96852] to token ';' (based on com.helger.css.parser.ParseException: Encountered unexpected token: ";" ";"
    at line 5, column 96852.

Was expecting one of:

    "+"
    "-"
    "["
    "and"
    "expression("
    "from"
    "inherit"
    "not"
    "only"
    "or"
    "to"
    <ANGLE_DEG>
    <ANGLE_GRAD>
    <ANGLE_RAD>
    <ANGLE_TURN>
    <CH>
    <DPCM>
    <DPI>
    <DPPX>
    <EM>
    <EX>
    <FR>
    <FREQ_HZ>
    <FREQ_KHZ>
    <FUNCTION>
    <FUNCTION_CALC>
    <HASH>
    <IDENT>
    <LENGTH_CM>
    <LENGTH_IN>
    <LENGTH_MM>
    <LENGTH_PC>
    <LENGTH_PT>
    <LENGTH_Q>
    <NUMBER>
    <PERCENTAGE>
    <PX>
    <REM>
    <S>
    <STRING1>
    <STRING2>
    <TIME_MS>
    <TIME_S>
    <URANGE>
    <URL>
    <VH>
    <VMAX>
    <VMIN>
    <VW>
)
2024-11-25 14:18:51,545 WARN c.h.c.r.e.LoggingCSSParseErrorHandler: Browser compliant mode skipped CSS from [5:96883] starting at token ' ' until [5:96884] to token ';' (based on com.helger.css.parser.ParseException: Encountered unexpected token: ";" ";"
    at line 5, column 96884.

Was expecting one of:

    "+"
    "-"
    "["
    "and"
    "expression("
    "from"
    "inherit"
    "not"
    "only"
    "or"
    "to"
    <ANGLE_DEG>
    <ANGLE_GRAD>
    <ANGLE_RAD>
    <ANGLE_TURN>
    <CH>
    <DPCM>
    <DPI>
    <DPPX>
    <EM>
    <EX>
    <FR>
    <FREQ_HZ>
    <FREQ_KHZ>
    <FUNCTION>
    <FUNCTION_CALC>
    <HASH>
    <IDENT>
    <LENGTH_CM>
    <LENGTH_IN>
    <LENGTH_MM>
    <LENGTH_PC>
    <LENGTH_PT>
    <LENGTH_Q>
    <NUMBER>
    <PERCENTAGE>
    <PX>
    <REM>
    <S>
    <STRING1>
    <STRING2>
    <TIME_MS>
    <TIME_S>
    <URANGE>
    <URL>
    <VH>
    <VMAX>
    <VMIN>
    <VW>
)
2024-11-25 14:18:51,563 WARN c.h.c.r.e.LoggingCSSParseErrorHandler: Browser compliant mode skipped CSS from [5:118914] starting at token ' ' until [5:118915] to token ';' (based on com.helger.css.parser.ParseException: Encountered unexpected token: ";" ";"
    at line 5, column 118915.

Was expecting one of:

    "+"
    "-"
    "["
    "and"
    "expression("
    "from"
    "inherit"
    "not"
    "only"
    "or"
    "to"
    <ANGLE_DEG>
    <ANGLE_GRAD>
    <ANGLE_RAD>
    <ANGLE_TURN>
    <CH>
    <DPCM>
    <DPI>
    <DPPX>
    <EM>
    <EX>
    <FR>
    <FREQ_HZ>
    <FREQ_KHZ>
    <FUNCTION>
    <FUNCTION_CALC>
    <HASH>
    <IDENT>
    <LENGTH_CM>
    <LENGTH_IN>
    <LENGTH_MM>
    <LENGTH_PC>
    <LENGTH_PT>
    <LENGTH_Q>
    <NUMBER>
    <PERCENTAGE>
    <PX>
    <REM>
    <S>
    <STRING1>
    <STRING2>
    <TIME_MS>
    <TIME_S>
    <URANGE>
    <URL>
    <VH>
    <VMAX>
    <VMIN>
    <VW>
)
2024-11-25 14:18:51,565 WARN c.h.c.r.e.LoggingCSSParseErrorHandler: Browser compliant mode skipped CSS from [5:120779] starting at token ' ' until [5:120780] to token ';' (based on com.helger.css.parser.ParseException: Encountered unexpected token: ";" ";"
    at line 5, column 120780.

Was expecting one of:

    "+"
    "-"
    "["
    "and"
    "expression("
    "from"
    "inherit"
    "not"
    "only"
    "or"
    "to"
    <ANGLE_DEG>
    <ANGLE_GRAD>
    <ANGLE_RAD>
    <ANGLE_TURN>
    <CH>
    <DPCM>
    <DPI>
    <DPPX>
    <EM>
    <EX>
    <FR>
    <FREQ_HZ>
    <FREQ_KHZ>
    <FUNCTION>
    <FUNCTION_CALC>
    <HASH>
    <IDENT>
    <LENGTH_CM>
    <LENGTH_IN>
    <LENGTH_MM>
    <LENGTH_PC>
    <LENGTH_PT>
    <LENGTH_Q>
    <NUMBER>
    <PERCENTAGE>
    <PX>
    <REM>
    <S>
    <STRING1>
    <STRING2>
    <TIME_MS>
    <TIME_S>
    <URANGE>
    <URL>
    <VH>
    <VMAX>
    <VMIN>
    <VW>
)
2024-11-25 14:18:51,566 WARN c.h.c.r.e.LoggingCSSParseErrorHandler: Browser compliant mode skipped CSS from [5:121417] starting at token ' ' until [5:121418] to token ';' (based on com.helger.css.parser.ParseException: Encountered unexpected token: ";" ";"
    at line 5, column 121418.

Was expecting one of:

    "+"
    "-"
    "["
    "and"
    "expression("
    "from"
    "inherit"
    "not"
    "only"
    "or"
    "to"
    <ANGLE_DEG>
    <ANGLE_GRAD>
    <ANGLE_RAD>
    <ANGLE_TURN>
    <CH>
    <DPCM>
    <DPI>
    <DPPX>
    <EM>
    <EX>
    <FR>
    <FREQ_HZ>
    <FREQ_KHZ>
    <FUNCTION>
    <FUNCTION_CALC>
    <HASH>
    <IDENT>
    <LENGTH_CM>
    <LENGTH_IN>
    <LENGTH_MM>
    <LENGTH_PC>
    <LENGTH_PT>
    <LENGTH_Q>
    <NUMBER>
    <PERCENTAGE>
    <PX>
    <REM>
    <S>
    <STRING1>
    <STRING2>
    <TIME_MS>
    <TIME_S>
    <URANGE>
    <URL>
    <VH>
    <VMAX>
    <VMIN>
    <VW>
)
2024-11-25 14:18:51,578 INFO o.a.j.t.JMeterThread: Thread started: Thread Group 1-25
2024-11-25 14:18:51,600 WARN c.h.c.r.e.LoggingCSSParseErrorHandler: Browser compliant mode skipped CSS from [5:126625] starting at token ' ' until [5:126626] to token ';' (based on com.helger.css.parser.ParseException: Encountered unexpected token: ";" ";"
    at line 5, column 126626.

Was expecting one of:

    "+"
    "-"
    "["
    "and"
    "expression("
    "from"
    "inherit"
    "not"
    "only"
    "or"
    "to"
    <ANGLE_DEG>
    <ANGLE_GRAD>
    <ANGLE_RAD>
    <ANGLE_TURN>
    <CH>
    <DPCM>
    <DPI>
    <DPPX>
    <EM>
    <EX>
    <FR>
    <FREQ_HZ>
    <FREQ_KHZ>
    <FUNCTION>
    <FUNCTION_CALC>
    <HASH>
    <IDENT>
    <LENGTH_CM>
    <LENGTH_IN>
    <LENGTH_MM>
    <LENGTH_PC>
    <LENGTH_PT>
    <LENGTH_Q>
    <NUMBER>
    <PERCENTAGE>
    <PX>
    <REM>
    <S>
    <STRING1>
    <STRING2>
    <TIME_MS>
    <TIME_S>
    <URANGE>
    <URL>
    <VH>
    <VMAX>
    <VMIN>
    <VW>
)
2024-11-25 14:18:51,657 INFO o.a.j.t.JMeterThread: Thread started: Thread Group 1-26
2024-11-25 14:18:51,756 INFO o.a.j.t.JMeterThread: Thread started: Thread Group 1-27
2024-11-25 14:18:51,856 INFO o.a.j.t.JMeterThread: Thread started: Thread Group 1-28
2024-11-25 14:18:51,957 INFO o.a.j.t.JMeterThread: Thread started: Thread Group 1-29
2024-11-25 14:18:52,061 INFO o.a.j.t.JMeterThread: Thread started: Thread Group 1-30
2024-11-25 14:18:52,163 INFO o.a.j.t.JMeterThread: Thread started: Thread Group 1-31
2024-11-25 14:18:52,276 INFO o.a.j.t.JMeterThread: Thread started: Thread Group 1-32
2024-11-25 14:18:52,412 INFO o.a.j.t.JMeterThread: Thread started: Thread Group 1-33
2024-11-25 14:18:52,502 INFO o.a.j.t.JMeterThread: Thread started: Thread Group 1-34
2024-11-25 14:18:52,564 INFO o.a.j.t.JMeterThread: Thread started: Thread Group 1-35
2024-11-25 14:18:52,693 INFO o.a.j.t.JMeterThread: Thread started: Thread Group 1-36
2024-11-25 14:18:52,785 INFO o.a.j.t.JMeterThread: Thread started: Thread Group 1-37
2024-11-25 14:18:52,855 INFO o.a.j.t.JMeterThread: Thread started: Thread Group 1-38
2024-11-25 14:18:53,027 INFO o.a.j.t.JMeterThread: Thread started: Thread Group 1-39
2024-11-25 14:18:53,162 INFO o.a.j.t.JMeterThread: Thread started: Thread Group 1-41
2024-11-25 14:18:53,174 INFO o.a.j.t.JMeterThread: Thread started: Thread Group 1-40
2024-11-25 14:18:53,269 INFO o.a.j.t.JMeterThread: Thread started: Thread Group 1-42
2024-11-25 14:18:53,455 INFO o.a.j.t.JMeterThread: Thread started: Thread Group 1-44
2024-11-25 14:18:53,467 INFO o.a.j.t.JMeterThread: Thread started: Thread Group 1-43
2024-11-25 14:18:53,589 INFO o.a.j.t.JMeterThread: Thread started: Thread Group 1-45
2024-11-25 14:18:53,710 INFO o.a.j.t.JMeterThread: Thread started: Thread Group 1-46
2024-11-25 14:18:53,841 INFO o.a.j.t.JMeterThread: Thread started: Thread Group 1-47
2024-11-25 14:18:53,961 INFO o.a.j.t.JMeterThread: Thread started: Thread Group 1-48
2024-11-25 14:18:53,970 INFO o.a.j.t.JMeterThread: Thread started: Thread Group 1-49
2024-11-25 14:18:54,066 INFO o.a.j.t.JMeterThread: Thread started: Thread Group 1-50
2024-11-25 14:18:54,170 INFO o.a.j.t.JMeterThread: Thread started: Thread Group 1-51
2024-11-25 14:18:54,261 INFO o.a.j.t.JMeterThread: Thread started: Thread Group 1-52
2024-11-25 14:18:54,359 INFO o.a.j.t.JMeterThread: Thread started: Thread Group 1-53
2024-11-25 14:18:54,458 INFO o.a.j.t.JMeterThread: Thread started: Thread Group 1-54
2024-11-25 14:18:54,576 INFO o.a.j.t.JMeterThread: Thread started: Thread Group 1-55
2024-11-25 14:18:54,678 INFO o.a.j.t.JMeterThread: Thread started: Thread Group 1-56
2024-11-25 14:18:54,784 INFO o.a.j.t.JMeterThread: Thread started: Thread Group 1-57
2024-11-25 14:18:54,877 INFO o.a.j.t.JMeterThread: Thread started: Thread Group 1-58
2024-11-25 14:18:54,964 INFO o.a.j.t.JMeterThread: Thread started: Thread Group 1-59
2024-11-25 14:18:55,103 INFO o.a.j.t.JMeterThread: Thread started: Thread Group 1-60
2024-11-25 14:18:55,193 INFO o.a.j.t.JMeterThread: Thread started: Thread Group 1-61
2024-11-25 14:18:55,268 INFO o.a.j.t.JMeterThread: Thread started: Thread Group 1-62
2024-11-25 14:18:55,392 INFO o.a.j.t.JMeterThread: Thread started: Thread Group 1-63
2024-11-25 14:18:55,508 INFO o.a.j.t.JMeterThread: Thread started: Thread Group 1-64
2024-11-25 14:18:55,569 INFO o.a.j.t.JMeterThread: Thread started: Thread Group 1-65
2024-11-25 14:18:55,692 INFO o.a.j.t.JMeterThread: Thread started: Thread Group 1-66
2024-11-25 14:18:55,758 INFO o.a.j.t.JMeterThread: Thread started: Thread Group 1-67
2024-11-25 14:18:55,865 INFO o.a.j.t.JMeterThread: Thread started: Thread Group 1-68
2024-11-25 14:18:55,956 INFO o.a.j.t.JMeterThread: Thread started: Thread Group 1-69
2024-11-25 14:18:56,065 INFO o.a.j.t.JMeterThread: Thread started: Thread Group 1-70
2024-11-25 14:18:56,221 INFO o.a.j.t.JMeterThread: Thread started: Thread Group 1-71
2024-11-25 14:18:56,336 INFO o.a.j.t.JMeterThread: Thread started: Thread Group 1-72
2024-11-25 14:18:56,471 INFO o.a.j.t.JMeterThread: Thread started: Thread Group 1-73
2024-11-25 14:18:56,526 INFO o.a.j.t.JMeterThread: Thread started: Thread Group 1-74
2024-11-25 14:18:56,583 INFO o.a.j.t.JMeterThread: Thread started: Thread Group 1-75
2024-11-25 14:18:56,748 INFO o.a.j.t.JMeterThread: Thread started: Thread Group 1-76
2024-11-25 14:18:56,769 INFO o.a.j.t.JMeterThread: Thread started: Thread Group 1-77
2024-11-25 14:18:56,888 INFO o.a.j.t.JMeterThread: Thread started: Thread Group 1-78
2024-11-25 14:18:57,071 INFO o.a.j.t.JMeterThread: Thread started: Thread Group 1-79
2024-11-25 14:18:57,161 INFO o.a.j.t.JMeterThread: Thread started: Thread Group 1-81
2024-11-25 14:18:57,238 INFO o.a.j.t.JMeterThread: Thread started: Thread Group 1-80
2024-11-25 14:18:57,344 INFO o.a.j.t.JMeterThread: Thread started: Thread Group 1-82
2024-11-25 14:18:57,357 INFO o.a.j.t.JMeterThread: Thread started: Thread Group 1-83
2024-11-25 14:18:57,486 INFO o.a.j.t.JMeterThread: Thread started: Thread Group 1-84
2024-11-25 14:18:57,556 INFO o.a.j.t.JMeterThread: Thread started: Thread Group 1-85
2024-11-25 14:18:57,692 INFO o.a.j.t.JMeterThread: Thread started: Thread Group 1-86
2024-11-25 14:18:57,861 INFO o.a.j.t.JMeterThread: Thread started: Thread Group 1-87
2024-11-25 14:18:57,931 INFO o.a.j.t.JMeterThread: Thread started: Thread Group 1-88
2024-11-25 14:18:57,987 INFO o.a.j.t.JMeterThread: Thread started: Thread Group 1-89
2024-11-25 14:18:58,339 INFO o.a.j.t.JMeterThread: Thread started: Thread Group 1-90
2024-11-25 14:18:58,590 INFO o.a.j.t.JMeterThread: Thread started: Thread Group 1-91
2024-11-25 14:18:58,590 INFO o.a.j.t.JMeterThread: Thread started: Thread Group 1-92
2024-11-25 14:18:58,678 INFO o.a.j.t.JMeterThread: Thread started: Thread Group 1-94
2024-11-25 14:18:58,678 INFO o.a.j.t.JMeterThread: Thread started: Thread Group 1-93
2024-11-25 14:18:58,788 INFO o.a.j.t.JMeterThread: Thread started: Thread Group 1-96
2024-11-25 14:18:58,826 INFO o.a.j.t.JMeterThread: Thread started: Thread Group 1-97
2024-11-25 14:18:58,828 INFO o.a.j.t.JMeterThread: Thread started: Thread Group 1-95
2024-11-25 14:18:58,922 INFO o.a.j.t.JMeterThread: Thread started: Thread Group 1-98
2024-11-25 14:18:59,009 INFO o.a.j.t.JMeterThread: Thread started: Thread Group 1-99
2024-11-25 14:18:59,055 INFO o.a.j.t.JMeterThread: Thread started: Thread Group 1-100
2024-11-25 14:18:59,159 INFO o.a.j.t.JMeterThread: Thread started: Thread Group 1-101
2024-11-25 14:18:59,307 INFO o.a.j.t.JMeterThread: Thread started: Thread Group 1-102
2024-11-25 14:18:59,404 INFO o.a.j.t.JMeterThread: Thread started: Thread Group 1-103
2024-11-25 14:18:59,529 INFO o.a.j.t.JMeterThread: Thread started: Thread Group 1-104
2024-11-25 14:18:59,605 INFO o.a.j.t.JMeterThread: Thread started: Thread Group 1-105
2024-11-25 14:18:59,661 INFO o.a.j.t.JMeterThread: Thread started: Thread Group 1-106
2024-11-25 14:18:59,759 INFO o.a.j.t.JMeterThread: Thread started: Thread Group 1-107
2024-11-25 14:18:59,980 INFO o.a.j.t.JMeterThread: Thread started: Thread Group 1-108
2024-11-25 14:19:00,066 INFO o.a.j.t.JMeterThread: Thread started: Thread Group 1-109
2024-11-25 14:19:00,131 INFO o.a.j.t.JMeterThread: Thread started: Thread Group 1-110
2024-11-25 14:19:00,139 INFO o.a.j.r.Summariser: summary +    119 in 00:00:11 =   10.8/s Avg:  1977 Min:   179 Max:  4336 Err:     0 (0.00%) Active: 110 Started: 110 Finished: 0
2024-11-25 14:19:00,356 INFO o.a.j.t.JMeterThread: Thread started: Thread Group 1-111
2024-11-25 14:19:00,407 INFO o.a.j.t.JMeterThread: Thread started: Thread Group 1-112
2024-11-25 14:19:00,447 INFO o.a.j.t.JMeterThread: Thread started: Thread Group 1-113
2024-11-25 14:19:00,586 INFO o.a.j.t.JMeterThread: Thread started: Thread Group 1-114
2024-11-25 14:19:00,646 INFO o.a.j.t.JMeterThread: Thread started: Thread Group 1-115
2024-11-25 14:19:00,708 INFO o.a.j.t.JMeterThread: Thread started: Thread Group 1-116
2024-11-25 14:19:00,774 INFO o.a.j.t.JMeterThread: Thread started: Thread Group 1-117
2024-11-25 14:19:00,909 INFO o.a.j.t.JMeterThread: Thread started: Thread Group 1-118
2024-11-25 14:19:01,276 INFO o.a.j.t.JMeterThread: Thread started: Thread Group 1-121
2024-11-25 14:19:01,473 INFO o.a.j.t.JMeterThread: Thread started: Thread Group 1-124
2024-11-25 14:19:01,774 INFO o.a.j.t.JMeterThread: Thread started: Thread Group 1-120
2024-11-25 14:19:01,785 INFO o.a.j.t.JMeterThread: Thread started: Thread Group 1-127
2024-11-25 14:19:01,829 INFO o.a.j.t.JMeterThread: Thread started: Thread Group 1-123
2024-11-25 14:19:01,830 INFO o.a.j.t.JMeterThread: Thread started: Thread Group 1-122
2024-11-25 14:19:01,872 INFO o.a.j.t.JMeterThread: Thread started: Thread Group 1-125
2024-11-25 14:19:01,884 INFO o.a.j.t.JMeterThread: Thread started: Thread Group 1-119
2024-11-25 14:19:01,914 INFO o.a.j.t.JMeterThread: Thread started: Thread Group 1-126
2024-11-25 14:19:01,957 INFO o.a.j.t.JMeterThread: Thread started: Thread Group 1-129
2024-11-25 14:19:02,020 INFO o.a.j.t.JMeterThread: Thread started: Thread Group 1-128
2024-11-25 14:19:02,132 INFO o.a.j.t.JMeterThread: Thread started: Thread Group 1-130
2024-11-25 14:19:02,166 INFO o.a.j.t.JMeterThread: Thread started: Thread Group 1-131
2024-11-25 14:19:02,257 INFO o.a.j.t.JMeterThread: Thread started: Thread Group 1-132
2024-11-25 14:19:02,396 INFO o.a.j.t.JMeterThread: Thread started: Thread Group 1-133
2024-11-25 14:19:02,571 INFO o.a.j.t.JMeterThread: Thread started: Thread Group 1-134
2024-11-25 14:19:02,728 INFO o.a.j.t.JMeterThread: Thread started: Thread Group 1-135
2024-11-25 14:19:02,767 INFO o.a.j.t.JMeterThread: Thread started: Thread Group 1-136
2024-11-25 14:19:02,780 INFO o.a.j.t.JMeterThread: Thread started: Thread Group 1-137
2024-11-25 14:19:02,865 INFO o.a.j.t.JMeterThread: Thread started: Thread Group 1-138
2024-11-25 14:19:02,958 INFO o.a.j.t.JMeterThread: Thread started: Thread Group 1-139
2024-11-25 14:19:03,056 INFO o.a.j.t.JMeterThread: Thread started: Thread Group 1-140
2024-11-25 14:19:03,298 INFO o.a.j.t.JMeterThread: Thread started: Thread Group 1-141
2024-11-25 14:19:03,306 INFO o.a.j.t.JMeterThread: Thread started: Thread Group 1-142
2024-11-25 14:19:03,370 INFO o.a.j.t.JMeterThread: Thread started: Thread Group 1-143
2024-11-25 14:19:03,569 INFO o.a.j.t.JMeterThread: Thread started: Thread Group 1-145
2024-11-25 14:19:03,596 INFO o.a.j.t.JMeterThread: Thread started: Thread Group 1-144
2024-11-25 14:19:03,658 INFO o.a.j.t.JMeterThread: Thread started: Thread Group 1-146
2024-11-25 14:19:03,764 INFO o.a.j.t.JMeterThread: Thread started: Thread Group 1-147
2024-11-25 14:19:03,866 INFO o.a.j.t.JMeterThread: Thread started: Thread Group 1-148
2024-11-25 14:19:03,968 INFO o.a.j.t.JMeterThread: Thread started: Thread Group 1-149
2024-11-25 14:19:04,060 INFO o.a.j.t.JMeterThread: Thread started: Thread Group 1-150
2024-11-25 14:19:35,365 INFO o.a.j.r.Summariser: summary +    251 in 00:00:34 =    7.3/s Avg:  7568 Min:  2455 Max: 19318 Err:     6 (2.39%) Active: 150 Started: 150 Finished: 0
2024-11-25 14:19:35,411 INFO o.a.j.r.Summariser: summary =    370 in 00:00:46 =    8.0/s Avg:  5770 Min:   179 Max: 19318 Err:     6 (1.62%)
2024-11-25 14:20:00,095 INFO o.a.j.r.Summariser: summary +    450 in 00:00:25 =   18.2/s Avg: 11565 Min:  1335 Max: 31708 Err:    91 (20.22%) Active: 150 Started: 150 Finished: 0
2024-11-25 14:20:00,095 INFO o.a.j.r.Summariser: summary =    820 in 00:01:11 =   11.6/s Avg:  8950 Min:   179 Max: 31708 Err:    97 (11.83%)
2024-11-25 14:20:30,095 INFO o.a.j.r.Summariser: summary +    446 in 00:00:30 =   14.9/s Avg:  8351 Min:  5457 Max: 11561 Err:     0 (0.00%) Active: 150 Started: 150 Finished: 0
2024-11-25 14:20:30,096 INFO o.a.j.r.Summariser: summary =   1266 in 00:01:41 =   12.5/s Avg:  8739 Min:   179 Max: 31708 Err:    97 (7.66%)
2024-11-25 14:20:47,797 INFO o.a.j.t.JMeterThread: Thread finished: Thread Group 1-50
2024-11-25 14:20:48,222 INFO o.a.j.t.JMeterThread: Thread finished: Thread Group 1-102
2024-11-25 14:20:48,302 INFO o.a.j.t.JMeterThread: Thread finished: Thread Group 1-57
2024-11-25 14:20:48,508 INFO o.a.j.t.JMeterThread: Thread finished: Thread Group 1-142
2024-11-25 14:20:48,508 INFO o.a.j.t.JMeterThread: Thread finished: Thread Group 1-1
2024-11-25 14:20:48,736 INFO o.a.j.t.JMeterThread: Thread finished: Thread Group 1-116
2024-11-25 14:20:48,736 INFO o.a.j.t.JMeterThread: Thread finished: Thread Group 1-53
2024-11-25 14:20:48,737 INFO o.a.j.t.JMeterThread: Thread finished: Thread Group 1-71
2024-11-25 14:20:49,133 INFO o.a.j.t.JMeterThread: Thread finished: Thread Group 1-41
2024-11-25 14:20:49,146 INFO o.a.j.t.JMeterThread: Thread finished: Thread Group 1-18
2024-11-25 14:20:49,148 INFO o.a.j.t.JMeterThread: Thread finished: Thread Group 1-148
2024-11-25 14:20:49,154 INFO o.a.j.t.JMeterThread: Thread finished: Thread Group 1-78
2024-11-25 14:20:49,163 INFO o.a.j.t.JMeterThread: Thread finished: Thread Group 1-61
2024-11-25 14:20:49,184 INFO o.a.j.t.JMeterThread: Stopping because end time detected by thread: Thread Group 1-34
2024-11-25 14:20:49,184 INFO o.a.j.t.JMeterThread: Thread finished: Thread Group 1-34
2024-11-25 14:20:49,193 INFO o.a.j.t.JMeterThread: Thread finished: Thread Group 1-140
2024-11-25 14:20:49,224 INFO o.a.j.t.JMeterThread: Stopping because end time detected by thread: Thread Group 1-81
2024-11-25 14:20:49,225 INFO o.a.j.t.JMeterThread: Thread finished: Thread Group 1-81
2024-11-25 14:20:49,227 INFO o.a.j.t.JMeterThread: Stopping because end time detected by thread: Thread Group 1-30
2024-11-25 14:20:49,227 INFO o.a.j.t.JMeterThread: Thread finished: Thread Group 1-30
2024-11-25 14:20:49,247 INFO o.a.j.t.JMeterThread: Stopping because end time detected by thread: Thread Group 1-44
2024-11-25 14:20:49,247 INFO o.a.j.t.JMeterThread: Thread finished: Thread Group 1-44
2024-11-25 14:20:49,249 INFO o.a.j.t.JMeterThread: Stopping because end time detected by thread: Thread Group 1-115
2024-11-25 14:20:49,249 INFO o.a.j.t.JMeterThread: Thread finished: Thread Group 1-115
2024-11-25 14:20:49,255 INFO o.a.j.t.JMeterThread: Stopping because end time detected by thread: Thread Group 1-52
2024-11-25 14:20:49,255 INFO o.a.j.t.JMeterThread: Thread finished: Thread Group 1-52
2024-11-25 14:20:49,272 INFO o.a.j.t.JMeterThread: Stopping because end time detected by thread: Thread Group 1-109
2024-11-25 14:20:49,273 INFO o.a.j.t.JMeterThread: Thread finished: Thread Group 1-109
2024-11-25 14:20:49,295 INFO o.a.j.t.JMeterThread: Stopping because end time detected by thread: Thread Group 1-88
2024-11-25 14:20:49,296 INFO o.a.j.t.JMeterThread: Thread finished: Thread Group 1-88
2024-11-25 14:20:49,304 INFO o.a.j.t.JMeterThread: Stopping because end time detected by thread: Thread Group 1-91
2024-11-25 14:20:49,305 INFO o.a.j.t.JMeterThread: Thread finished: Thread Group 1-91
2024-11-25 14:20:49,305 INFO o.a.j.t.JMeterThread: Stopping because end time detected by thread: Thread Group 1-45
2024-11-25 14:20:49,305 INFO o.a.j.t.JMeterThread: Thread finished: Thread Group 1-45
2024-11-25 14:20:49,309 INFO o.a.j.t.JMeterThread: Stopping because end time detected by thread: Thread Group 1-70
2024-11-25 14:20:49,309 INFO o.a.j.t.JMeterThread: Thread finished: Thread Group 1-70
2024-11-25 14:20:49,309 INFO o.a.j.t.JMeterThread: Stopping because end time detected by thread: Thread Group 1-99
2024-11-25 14:20:49,309 INFO o.a.j.t.JMeterThread: Thread finished: Thread Group 1-99
2024-11-25 14:20:49,344 INFO o.a.j.t.JMeterThread: Stopping because end time detected by thread: Thread Group 1-58
2024-11-25 14:20:49,344 INFO o.a.j.t.JMeterThread: Thread finished: Thread Group 1-58
2024-11-25 14:20:49,445 INFO o.a.j.t.JMeterThread: Stopping because end time detected by thread: Thread Group 1-32
2024-11-25 14:20:49,445 INFO o.a.j.t.JMeterThread: Thread finished: Thread Group 1-32
2024-11-25 14:20:49,450 INFO o.a.j.t.JMeterThread: Stopping because end time detected by thread: Thread Group 1-118
2024-11-25 14:20:49,450 INFO o.a.j.t.JMeterThread: Thread finished: Thread Group 1-118
2024-11-25 14:20:49,483 INFO o.a.j.t.JMeterThread: Stopping because end time detected by thread: Thread Group 1-83
2024-11-25 14:20:49,483 INFO o.a.j.t.JMeterThread: Thread finished: Thread Group 1-83
2024-11-25 14:20:49,483 INFO o.a.j.t.JMeterThread: Stopping because end time detected by thread: Thread Group 1-74
2024-11-25 14:20:49,483 INFO o.a.j.t.JMeterThread: Thread finished: Thread Group 1-74
2024-11-25 14:20:49,483 INFO o.a.j.t.JMeterThread: Stopping because end time detected by thread: Thread Group 1-85
2024-11-25 14:20:49,484 INFO o.a.j.t.JMeterThread: Thread finished: Thread Group 1-85
2024-11-25 14:20:49,513 INFO o.a.j.t.JMeterThread: Stopping because end time detected by thread: Thread Group 1-15
2024-11-25 14:20:49,513 INFO o.a.j.t.JMeterThread: Thread finished: Thread Group 1-15
2024-11-25 14:20:49,514 INFO o.a.j.t.JMeterThread: Stopping because end time detected by thread: Thread Group 1-131
2024-11-25 14:20:49,514 INFO o.a.j.t.JMeterThread: Thread finished: Thread Group 1-131
2024-11-25 14:20:49,526 INFO o.a.j.t.JMeterThread: Stopping because end time detected by thread: Thread Group 1-14
2024-11-25 14:20:49,526 INFO o.a.j.t.JMeterThread: Thread finished: Thread Group 1-14
2024-11-25 14:20:49,527 INFO o.a.j.t.JMeterThread: Stopping because end time detected by thread: Thread Group 1-29
2024-11-25 14:20:49,527 INFO o.a.j.t.JMeterThread: Thread finished: Thread Group 1-29
2024-11-25 14:20:49,544 INFO o.a.j.t.JMeterThread: Stopping because end time detected by thread: Thread Group 1-3
2024-11-25 14:20:49,544 INFO o.a.j.t.JMeterThread: Thread finished: Thread Group 1-3
2024-11-25 14:20:49,558 INFO o.a.j.t.JMeterThread: Stopping because end time detected by thread: Thread Group 1-67
2024-11-25 14:20:49,558 INFO o.a.j.t.JMeterThread: Thread finished: Thread Group 1-67
2024-11-25 14:20:49,574 INFO o.a.j.t.JMeterThread: Stopping because end time detected by thread: Thread Group 1-17
2024-11-25 14:20:49,575 INFO o.a.j.t.JMeterThread: Thread finished: Thread Group 1-17
2024-11-25 14:20:50,123 INFO o.a.j.t.JMeterThread: Stopping because end time detected by thread: Thread Group 1-141
2024-11-25 14:20:50,124 INFO o.a.j.t.JMeterThread: Thread finished: Thread Group 1-141
2024-11-25 14:20:50,147 INFO o.a.j.t.JMeterThread: Stopping because end time detected by thread: Thread Group 1-122
2024-11-25 14:20:50,147 INFO o.a.j.t.JMeterThread: Thread finished: Thread Group 1-122
2024-11-25 14:20:50,163 INFO o.a.j.t.JMeterThread: Stopping because end time detected by thread: Thread Group 1-139
2024-11-25 14:20:50,163 INFO o.a.j.t.JMeterThread: Thread finished: Thread Group 1-139
2024-11-25 14:20:50,173 INFO o.a.j.t.JMeterThread: Stopping because end time detected by thread: Thread Group 1-94
2024-11-25 14:20:50,173 INFO o.a.j.t.JMeterThread: Thread finished: Thread Group 1-94
2024-11-25 14:20:50,189 INFO o.a.j.t.JMeterThread: Stopping because end time detected by thread: Thread Group 1-147
2024-11-25 14:20:50,189 INFO o.a.j.t.JMeterThread: Thread finished: Thread Group 1-147
2024-11-25 14:20:50,225 INFO o.a.j.t.JMeterThread: Stopping because end time detected by thread: Thread Group 1-100
2024-11-25 14:20:50,225 INFO o.a.j.t.JMeterThread: Thread finished: Thread Group 1-100
2024-11-25 14:20:50,296 INFO o.a.j.t.JMeterThread: Stopping because end time detected by thread: Thread Group 1-106
2024-11-25 14:20:50,296 INFO o.a.j.t.JMeterThread: Thread finished: Thread Group 1-106
2024-11-25 14:20:50,334 INFO o.a.j.t.JMeterThread: Stopping because end time detected by thread: Thread Group 1-107
2024-11-25 14:20:50,334 INFO o.a.j.t.JMeterThread: Thread finished: Thread Group 1-107
2024-11-25 14:20:50,358 INFO o.a.j.t.JMeterThread: Stopping because end time detected by thread: Thread Group 1-117
2024-11-25 14:20:50,358 INFO o.a.j.t.JMeterThread: Thread finished: Thread Group 1-117
2024-11-25 14:20:50,376 INFO o.a.j.t.JMeterThread: Stopping because end time detected by thread: Thread Group 1-95
2024-11-25 14:20:50,376 INFO o.a.j.t.JMeterThread: Thread finished: Thread Group 1-95
2024-11-25 14:20:50,424 INFO o.a.j.t.JMeterThread: Stopping because end time detected by thread: Thread Group 1-136
2024-11-25 14:20:50,424 INFO o.a.j.t.JMeterThread: Thread finished: Thread Group 1-136
2024-11-25 14:20:50,506 INFO o.a.j.t.JMeterThread: Stopping because end time detected by thread: Thread Group 1-92
2024-11-25 14:20:50,506 INFO o.a.j.t.JMeterThread: Thread finished: Thread Group 1-92
2024-11-25 14:20:50,515 INFO o.a.j.t.JMeterThread: Stopping because end time detected by thread: Thread Group 1-82
2024-11-25 14:20:50,515 INFO o.a.j.t.JMeterThread: Thread finished: Thread Group 1-82
2024-11-25 14:20:50,552 INFO o.a.j.t.JMeterThread: Stopping because end time detected by thread: Thread Group 1-9
2024-11-25 14:20:50,552 INFO o.a.j.t.JMeterThread: Thread finished: Thread Group 1-9
2024-11-25 14:20:50,628 INFO o.a.j.t.JMeterThread: Stopping because end time detected by thread: Thread Group 1-129
2024-11-25 14:20:50,628 INFO o.a.j.t.JMeterThread: Thread finished: Thread Group 1-129
2024-11-25 14:20:50,809 INFO o.a.j.t.JMeterThread: Stopping because end time detected by thread: Thread Group 1-126
2024-11-25 14:20:50,809 INFO o.a.j.t.JMeterThread: Thread finished: Thread Group 1-126
2024-11-25 14:20:50,835 INFO o.a.j.t.JMeterThread: Stopping because end time detected by thread: Thread Group 1-10
2024-11-25 14:20:50,835 INFO o.a.j.t.JMeterThread: Thread finished: Thread Group 1-10
2024-11-25 14:20:50,943 INFO o.a.j.t.JMeterThread: Stopping because end time detected by thread: Thread Group 1-13
2024-11-25 14:20:50,943 INFO o.a.j.t.JMeterThread: Thread finished: Thread Group 1-13
2024-11-25 14:20:50,952 INFO o.a.j.t.JMeterThread: Stopping because end time detected by thread: Thread Group 1-8
2024-11-25 14:20:50,952 INFO o.a.j.t.JMeterThread: Thread finished: Thread Group 1-8
2024-11-25 14:20:51,066 INFO o.a.j.t.JMeterThread: Stopping because end time detected by thread: Thread Group 1-134
2024-11-25 14:20:51,066 INFO o.a.j.t.JMeterThread: Thread finished: Thread Group 1-134
2024-11-25 14:20:51,109 INFO o.a.j.t.JMeterThread: Stopping because end time detected by thread: Thread Group 1-49
2024-11-25 14:20:51,109 INFO o.a.j.t.JMeterThread: Thread finished: Thread Group 1-49
2024-11-25 14:20:51,186 INFO o.a.j.t.JMeterThread: Stopping because end time detected by thread: Thread Group 1-80
2024-11-25 14:20:51,186 INFO o.a.j.t.JMeterThread: Thread finished: Thread Group 1-80
2024-11-25 14:20:51,238 INFO o.a.j.t.JMeterThread: Stopping because end time detected by thread: Thread Group 1-77
2024-11-25 14:20:51,239 INFO o.a.j.t.JMeterThread: Thread finished: Thread Group 1-77
2024-11-25 14:20:51,239 INFO o.a.j.t.JMeterThread: Stopping because end time detected by thread: Thread Group 1-127
2024-11-25 14:20:51,240 INFO o.a.j.t.JMeterThread: Thread finished: Thread Group 1-127
2024-11-25 14:20:51,283 INFO o.a.j.t.JMeterThread: Stopping because end time detected by thread: Thread Group 1-39
2024-11-25 14:20:51,283 INFO o.a.j.t.JMeterThread: Thread finished: Thread Group 1-39
2024-11-25 14:20:51,304 INFO o.a.j.t.JMeterThread: Stopping because end time detected by thread: Thread Group 1-73
2024-11-25 14:20:51,304 INFO o.a.j.t.JMeterThread: Thread finished: Thread Group 1-73
2024-11-25 14:20:51,310 INFO o.a.j.t.JMeterThread: Stopping because end time detected by thread: Thread Group 1-135
2024-11-25 14:20:51,310 INFO o.a.j.t.JMeterThread: Thread finished: Thread Group 1-135
2024-11-25 14:20:51,315 INFO o.a.j.t.JMeterThread: Stopping because end time detected by thread: Thread Group 1-132
2024-11-25 14:20:51,315 INFO o.a.j.t.JMeterThread: Thread finished: Thread Group 1-132
2024-11-25 14:20:51,346 INFO o.a.j.t.JMeterThread: Stopping because end time detected by thread: Thread Group 1-149
2024-11-25 14:20:51,348 INFO o.a.j.t.JMeterThread: Thread finished: Thread Group 1-149
2024-11-25 14:20:51,418 INFO o.a.j.t.JMeterThread: Stopping because end time detected by thread: Thread Group 1-60
2024-11-25 14:20:51,418 INFO o.a.j.t.JMeterThread: Thread finished: Thread Group 1-60
2024-11-25 14:20:51,489 INFO o.a.j.t.JMeterThread: Stopping because end time detected by thread: Thread Group 1-124
2024-11-25 14:20:51,489 INFO o.a.j.t.JMeterThread: Thread finished: Thread Group 1-124
2024-11-25 14:20:51,508 INFO o.a.j.t.JMeterThread: Stopping because end time detected by thread: Thread Group 1-40
2024-11-25 14:20:51,508 INFO o.a.j.t.JMeterThread: Thread finished: Thread Group 1-40
2024-11-25 14:20:51,550 INFO o.a.j.t.JMeterThread: Stopping because end time detected by thread: Thread Group 1-112
2024-11-25 14:20:51,550 INFO o.a.j.t.JMeterThread: Thread finished: Thread Group 1-112
2024-11-25 14:20:51,551 INFO o.a.j.t.JMeterThread: Stopping because end time detected by thread: Thread Group 1-6
2024-11-25 14:20:51,551 INFO o.a.j.t.JMeterThread: Thread finished: Thread Group 1-6
2024-11-25 14:20:51,778 INFO o.a.j.t.JMeterThread: Stopping because end time detected by thread: Thread Group 1-119
2024-11-25 14:20:51,778 INFO o.a.j.t.JMeterThread: Thread finished: Thread Group 1-119
2024-11-25 14:20:51,957 INFO o.a.j.t.JMeterThread: Stopping because end time detected by thread: Thread Group 1-79
2024-11-25 14:20:51,957 INFO o.a.j.t.JMeterThread: Thread finished: Thread Group 1-79
2024-11-25 14:20:51,974 INFO o.a.j.t.JMeterThread: Stopping because end time detected by thread: Thread Group 1-55
2024-11-25 14:20:51,974 INFO o.a.j.t.JMeterThread: Thread finished: Thread Group 1-55
2024-11-25 14:20:52,122 INFO o.a.j.t.JMeterThread: Stopping because end time detected by thread: Thread Group 1-7
2024-11-25 14:20:52,122 INFO o.a.j.t.JMeterThread: Thread finished: Thread Group 1-7
2024-11-25 14:20:52,220 INFO o.a.j.t.JMeterThread: Stopping because end time detected by thread: Thread Group 1-16
2024-11-25 14:20:52,221 INFO o.a.j.t.JMeterThread: Thread finished: Thread Group 1-16
2024-11-25 14:20:52,237 INFO o.a.j.t.JMeterThread: Stopping because end time detected by thread: Thread Group 1-120
2024-11-25 14:20:52,237 INFO o.a.j.t.JMeterThread: Thread finished: Thread Group 1-120
2024-11-25 14:20:52,340 INFO o.a.j.t.JMeterThread: Stopping because end time detected by thread: Thread Group 1-128
2024-11-25 14:20:52,340 INFO o.a.j.t.JMeterThread: Thread finished: Thread Group 1-128
2024-11-25 14:20:52,377 INFO o.a.j.t.JMeterThread: Stopping because end time detected by thread: Thread Group 1-56
2024-11-25 14:20:52,378 INFO o.a.j.t.JMeterThread: Thread finished: Thread Group 1-56
2024-11-25 14:20:52,393 INFO o.a.j.t.JMeterThread: Stopping because end time detected by thread: Thread Group 1-111
2024-11-25 14:20:52,393 INFO o.a.j.t.JMeterThread: Thread finished: Thread Group 1-111
2024-11-25 14:20:52,421 INFO o.a.j.t.JMeterThread: Stopping because end time detected by thread: Thread Group 1-59
2024-11-25 14:20:52,421 INFO o.a.j.t.JMeterThread: Thread finished: Thread Group 1-59
2024-11-25 14:20:52,427 INFO o.a.j.t.JMeterThread: Stopping because end time detected by thread: Thread Group 1-143
2024-11-25 14:20:52,428 INFO o.a.j.t.JMeterThread: Thread finished: Thread Group 1-143
2024-11-25 14:20:52,429 INFO o.a.j.t.JMeterThread: Stopping because end time detected by thread: Thread Group 1-87
2024-11-25 14:20:52,429 INFO o.a.j.t.JMeterThread: Thread finished: Thread Group 1-87
2024-11-25 14:20:52,529 INFO o.a.j.t.JMeterThread: Stopping because end time detected by thread: Thread Group 1-31
2024-11-25 14:20:52,529 INFO o.a.j.t.JMeterThread: Thread finished: Thread Group 1-31
2024-11-25 14:20:52,729 INFO o.a.j.t.JMeterThread: Stopping because end time detected by thread: Thread Group 1-26
2024-11-25 14:20:52,729 INFO o.a.j.t.JMeterThread: Thread finished: Thread Group 1-26
2024-11-25 14:20:52,785 INFO o.a.j.t.JMeterThread: Stopping because end time detected by thread: Thread Group 1-25
2024-11-25 14:20:52,785 INFO o.a.j.t.JMeterThread: Thread finished: Thread Group 1-25
2024-11-25 14:20:52,992 INFO o.a.j.t.JMeterThread: Stopping because end time detected by thread: Thread Group 1-37
2024-11-25 14:20:52,992 INFO o.a.j.t.JMeterThread: Thread finished: Thread Group 1-37
2024-11-25 14:20:52,996 INFO o.a.j.t.JMeterThread: Stopping because end time detected by thread: Thread Group 1-35
2024-11-25 14:20:52,996 INFO o.a.j.t.JMeterThread: Thread finished: Thread Group 1-35
2024-11-25 14:20:53,033 INFO o.a.j.t.JMeterThread: Stopping because end time detected by thread: Thread Group 1-133
2024-11-25 14:20:53,034 INFO o.a.j.t.JMeterThread: Thread finished: Thread Group 1-133
2024-11-25 14:20:53,071 INFO o.a.j.t.JMeterThread: Stopping because end time detected by thread: Thread Group 1-113
2024-11-25 14:20:53,071 INFO o.a.j.t.JMeterThread: Thread finished: Thread Group 1-113
2024-11-25 14:20:53,179 INFO o.a.j.t.JMeterThread: Stopping because end time detected by thread: Thread Group 1-104
2024-11-25 14:20:53,179 INFO o.a.j.t.JMeterThread: Thread finished: Thread Group 1-104
2024-11-25 14:20:53,237 INFO o.a.j.t.JMeterThread: Stopping because end time detected by thread: Thread Group 1-12
2024-11-25 14:20:53,237 INFO o.a.j.t.JMeterThread: Thread finished: Thread Group 1-12
2024-11-25 14:20:53,270 INFO o.a.j.t.JMeterThread: Stopping because end time detected by thread: Thread Group 1-38
2024-11-25 14:20:53,271 INFO o.a.j.t.JMeterThread: Thread finished: Thread Group 1-38
2024-11-25 14:20:53,289 INFO o.a.j.t.JMeterThread: Stopping because end time detected by thread: Thread Group 1-150
2024-11-25 14:20:53,291 INFO o.a.j.t.JMeterThread: Thread finished: Thread Group 1-150
2024-11-25 14:20:53,301 INFO o.a.j.t.JMeterThread: Stopping because end time detected by thread: Thread Group 1-20
2024-11-25 14:20:53,301 INFO o.a.j.t.JMeterThread: Thread finished: Thread Group 1-20
2024-11-25 14:20:53,349 INFO o.a.j.t.JMeterThread: Stopping because end time detected by thread: Thread Group 1-84
2024-11-25 14:20:53,349 INFO o.a.j.t.JMeterThread: Thread finished: Thread Group 1-84
2024-11-25 14:20:53,365 INFO o.a.j.t.JMeterThread: Stopping because end time detected by thread: Thread Group 1-23
2024-11-25 14:20:53,365 INFO o.a.j.t.JMeterThread: Thread finished: Thread Group 1-23
2024-11-25 14:20:53,400 INFO o.a.j.t.JMeterThread: Stopping because end time detected by thread: Thread Group 1-11
2024-11-25 14:20:53,400 INFO o.a.j.t.JMeterThread: Thread finished: Thread Group 1-11
2024-11-25 14:20:53,421 INFO o.a.j.t.JMeterThread: Stopping because end time detected by thread: Thread Group 1-46
2024-11-25 14:20:53,421 INFO o.a.j.t.JMeterThread: Thread finished: Thread Group 1-46
2024-11-25 14:20:53,457 INFO o.a.j.t.JMeterThread: Stopping because end time detected by thread: Thread Group 1-145
2024-11-25 14:20:53,457 INFO o.a.j.t.JMeterThread: Thread finished: Thread Group 1-145
2024-11-25 14:20:53,467 INFO o.a.j.t.JMeterThread: Stopping because end time detected by thread: Thread Group 1-108
2024-11-25 14:20:53,467 INFO o.a.j.t.JMeterThread: Thread finished: Thread Group 1-108
2024-11-25 14:20:53,491 INFO o.a.j.t.JMeterThread: Stopping because end time detected by thread: Thread Group 1-89
2024-11-25 14:20:53,491 INFO o.a.j.t.JMeterThread: Thread finished: Thread Group 1-89
2024-11-25 14:20:53,553 INFO o.a.j.t.JMeterThread: Stopping because end time detected by thread: Thread Group 1-114
2024-11-25 14:20:53,553 INFO o.a.j.t.JMeterThread: Thread finished: Thread Group 1-114
2024-11-25 14:20:53,571 INFO o.a.j.t.JMeterThread: Stopping because end time detected by thread: Thread Group 1-54
2024-11-25 14:20:53,571 INFO o.a.j.t.JMeterThread: Thread finished: Thread Group 1-54
2024-11-25 14:20:53,572 INFO o.a.j.t.JMeterThread: Stopping because end time detected by thread: Thread Group 1-66
2024-11-25 14:20:53,572 INFO o.a.j.t.JMeterThread: Thread finished: Thread Group 1-66
2024-11-25 14:20:53,589 INFO o.a.j.t.JMeterThread: Stopping because end time detected by thread: Thread Group 1-43
2024-11-25 14:20:53,589 INFO o.a.j.t.JMeterThread: Thread finished: Thread Group 1-43
2024-11-25 14:20:53,620 INFO o.a.j.t.JMeterThread: Stopping because end time detected by thread: Thread Group 1-33
2024-11-25 14:20:53,620 INFO o.a.j.t.JMeterThread: Thread finished: Thread Group 1-33
2024-11-25 14:20:53,649 INFO o.a.j.t.JMeterThread: Stopping because end time detected by thread: Thread Group 1-4
2024-11-25 14:20:53,649 INFO o.a.j.t.JMeterThread: Thread finished: Thread Group 1-4
2024-11-25 14:20:53,653 INFO o.a.j.t.JMeterThread: Stopping because end time detected by thread: Thread Group 1-75
2024-11-25 14:20:53,654 INFO o.a.j.t.JMeterThread: Thread finished: Thread Group 1-75
2024-11-25 14:20:53,654 INFO o.a.j.t.JMeterThread: Stopping because end time detected by thread: Thread Group 1-21
2024-11-25 14:20:53,654 INFO o.a.j.t.JMeterThread: Thread finished: Thread Group 1-21
2024-11-25 14:20:53,721 INFO o.a.j.t.JMeterThread: Stopping because end time detected by thread: Thread Group 1-48
2024-11-25 14:20:53,722 INFO o.a.j.t.JMeterThread: Thread finished: Thread Group 1-48
2024-11-25 14:20:53,732 INFO o.a.j.t.JMeterThread: Stopping because end time detected by thread: Thread Group 1-65
2024-11-25 14:20:53,733 INFO o.a.j.t.JMeterThread: Thread finished: Thread Group 1-65
2024-11-25 14:20:53,746 INFO o.a.j.t.JMeterThread: Stopping because end time detected by thread: Thread Group 1-42
2024-11-25 14:20:53,746 INFO o.a.j.t.JMeterThread: Thread finished: Thread Group 1-42
2024-11-25 14:20:53,806 INFO o.a.j.t.JMeterThread: Stopping because end time detected by thread: Thread Group 1-68
2024-11-25 14:20:53,806 INFO o.a.j.t.JMeterThread: Stopping because end time detected by thread: Thread Group 1-22
2024-11-25 14:20:53,806 INFO o.a.j.t.JMeterThread: Thread finished: Thread Group 1-68
2024-11-25 14:20:53,806 INFO o.a.j.t.JMeterThread: Thread finished: Thread Group 1-22
2024-11-25 14:20:53,831 INFO o.a.j.t.JMeterThread: Stopping because end time detected by thread: Thread Group 1-47
2024-11-25 14:20:53,831 INFO o.a.j.t.JMeterThread: Thread finished: Thread Group 1-47
2024-11-25 14:20:53,842 INFO o.a.j.t.JMeterThread: Stopping because end time detected by thread: Thread Group 1-101
2024-11-25 14:20:53,842 INFO o.a.j.t.JMeterThread: Thread finished: Thread Group 1-101
2024-11-25 14:20:53,842 INFO o.a.j.t.JMeterThread: Stopping because end time detected by thread: Thread Group 1-2
2024-11-25 14:20:53,844 INFO o.a.j.t.JMeterThread: Thread finished: Thread Group 1-2
2024-11-25 14:20:53,855 INFO o.a.j.t.JMeterThread: Stopping because end time detected by thread: Thread Group 1-51
2024-11-25 14:20:53,855 INFO o.a.j.t.JMeterThread: Thread finished: Thread Group 1-51
2024-11-25 14:20:53,863 INFO o.a.j.t.JMeterThread: Stopping because end time detected by thread: Thread Group 1-146
2024-11-25 14:20:53,863 INFO o.a.j.t.JMeterThread: Thread finished: Thread Group 1-146
2024-11-25 14:20:53,885 INFO o.a.j.t.JMeterThread: Stopping because end time detected by thread: Thread Group 1-28
2024-11-25 14:20:53,885 INFO o.a.j.t.JMeterThread: Thread finished: Thread Group 1-28
2024-11-25 14:20:53,991 INFO o.a.j.t.JMeterThread: Stopping because end time detected by thread: Thread Group 1-69
2024-11-25 14:20:53,991 INFO o.a.j.t.JMeterThread: Thread finished: Thread Group 1-69
2024-11-25 14:20:54,003 INFO o.a.j.t.JMeterThread: Stopping because end time detected by thread: Thread Group 1-93
2024-11-25 14:20:54,003 INFO o.a.j.t.JMeterThread: Thread finished: Thread Group 1-93
2024-11-25 14:20:54,005 INFO o.a.j.t.JMeterThread: Stopping because end time detected by thread: Thread Group 1-72
2024-11-25 14:20:54,005 INFO o.a.j.t.JMeterThread: Thread finished: Thread Group 1-72
2024-11-25 14:20:54,014 INFO o.a.j.t.JMeterThread: Stopping because end time detected by thread: Thread Group 1-110
2024-11-25 14:20:54,014 INFO o.a.j.t.JMeterThread: Thread finished: Thread Group 1-110
2024-11-25 14:20:54,027 INFO o.a.j.t.JMeterThread: Stopping because end time detected by thread: Thread Group 1-138
2024-11-25 14:20:54,027 INFO o.a.j.t.JMeterThread: Thread finished: Thread Group 1-138
2024-11-25 14:20:54,027 INFO o.a.j.t.JMeterThread: Stopping because end time detected by thread: Thread Group 1-123
2024-11-25 14:20:54,027 INFO o.a.j.t.JMeterThread: Thread finished: Thread Group 1-123
2024-11-25 14:20:54,030 INFO o.a.j.t.JMeterThread: Stopping because end time detected by thread: Thread Group 1-5
2024-11-25 14:20:54,031 INFO o.a.j.t.JMeterThread: Thread finished: Thread Group 1-5
2024-11-25 14:20:54,031 INFO o.a.j.t.JMeterThread: Stopping because end time detected by thread: Thread Group 1-125
2024-11-25 14:20:54,031 INFO o.a.j.t.JMeterThread: Thread finished: Thread Group 1-125
2024-11-25 14:20:54,033 INFO o.a.j.t.JMeterThread: Stopping because end time detected by thread: Thread Group 1-105
2024-11-25 14:20:54,033 INFO o.a.j.t.JMeterThread: Thread finished: Thread Group 1-105
2024-11-25 14:20:54,094 INFO o.a.j.t.JMeterThread: Stopping because end time detected by thread: Thread Group 1-36
2024-11-25 14:20:54,094 INFO o.a.j.t.JMeterThread: Thread finished: Thread Group 1-36
2024-11-25 14:20:54,097 INFO o.a.j.t.JMeterThread: Stopping because end time detected by thread: Thread Group 1-97
2024-11-25 14:20:54,097 INFO o.a.j.t.JMeterThread: Thread finished: Thread Group 1-97
2024-11-25 14:20:54,102 INFO o.a.j.t.JMeterThread: Stopping because end time detected by thread: Thread Group 1-76
2024-11-25 14:20:54,102 INFO o.a.j.t.JMeterThread: Thread finished: Thread Group 1-76
2024-11-25 14:20:54,105 INFO o.a.j.t.JMeterThread: Stopping because end time detected by thread: Thread Group 1-62
2024-11-25 14:20:54,105 INFO o.a.j.t.JMeterThread: Thread finished: Thread Group 1-62
2024-11-25 14:20:54,111 INFO o.a.j.t.JMeterThread: Stopping because end time detected by thread: Thread Group 1-19
2024-11-25 14:20:54,111 INFO o.a.j.t.JMeterThread: Thread finished: Thread Group 1-19
2024-11-25 14:20:54,115 INFO o.a.j.t.JMeterThread: Stopping because end time detected by thread: Thread Group 1-130
2024-11-25 14:20:54,115 INFO o.a.j.t.JMeterThread: Thread finished: Thread Group 1-130
2024-11-25 14:20:54,147 INFO o.a.j.t.JMeterThread: Stopping because end time detected by thread: Thread Group 1-27
2024-11-25 14:20:54,147 INFO o.a.j.t.JMeterThread: Thread finished: Thread Group 1-27
2024-11-25 14:20:54,176 INFO o.a.j.t.JMeterThread: Stopping because end time detected by thread: Thread Group 1-96
2024-11-25 14:20:54,177 INFO o.a.j.t.JMeterThread: Thread finished: Thread Group 1-96
2024-11-25 14:20:54,193 INFO o.a.j.t.JMeterThread: Stopping because end time detected by thread: Thread Group 1-137
2024-11-25 14:20:54,193 INFO o.a.j.t.JMeterThread: Thread finished: Thread Group 1-137
2024-11-25 14:20:54,221 INFO o.a.j.t.JMeterThread: Stopping because end time detected by thread: Thread Group 1-90
2024-11-25 14:20:54,221 INFO o.a.j.t.JMeterThread: Thread finished: Thread Group 1-90
2024-11-25 14:20:54,227 INFO o.a.j.t.JMeterThread: Stopping because end time detected by thread: Thread Group 1-24
2024-11-25 14:20:54,228 INFO o.a.j.t.JMeterThread: Thread finished: Thread Group 1-24
2024-11-25 14:20:54,275 INFO o.a.j.t.JMeterThread: Stopping because end time detected by thread: Thread Group 1-86
2024-11-25 14:20:54,275 INFO o.a.j.t.JMeterThread: Thread finished: Thread Group 1-86
2024-11-25 14:20:54,385 INFO o.a.j.t.JMeterThread: Stopping because end time detected by thread: Thread Group 1-144
2024-11-25 14:20:54,386 INFO o.a.j.t.JMeterThread: Thread finished: Thread Group 1-144
2024-11-25 14:20:54,389 INFO o.a.j.t.JMeterThread: Stopping because end time detected by thread: Thread Group 1-98
2024-11-25 14:20:54,389 INFO o.a.j.t.JMeterThread: Thread finished: Thread Group 1-98
2024-11-25 14:20:54,438 INFO o.a.j.t.JMeterThread: Stopping because end time detected by thread: Thread Group 1-103
2024-11-25 14:20:54,438 INFO o.a.j.t.JMeterThread: Thread finished: Thread Group 1-103
2024-11-25 14:20:54,440 INFO o.a.j.t.JMeterThread: Stopping because end time detected by thread: Thread Group 1-64
2024-11-25 14:20:54,440 INFO o.a.j.t.JMeterThread: Thread finished: Thread Group 1-64
2024-11-25 14:20:54,531 INFO o.a.j.t.JMeterThread: Stopping because end time detected by thread: Thread Group 1-63
2024-11-25 14:20:54,532 INFO o.a.j.t.JMeterThread: Thread finished: Thread Group 1-63
2024-11-25 14:20:54,682 INFO o.a.j.t.JMeterThread: Stopping because end time detected by thread: Thread Group 1-121
2024-11-25 14:20:54,682 INFO o.a.j.t.JMeterThread: Thread finished: Thread Group 1-121
2024-11-25 14:20:54,682 INFO o.a.j.e.StandardJMeterEngine: Notifying test listeners of end of test
2024-11-25 14:20:54,735 INFO o.a.j.r.Summariser: summary +    452 in 00:00:25 =   18.3/s Avg:  8172 Min:  4969 Max: 12848 Err:     0 (0.00%) Active: 0 Started: 150 Finished: 150
2024-11-25 14:20:54,735 INFO o.a.j.r.Summariser: summary =   1718 in 00:02:06 =   13.7/s Avg:  8590 Min:   179 Max: 31708 Err:    97 (5.65%)
