2024-11-27 22:09:04,859 - Isolation Forest model loaded successfully.
2024-11-27 22:09:04,864 - Scaler and OneHotEncoder loaded successfully.
2024-11-27 22:09:05,104 - Avg CPU: 9.10%, Avg Memory: 64.58%, Temp: N/A°C, Latency: 0.81 ms
2024-11-27 22:09:05,104 - Weather: Temp: -0.23°C, Humidity: 93%, Desc: overcast clouds
2024-11-27 22:09:05,104 - Apache Metrics - ReqPerSec: 7.80813, BusyWorkers: 1, IdleWorkers: 49, Cache Hits: N/A, Cache Misses: N/A
2024-11-27 22:09:05,212 - Feature Values: {'CPU Usage (%)': 9.1, 'Memory Usage (%)': 64.58016083454953, 'CPU Temp (°C)': 0, 'Weather Temp (°C)': -0.23, 'Humidity (%)': 93, 'ReqPerSec': 7.80813, 'Average Latency (ms)': 0.806335308056872, 'Weather Description_broken clouds': 0.0, 'Weather Description_light rain': 0.0, 'Weather Description_mist': 0.0, 'Weather Description_moderate rain': 0.0, 'Weather Description_overcast clouds': 1.0}
2024-11-27 22:09:05,228 - Anomaly Detection: Normal
2024-11-27 22:09:05,229 - Adaptation Occurred: 0, Total Adaptations: 0, Adaptation Frequency: 0
2024-11-27 22:09:05,229 - State Durations - Normal: 0.00s, Degraded: 0.00s
2024-11-27 22:09:05,233 - Content already matches the target. No changes made.
2024-11-27 22:09:15,331 - Avg CPU: 5.70%, Avg Memory: 64.78%, Temp: N/A°C, Latency: 0.80 ms
2024-11-27 22:09:15,331 - Weather: Temp: -0.23°C, Humidity: 93%, Desc: overcast clouds
2024-11-27 22:09:15,332 - Apache Metrics - ReqPerSec: 7.79679, BusyWorkers: 1, IdleWorkers: 49, Cache Hits: N/A, Cache Misses: N/A
2024-11-27 22:09:15,335 - Feature Values: {'CPU Usage (%)': 5.699999999999999, 'Memory Usage (%)': 64.78244166727724, 'CPU Temp (°C)': 0, 'Weather Temp (°C)': -0.23, 'Humidity (%)': 93, 'ReqPerSec': 7.79679, 'Average Latency (ms)': 0.8049940617577197, 'Weather Description_broken clouds': 0.0, 'Weather Description_light rain': 0.0, 'Weather Description_mist': 0.0, 'Weather Description_moderate rain': 0.0, 'Weather Description_overcast clouds': 1.0}
2024-11-27 22:09:15,337 - Anomaly Detection: Normal
2024-11-27 22:09:15,337 - Adaptation Occurred: 0, Total Adaptations: 0, Adaptation Frequency: 0
2024-11-27 22:09:15,337 - State Durations - Normal: 10.37s, Degraded: 0.00s
2024-11-27 22:09:15,341 - Content already matches the target. No changes made.
2024-11-27 22:09:24,641 - Avg CPU: 4.50%, Avg Memory: 64.91%, Temp: N/A°C, Latency: 0.81 ms
2024-11-27 22:09:24,641 - Weather: Temp: -0.23°C, Humidity: 93%, Desc: overcast clouds
2024-11-27 22:09:24,641 - Apache Metrics - ReqPerSec: 7.78548, BusyWorkers: 1, IdleWorkers: 49, Cache Hits: N/A, Cache Misses: N/A
2024-11-27 22:09:24,645 - Feature Values: {'CPU Usage (%)': 4.499999999999999, 'Memory Usage (%)': 64.9144242174613, 'CPU Temp (°C)': 0, 'Weather Temp (°C)': -0.23, 'Humidity (%)': 93, 'ReqPerSec': 7.78548, 'Average Latency (ms)': 0.8058049940546967, 'Weather Description_broken clouds': 0.0, 'Weather Description_light rain': 0.0, 'Weather Description_mist': 0.0, 'Weather Description_moderate rain': 0.0, 'Weather Description_overcast clouds': 1.0}
2024-11-27 22:09:24,646 - Anomaly Detection: Normal
2024-11-27 22:09:24,646 - Adaptation Occurred: 0, Total Adaptations: 0, Adaptation Frequency: 0
2024-11-27 22:09:24,647 - State Durations - Normal: 19.64s, Degraded: 0.00s
2024-11-27 22:09:24,650 - Content already matches the target. No changes made.
2024-11-27 22:09:34,736 - Avg CPU: 3.75%, Avg Memory: 65.02%, Temp: N/A°C, Latency: 0.81 ms
2024-11-27 22:09:34,736 - Weather: Temp: -0.23°C, Humidity: 93%, Desc: overcast clouds
2024-11-27 22:09:34,737 - Apache Metrics - ReqPerSec: 7.77421, BusyWorkers: 1, IdleWorkers: 49, Cache Hits: N/A, Cache Misses: N/A
2024-11-27 22:09:34,740 - Feature Values: {'CPU Usage (%)': 3.7499999999999996, 'Memory Usage (%)': 65.0174458554707, 'CPU Temp (°C)': 0, 'Weather Temp (°C)': -0.23, 'Humidity (%)': 93, 'ReqPerSec': 7.77421, 'Average Latency (ms)': 0.8053797619047619, 'Weather Description_broken clouds': 0.0, 'Weather Description_light rain': 0.0, 'Weather Description_mist': 0.0, 'Weather Description_moderate rain': 0.0, 'Weather Description_overcast clouds': 1.0}
2024-11-27 22:09:34,742 - Anomaly Detection: Normal
2024-11-27 22:09:34,742 - Adaptation Occurred: 0, Total Adaptations: 0, Adaptation Frequency: 0
2024-11-27 22:09:34,742 - State Durations - Normal: 29.79s, Degraded: 0.00s
2024-11-27 22:09:34,746 - Content already matches the target. No changes made.
2024-11-27 22:09:44,821 - Avg CPU: 3.34%, Avg Memory: 65.10%, Temp: N/A°C, Latency: 0.81 ms
2024-11-27 22:09:44,821 - Weather: Temp: -0.23°C, Humidity: 93%, Desc: overcast clouds
2024-11-27 22:09:44,822 - Apache Metrics - ReqPerSec: 7.76297, BusyWorkers: 1, IdleWorkers: 49, Cache Hits: N/A, Cache Misses: N/A
2024-11-27 22:09:44,825 - Feature Values: {'CPU Usage (%)': 3.34, 'Memory Usage (%)': 65.10242756801607, 'CPU Temp (°C)': 0, 'Weather Temp (°C)': -0.23, 'Humidity (%)': 93, 'ReqPerSec': 7.76297, 'Average Latency (ms)': 0.8051716328963051, 'Weather Description_broken clouds': 0.0, 'Weather Description_light rain': 0.0, 'Weather Description_mist': 0.0, 'Weather Description_moderate rain': 0.0, 'Weather Description_overcast clouds': 1.0}
2024-11-27 22:09:44,827 - Anomaly Detection: Normal
2024-11-27 22:09:44,827 - Adaptation Occurred: 0, Total Adaptations: 0, Adaptation Frequency: 0
2024-11-27 22:09:44,827 - State Durations - Normal: 39.87s, Degraded: 0.00s
2024-11-27 22:09:44,830 - Content already matches the target. No changes made.
2024-11-27 22:09:54,074 - Avg CPU: 2.90%, Avg Memory: 65.13%, Temp: N/A°C, Latency: 0.81 ms
2024-11-27 22:09:54,075 - Weather: Temp: -0.23°C, Humidity: 93%, Desc: overcast clouds
2024-11-27 22:09:54,075 - Apache Metrics - ReqPerSec: 7.75289, BusyWorkers: 1, IdleWorkers: 49, Cache Hits: N/A, Cache Misses: N/A
2024-11-27 22:09:54,078 - Feature Values: {'CPU Usage (%)': 2.9, 'Memory Usage (%)': 65.13337201389068, 'CPU Temp (°C)': 0, 'Weather Temp (°C)': -0.23, 'Humidity (%)': 93, 'ReqPerSec': 7.75289, 'Average Latency (ms)': 0.805980906921241, 'Weather Description_broken clouds': 0.0, 'Weather Description_light rain': 0.0, 'Weather Description_mist': 0.0, 'Weather Description_moderate rain': 0.0, 'Weather Description_overcast clouds': 1.0}
2024-11-27 22:09:54,080 - Anomaly Detection: Normal
2024-11-27 22:09:54,080 - Adaptation Occurred: 0, Total Adaptations: 0, Adaptation Frequency: 0
2024-11-27 22:09:54,080 - State Durations - Normal: 49.13s, Degraded: 0.00s
2024-11-27 22:09:54,084 - Content already matches the target. No changes made.
2024-11-27 22:10:04,153 - Avg CPU: 1.53%, Avg Memory: 65.29%, Temp: N/A°C, Latency: 0.81 ms
2024-11-27 22:10:04,153 - Weather: Temp: -0.23°C, Humidity: 93%, Desc: overcast clouds
2024-11-27 22:10:04,153 - Apache Metrics - ReqPerSec: 7.74171, BusyWorkers: 1, IdleWorkers: 49, Cache Hits: N/A, Cache Misses: N/A
2024-11-27 22:10:04,157 - Feature Values: {'CPU Usage (%)': 1.5333333333333334, 'Memory Usage (%)': 65.29386992375441, 'CPU Temp (°C)': 0, 'Weather Temp (°C)': -0.23, 'Humidity (%)': 93, 'ReqPerSec': 7.74171, 'Average Latency (ms)': 0.8058375149342891, 'Weather Description_broken clouds': 0.0, 'Weather Description_light rain': 0.0, 'Weather Description_mist': 0.0, 'Weather Description_moderate rain': 0.0, 'Weather Description_overcast clouds': 1.0}
2024-11-27 22:10:04,158 - Anomaly Detection: Normal
2024-11-27 22:10:04,158 - Adaptation Occurred: 0, Total Adaptations: 0, Adaptation Frequency: 0
2024-11-27 22:10:04,159 - State Durations - Normal: 59.21s, Degraded: 0.00s
2024-11-27 22:10:04,162 - Content already matches the target. No changes made.
2024-11-27 22:10:14,237 - Avg CPU: 1.23%, Avg Memory: 65.39%, Temp: N/A°C, Latency: 0.81 ms
2024-11-27 22:10:14,238 - Weather: Temp: -0.23°C, Humidity: 93%, Desc: overcast clouds
2024-11-27 22:10:14,238 - Apache Metrics - ReqPerSec: 7.73056, BusyWorkers: 1, IdleWorkers: 49, Cache Hits: N/A, Cache Misses: N/A
2024-11-27 22:10:14,242 - Feature Values: {'CPU Usage (%)': 1.2333333333333334, 'Memory Usage (%)': 65.38869009546706, 'CPU Temp (°C)': 0, 'Weather Temp (°C)': -0.23, 'Humidity (%)': 93, 'ReqPerSec': 7.73056, 'Average Latency (ms)': 0.8057248803827751, 'Weather Description_broken clouds': 0.0, 'Weather Description_light rain': 0.0, 'Weather Description_mist': 0.0, 'Weather Description_moderate rain': 0.0, 'Weather Description_overcast clouds': 1.0}
2024-11-27 22:10:14,244 - Anomaly Detection: Normal
2024-11-27 22:10:14,244 - Adaptation Occurred: 0, Total Adaptations: 0, Adaptation Frequency: 0
2024-11-27 22:10:14,244 - State Durations - Normal: 69.30s, Degraded: 0.00s
2024-11-27 22:10:14,247 - Content already matches the target. No changes made.
2024-11-27 22:10:23,531 - Avg CPU: 1.02%, Avg Memory: 65.45%, Temp: N/A°C, Latency: 0.81 ms
2024-11-27 22:10:23,531 - Weather: Temp: -0.23°C, Humidity: 93%, Desc: overcast clouds
2024-11-27 22:10:23,531 - Apache Metrics - ReqPerSec: 7.72057, BusyWorkers: 1, IdleWorkers: 49, Cache Hits: N/A, Cache Misses: N/A
2024-11-27 22:10:23,534 - Feature Values: {'CPU Usage (%)': 1.0166666666666668, 'Memory Usage (%)': 65.45304767807743, 'CPU Temp (°C)': 0, 'Weather Temp (°C)': -0.23, 'Humidity (%)': 93, 'ReqPerSec': 7.72057, 'Average Latency (ms)': 0.8065520958083833, 'Weather Description_broken clouds': 0.0, 'Weather Description_light rain': 0.0, 'Weather Description_mist': 0.0, 'Weather Description_moderate rain': 0.0, 'Weather Description_overcast clouds': 1.0}
2024-11-27 22:10:23,536 - Anomaly Detection: Normal
2024-11-27 22:10:23,536 - Adaptation Occurred: 0, Total Adaptations: 0, Adaptation Frequency: 0
2024-11-27 22:10:23,536 - State Durations - Normal: 78.59s, Degraded: 0.00s
2024-11-27 22:10:23,540 - Content already matches the target. No changes made.
2024-11-27 22:10:33,732 - Avg CPU: 0.90%, Avg Memory: 65.53%, Temp: N/A°C, Latency: 0.81 ms
2024-11-27 22:10:33,732 - Weather: Temp: -0.23°C, Humidity: 93%, Desc: overcast clouds
2024-11-27 22:10:33,732 - Apache Metrics - ReqPerSec: 7.70836, BusyWorkers: 1, IdleWorkers: 49, Cache Hits: N/A, Cache Misses: N/A
2024-11-27 22:10:33,736 - Feature Values: {'CPU Usage (%)': 0.8999999999999999, 'Memory Usage (%)': 65.52562322892884, 'CPU Temp (°C)': 0, 'Weather Temp (°C)': -0.23, 'Humidity (%)': 93, 'ReqPerSec': 7.70836, 'Average Latency (ms)': 0.8064928057553957, 'Weather Description_broken clouds': 0.0, 'Weather Description_light rain': 0.0, 'Weather Description_mist': 0.0, 'Weather Description_moderate rain': 0.0, 'Weather Description_overcast clouds': 1.0}
2024-11-27 22:10:33,737 - Anomaly Detection: Normal
2024-11-27 22:10:33,738 - Adaptation Occurred: 0, Total Adaptations: 0, Adaptation Frequency: 0
2024-11-27 22:10:33,738 - State Durations - Normal: 88.67s, Degraded: 0.00s
2024-11-27 22:10:33,741 - Content already matches the target. No changes made.
2024-11-27 22:10:43,812 - Avg CPU: 0.73%, Avg Memory: 65.56%, Temp: N/A°C, Latency: 0.81 ms
2024-11-27 22:10:43,813 - Weather: Temp: -0.23°C, Humidity: 93%, Desc: overcast clouds
2024-11-27 22:10:43,813 - Apache Metrics - ReqPerSec: 7.69731, BusyWorkers: 1, IdleWorkers: 49, Cache Hits: N/A, Cache Misses: N/A
2024-11-27 22:10:43,816 - Feature Values: {'CPU Usage (%)': 0.7333333333333334, 'Memory Usage (%)': 65.56189450241027, 'CPU Temp (°C)': 0, 'Weather Temp (°C)': -0.23, 'Humidity (%)': 93, 'ReqPerSec': 7.69731, 'Average Latency (ms)': 0.806046818727491, 'Weather Description_broken clouds': 0.0, 'Weather Description_light rain': 0.0, 'Weather Description_mist': 0.0, 'Weather Description_moderate rain': 0.0, 'Weather Description_overcast clouds': 1.0}
2024-11-27 22:10:43,818 - Anomaly Detection: Normal
2024-11-27 22:10:43,818 - Adaptation Occurred: 0, Total Adaptations: 0, Adaptation Frequency: 0
2024-11-27 22:10:43,818 - State Durations - Normal: 98.86s, Degraded: 0.00s
2024-11-27 22:10:43,822 - Content already matches the target. No changes made.
2024-11-27 22:10:53,953 - Avg CPU: 0.72%, Avg Memory: 65.59%, Temp: N/A°C, Latency: 0.81 ms
2024-11-27 22:10:53,953 - Weather: Temp: -0.23°C, Humidity: 93%, Desc: overcast clouds
2024-11-27 22:10:53,953 - Apache Metrics - ReqPerSec: 7.68629, BusyWorkers: 1, IdleWorkers: 49, Cache Hits: N/A, Cache Misses: N/A
2024-11-27 22:10:53,957 - Feature Values: {'CPU Usage (%)': 0.7166666666666667, 'Memory Usage (%)': 65.58809958989367, 'CPU Temp (°C)': 0, 'Weather Temp (°C)': -0.23, 'Humidity (%)': 93, 'ReqPerSec': 7.68629, 'Average Latency (ms)': 0.8058088942307693, 'Weather Description_broken clouds': 0.0, 'Weather Description_light rain': 0.0, 'Weather Description_mist': 0.0, 'Weather Description_moderate rain': 0.0, 'Weather Description_overcast clouds': 1.0}
2024-11-27 22:10:53,958 - Anomaly Detection: Normal
2024-11-27 22:10:53,958 - Adaptation Occurred: 0, Total Adaptations: 0, Adaptation Frequency: 0
2024-11-27 22:10:53,958 - State Durations - Normal: 108.95s, Degraded: 0.00s
2024-11-27 22:10:53,962 - Content already matches the target. No changes made.
2024-11-27 22:11:03,215 - Avg CPU: 0.70%, Avg Memory: 65.58%, Temp: N/A°C, Latency: 0.81 ms
2024-11-27 22:11:03,216 - Weather: Temp: -0.23°C, Humidity: 93%, Desc: overcast clouds
2024-11-27 22:11:03,216 - Apache Metrics - ReqPerSec: 7.67642, BusyWorkers: 1, IdleWorkers: 49, Cache Hits: N/A, Cache Misses: N/A
2024-11-27 22:11:03,219 - Feature Values: {'CPU Usage (%)': 0.7000000000000001, 'Memory Usage (%)': 65.5837760804978, 'CPU Temp (°C)': 0, 'Weather Temp (°C)': -0.23, 'Humidity (%)': 93, 'ReqPerSec': 7.67642, 'Average Latency (ms)': 0.8065872442839952, 'Weather Description_broken clouds': 0.0, 'Weather Description_light rain': 0.0, 'Weather Description_mist': 0.0, 'Weather Description_moderate rain': 0.0, 'Weather Description_overcast clouds': 1.0}
2024-11-27 22:11:03,221 - Anomaly Detection: Normal
2024-11-27 22:11:03,221 - Adaptation Occurred: 0, Total Adaptations: 0, Adaptation Frequency: 0
2024-11-27 22:11:03,221 - State Durations - Normal: 118.27s, Degraded: 0.00s
2024-11-27 22:11:03,225 - Content already matches the target. No changes made.
2024-11-27 22:11:13,324 - Avg CPU: 0.75%, Avg Memory: 65.56%, Temp: N/A°C, Latency: 0.81 ms
2024-11-27 22:11:13,324 - Weather: Temp: -0.23°C, Humidity: 93%, Desc: overcast clouds
2024-11-27 22:11:13,324 - Apache Metrics - ReqPerSec: 7.66546, BusyWorkers: 1, IdleWorkers: 49, Cache Hits: N/A, Cache Misses: N/A
2024-11-27 22:11:13,327 - Feature Values: {'CPU Usage (%)': 0.75, 'Memory Usage (%)': 65.55651486858181, 'CPU Temp (°C)': 0, 'Weather Temp (°C)': -0.23, 'Humidity (%)': 93, 'ReqPerSec': 7.66546, 'Average Latency (ms)': 0.8067807228915662, 'Weather Description_broken clouds': 0.0, 'Weather Description_light rain': 0.0, 'Weather Description_mist': 0.0, 'Weather Description_moderate rain': 0.0, 'Weather Description_overcast clouds': 1.0}
2024-11-27 22:11:13,329 - Anomaly Detection: Normal
2024-11-27 22:11:13,329 - Adaptation Occurred: 0, Total Adaptations: 0, Adaptation Frequency: 0
2024-11-27 22:11:13,329 - State Durations - Normal: 128.35s, Degraded: 0.00s
2024-11-27 22:11:13,333 - Content already matches the target. No changes made.
2024-11-27 22:11:23,416 - Avg CPU: 0.77%, Avg Memory: 65.55%, Temp: N/A°C, Latency: 0.81 ms
2024-11-27 22:11:23,416 - Weather: Temp: -0.23°C, Humidity: 93%, Desc: overcast clouds
2024-11-27 22:11:23,416 - Apache Metrics - ReqPerSec: 7.65453, BusyWorkers: 1, IdleWorkers: 49, Cache Hits: N/A, Cache Misses: N/A
2024-11-27 22:11:23,419 - Feature Values: {'CPU Usage (%)': 0.7666666666666667, 'Memory Usage (%)': 65.54578860481342, 'CPU Temp (°C)': 0, 'Weather Temp (°C)': -0.23, 'Humidity (%)': 93, 'ReqPerSec': 7.65453, 'Average Latency (ms)': 0.8069794933655006, 'Weather Description_broken clouds': 0.0, 'Weather Description_light rain': 0.0, 'Weather Description_mist': 0.0, 'Weather Description_moderate rain': 0.0, 'Weather Description_overcast clouds': 1.0}
2024-11-27 22:11:23,421 - Anomaly Detection: Normal
2024-11-27 22:11:23,421 - Adaptation Occurred: 0, Total Adaptations: 0, Adaptation Frequency: 0
2024-11-27 22:11:23,421 - State Durations - Normal: 138.46s, Degraded: 0.00s
2024-11-27 22:11:23,425 - Content already matches the target. No changes made.
2024-11-27 22:11:32,696 - Avg CPU: 0.78%, Avg Memory: 65.51%, Temp: N/A°C, Latency: 0.81 ms
2024-11-27 22:11:32,696 - Weather: Temp: -0.23°C, Humidity: 93%, Desc: overcast clouds
2024-11-27 22:11:32,696 - Apache Metrics - ReqPerSec: 7.64364, BusyWorkers: 1, IdleWorkers: 49, Cache Hits: N/A, Cache Misses: N/A
2024-11-27 22:11:32,700 - Feature Values: {'CPU Usage (%)': 0.7833333333333332, 'Memory Usage (%)': 65.51202562685937, 'CPU Temp (°C)': 0, 'Weather Temp (°C)': -0.23, 'Humidity (%)': 93, 'ReqPerSec': 7.64364, 'Average Latency (ms)': 0.8070531400966183, 'Weather Description_broken clouds': 0.0, 'Weather Description_light rain': 0.0, 'Weather Description_mist': 0.0, 'Weather Description_moderate rain': 0.0, 'Weather Description_overcast clouds': 1.0}
2024-11-27 22:11:32,701 - Anomaly Detection: Normal
2024-11-27 22:11:32,702 - Adaptation Occurred: 0, Total Adaptations: 0, Adaptation Frequency: 0
2024-11-27 22:11:32,702 - State Durations - Normal: 147.75s, Degraded: 0.00s
2024-11-27 22:11:32,705 - Content already matches the target. No changes made.
2024-11-27 22:11:42,778 - Avg CPU: 0.80%, Avg Memory: 65.51%, Temp: N/A°C, Latency: 0.81 ms
2024-11-27 22:11:42,778 - Weather: Temp: -0.23°C, Humidity: 93%, Desc: overcast clouds
2024-11-27 22:11:42,778 - Apache Metrics - ReqPerSec: 7.63278, BusyWorkers: 1, IdleWorkers: 49, Cache Hits: N/A, Cache Misses: N/A
2024-11-27 22:11:42,782 - Feature Values: {'CPU Usage (%)': 0.7999999999999999, 'Memory Usage (%)': 65.50522682582462, 'CPU Temp (°C)': 0, 'Weather Temp (°C)': -0.23, 'Humidity (%)': 93, 'ReqPerSec': 7.63278, 'Average Latency (ms)': 0.806328502415459, 'Weather Description_broken clouds': 0.0, 'Weather Description_light rain': 0.0, 'Weather Description_mist': 0.0, 'Weather Description_moderate rain': 0.0, 'Weather Description_overcast clouds': 1.0}
2024-11-27 22:11:42,783 - Anomaly Detection: Normal
2024-11-27 22:11:42,783 - Adaptation Occurred: 0, Total Adaptations: 0, Adaptation Frequency: 0
2024-11-27 22:11:42,784 - State Durations - Normal: 157.83s, Degraded: 0.00s
2024-11-27 22:11:42,787 - Content already matches the target. No changes made.
2024-11-27 22:11:52,865 - Avg CPU: 0.82%, Avg Memory: 65.51%, Temp: N/A°C, Latency: 0.81 ms
2024-11-27 22:11:52,865 - Weather: Temp: -0.23°C, Humidity: 93%, Desc: overcast clouds
2024-11-27 22:11:52,865 - Apache Metrics - ReqPerSec: 7.62194, BusyWorkers: 1, IdleWorkers: 49, Cache Hits: N/A, Cache Misses: N/A
2024-11-27 22:11:52,868 - Feature Values: {'CPU Usage (%)': 0.8166666666666668, 'Memory Usage (%)': 65.51100250631531, 'CPU Temp (°C)': 0, 'Weather Temp (°C)': -0.23, 'Humidity (%)': 93, 'ReqPerSec': 7.62194, 'Average Latency (ms)': 0.8078523002421307, 'Weather Description_broken clouds': 0.0, 'Weather Description_light rain': 0.0, 'Weather Description_mist': 0.0, 'Weather Description_moderate rain': 0.0, 'Weather Description_overcast clouds': 1.0}
2024-11-27 22:11:52,870 - Anomaly Detection: Normal
2024-11-27 22:11:52,871 - Adaptation Occurred: 0, Total Adaptations: 0, Adaptation Frequency: 0
2024-11-27 22:11:52,871 - State Durations - Normal: 167.92s, Degraded: 0.00s
2024-11-27 22:11:52,874 - Content already matches the target. No changes made.
2024-11-27 22:12:02,136 - Avg CPU: 1.02%, Avg Memory: 65.54%, Temp: N/A°C, Latency: 0.81 ms
2024-11-27 22:12:02,137 - Weather: Temp: -0.23°C, Humidity: 93%, Desc: overcast clouds
2024-11-27 22:12:02,137 - Apache Metrics - ReqPerSec: 7.61224, BusyWorkers: 1, IdleWorkers: 49, Cache Hits: N/A, Cache Misses: N/A
2024-11-27 22:12:02,140 - Feature Values: {'CPU Usage (%)': 1.0166666666666668, 'Memory Usage (%)': 65.54479848815788, 'CPU Temp (°C)': 0, 'Weather Temp (°C)': -0.23, 'Humidity (%)': 93, 'ReqPerSec': 7.61224, 'Average Latency (ms)': 0.8068353510895884, 'Weather Description_broken clouds': 0.0, 'Weather Description_light rain': 0.0, 'Weather Description_mist': 0.0, 'Weather Description_moderate rain': 0.0, 'Weather Description_overcast clouds': 1.0}
2024-11-27 22:12:02,142 - Anomaly Detection: Normal
2024-11-27 22:12:02,142 - Adaptation Occurred: 0, Total Adaptations: 0, Adaptation Frequency: 0
2024-11-27 22:12:02,142 - State Durations - Normal: 177.10s, Degraded: 0.00s
2024-11-27 22:12:02,146 - Content already matches the target. No changes made.
2024-11-27 22:12:12,243 - Avg CPU: 1.00%, Avg Memory: 65.58%, Temp: N/A°C, Latency: 0.81 ms
2024-11-27 22:12:12,244 - Weather: Temp: -0.23°C, Humidity: 93%, Desc: overcast clouds
2024-11-27 22:12:12,244 - Apache Metrics - ReqPerSec: 7.60146, BusyWorkers: 1, IdleWorkers: 49, Cache Hits: N/A, Cache Misses: N/A
2024-11-27 22:12:12,248 - Feature Values: {'CPU Usage (%)': 1.0, 'Memory Usage (%)': 65.58285197161929, 'CPU Temp (°C)': 0, 'Weather Temp (°C)': -0.23, 'Humidity (%)': 93, 'ReqPerSec': 7.60146, 'Average Latency (ms)': 0.807809696969697, 'Weather Description_broken clouds': 0.0, 'Weather Description_light rain': 0.0, 'Weather Description_mist': 0.0, 'Weather Description_moderate rain': 0.0, 'Weather Description_overcast clouds': 1.0}
2024-11-27 22:12:12,249 - Anomaly Detection: Normal
2024-11-27 22:12:12,250 - Adaptation Occurred: 0, Total Adaptations: 0, Adaptation Frequency: 0
2024-11-27 22:12:12,250 - State Durations - Normal: 187.28s, Degraded: 0.00s
2024-11-27 22:12:12,254 - Content already matches the target. No changes made.
2024-11-27 22:12:22,393 - Avg CPU: 1.15%, Avg Memory: 65.63%, Temp: N/A°C, Latency: 0.79 ms
2024-11-27 22:12:22,394 - Weather: Temp: -0.23°C, Humidity: 93%, Desc: overcast clouds
2024-11-27 22:12:22,394 - Apache Metrics - ReqPerSec: 7.59072, BusyWorkers: 1, IdleWorkers: 49, Cache Hits: N/A, Cache Misses: N/A
2024-11-27 22:12:22,397 - Feature Values: {'CPU Usage (%)': 1.1500000000000001, 'Memory Usage (%)': 65.63321590549799, 'CPU Temp (°C)': 0, 'Weather Temp (°C)': -0.23, 'Humidity (%)': 93, 'ReqPerSec': 7.59072, 'Average Latency (ms)': 0.7948361650485436, 'Weather Description_broken clouds': 0.0, 'Weather Description_light rain': 0.0, 'Weather Description_mist': 0.0, 'Weather Description_moderate rain': 0.0, 'Weather Description_overcast clouds': 1.0}
2024-11-27 22:12:22,399 - Anomaly Detection: Normal
2024-11-27 22:12:22,399 - Adaptation Occurred: 0, Total Adaptations: 0, Adaptation Frequency: 0
2024-11-27 22:12:22,399 - State Durations - Normal: 197.39s, Degraded: 0.00s
2024-11-27 22:12:22,403 - Content already matches the target. No changes made.
2024-11-27 22:12:31,623 - Avg CPU: 1.12%, Avg Memory: 65.67%, Temp: N/A°C, Latency: 0.79 ms
2024-11-27 22:12:31,624 - Weather: Temp: -0.23°C, Humidity: 93%, Desc: overcast clouds
2024-11-27 22:12:31,624 - Apache Metrics - ReqPerSec: 7.58001, BusyWorkers: 1, IdleWorkers: 49, Cache Hits: N/A, Cache Misses: N/A
2024-11-27 22:12:31,628 - Feature Values: {'CPU Usage (%)': 1.1166666666666667, 'Memory Usage (%)': 65.67311760671643, 'CPU Temp (°C)': 0, 'Weather Temp (°C)': -0.23, 'Humidity (%)': 93, 'ReqPerSec': 7.58001, 'Average Latency (ms)': 0.7947411907654921, 'Weather Description_broken clouds': 0.0, 'Weather Description_light rain': 0.0, 'Weather Description_mist': 0.0, 'Weather Description_moderate rain': 0.0, 'Weather Description_overcast clouds': 1.0}
2024-11-27 22:12:31,629 - Anomaly Detection: Normal
2024-11-27 22:12:31,629 - Adaptation Occurred: 0, Total Adaptations: 0, Adaptation Frequency: 0
2024-11-27 22:12:31,630 - State Durations - Normal: 206.67s, Degraded: 0.00s
2024-11-27 22:12:31,633 - Content already matches the target. No changes made.
2024-11-27 22:12:41,780 - Avg CPU: 1.12%, Avg Memory: 65.68%, Temp: N/A°C, Latency: 0.80 ms
2024-11-27 22:12:41,780 - Weather: Temp: -0.23°C, Humidity: 93%, Desc: overcast clouds
2024-11-27 22:12:41,780 - Apache Metrics - ReqPerSec: 7.56933, BusyWorkers: 1, IdleWorkers: 49, Cache Hits: N/A, Cache Misses: N/A
2024-11-27 22:12:41,784 - Feature Values: {'CPU Usage (%)': 1.1166666666666667, 'Memory Usage (%)': 65.68192964495077, 'CPU Temp (°C)': 0, 'Weather Temp (°C)': -0.23, 'Humidity (%)': 93, 'ReqPerSec': 7.56933, 'Average Latency (ms)': 0.795551094890511, 'Weather Description_broken clouds': 0.0, 'Weather Description_light rain': 0.0, 'Weather Description_mist': 0.0, 'Weather Description_moderate rain': 0.0, 'Weather Description_overcast clouds': 1.0}
2024-11-27 22:12:41,786 - Anomaly Detection: Normal
2024-11-27 22:12:41,786 - Adaptation Occurred: 0, Total Adaptations: 0, Adaptation Frequency: 0
2024-11-27 22:12:41,786 - State Durations - Normal: 216.76s, Degraded: 0.00s
2024-11-27 22:12:41,789 - Content already matches the target. No changes made.
2024-11-27 22:12:51,884 - Avg CPU: 1.12%, Avg Memory: 65.74%, Temp: N/A°C, Latency: 0.80 ms
2024-11-27 22:12:51,884 - Weather: Temp: -0.23°C, Humidity: 93%, Desc: overcast clouds
2024-11-27 22:12:51,884 - Apache Metrics - ReqPerSec: 7.55868, BusyWorkers: 1, IdleWorkers: 49, Cache Hits: N/A, Cache Misses: N/A
2024-11-27 22:12:51,888 - Feature Values: {'CPU Usage (%)': 1.1166666666666667, 'Memory Usage (%)': 65.74229375705046, 'CPU Temp (°C)': 0, 'Weather Temp (°C)': -0.23, 'Humidity (%)': 93, 'ReqPerSec': 7.55868, 'Average Latency (ms)': 0.7957149817295981, 'Weather Description_broken clouds': 0.0, 'Weather Description_light rain': 0.0, 'Weather Description_mist': 0.0, 'Weather Description_moderate rain': 0.0, 'Weather Description_overcast clouds': 1.0}
2024-11-27 22:12:51,889 - Anomaly Detection: Normal
2024-11-27 22:12:51,889 - Adaptation Occurred: 0, Total Adaptations: 0, Adaptation Frequency: 0
2024-11-27 22:12:51,890 - State Durations - Normal: 226.93s, Degraded: 0.00s
2024-11-27 22:12:51,893 - Content already matches the target. No changes made.
2024-11-27 22:13:01,167 - Avg CPU: 1.00%, Avg Memory: 65.77%, Temp: N/A°C, Latency: 0.84 ms
2024-11-27 22:13:01,168 - Weather: Temp: -0.23°C, Humidity: 93%, Desc: overcast clouds
2024-11-27 22:13:01,168 - Apache Metrics - ReqPerSec: 7.55169, BusyWorkers: 1, IdleWorkers: 49, Cache Hits: N/A, Cache Misses: N/A
2024-11-27 22:13:01,171 - Feature Values: {'CPU Usage (%)': 1.0, 'Memory Usage (%)': 65.77117215950382, 'CPU Temp (°C)': 0, 'Weather Temp (°C)': -0.23, 'Humidity (%)': 93, 'ReqPerSec': 7.55169, 'Average Latency (ms)': 0.8392658536585366, 'Weather Description_broken clouds': 0.0, 'Weather Description_light rain': 0.0, 'Weather Description_mist': 0.0, 'Weather Description_moderate rain': 0.0, 'Weather Description_overcast clouds': 1.0}
2024-11-27 22:13:01,173 - Anomaly Detection: Normal
2024-11-27 22:13:01,173 - Adaptation Occurred: 0, Total Adaptations: 0, Adaptation Frequency: 0
2024-11-27 22:13:01,173 - State Durations - Normal: 236.22s, Degraded: 0.00s
2024-11-27 22:13:01,178 - Content already matches the target. No changes made.
2024-11-27 22:13:11,249 - Avg CPU: 1.68%, Avg Memory: 65.81%, Temp: N/A°C, Latency: 0.91 ms
2024-11-27 22:13:11,249 - Weather: Temp: -0.23°C, Humidity: 93%, Desc: overcast clouds
2024-11-27 22:13:11,250 - Apache Metrics - ReqPerSec: 7.57324, BusyWorkers: 1, IdleWorkers: 49, Cache Hits: N/A, Cache Misses: N/A
2024-11-27 22:13:11,254 - Feature Values: {'CPU Usage (%)': 1.6833333333333333, 'Memory Usage (%)': 65.81328512125299, 'CPU Temp (°C)': 0, 'Weather Temp (°C)': -0.23, 'Humidity (%)': 93, 'ReqPerSec': 7.57324, 'Average Latency (ms)': 0.9140220048899755, 'Weather Description_broken clouds': 0.0, 'Weather Description_light rain': 0.0, 'Weather Description_mist': 0.0, 'Weather Description_moderate rain': 0.0, 'Weather Description_overcast clouds': 1.0}
2024-11-27 22:13:11,256 - Anomaly Detection: Normal
2024-11-27 22:13:11,256 - Adaptation Occurred: 0, Total Adaptations: 0, Adaptation Frequency: 0
2024-11-27 22:13:11,257 - State Durations - Normal: 246.30s, Degraded: 0.00s
2024-11-27 22:13:11,261 - Content already matches the target. No changes made.
2024-11-27 22:13:21,341 - Avg CPU: 2.58%, Avg Memory: 65.85%, Temp: N/A°C, Latency: 0.90 ms
2024-11-27 22:13:21,341 - Weather: Temp: -0.23°C, Humidity: 93%, Desc: overcast clouds
2024-11-27 22:13:21,342 - Apache Metrics - ReqPerSec: 7.62482, BusyWorkers: 1, IdleWorkers: 49, Cache Hits: N/A, Cache Misses: N/A
2024-11-27 22:13:21,349 - Feature Values: {'CPU Usage (%)': 2.5833333333333335, 'Memory Usage (%)': 65.84958939862294, 'CPU Temp (°C)': 0, 'Weather Temp (°C)': -0.23, 'Humidity (%)': 93, 'ReqPerSec': 7.62482, 'Average Latency (ms)': 0.8980562347188265, 'Weather Description_broken clouds': 0.0, 'Weather Description_light rain': 0.0, 'Weather Description_mist': 0.0, 'Weather Description_moderate rain': 0.0, 'Weather Description_overcast clouds': 1.0}
2024-11-27 22:13:21,352 - Anomaly Detection: Normal
2024-11-27 22:13:21,352 - Adaptation Occurred: 0, Total Adaptations: 0, Adaptation Frequency: 0
2024-11-27 22:13:21,352 - State Durations - Normal: 256.39s, Degraded: 0.00s
2024-11-27 22:13:21,356 - Content already matches the target. No changes made.
2024-11-27 22:13:31,459 - Avg CPU: 4.22%, Avg Memory: 65.91%, Temp: N/A°C, Latency: 0.74 ms
2024-11-27 22:13:31,478 - Weather: Temp: -0.23°C, Humidity: 93%, Desc: overcast clouds
2024-11-27 22:13:31,589 - Apache Metrics - ReqPerSec: 7.68335, BusyWorkers: 1, IdleWorkers: 49, Cache Hits: N/A, Cache Misses: N/A
2024-11-27 22:13:31,735 - Feature Values: {'CPU Usage (%)': 4.216666666666667, 'Memory Usage (%)': 65.91084461571262, 'CPU Temp (°C)': 0, 'Weather Temp (°C)': -0.23, 'Humidity (%)': 93, 'ReqPerSec': 7.68335, 'Average Latency (ms)': 0.736863, 'Weather Description_broken clouds': 0.0, 'Weather Description_light rain': 0.0, 'Weather Description_mist': 0.0, 'Weather Description_moderate rain': 0.0, 'Weather Description_overcast clouds': 1.0}
2024-11-27 22:13:31,812 - Anomaly Detection: Normal
2024-11-27 22:13:31,851 - Adaptation Occurred: 0, Total Adaptations: 0, Adaptation Frequency: 0
2024-11-27 22:13:31,957 - State Durations - Normal: 266.48s, Degraded: 0.00s
2024-11-27 22:13:32,298 - Content already matches the target. No changes made.
2024-11-27 22:13:41,787 - Avg CPU: 6.12%, Avg Memory: 66.04%, Temp: N/A°C, Latency: 0.72 ms
2024-11-27 22:13:41,877 - Weather: Temp: -0.23°C, Humidity: 93%, Desc: overcast clouds
2024-11-27 22:13:42,136 - Apache Metrics - ReqPerSec: 7.74855, BusyWorkers: 1, IdleWorkers: 49, Cache Hits: N/A, Cache Misses: N/A
2024-11-27 22:13:42,344 - Feature Values: {'CPU Usage (%)': 6.116666666666667, 'Memory Usage (%)': 66.04127598313633, 'CPU Temp (°C)': 0, 'Weather Temp (°C)': -0.23, 'Humidity (%)': 93, 'ReqPerSec': 7.74855, 'Average Latency (ms)': 0.718291, 'Weather Description_broken clouds': 0.0, 'Weather Description_light rain': 0.0, 'Weather Description_mist': 0.0, 'Weather Description_moderate rain': 0.0, 'Weather Description_overcast clouds': 1.0}
2024-11-27 22:13:42,540 - Anomaly Detection: Normal
2024-11-27 22:13:42,747 - Adaptation Occurred: 0, Total Adaptations: 0, Adaptation Frequency: 0
2024-11-27 22:13:42,831 - State Durations - Normal: 276.65s, Degraded: 0.00s
2024-11-27 22:13:43,488 - Content already matches the target. No changes made.
2024-11-27 22:13:54,777 - Avg CPU: 7.67%, Avg Memory: 66.21%, Temp: N/A°C, Latency: 0.72 ms
2024-11-27 22:13:54,954 - Weather: Temp: -0.23°C, Humidity: 93%, Desc: overcast clouds
2024-11-27 22:13:55,028 - Apache Metrics - ReqPerSec: 7.81993, BusyWorkers: 1, IdleWorkers: 49, Cache Hits: N/A, Cache Misses: N/A
2024-11-27 22:13:55,162 - Feature Values: {'CPU Usage (%)': 7.666666666666667, 'Memory Usage (%)': 66.21319323842734, 'CPU Temp (°C)': 0, 'Weather Temp (°C)': -0.23, 'Humidity (%)': 93, 'ReqPerSec': 7.81993, 'Average Latency (ms)': 0.724844, 'Weather Description_broken clouds': 0.0, 'Weather Description_light rain': 0.0, 'Weather Description_mist': 0.0, 'Weather Description_moderate rain': 0.0, 'Weather Description_overcast clouds': 1.0}
2024-11-27 22:13:55,255 - Anomaly Detection: Normal
2024-11-27 22:13:55,359 - Adaptation Occurred: 0, Total Adaptations: 0, Adaptation Frequency: 0
2024-11-27 22:13:55,649 - State Durations - Normal: 288.74s, Degraded: 0.00s
2024-11-27 22:13:56,836 - Content already matches the target. No changes made.
2024-11-27 22:14:06,430 - Avg CPU: 9.33%, Avg Memory: 66.36%, Temp: N/A°C, Latency: 0.72 ms
2024-11-27 22:14:06,754 - Weather: Temp: -0.23°C, Humidity: 93%, Desc: overcast clouds
2024-11-27 22:14:07,018 - Apache Metrics - ReqPerSec: 7.89445, BusyWorkers: 1, IdleWorkers: 49, Cache Hits: N/A, Cache Misses: N/A
2024-11-27 22:14:07,147 - Feature Values: {'CPU Usage (%)': 9.333333333333334, 'Memory Usage (%)': 66.35613307959945, 'CPU Temp (°C)': 0, 'Weather Temp (°C)': -0.23, 'Humidity (%)': 93, 'ReqPerSec': 7.89445, 'Average Latency (ms)': 0.716478, 'Weather Description_broken clouds': 0.0, 'Weather Description_light rain': 0.0, 'Weather Description_mist': 0.0, 'Weather Description_moderate rain': 0.0, 'Weather Description_overcast clouds': 1.0}
2024-11-27 22:14:07,452 - Anomaly Detection: Normal
2024-11-27 22:14:07,701 - Adaptation Occurred: 0, Total Adaptations: 0, Adaptation Frequency: 0
2024-11-27 22:14:07,822 - State Durations - Normal: 301.33s, Degraded: 0.00s
2024-11-27 22:14:09,666 - Content already matches the target. No changes made.
2024-11-27 22:14:20,178 - Avg CPU: 10.33%, Avg Memory: 66.49%, Temp: N/A°C, Latency: 0.72 ms
2024-11-27 22:14:20,455 - Weather: Temp: -0.23°C, Humidity: 93%, Desc: overcast clouds
2024-11-27 22:14:20,916 - Apache Metrics - ReqPerSec: 7.97184, BusyWorkers: 1, IdleWorkers: 49, Cache Hits: N/A, Cache Misses: N/A
2024-11-27 22:14:21,404 - Feature Values: {'CPU Usage (%)': 10.333333333333334, 'Memory Usage (%)': 66.49498043859528, 'CPU Temp (°C)': 0, 'Weather Temp (°C)': -0.23, 'Humidity (%)': 93, 'ReqPerSec': 7.97184, 'Average Latency (ms)': 0.719249, 'Weather Description_broken clouds': 0.0, 'Weather Description_light rain': 0.0, 'Weather Description_mist': 0.0, 'Weather Description_moderate rain': 0.0, 'Weather Description_overcast clouds': 1.0}
2024-11-27 22:14:21,829 - Anomaly Detection: Normal
2024-11-27 22:14:21,989 - Adaptation Occurred: 0, Total Adaptations: 0, Adaptation Frequency: 0
2024-11-27 22:14:22,457 - State Durations - Normal: 315.01s, Degraded: 0.00s
2024-11-27 22:14:24,293 - Content already matches the target. No changes made.
2024-11-27 22:14:35,432 - Avg CPU: 15.72%, Avg Memory: 66.75%, Temp: N/A°C, Latency: 20.81 ms
2024-11-27 22:14:34,748 - Weather: Temp: -0.23°C, Humidity: 93%, Desc: overcast clouds
2024-11-27 22:14:34,772 - Apache Metrics - ReqPerSec: 8.04526, BusyWorkers: 2, IdleWorkers: 48, Cache Hits: N/A, Cache Misses: N/A
2024-11-27 22:14:34,786 - Feature Values: {'CPU Usage (%)': 15.716666666666667, 'Memory Usage (%)': 66.74755919742465, 'CPU Temp (°C)': 0, 'Weather Temp (°C)': -0.23, 'Humidity (%)': 93, 'ReqPerSec': 8.04526, 'Average Latency (ms)': 20.806803, 'Weather Description_broken clouds': 0.0, 'Weather Description_light rain': 0.0, 'Weather Description_mist': 0.0, 'Weather Description_moderate rain': 0.0, 'Weather Description_overcast clouds': 1.0}
2024-11-27 22:14:34,849 - Anomaly Detection: Normal
2024-11-27 22:14:34,854 - Adaptation Occurred: 0, Total Adaptations: 0, Adaptation Frequency: 0
2024-11-27 22:14:34,870 - State Durations - Normal: 329.46s, Degraded: 0.00s
2024-11-27 22:14:36,411 - Content already matches the target. No changes made.
2024-11-27 22:14:47,250 - Avg CPU: 16.15%, Avg Memory: 66.79%, Temp: N/A°C, Latency: 18.33 ms
2024-11-27 22:14:47,964 - Weather: Temp: -0.23°C, Humidity: 93%, Desc: overcast clouds
2024-11-27 22:14:48,319 - Apache Metrics - ReqPerSec: 8.1271, BusyWorkers: 1, IdleWorkers: 49, Cache Hits: N/A, Cache Misses: N/A
2024-11-27 22:14:48,688 - Feature Values: {'CPU Usage (%)': 16.15, 'Memory Usage (%)': 66.78752690642011, 'CPU Temp (°C)': 0, 'Weather Temp (°C)': -0.23, 'Humidity (%)': 93, 'ReqPerSec': 8.1271, 'Average Latency (ms)': 18.33161, 'Weather Description_broken clouds': 0.0, 'Weather Description_light rain': 0.0, 'Weather Description_mist': 0.0, 'Weather Description_moderate rain': 0.0, 'Weather Description_overcast clouds': 1.0}
2024-11-27 22:14:49,233 - Anomaly Detection: Normal
2024-11-27 22:14:49,792 - Adaptation Occurred: 0, Total Adaptations: 0, Adaptation Frequency: 0
2024-11-27 22:14:50,070 - State Durations - Normal: 341.99s, Degraded: 0.00s
2024-11-27 22:14:53,420 - Content already matches the target. No changes made.
2024-11-27 22:15:04,855 - Avg CPU: 16.78%, Avg Memory: 66.86%, Temp: N/A°C, Latency: 2.02 ms
2024-11-27 22:15:05,232 - Weather: Temp: -0.23°C, Humidity: 93%, Desc: overcast clouds
2024-11-27 22:15:05,673 - Apache Metrics - ReqPerSec: 8.22547, BusyWorkers: 1, IdleWorkers: 49, Cache Hits: N/A, Cache Misses: N/A
2024-11-27 22:15:06,143 - Feature Values: {'CPU Usage (%)': 16.78333333333333, 'Memory Usage (%)': 66.86162063614334, 'CPU Temp (°C)': 0, 'Weather Temp (°C)': -0.23, 'Humidity (%)': 93, 'ReqPerSec': 8.22547, 'Average Latency (ms)': 2.020028, 'Weather Description_broken clouds': 0.0, 'Weather Description_light rain': 0.0, 'Weather Description_mist': 0.0, 'Weather Description_moderate rain': 0.0, 'Weather Description_overcast clouds': 1.0}
2024-11-27 22:15:06,660 - Anomaly Detection: Normal
2024-11-27 22:15:06,390 - Adaptation Occurred: 0, Total Adaptations: 0, Adaptation Frequency: 0
2024-11-27 22:15:07,312 - State Durations - Normal: 359.27s, Degraded: 0.00s
2024-11-27 22:15:11,004 - Content already matches the target. No changes made.
2024-11-27 22:15:26,487 - Error fetching Apache metrics: HTTPConnectionPool(host='localhost', port=80): Read timed out. (read timeout=5)
2024-11-27 22:15:27,213 - Avg CPU: 17.32%, Avg Memory: 66.88%, Temp: N/A°C, Latency: 6.45 ms
2024-11-27 22:15:27,733 - Weather: Temp: -0.23°C, Humidity: 93%, Desc: overcast clouds
2024-11-27 22:15:28,420 - Apache Metrics - ReqPerSec: N/A, BusyWorkers: N/A, IdleWorkers: N/A, Cache Hits: N/A, Cache Misses: N/A
2024-11-27 22:15:28,943 - Feature Values: {'CPU Usage (%)': 17.316666666666666, 'Memory Usage (%)': 66.88294114812606, 'CPU Temp (°C)': 0, 'Weather Temp (°C)': -0.23, 'Humidity (%)': 93, 'ReqPerSec': 0, 'Average Latency (ms)': 6.449428, 'Weather Description_broken clouds': 0.0, 'Weather Description_light rain': 0.0, 'Weather Description_mist': 0.0, 'Weather Description_moderate rain': 0.0, 'Weather Description_overcast clouds': 1.0}
2024-11-27 22:15:29,412 - Anomaly Detection: Normal
2024-11-27 22:15:29,591 - Adaptation Occurred: 0, Total Adaptations: 0, Adaptation Frequency: 0
2024-11-27 22:15:29,821 - State Durations - Normal: 376.14s, Degraded: 0.00s
2024-11-27 22:15:30,957 - Content already matches the target. No changes made.
2024-11-27 22:15:41,518 - Avg CPU: 18.92%, Avg Memory: 67.02%, Temp: N/A°C, Latency: 7.51 ms
2024-11-27 22:15:42,327 - Weather: Temp: -0.23°C, Humidity: 93%, Desc: overcast clouds
2024-11-27 22:15:43,120 - Apache Metrics - ReqPerSec: 8.42927, BusyWorkers: 1, IdleWorkers: 74, Cache Hits: N/A, Cache Misses: N/A
2024-11-27 22:15:44,243 - Feature Values: {'CPU Usage (%)': 18.916666666666668, 'Memory Usage (%)': 67.01914819604045, 'CPU Temp (°C)': 0, 'Weather Temp (°C)': -0.23, 'Humidity (%)': 93, 'ReqPerSec': 8.42927, 'Average Latency (ms)': 7.50709, 'Weather Description_broken clouds': 0.0, 'Weather Description_light rain': 0.0, 'Weather Description_mist': 0.0, 'Weather Description_moderate rain': 0.0, 'Weather Description_overcast clouds': 1.0}
2024-11-27 22:15:45,213 - Anomaly Detection: Normal
2024-11-27 22:15:46,085 - Adaptation Occurred: 0, Total Adaptations: 0, Adaptation Frequency: 0
2024-11-27 22:15:46,182 - State Durations - Normal: 395.49s, Degraded: 0.00s
2024-11-27 22:15:50,696 - Content already matches the target. No changes made.
2024-11-27 22:16:01,473 - Avg CPU: 19.02%, Avg Memory: 67.15%, Temp: N/A°C, Latency: 1.14 ms
2024-11-27 22:16:01,473 - Weather: Temp: -0.23°C, Humidity: 93%, Desc: overcast clouds
2024-11-27 22:16:01,475 - Apache Metrics - ReqPerSec: 8.52249, BusyWorkers: 1, IdleWorkers: 74, Cache Hits: N/A, Cache Misses: N/A
2024-11-27 22:16:01,486 - Feature Values: {'CPU Usage (%)': 19.016666666666666, 'Memory Usage (%)': 67.14977758679528, 'CPU Temp (°C)': 0, 'Weather Temp (°C)': -0.23, 'Humidity (%)': 93, 'ReqPerSec': 8.52249, 'Average Latency (ms)': 1.138591, 'Weather Description_broken clouds': 0.0, 'Weather Description_light rain': 0.0, 'Weather Description_mist': 0.0, 'Weather Description_moderate rain': 0.0, 'Weather Description_overcast clouds': 1.0}
2024-11-27 22:16:01,494 - Anomaly Detection: Normal
2024-11-27 22:16:01,499 - Adaptation Occurred: 0, Total Adaptations: 0, Adaptation Frequency: 0
2024-11-27 22:16:01,507 - State Durations - Normal: 416.45s, Degraded: 0.00s
2024-11-27 22:16:01,520 - Content already matches the target. No changes made.
2024-11-27 22:16:11,320 - Avg CPU: 13.38%, Avg Memory: 67.17%, Temp: N/A°C, Latency: 1.60 ms
2024-11-27 22:16:12,024 - Weather: Temp: -0.23°C, Humidity: 93%, Desc: overcast clouds
2024-11-27 22:16:13,363 - Apache Metrics - ReqPerSec: 8.56434, BusyWorkers: 1, IdleWorkers: 74, Cache Hits: N/A, Cache Misses: N/A
2024-11-27 22:16:13,729 - Feature Values: {'CPU Usage (%)': 13.383333333333333, 'Memory Usage (%)': 67.17205521154501, 'CPU Temp (°C)': 0, 'Weather Temp (°C)': -0.23, 'Humidity (%)': 93, 'ReqPerSec': 8.56434, 'Average Latency (ms)': 1.596816, 'Weather Description_broken clouds': 0.0, 'Weather Description_light rain': 0.0, 'Weather Description_mist': 0.0, 'Weather Description_moderate rain': 0.0, 'Weather Description_overcast clouds': 1.0}
2024-11-27 22:16:13,902 - Anomaly Detection: Normal
2024-11-27 22:16:13,915 - Adaptation Occurred: 0, Total Adaptations: 0, Adaptation Frequency: 0
2024-11-27 22:16:13,937 - State Durations - Normal: 425.81s, Degraded: 0.00s
2024-11-27 22:16:19,018 - Content already matches the target. No changes made.
2024-11-27 22:16:30,729 - Avg CPU: 13.50%, Avg Memory: 67.38%, Temp: N/A°C, Latency: 1.68 ms
2024-11-27 22:16:31,458 - Weather: Temp: -0.23°C, Humidity: 93%, Desc: overcast clouds
2024-11-27 22:16:31,848 - Apache Metrics - ReqPerSec: 8.64339, BusyWorkers: 1, IdleWorkers: 74, Cache Hits: N/A, Cache Misses: N/A
2024-11-27 22:16:32,538 - Feature Values: {'CPU Usage (%)': 13.499999999999998, 'Memory Usage (%)': 67.38106883753044, 'CPU Temp (°C)': 0, 'Weather Temp (°C)': -0.23, 'Humidity (%)': 93, 'ReqPerSec': 8.64339, 'Average Latency (ms)': 1.6796289999999998, 'Weather Description_broken clouds': 0.0, 'Weather Description_light rain': 0.0, 'Weather Description_mist': 0.0, 'Weather Description_moderate rain': 0.0, 'Weather Description_overcast clouds': 1.0}
2024-11-27 22:16:33,799 - Anomaly Detection: Normal
2024-11-27 22:16:35,213 - Adaptation Occurred: 0, Total Adaptations: 0, Adaptation Frequency: 0
2024-11-27 22:16:36,041 - State Durations - Normal: 445.35s, Degraded: 0.00s
2024-11-27 22:16:40,683 - Content already matches the target. No changes made.
2024-11-27 22:16:51,382 - Avg CPU: 13.82%, Avg Memory: 67.66%, Temp: N/A°C, Latency: 16.09 ms
2024-11-27 22:16:51,383 - Weather: Temp: -0.23°C, Humidity: 93%, Desc: overcast clouds
2024-11-27 22:16:51,383 - Apache Metrics - ReqPerSec: 8.74807, BusyWorkers: 1, IdleWorkers: 74, Cache Hits: N/A, Cache Misses: N/A
2024-11-27 22:16:51,393 - Feature Values: {'CPU Usage (%)': 13.816666666666668, 'Memory Usage (%)': 67.65503411611957, 'CPU Temp (°C)': 0, 'Weather Temp (°C)': -0.23, 'Humidity (%)': 93, 'ReqPerSec': 8.74807, 'Average Latency (ms)': 16.089705, 'Weather Description_broken clouds': 0.0, 'Weather Description_light rain': 0.0, 'Weather Description_mist': 0.0, 'Weather Description_moderate rain': 0.0, 'Weather Description_overcast clouds': 1.0}
2024-11-27 22:16:51,396 - Anomaly Detection: Normal
2024-11-27 22:16:51,403 - Adaptation Occurred: 0, Total Adaptations: 0, Adaptation Frequency: 0
2024-11-27 22:16:51,404 - State Durations - Normal: 466.42s, Degraded: 0.00s
2024-11-27 22:16:51,410 - Content already matches the target. No changes made.
2024-11-27 22:17:01,509 - Avg CPU: 12.98%, Avg Memory: 67.74%, Temp: N/A°C, Latency: 16.20 ms
2024-11-27 22:17:01,540 - Weather: Temp: -0.23°C, Humidity: 93%, Desc: overcast clouds
2024-11-27 22:17:01,569 - Apache Metrics - ReqPerSec: 8.77499, BusyWorkers: 1, IdleWorkers: 74, Cache Hits: N/A, Cache Misses: N/A
2024-11-27 22:17:01,579 - Feature Values: {'CPU Usage (%)': 12.983333333333333, 'Memory Usage (%)': 67.73770885685751, 'CPU Temp (°C)': 0, 'Weather Temp (°C)': -0.23, 'Humidity (%)': 93, 'ReqPerSec': 8.77499, 'Average Latency (ms)': 16.200236999999998, 'Weather Description_broken clouds': 0.0, 'Weather Description_light rain': 0.0, 'Weather Description_mist': 0.0, 'Weather Description_moderate rain': 0.0, 'Weather Description_overcast clouds': 1.0}
2024-11-27 22:17:01,588 - Anomaly Detection: Normal
2024-11-27 22:17:01,589 - Adaptation Occurred: 0, Total Adaptations: 0, Adaptation Frequency: 0
2024-11-27 22:17:01,592 - State Durations - Normal: 476.54s, Degraded: 0.00s
2024-11-27 22:17:01,601 - Content already matches the target. No changes made.
2024-11-27 22:17:12,274 - Avg CPU: 10.45%, Avg Memory: 67.74%, Temp: N/A°C, Latency: 4.46 ms
2024-11-27 22:17:12,461 - Weather: Temp: -0.23°C, Humidity: 93%, Desc: overcast clouds
2024-11-27 22:17:13,612 - Apache Metrics - ReqPerSec: 8.79197, BusyWorkers: 1, IdleWorkers: 74, Cache Hits: N/A, Cache Misses: N/A
2024-11-27 22:17:14,421 - Feature Values: {'CPU Usage (%)': 10.450000000000001, 'Memory Usage (%)': 67.7393260473949, 'CPU Temp (°C)': 0, 'Weather Temp (°C)': -0.23, 'Humidity (%)': 93, 'ReqPerSec': 8.79197, 'Average Latency (ms)': 4.461156, 'Weather Description_broken clouds': 0.0, 'Weather Description_light rain': 0.0, 'Weather Description_mist': 0.0, 'Weather Description_moderate rain': 0.0, 'Weather Description_overcast clouds': 1.0}
2024-11-27 22:17:14,858 - Anomaly Detection: Normal
2024-11-27 22:17:15,063 - Adaptation Occurred: 0, Total Adaptations: 0, Adaptation Frequency: 0
2024-11-27 22:17:15,285 - State Durations - Normal: 486.73s, Degraded: 0.00s
2024-11-27 22:17:15,777 - Content already matches the target. No changes made.
2024-11-27 22:17:26,182 - Avg CPU: 11.27%, Avg Memory: 68.03%, Temp: N/A°C, Latency: 1.96 ms
2024-11-27 22:17:26,185 - Weather: Temp: -0.23°C, Humidity: 93%, Desc: overcast clouds
2024-11-27 22:17:26,186 - Apache Metrics - ReqPerSec: 8.87059, BusyWorkers: 1, IdleWorkers: 74, Cache Hits: N/A, Cache Misses: N/A
2024-11-27 22:17:26,195 - Feature Values: {'CPU Usage (%)': 11.266666666666666, 'Memory Usage (%)': 68.03005730135125, 'CPU Temp (°C)': 0, 'Weather Temp (°C)': -0.23, 'Humidity (%)': 93, 'ReqPerSec': 8.87059, 'Average Latency (ms)': 1.956165, 'Weather Description_broken clouds': 0.0, 'Weather Description_light rain': 0.0, 'Weather Description_mist': 0.0, 'Weather Description_moderate rain': 0.0, 'Weather Description_overcast clouds': 1.0}
2024-11-27 22:17:26,200 - Anomaly Detection: Normal
2024-11-27 22:17:26,215 - Adaptation Occurred: 0, Total Adaptations: 0, Adaptation Frequency: 0
2024-11-27 22:17:26,215 - State Durations - Normal: 501.14s, Degraded: 0.00s
2024-11-27 22:17:26,223 - Content already matches the target. No changes made.
2024-11-27 22:17:36,325 - Avg CPU: 11.80%, Avg Memory: 68.22%, Temp: N/A°C, Latency: 2.04 ms
2024-11-27 22:17:36,326 - Weather: Temp: -0.23°C, Humidity: 93%, Desc: overcast clouds
2024-11-27 22:17:36,326 - Apache Metrics - ReqPerSec: 8.90147, BusyWorkers: 1, IdleWorkers: 74, Cache Hits: N/A, Cache Misses: N/A
2024-11-27 22:17:36,340 - Feature Values: {'CPU Usage (%)': 11.800000000000002, 'Memory Usage (%)': 68.22468123194274, 'CPU Temp (°C)': 0, 'Weather Temp (°C)': -0.23, 'Humidity (%)': 93, 'ReqPerSec': 8.90147, 'Average Latency (ms)': 2.039114, 'Weather Description_broken clouds': 0.0, 'Weather Description_light rain': 0.0, 'Weather Description_mist': 0.0, 'Weather Description_moderate rain': 0.0, 'Weather Description_overcast clouds': 1.0}
2024-11-27 22:17:36,343 - Anomaly Detection: Normal
2024-11-27 22:17:36,343 - Adaptation Occurred: 0, Total Adaptations: 0, Adaptation Frequency: 0
2024-11-27 22:17:36,344 - State Durations - Normal: 511.36s, Degraded: 0.00s
2024-11-27 22:17:36,360 - Content already matches the target. No changes made.
2024-11-27 22:17:46,023 - Avg CPU: 10.70%, Avg Memory: 68.29%, Temp: N/A°C, Latency: 1.06 ms
2024-11-27 22:17:46,758 - Weather: Temp: -0.23°C, Humidity: 93%, Desc: overcast clouds
2024-11-27 22:17:47,732 - Apache Metrics - ReqPerSec: 8.92377, BusyWorkers: 1, IdleWorkers: 74, Cache Hits: N/A, Cache Misses: N/A
2024-11-27 22:17:48,441 - Feature Values: {'CPU Usage (%)': 10.699999999999998, 'Memory Usage (%)': 68.28768565512388, 'CPU Temp (°C)': 0, 'Weather Temp (°C)': -0.23, 'Humidity (%)': 93, 'ReqPerSec': 8.92377, 'Average Latency (ms)': 1.055617, 'Weather Description_broken clouds': 0.0, 'Weather Description_light rain': 0.0, 'Weather Description_mist': 0.0, 'Weather Description_moderate rain': 0.0, 'Weather Description_overcast clouds': 1.0}
2024-11-27 22:17:49,993 - Anomaly Detection: Normal
2024-11-27 22:17:51,888 - Adaptation Occurred: 0, Total Adaptations: 0, Adaptation Frequency: 0
2024-11-27 22:17:52,564 - State Durations - Normal: 520.64s, Degraded: 0.00s
2024-11-27 22:17:55,994 - Content already matches the target. No changes made.
2024-11-27 22:18:07,412 - Avg CPU: 10.23%, Avg Memory: 68.02%, Temp: N/A°C, Latency: 8.02 ms
2024-11-27 22:18:08,137 - Weather: Temp: -0.23°C, Humidity: 93%, Desc: overcast clouds
2024-11-27 22:18:09,000 - Apache Metrics - ReqPerSec: 9.0045, BusyWorkers: 1, IdleWorkers: 74, Cache Hits: N/A, Cache Misses: N/A
2024-11-27 22:18:09,496 - Feature Values: {'CPU Usage (%)': 10.233333333333334, 'Memory Usage (%)': 68.01702076538658, 'CPU Temp (°C)': 0, 'Weather Temp (°C)': -0.23, 'Humidity (%)': 93, 'ReqPerSec': 9.0045, 'Average Latency (ms)': 8.018121, 'Weather Description_broken clouds': 0.0, 'Weather Description_light rain': 0.0, 'Weather Description_mist': 0.0, 'Weather Description_moderate rain': 0.0, 'Weather Description_overcast clouds': 1.0}
2024-11-27 22:18:10,516 - Anomaly Detection: Normal
2024-11-27 22:18:11,851 - Adaptation Occurred: 0, Total Adaptations: 0, Adaptation Frequency: 0
2024-11-27 22:18:11,929 - State Durations - Normal: 541.47s, Degraded: 0.00s
2024-11-27 22:18:11,990 - Content already matches the target. No changes made.
2024-11-27 22:18:21,367 - Avg CPU: 12.63%, Avg Memory: 68.05%, Temp: N/A°C, Latency: -4.40 ms
2024-11-27 22:18:21,451 - Weather: Temp: -0.23°C, Humidity: 93%, Desc: overcast clouds
2024-11-27 22:18:21,572 - Apache Metrics - ReqPerSec: 9.05421, BusyWorkers: 1, IdleWorkers: 74, Cache Hits: N/A, Cache Misses: N/A
2024-11-27 22:18:21,721 - Feature Values: {'CPU Usage (%)': 12.633333333333335, 'Memory Usage (%)': 68.05104777444878, 'CPU Temp (°C)': 0, 'Weather Temp (°C)': -0.23, 'Humidity (%)': 93, 'ReqPerSec': 9.05421, 'Average Latency (ms)': -4.402138, 'Weather Description_broken clouds': 0.0, 'Weather Description_light rain': 0.0, 'Weather Description_mist': 0.0, 'Weather Description_moderate rain': 0.0, 'Weather Description_overcast clouds': 1.0}
2024-11-27 22:18:21,845 - Anomaly Detection: Normal
2024-11-27 22:18:22,026 - Adaptation Occurred: 0, Total Adaptations: 0, Adaptation Frequency: 0
2024-11-27 22:18:22,085 - State Durations - Normal: 556.14s, Degraded: 0.00s
2024-11-27 22:18:22,136 - Content already matches the target. No changes made.
2024-11-27 22:18:32,303 - Avg CPU: 14.72%, Avg Memory: 67.97%, Temp: N/A°C, Latency: -8.79 ms
2024-11-27 22:18:32,360 - Weather: Temp: -0.23°C, Humidity: 93%, Desc: overcast clouds
2024-11-27 22:18:32,434 - Apache Metrics - ReqPerSec: 9.09873, BusyWorkers: 1, IdleWorkers: 74, Cache Hits: N/A, Cache Misses: N/A
2024-11-27 22:18:32,472 - Feature Values: {'CPU Usage (%)': 14.716666666666669, 'Memory Usage (%)': 67.97365365587372, 'CPU Temp (°C)': 0, 'Weather Temp (°C)': -0.23, 'Humidity (%)': 93, 'ReqPerSec': 9.09873, 'Average Latency (ms)': -8.786281, 'Weather Description_broken clouds': 0.0, 'Weather Description_light rain': 0.0, 'Weather Description_mist': 0.0, 'Weather Description_moderate rain': 0.0, 'Weather Description_overcast clouds': 1.0}
2024-11-27 22:18:32,612 - Anomaly Detection: Normal
2024-11-27 22:18:32,979 - Adaptation Occurred: 0, Total Adaptations: 0, Adaptation Frequency: 0
2024-11-27 22:18:33,100 - State Durations - Normal: 567.26s, Degraded: 0.00s
2024-11-27 22:18:36,193 - Content already matches the target. No changes made.
2024-11-27 22:18:48,912 - Avg CPU: 13.68%, Avg Memory: 67.67%, Temp: N/A°C, Latency: 2.63 ms
2024-11-27 22:18:48,927 - Weather: Temp: -0.23°C, Humidity: 93%, Desc: overcast clouds
2024-11-27 22:18:48,969 - Apache Metrics - ReqPerSec: 9.154, BusyWorkers: 7, IdleWorkers: 68, Cache Hits: N/A, Cache Misses: N/A
2024-11-27 22:18:49,115 - Feature Values: {'CPU Usage (%)': 13.683333333333332, 'Memory Usage (%)': 67.67404435590602, 'CPU Temp (°C)': 0, 'Weather Temp (°C)': -0.23, 'Humidity (%)': 93, 'ReqPerSec': 9.154, 'Average Latency (ms)': 2.633917, 'Weather Description_broken clouds': 0.0, 'Weather Description_light rain': 0.0, 'Weather Description_mist': 0.0, 'Weather Description_moderate rain': 0.0, 'Weather Description_overcast clouds': 1.0}
2024-11-27 22:18:49,163 - Anomaly Detection: Normal
2024-11-27 22:18:49,214 - Adaptation Occurred: 0, Total Adaptations: 0, Adaptation Frequency: 0
2024-11-27 22:18:49,364 - State Durations - Normal: 581.84s, Degraded: 0.00s
2024-11-27 22:18:49,837 - Content already matches the target. No changes made.
2024-11-27 22:19:04,473 - Avg CPU: 18.32%, Avg Memory: 67.83%, Temp: N/A°C, Latency: 8.71 ms
2024-11-27 22:19:03,482 - Weather: Temp: 0.27°C, Humidity: 98%, Desc: overcast clouds
2024-11-27 22:19:03,882 - Apache Metrics - ReqPerSec: 9.26892, BusyWorkers: 13, IdleWorkers: 62, Cache Hits: N/A, Cache Misses: N/A
2024-11-27 22:19:03,976 - Feature Values: {'CPU Usage (%)': 18.316666666666666, 'Memory Usage (%)': 67.82556520809283, 'CPU Temp (°C)': 0, 'Weather Temp (°C)': 0.27, 'Humidity (%)': 98, 'ReqPerSec': 9.26892, 'Average Latency (ms)': 8.714274999999999, 'Weather Description_broken clouds': 0.0, 'Weather Description_light rain': 0.0, 'Weather Description_mist': 0.0, 'Weather Description_moderate rain': 0.0, 'Weather Description_overcast clouds': 1.0}
2024-11-27 22:19:04,306 - Anomaly Detection: Normal
2024-11-27 22:19:04,311 - Adaptation Occurred: 0, Total Adaptations: 0, Adaptation Frequency: 0
2024-11-27 22:19:04,375 - State Durations - Normal: 595.03s, Degraded: 0.00s
2024-11-27 22:19:04,749 - Content already matches the target. No changes made.
2024-11-27 22:19:15,118 - Avg CPU: 23.58%, Avg Memory: 68.11%, Temp: N/A°C, Latency: 40.88 ms
2024-11-27 22:19:15,333 - Weather: Temp: 0.27°C, Humidity: 98%, Desc: overcast clouds
2024-11-27 22:19:15,336 - Apache Metrics - ReqPerSec: 9.34843, BusyWorkers: 1, IdleWorkers: 74, Cache Hits: N/A, Cache Misses: N/A
2024-11-27 22:19:15,350 - Feature Values: {'CPU Usage (%)': 23.583333333333332, 'Memory Usage (%)': 68.11395318596438, 'CPU Temp (°C)': 0, 'Weather Temp (°C)': 0.27, 'Humidity (%)': 98, 'ReqPerSec': 9.34843, 'Average Latency (ms)': 40.877153, 'Weather Description_broken clouds': 0.0, 'Weather Description_light rain': 0.0, 'Weather Description_mist': 0.0, 'Weather Description_moderate rain': 0.0, 'Weather Description_overcast clouds': 1.0}
2024-11-27 22:19:15,386 - Anomaly Detection: Anomaly
2024-11-27 22:19:15,388 - Anomaly detected. Adjusting CPU Threshold Upper to 85%, Memory Threshold Upper to 85%
2024-11-27 22:19:15,482 - Adaptation Occurred: 1, Total Adaptations: 1, Adaptation Frequency: 1
2024-11-27 22:19:15,517 - State Durations - Normal: 610.00s, Degraded: 0.00s
2024-11-27 22:19:15,756 - Content switched to high_load.html
2024-11-27 22:19:26,652 - Avg CPU: 25.75%, Avg Memory: 69.48%, Temp: N/A°C, Latency: 28.21 ms
2024-11-27 22:19:26,652 - Weather: Temp: 0.27°C, Humidity: 98%, Desc: overcast clouds
2024-11-27 22:19:26,653 - Apache Metrics - ReqPerSec: 9.40894, BusyWorkers: 1, IdleWorkers: 74, Cache Hits: N/A, Cache Misses: N/A
2024-11-27 22:19:26,660 - Feature Values: {'CPU Usage (%)': 25.75, 'Memory Usage (%)': 69.47750884009155, 'CPU Temp (°C)': 0, 'Weather Temp (°C)': 0.27, 'Humidity (%)': 98, 'ReqPerSec': 9.40894, 'Average Latency (ms)': 28.212856, 'Weather Description_broken clouds': 0.0, 'Weather Description_light rain': 0.0, 'Weather Description_mist': 0.0, 'Weather Description_moderate rain': 0.0, 'Weather Description_overcast clouds': 1.0}
2024-11-27 22:19:26,664 - Anomaly Detection: Anomaly
2024-11-27 22:19:26,664 - Adaptation Occurred: 0, Total Adaptations: 1, Adaptation Frequency: 1
2024-11-27 22:19:26,665 - State Durations - Normal: 610.00s, Degraded: 11.03s
2024-11-27 22:19:26,672 - Content already matches the target. No changes made.
2024-11-27 22:19:36,338 - Avg CPU: 25.00%, Avg Memory: 70.66%, Temp: N/A°C, Latency: 0.11 ms
2024-11-27 22:19:36,679 - Weather: Temp: 0.27°C, Humidity: 98%, Desc: overcast clouds
2024-11-27 22:19:37,129 - Apache Metrics - ReqPerSec: 9.51692, BusyWorkers: 7, IdleWorkers: 68, Cache Hits: N/A, Cache Misses: N/A
2024-11-27 22:19:37,755 - Feature Values: {'CPU Usage (%)': 25.0, 'Memory Usage (%)': 70.6644276828696, 'CPU Temp (°C)': 0, 'Weather Temp (°C)': 0.27, 'Humidity (%)': 98, 'ReqPerSec': 9.51692, 'Average Latency (ms)': 0.113719, 'Weather Description_broken clouds': 0.0, 'Weather Description_light rain': 0.0, 'Weather Description_mist': 0.0, 'Weather Description_moderate rain': 0.0, 'Weather Description_overcast clouds': 1.0}
2024-11-27 22:19:38,124 - Anomaly Detection: Normal
2024-11-27 22:19:38,610 - Cooldown period active. Skipping adaptation.
2024-11-27 22:19:39,187 - Adaptation Occurred: 0, Total Adaptations: 1, Adaptation Frequency: 1
2024-11-27 22:19:39,456 - State Durations - Normal: 610.00s, Degraded: 21.00s
2024-11-27 22:19:41,790 - Content already matches the target. No changes made.
2024-11-27 22:19:52,822 - Avg CPU: 25.32%, Avg Memory: 71.92%, Temp: N/A°C, Latency: 0.53 ms
2024-11-27 22:19:53,661 - Weather: Temp: 0.27°C, Humidity: 98%, Desc: overcast clouds
2024-11-27 22:19:54,589 - Apache Metrics - ReqPerSec: 9.64254, BusyWorkers: 99, IdleWorkers: 1, Cache Hits: N/A, Cache Misses: N/A
2024-11-27 22:19:55,420 - Feature Values: {'CPU Usage (%)': 25.316666666666663, 'Memory Usage (%)': 71.91530806159582, 'CPU Temp (°C)': 0, 'Weather Temp (°C)': 0.27, 'Humidity (%)': 98, 'ReqPerSec': 9.64254, 'Average Latency (ms)': 0.531134, 'Weather Description_broken clouds': 0.0, 'Weather Description_light rain': 0.0, 'Weather Description_mist': 0.0, 'Weather Description_moderate rain': 0.0, 'Weather Description_overcast clouds': 1.0}
2024-11-27 22:19:55,609 - Anomaly Detection: Normal
2024-11-27 22:19:56,229 - Cooldown period active. Skipping adaptation.
2024-11-27 22:19:56,784 - Adaptation Occurred: 0, Total Adaptations: 1, Adaptation Frequency: 1
2024-11-27 22:19:57,333 - State Durations - Normal: 610.00s, Degraded: 36.95s
2024-11-27 22:19:57,598 - Content already matches the target. No changes made.
2024-11-27 22:20:08,851 - Avg CPU: 28.83%, Avg Memory: 72.70%, Temp: N/A°C, Latency: 1.00 ms
2024-11-27 22:20:09,041 - Weather: Temp: 0.27°C, Humidity: 98%, Desc: overcast clouds
2024-11-27 22:20:09,178 - Apache Metrics - ReqPerSec: 9.75084, BusyWorkers: 19, IdleWorkers: 106, Cache Hits: N/A, Cache Misses: N/A
2024-11-27 22:20:09,262 - Feature Values: {'CPU Usage (%)': 28.83333333333333, 'Memory Usage (%)': 72.69964547222953, 'CPU Temp (°C)': 0, 'Weather Temp (°C)': 0.27, 'Humidity (%)': 98, 'ReqPerSec': 9.75084, 'Average Latency (ms)': 1.00058, 'Weather Description_broken clouds': 0.0, 'Weather Description_light rain': 0.0, 'Weather Description_mist': 0.0, 'Weather Description_moderate rain': 0.0, 'Weather Description_overcast clouds': 1.0}
2024-11-27 22:20:09,356 - Anomaly Detection: Normal
2024-11-27 22:20:09,359 - Cooldown period active. Skipping adaptation.
2024-11-27 22:20:09,391 - Adaptation Occurred: 0, Total Adaptations: 1, Adaptation Frequency: 1
2024-11-27 22:20:09,409 - State Durations - Normal: 610.00s, Degraded: 51.89s
2024-11-27 22:20:09,782 - Content already matches the target. No changes made.
2024-11-27 22:20:20,539 - Avg CPU: 28.13%, Avg Memory: 72.58%, Temp: N/A°C, Latency: 1.80 ms
2024-11-27 22:20:20,982 - Weather: Temp: 0.27°C, Humidity: 98%, Desc: overcast clouds
2024-11-27 22:20:21,354 - Apache Metrics - ReqPerSec: 9.8598, BusyWorkers: 1, IdleWorkers: 49, Cache Hits: N/A, Cache Misses: N/A
2024-11-27 22:20:21,733 - Feature Values: {'CPU Usage (%)': 28.13333333333333, 'Memory Usage (%)': 72.57855420525647, 'CPU Temp (°C)': 0, 'Weather Temp (°C)': 0.27, 'Humidity (%)': 98, 'ReqPerSec': 9.8598, 'Average Latency (ms)': 1.803292, 'Weather Description_broken clouds': 0.0, 'Weather Description_light rain': 0.0, 'Weather Description_mist': 0.0, 'Weather Description_moderate rain': 0.0, 'Weather Description_overcast clouds': 1.0}
2024-11-27 22:20:22,073 - Anomaly Detection: Normal
2024-11-27 22:20:22,420 - Normal operation. Adjusting CPU Threshold Upper to 86%, Memory Threshold Upper to 86%
2024-11-27 22:20:22,707 - Adaptation Occurred: 1, Total Adaptations: 2, Adaptation Frequency: 1
2024-11-27 22:20:22,932 - State Durations - Normal: 610.00s, Degraded: 65.03s
2024-11-27 22:20:25,197 - Content switched to normal_content.html
2024-11-27 22:20:35,459 - Avg CPU: 22.95%, Avg Memory: 72.32%, Temp: N/A°C, Latency: 0.33 ms
2024-11-27 22:20:35,544 - Weather: Temp: 0.27°C, Humidity: 98%, Desc: overcast clouds
2024-11-27 22:20:35,552 - Apache Metrics - ReqPerSec: 9.9168, BusyWorkers: 1, IdleWorkers: 49, Cache Hits: N/A, Cache Misses: N/A
2024-11-27 22:20:35,561 - Feature Values: {'CPU Usage (%)': 22.95, 'Memory Usage (%)': 72.3156122254324, 'CPU Temp (°C)': 0, 'Weather Temp (°C)': 0.27, 'Humidity (%)': 98, 'ReqPerSec': 9.9168, 'Average Latency (ms)': 0.327779, 'Weather Description_broken clouds': 0.0, 'Weather Description_light rain': 0.0, 'Weather Description_mist': 0.0, 'Weather Description_moderate rain': 0.0, 'Weather Description_overcast clouds': 1.0}
2024-11-27 22:20:35,606 - Anomaly Detection: Normal
2024-11-27 22:20:35,798 - Adaptation Occurred: 0, Total Adaptations: 2, Adaptation Frequency: 1
2024-11-27 22:20:35,935 - State Durations - Normal: 625.46s, Degraded: 65.03s
2024-11-27 22:20:36,109 - Content already matches the target. No changes made.
2024-11-27 22:20:45,467 - Avg CPU: 22.35%, Avg Memory: 71.19%, Temp: N/A°C, Latency: 2.04 ms
2024-11-27 22:20:45,627 - Weather: Temp: 0.27°C, Humidity: 98%, Desc: overcast clouds
2024-11-27 22:20:45,903 - Apache Metrics - ReqPerSec: 9.99746, BusyWorkers: 1, IdleWorkers: 49, Cache Hits: N/A, Cache Misses: N/A
2024-11-27 22:20:46,847 - Feature Values: {'CPU Usage (%)': 22.350000000000005, 'Memory Usage (%)': 71.18810038198701, 'CPU Temp (°C)': 0, 'Weather Temp (°C)': 0.27, 'Humidity (%)': 98, 'ReqPerSec': 9.99746, 'Average Latency (ms)': 2.035741, 'Weather Description_broken clouds': 0.0, 'Weather Description_light rain': 0.0, 'Weather Description_mist': 0.0, 'Weather Description_moderate rain': 0.0, 'Weather Description_overcast clouds': 1.0}
2024-11-27 22:20:47,536 - Anomaly Detection: Normal
2024-11-27 22:20:47,685 - Adaptation Occurred: 0, Total Adaptations: 2, Adaptation Frequency: 1
2024-11-27 22:20:47,722 - State Durations - Normal: 635.39s, Degraded: 65.03s
2024-11-27 22:20:47,838 - Content already matches the target. No changes made.
2024-11-27 22:20:58,469 - Avg CPU: 20.53%, Avg Memory: 70.12%, Temp: N/A°C, Latency: 2.21 ms
2024-11-27 22:20:58,601 - Weather: Temp: 0.27°C, Humidity: 98%, Desc: overcast clouds
2024-11-27 22:20:58,824 - Apache Metrics - ReqPerSec: 10.0105, BusyWorkers: 1, IdleWorkers: 49, Cache Hits: N/A, Cache Misses: N/A
2024-11-27 22:20:58,882 - Feature Values: {'CPU Usage (%)': 20.533333333333335, 'Memory Usage (%)': 70.11778427734356, 'CPU Temp (°C)': 0, 'Weather Temp (°C)': 0.27, 'Humidity (%)': 98, 'ReqPerSec': 10.0105, 'Average Latency (ms)': 2.2052869999999998, 'Weather Description_broken clouds': 0.0, 'Weather Description_light rain': 0.0, 'Weather Description_mist': 0.0, 'Weather Description_moderate rain': 0.0, 'Weather Description_overcast clouds': 1.0}
2024-11-27 22:20:59,012 - Anomaly Detection: Normal
2024-11-27 22:20:59,024 - Adaptation Occurred: 0, Total Adaptations: 2, Adaptation Frequency: 1
2024-11-27 22:20:59,103 - State Durations - Normal: 647.96s, Degraded: 65.03s
2024-11-27 22:20:59,800 - Content already matches the target. No changes made.
2024-11-27 22:21:09,539 - Avg CPU: 17.62%, Avg Memory: 69.04%, Temp: N/A°C, Latency: 2.21 ms
2024-11-27 22:21:09,754 - Weather: Temp: 0.27°C, Humidity: 98%, Desc: overcast clouds
2024-11-27 22:21:09,909 - Apache Metrics - ReqPerSec: 9.99601, BusyWorkers: 1, IdleWorkers: 49, Cache Hits: N/A, Cache Misses: N/A
2024-11-27 22:21:10,089 - Feature Values: {'CPU Usage (%)': 17.616666666666667, 'Memory Usage (%)': 69.04347470218941, 'CPU Temp (°C)': 0, 'Weather Temp (°C)': 0.27, 'Humidity (%)': 98, 'ReqPerSec': 9.99601, 'Average Latency (ms)': 2.2052869999999998, 'Weather Description_broken clouds': 0.0, 'Weather Description_light rain': 0.0, 'Weather Description_mist': 0.0, 'Weather Description_moderate rain': 0.0, 'Weather Description_overcast clouds': 1.0}
2024-11-27 22:21:10,293 - Anomaly Detection: Normal
2024-11-27 22:21:10,505 - Adaptation Occurred: 0, Total Adaptations: 2, Adaptation Frequency: 1
2024-11-27 22:21:10,615 - State Durations - Normal: 659.24s, Degraded: 65.03s
2024-11-27 22:21:11,370 - Content already matches the target. No changes made.
2024-11-27 22:21:21,885 - Avg CPU: 12.65%, Avg Memory: 68.37%, Temp: N/A°C, Latency: 2.21 ms
2024-11-27 22:21:22,011 - Weather: Temp: 0.27°C, Humidity: 98%, Desc: overcast clouds
2024-11-27 22:21:22,244 - Apache Metrics - ReqPerSec: 9.97886, BusyWorkers: 1, IdleWorkers: 49, Cache Hits: N/A, Cache Misses: N/A
2024-11-27 22:21:22,396 - Feature Values: {'CPU Usage (%)': 12.65, 'Memory Usage (%)': 68.37415584304144, 'CPU Temp (°C)': 0, 'Weather Temp (°C)': 0.27, 'Humidity (%)': 98, 'ReqPerSec': 9.97886, 'Average Latency (ms)': 2.2052869999999998, 'Weather Description_broken clouds': 0.0, 'Weather Description_light rain': 0.0, 'Weather Description_mist': 0.0, 'Weather Description_moderate rain': 0.0, 'Weather Description_overcast clouds': 1.0}
2024-11-27 22:21:22,536 - Anomaly Detection: Normal
2024-11-27 22:21:22,650 - Adaptation Occurred: 0, Total Adaptations: 2, Adaptation Frequency: 1
2024-11-27 22:21:22,711 - State Durations - Normal: 671.59s, Degraded: 65.03s
2024-11-27 22:21:23,410 - Content already matches the target. No changes made.
2024-11-27 22:21:33,692 - Avg CPU: 7.42%, Avg Memory: 68.04%, Temp: N/A°C, Latency: 2.21 ms
2024-11-27 22:21:33,877 - Weather: Temp: 0.27°C, Humidity: 98%, Desc: overcast clouds
2024-11-27 22:21:33,972 - Apache Metrics - ReqPerSec: 9.96311, BusyWorkers: 1, IdleWorkers: 49, Cache Hits: N/A, Cache Misses: N/A
2024-11-27 22:21:34,100 - Feature Values: {'CPU Usage (%)': 7.416666666666668, 'Memory Usage (%)': 68.03685610238598, 'CPU Temp (°C)': 0, 'Weather Temp (°C)': 0.27, 'Humidity (%)': 98, 'ReqPerSec': 9.96311, 'Average Latency (ms)': 2.2052869999999998, 'Weather Description_broken clouds': 0.0, 'Weather Description_light rain': 0.0, 'Weather Description_mist': 0.0, 'Weather Description_moderate rain': 0.0, 'Weather Description_overcast clouds': 1.0}
2024-11-27 22:21:34,110 - Anomaly Detection: Normal
2024-11-27 22:21:34,114 - Adaptation Occurred: 0, Total Adaptations: 2, Adaptation Frequency: 1
2024-11-27 22:21:34,136 - State Durations - Normal: 683.64s, Degraded: 65.03s
2024-11-27 22:21:34,437 - Content already matches the target. No changes made.
2024-11-27 22:21:43,807 - Avg CPU: 6.40%, Avg Memory: 67.87%, Temp: N/A°C, Latency: 2.21 ms
2024-11-27 22:21:43,817 - Weather: Temp: 0.27°C, Humidity: 98%, Desc: overcast clouds
2024-11-27 22:21:43,830 - Apache Metrics - ReqPerSec: 9.95003, BusyWorkers: 1, IdleWorkers: 49, Cache Hits: N/A, Cache Misses: N/A
2024-11-27 22:21:43,859 - Feature Values: {'CPU Usage (%)': 6.3999999999999995, 'Memory Usage (%)': 67.86642402207828, 'CPU Temp (°C)': 0, 'Weather Temp (°C)': 0.27, 'Humidity (%)': 98, 'ReqPerSec': 9.95003, 'Average Latency (ms)': 2.2052869999999998, 'Weather Description_broken clouds': 0.0, 'Weather Description_light rain': 0.0, 'Weather Description_mist': 0.0, 'Weather Description_moderate rain': 0.0, 'Weather Description_overcast clouds': 1.0}
2024-11-27 22:21:43,868 - Anomaly Detection: Normal
2024-11-27 22:21:43,874 - Adaptation Occurred: 0, Total Adaptations: 2, Adaptation Frequency: 1
2024-11-27 22:21:43,906 - State Durations - Normal: 693.74s, Degraded: 65.03s
2024-11-27 22:21:44,320 - Content already matches the target. No changes made.
2024-11-27 22:21:54,429 - Avg CPU: 2.55%, Avg Memory: 67.67%, Temp: N/A°C, Latency: 2.21 ms
2024-11-27 22:21:54,430 - Weather: Temp: 0.27°C, Humidity: 98%, Desc: overcast clouds
2024-11-27 22:21:54,430 - Apache Metrics - ReqPerSec: 9.937, BusyWorkers: 1, IdleWorkers: 49, Cache Hits: N/A, Cache Misses: N/A
2024-11-27 22:21:54,433 - Feature Values: {'CPU Usage (%)': 2.5500000000000003, 'Memory Usage (%)': 67.66849970263496, 'CPU Temp (°C)': 0, 'Weather Temp (°C)': 0.27, 'Humidity (%)': 98, 'ReqPerSec': 9.937, 'Average Latency (ms)': 2.2052869999999998, 'Weather Description_broken clouds': 0.0, 'Weather Description_light rain': 0.0, 'Weather Description_mist': 0.0, 'Weather Description_moderate rain': 0.0, 'Weather Description_overcast clouds': 1.0}
2024-11-27 22:21:54,435 - Anomaly Detection: Normal
2024-11-27 22:21:54,435 - Adaptation Occurred: 0, Total Adaptations: 2, Adaptation Frequency: 1
2024-11-27 22:21:54,435 - State Durations - Normal: 704.46s, Degraded: 65.03s
2024-11-27 22:21:54,439 - Content already matches the target. No changes made.
2024-11-27 22:22:04,583 - Avg CPU: 16.15%, Avg Memory: 67.53%, Temp: N/A°C, Latency: 2.21 ms
2024-11-27 22:22:04,583 - Weather: Temp: 0.27°C, Humidity: 98%, Desc: overcast clouds
2024-11-27 22:22:04,584 - Apache Metrics - ReqPerSec: 9.92268, BusyWorkers: 1, IdleWorkers: 49, Cache Hits: N/A, Cache Misses: N/A
2024-11-27 22:22:04,589 - Feature Values: {'CPU Usage (%)': 16.15, 'Memory Usage (%)': 67.52565887312844, 'CPU Temp (°C)': 0, 'Weather Temp (°C)': 0.27, 'Humidity (%)': 98, 'ReqPerSec': 9.92268, 'Average Latency (ms)': 2.2052869999999998, 'Weather Description_broken clouds': 0.0, 'Weather Description_light rain': 0.0, 'Weather Description_mist': 0.0, 'Weather Description_moderate rain': 0.0, 'Weather Description_overcast clouds': 1.0}
2024-11-27 22:22:04,591 - Anomaly Detection: Normal
2024-11-27 22:22:04,604 - Adaptation Occurred: 0, Total Adaptations: 2, Adaptation Frequency: 1
2024-11-27 22:22:04,604 - State Durations - Normal: 714.54s, Degraded: 65.03s
2024-11-27 22:22:04,608 - Content already matches the target. No changes made.
2024-11-27 22:22:13,750 - Avg CPU: 32.38%, Avg Memory: 67.45%, Temp: N/A°C, Latency: 2.21 ms
2024-11-27 22:22:13,750 - Weather: Temp: 0.27°C, Humidity: 98%, Desc: overcast clouds
2024-11-27 22:22:13,750 - Apache Metrics - ReqPerSec: 9.91102, BusyWorkers: 1, IdleWorkers: 49, Cache Hits: N/A, Cache Misses: N/A
2024-11-27 22:22:13,754 - Feature Values: {'CPU Usage (%)': 32.38333333333333, 'Memory Usage (%)': 67.4504760150841, 'CPU Temp (°C)': 0, 'Weather Temp (°C)': 0.27, 'Humidity (%)': 98, 'ReqPerSec': 9.91102, 'Average Latency (ms)': 2.2052869999999998, 'Weather Description_broken clouds': 0.0, 'Weather Description_light rain': 0.0, 'Weather Description_mist': 0.0, 'Weather Description_moderate rain': 0.0, 'Weather Description_overcast clouds': 1.0}
2024-11-27 22:22:13,756 - Anomaly Detection: Normal
2024-11-27 22:22:13,756 - Adaptation Occurred: 0, Total Adaptations: 2, Adaptation Frequency: 1
2024-11-27 22:22:13,756 - State Durations - Normal: 723.77s, Degraded: 65.03s
2024-11-27 22:22:13,760 - Content already matches the target. No changes made.
2024-11-27 22:22:23,967 - Avg CPU: 48.82%, Avg Memory: 67.37%, Temp: N/A°C, Latency: 2.21 ms
2024-11-27 22:22:23,967 - Weather: Temp: 0.27°C, Humidity: 98%, Desc: overcast clouds
2024-11-27 22:22:23,967 - Apache Metrics - ReqPerSec: 9.89809, BusyWorkers: 1, IdleWorkers: 49, Cache Hits: N/A, Cache Misses: N/A
2024-11-27 22:22:23,972 - Feature Values: {'CPU Usage (%)': 48.81666666666666, 'Memory Usage (%)': 67.36638210713987, 'CPU Temp (°C)': 0, 'Weather Temp (°C)': 0.27, 'Humidity (%)': 98, 'ReqPerSec': 9.89809, 'Average Latency (ms)': 2.2052869999999998, 'Weather Description_broken clouds': 0.0, 'Weather Description_light rain': 0.0, 'Weather Description_mist': 0.0, 'Weather Description_moderate rain': 0.0, 'Weather Description_overcast clouds': 1.0}
2024-11-27 22:22:23,978 - Anomaly Detection: Normal
2024-11-27 22:22:23,978 - Adaptation Occurred: 0, Total Adaptations: 2, Adaptation Frequency: 1
2024-11-27 22:22:23,978 - State Durations - Normal: 733.86s, Degraded: 65.03s
2024-11-27 22:22:23,982 - Content already matches the target. No changes made.
2024-11-27 22:22:34,078 - Avg CPU: 65.30%, Avg Memory: 67.42%, Temp: N/A°C, Latency: 2.21 ms
2024-11-27 22:22:34,078 - Weather: Temp: 0.27°C, Humidity: 98%, Desc: overcast clouds
2024-11-27 22:22:34,078 - Apache Metrics - ReqPerSec: 9.88519, BusyWorkers: 1, IdleWorkers: 49, Cache Hits: N/A, Cache Misses: N/A
2024-11-27 22:22:34,082 - Feature Values: {'CPU Usage (%)': 65.3, 'Memory Usage (%)': 67.42295077205996, 'CPU Temp (°C)': 0, 'Weather Temp (°C)': 0.27, 'Humidity (%)': 98, 'ReqPerSec': 9.88519, 'Average Latency (ms)': 2.2052869999999998, 'Weather Description_broken clouds': 0.0, 'Weather Description_light rain': 0.0, 'Weather Description_mist': 0.0, 'Weather Description_moderate rain': 0.0, 'Weather Description_overcast clouds': 1.0}
2024-11-27 22:22:34,083 - Anomaly Detection: Anomaly
2024-11-27 22:22:34,084 - Anomaly detected. Adjusting CPU Threshold Upper to 81%, Memory Threshold Upper to 81%
2024-11-27 22:22:34,084 - Adaptation Occurred: 1, Total Adaptations: 3, Adaptation Frequency: 2
2024-11-27 22:22:34,084 - State Durations - Normal: 744.08s, Degraded: 65.03s
2024-11-27 22:22:34,088 - Content switched to high_load.html
2024-11-27 22:22:43,261 - Avg CPU: 81.70%, Avg Memory: 67.45%, Temp: N/A°C, Latency: 2.21 ms
2024-11-27 22:22:43,261 - Weather: Temp: 0.27°C, Humidity: 98%, Desc: overcast clouds
2024-11-27 22:22:43,261 - Apache Metrics - ReqPerSec: 9.87362, BusyWorkers: 1, IdleWorkers: 49, Cache Hits: N/A, Cache Misses: N/A
2024-11-27 22:22:43,264 - Feature Values: {'CPU Usage (%)': 81.7, 'Memory Usage (%)': 67.45364438838185, 'CPU Temp (°C)': 0, 'Weather Temp (°C)': 0.27, 'Humidity (%)': 98, 'ReqPerSec': 9.87362, 'Average Latency (ms)': 2.2052869999999998, 'Weather Description_broken clouds': 0.0, 'Weather Description_light rain': 0.0, 'Weather Description_mist': 0.0, 'Weather Description_moderate rain': 0.0, 'Weather Description_overcast clouds': 1.0}
2024-11-27 22:22:43,266 - Anomaly Detection: Anomaly
2024-11-27 22:22:43,266 - Adaptation Occurred: 0, Total Adaptations: 3, Adaptation Frequency: 2
2024-11-27 22:22:43,266 - State Durations - Normal: 744.08s, Degraded: 74.23s
2024-11-27 22:22:43,272 - Content already matches the target. No changes made.
2024-11-27 22:22:53,435 - Avg CPU: 98.13%, Avg Memory: 67.50%, Temp: N/A°C, Latency: 2.21 ms
2024-11-27 22:22:53,436 - Weather: Temp: 0.27°C, Humidity: 98%, Desc: overcast clouds
2024-11-27 22:22:53,436 - Apache Metrics - ReqPerSec: 9.86078, BusyWorkers: 1, IdleWorkers: 49, Cache Hits: N/A, Cache Misses: N/A
2024-11-27 22:22:53,440 - Feature Values: {'CPU Usage (%)': 98.13333333333333, 'Memory Usage (%)': 67.50024587896947, 'CPU Temp (°C)': 0, 'Weather Temp (°C)': 0.27, 'Humidity (%)': 98, 'ReqPerSec': 9.86078, 'Average Latency (ms)': 2.2052869999999998, 'Weather Description_broken clouds': 0.0, 'Weather Description_light rain': 0.0, 'Weather Description_mist': 0.0, 'Weather Description_moderate rain': 0.0, 'Weather Description_overcast clouds': 1.0}
2024-11-27 22:22:53,442 - Anomaly Detection: Anomaly
2024-11-27 22:22:53,455 - Adaptation Occurred: 0, Total Adaptations: 3, Adaptation Frequency: 2
2024-11-27 22:22:53,456 - State Durations - Normal: 744.08s, Degraded: 84.31s
2024-11-27 22:22:53,459 - Content already matches the target. No changes made.
2024-11-27 22:23:03,533 - Avg CPU: 100.00%, Avg Memory: 67.48%, Temp: N/A°C, Latency: 2.21 ms
2024-11-27 22:23:03,533 - Weather: Temp: 0.27°C, Humidity: 98%, Desc: overcast clouds
2024-11-27 22:23:03,534 - Apache Metrics - ReqPerSec: 9.84798, BusyWorkers: 1, IdleWorkers: 49, Cache Hits: N/A, Cache Misses: N/A
2024-11-27 22:23:03,538 - Feature Values: {'CPU Usage (%)': 100.0, 'Memory Usage (%)': 67.48291883749742, 'CPU Temp (°C)': 0, 'Weather Temp (°C)': 0.27, 'Humidity (%)': 98, 'ReqPerSec': 9.84798, 'Average Latency (ms)': 2.2052869999999998, 'Weather Description_broken clouds': 0.0, 'Weather Description_light rain': 0.0, 'Weather Description_mist': 0.0, 'Weather Description_moderate rain': 0.0, 'Weather Description_overcast clouds': 1.0}
2024-11-27 22:23:03,540 - Anomaly Detection: Anomaly
2024-11-27 22:23:03,541 - Adaptation Occurred: 0, Total Adaptations: 3, Adaptation Frequency: 2
2024-11-27 22:23:03,541 - State Durations - Normal: 744.08s, Degraded: 94.50s
2024-11-27 22:23:03,546 - Content already matches the target. No changes made.
2024-11-27 22:23:13,697 - Avg CPU: 100.00%, Avg Memory: 67.41%, Temp: N/A°C, Latency: 2.21 ms
2024-11-27 22:23:13,697 - Weather: Temp: 0.27°C, Humidity: 98%, Desc: overcast clouds
2024-11-27 22:23:13,697 - Apache Metrics - ReqPerSec: 9.83392, BusyWorkers: 1, IdleWorkers: 49, Cache Hits: N/A, Cache Misses: N/A
2024-11-27 22:23:13,700 - Feature Values: {'CPU Usage (%)': 100.0, 'Memory Usage (%)': 67.41423774549118, 'CPU Temp (°C)': 0, 'Weather Temp (°C)': 0.27, 'Humidity (%)': 98, 'ReqPerSec': 9.83392, 'Average Latency (ms)': 2.2052869999999998, 'Weather Description_broken clouds': 0.0, 'Weather Description_light rain': 0.0, 'Weather Description_mist': 0.0, 'Weather Description_moderate rain': 0.0, 'Weather Description_overcast clouds': 1.0}
2024-11-27 22:23:13,702 - Anomaly Detection: Anomaly
2024-11-27 22:23:13,715 - Adaptation Occurred: 0, Total Adaptations: 3, Adaptation Frequency: 2
2024-11-27 22:23:13,716 - State Durations - Normal: 744.08s, Degraded: 104.59s
2024-11-27 22:23:13,719 - Content already matches the target. No changes made.
2024-11-27 22:23:22,963 - Avg CPU: 100.00%, Avg Memory: 67.28%, Temp: N/A°C, Latency: 2.21 ms
2024-11-27 22:23:22,963 - Weather: Temp: 0.27°C, Humidity: 98%, Desc: overcast clouds
2024-11-27 22:23:22,964 - Apache Metrics - ReqPerSec: 9.82248, BusyWorkers: 1, IdleWorkers: 49, Cache Hits: N/A, Cache Misses: N/A
2024-11-27 22:23:22,967 - Feature Values: {'CPU Usage (%)': 100.0, 'Memory Usage (%)': 67.28070401254676, 'CPU Temp (°C)': 0, 'Weather Temp (°C)': 0.27, 'Humidity (%)': 98, 'ReqPerSec': 9.82248, 'Average Latency (ms)': 2.2052869999999998, 'Weather Description_broken clouds': 0.0, 'Weather Description_light rain': 0.0, 'Weather Description_mist': 0.0, 'Weather Description_moderate rain': 0.0, 'Weather Description_overcast clouds': 1.0}
2024-11-27 22:23:22,969 - Anomaly Detection: Anomaly
2024-11-27 22:23:22,969 - Adaptation Occurred: 0, Total Adaptations: 3, Adaptation Frequency: 2
2024-11-27 22:23:22,969 - State Durations - Normal: 744.08s, Degraded: 113.93s
2024-11-27 22:23:22,973 - Content already matches the target. No changes made.
2024-11-27 22:23:33,051 - Avg CPU: 100.00%, Avg Memory: 67.21%, Temp: N/A°C, Latency: 2.21 ms
2024-11-27 22:23:33,051 - Weather: Temp: -0.23°C, Humidity: 93%, Desc: overcast clouds
2024-11-27 22:23:33,051 - Apache Metrics - ReqPerSec: 9.80977, BusyWorkers: 1, IdleWorkers: 49, Cache Hits: N/A, Cache Misses: N/A
2024-11-27 22:23:33,055 - Feature Values: {'CPU Usage (%)': 100.0, 'Memory Usage (%)': 67.21307904497309, 'CPU Temp (°C)': 0, 'Weather Temp (°C)': -0.23, 'Humidity (%)': 93, 'ReqPerSec': 9.80977, 'Average Latency (ms)': 2.2052869999999998, 'Weather Description_broken clouds': 0.0, 'Weather Description_light rain': 0.0, 'Weather Description_mist': 0.0, 'Weather Description_moderate rain': 0.0, 'Weather Description_overcast clouds': 1.0}
2024-11-27 22:23:33,056 - Anomaly Detection: Anomaly
2024-11-27 22:23:33,066 - Adaptation Occurred: 0, Total Adaptations: 3, Adaptation Frequency: 2
2024-11-27 22:23:33,066 - State Durations - Normal: 744.08s, Degraded: 124.01s
2024-11-27 22:23:33,071 - Content already matches the target. No changes made.
2024-11-27 22:23:43,164 - Avg CPU: 100.00%, Avg Memory: 67.17%, Temp: N/A°C, Latency: 2.21 ms
2024-11-27 22:23:43,164 - Weather: Temp: -0.23°C, Humidity: 93%, Desc: overcast clouds
2024-11-27 22:23:43,164 - Apache Metrics - ReqPerSec: 9.7971, BusyWorkers: 1, IdleWorkers: 49, Cache Hits: N/A, Cache Misses: N/A
2024-11-27 22:23:43,169 - Feature Values: {'CPU Usage (%)': 100.0, 'Memory Usage (%)': 67.16809474492287, 'CPU Temp (°C)': 0, 'Weather Temp (°C)': -0.23, 'Humidity (%)': 93, 'ReqPerSec': 9.7971, 'Average Latency (ms)': 2.2052869999999998, 'Weather Description_broken clouds': 0.0, 'Weather Description_light rain': 0.0, 'Weather Description_mist': 0.0, 'Weather Description_moderate rain': 0.0, 'Weather Description_overcast clouds': 1.0}
2024-11-27 22:23:43,188 - Anomaly Detection: Anomaly
2024-11-27 22:23:43,188 - Adaptation Occurred: 0, Total Adaptations: 3, Adaptation Frequency: 2
2024-11-27 22:23:43,188 - State Durations - Normal: 744.08s, Degraded: 134.11s
2024-11-27 22:23:43,192 - Content already matches the target. No changes made.
2024-11-27 22:23:52,444 - Avg CPU: 100.00%, Avg Memory: 67.12%, Temp: N/A°C, Latency: 2.21 ms
2024-11-27 22:23:52,444 - Weather: Temp: -0.23°C, Humidity: 93%, Desc: overcast clouds
2024-11-27 22:23:52,444 - Apache Metrics - ReqPerSec: 9.78574, BusyWorkers: 1, IdleWorkers: 49, Cache Hits: N/A, Cache Misses: N/A
2024-11-27 22:23:52,448 - Feature Values: {'CPU Usage (%)': 100.0, 'Memory Usage (%)': 67.1225163748793, 'CPU Temp (°C)': 0, 'Weather Temp (°C)': -0.23, 'Humidity (%)': 93, 'ReqPerSec': 9.78574, 'Average Latency (ms)': 2.2052869999999998, 'Weather Description_broken clouds': 0.0, 'Weather Description_light rain': 0.0, 'Weather Description_mist': 0.0, 'Weather Description_moderate rain': 0.0, 'Weather Description_overcast clouds': 1.0}
2024-11-27 22:23:52,449 - Anomaly Detection: Anomaly
2024-11-27 22:23:52,459 - Adaptation Occurred: 0, Total Adaptations: 3, Adaptation Frequency: 2
2024-11-27 22:23:52,459 - State Durations - Normal: 744.08s, Degraded: 143.38s
2024-11-27 22:23:52,463 - Content already matches the target. No changes made.
2024-11-27 22:24:02,608 - Avg CPU: 100.00%, Avg Memory: 67.06%, Temp: N/A°C, Latency: 2.21 ms
2024-11-27 22:24:02,608 - Weather: Temp: -0.23°C, Humidity: 93%, Desc: overcast clouds
2024-11-27 22:24:02,608 - Apache Metrics - ReqPerSec: 9.77186, BusyWorkers: 1, IdleWorkers: 49, Cache Hits: N/A, Cache Misses: N/A
2024-11-27 22:24:02,612 - Feature Values: {'CPU Usage (%)': 100.0, 'Memory Usage (%)': 67.05875286226224, 'CPU Temp (°C)': 0, 'Weather Temp (°C)': -0.23, 'Humidity (%)': 93, 'ReqPerSec': 9.77186, 'Average Latency (ms)': 2.2052869999999998, 'Weather Description_broken clouds': 0.0, 'Weather Description_light rain': 0.0, 'Weather Description_mist': 0.0, 'Weather Description_moderate rain': 0.0, 'Weather Description_overcast clouds': 1.0}
2024-11-27 22:24:02,613 - Anomaly Detection: Anomaly
2024-11-27 22:24:02,619 - Adaptation Occurred: 0, Total Adaptations: 3, Adaptation Frequency: 2
2024-11-27 22:24:02,619 - State Durations - Normal: 744.08s, Degraded: 153.51s
2024-11-27 22:24:02,622 - Content already matches the target. No changes made.
2024-11-27 22:24:12,711 - Avg CPU: 100.00%, Avg Memory: 67.01%, Temp: N/A°C, Latency: 2.21 ms
2024-11-27 22:24:12,711 - Weather: Temp: 0.27°C, Humidity: 98%, Desc: overcast clouds
2024-11-27 22:24:12,711 - Apache Metrics - ReqPerSec: 9.75929, BusyWorkers: 1, IdleWorkers: 49, Cache Hits: N/A, Cache Misses: N/A
2024-11-27 22:24:12,714 - Feature Values: {'CPU Usage (%)': 100.0, 'Memory Usage (%)': 67.01168931723537, 'CPU Temp (°C)': 0, 'Weather Temp (°C)': 0.27, 'Humidity (%)': 98, 'ReqPerSec': 9.75929, 'Average Latency (ms)': 2.2052869999999998, 'Weather Description_broken clouds': 0.0, 'Weather Description_light rain': 0.0, 'Weather Description_mist': 0.0, 'Weather Description_moderate rain': 0.0, 'Weather Description_overcast clouds': 1.0}
2024-11-27 22:24:12,716 - Anomaly Detection: Anomaly
2024-11-27 22:24:12,716 - Adaptation Occurred: 0, Total Adaptations: 3, Adaptation Frequency: 2
2024-11-27 22:24:12,717 - State Durations - Normal: 744.08s, Degraded: 163.67s
2024-11-27 22:24:12,720 - Content already matches the target. No changes made.
2024-11-27 22:24:22,004 - Avg CPU: 100.00%, Avg Memory: 67.07%, Temp: N/A°C, Latency: 2.21 ms
2024-11-27 22:24:22,004 - Weather: Temp: 0.27°C, Humidity: 98%, Desc: overcast clouds
2024-11-27 22:24:22,004 - Apache Metrics - ReqPerSec: 9.74802, BusyWorkers: 1, IdleWorkers: 49, Cache Hits: N/A, Cache Misses: N/A
2024-11-27 22:24:22,008 - Feature Values: {'CPU Usage (%)': 100.0, 'Memory Usage (%)': 67.06918209103397, 'CPU Temp (°C)': 0, 'Weather Temp (°C)': 0.27, 'Humidity (%)': 98, 'ReqPerSec': 9.74802, 'Average Latency (ms)': 2.2052869999999998, 'Weather Description_broken clouds': 0.0, 'Weather Description_light rain': 0.0, 'Weather Description_mist': 0.0, 'Weather Description_moderate rain': 0.0, 'Weather Description_overcast clouds': 1.0}
2024-11-27 22:24:22,009 - Anomaly Detection: Anomaly
2024-11-27 22:24:22,010 - Adaptation Occurred: 0, Total Adaptations: 3, Adaptation Frequency: 2
2024-11-27 22:24:22,010 - State Durations - Normal: 744.08s, Degraded: 172.91s
2024-11-27 22:24:22,014 - Content already matches the target. No changes made.
2024-11-27 22:24:32,086 - Avg CPU: 100.00%, Avg Memory: 67.12%, Temp: N/A°C, Latency: 2.21 ms
2024-11-27 22:24:32,086 - Weather: Temp: 0.27°C, Humidity: 98%, Desc: overcast clouds
2024-11-27 22:24:32,086 - Apache Metrics - ReqPerSec: 9.73551, BusyWorkers: 1, IdleWorkers: 49, Cache Hits: N/A, Cache Misses: N/A
2024-11-27 22:24:32,089 - Feature Values: {'CPU Usage (%)': 100.0, 'Memory Usage (%)': 67.11512350385122, 'CPU Temp (°C)': 0, 'Weather Temp (°C)': 0.27, 'Humidity (%)': 98, 'ReqPerSec': 9.73551, 'Average Latency (ms)': 2.2052869999999998, 'Weather Description_broken clouds': 0.0, 'Weather Description_light rain': 0.0, 'Weather Description_mist': 0.0, 'Weather Description_moderate rain': 0.0, 'Weather Description_overcast clouds': 1.0}
2024-11-27 22:24:32,092 - Anomaly Detection: Anomaly
2024-11-27 22:24:32,110 - Adaptation Occurred: 0, Total Adaptations: 3, Adaptation Frequency: 2
2024-11-27 22:24:32,110 - State Durations - Normal: 744.08s, Degraded: 183.06s
2024-11-27 22:24:32,114 - Content already matches the target. No changes made.
2024-11-27 22:24:42,337 - Avg CPU: 99.00%, Avg Memory: 67.07%, Temp: N/A°C, Latency: 2.21 ms
2024-11-27 22:24:42,337 - Weather: Temp: 0.27°C, Humidity: 98%, Desc: overcast clouds
2024-11-27 22:24:42,338 - Apache Metrics - ReqPerSec: 9.72303, BusyWorkers: 1, IdleWorkers: 49, Cache Hits: N/A, Cache Misses: N/A
2024-11-27 22:24:42,341 - Feature Values: {'CPU Usage (%)': 99.0, 'Memory Usage (%)': 67.07281251877096, 'CPU Temp (°C)': 0, 'Weather Temp (°C)': 0.27, 'Humidity (%)': 98, 'ReqPerSec': 9.72303, 'Average Latency (ms)': 2.2052869999999998, 'Weather Description_broken clouds': 0.0, 'Weather Description_light rain': 0.0, 'Weather Description_mist': 0.0, 'Weather Description_moderate rain': 0.0, 'Weather Description_overcast clouds': 1.0}
2024-11-27 22:24:42,342 - Anomaly Detection: Anomaly
2024-11-27 22:24:42,343 - Adaptation Occurred: 0, Total Adaptations: 3, Adaptation Frequency: 2
2024-11-27 22:24:42,343 - State Durations - Normal: 744.08s, Degraded: 193.17s
2024-11-27 22:24:42,347 - Content already matches the target. No changes made.
2024-11-27 22:24:51,576 - Avg CPU: 82.58%, Avg Memory: 66.98%, Temp: N/A°C, Latency: 2.21 ms
2024-11-27 22:24:51,577 - Weather: Temp: 0.27°C, Humidity: 98%, Desc: overcast clouds
2024-11-27 22:24:51,577 - Apache Metrics - ReqPerSec: 9.71185, BusyWorkers: 1, IdleWorkers: 49, Cache Hits: N/A, Cache Misses: N/A
2024-11-27 22:24:51,582 - Feature Values: {'CPU Usage (%)': 82.58333333333333, 'Memory Usage (%)': 66.98053364647423, 'CPU Temp (°C)': 0, 'Weather Temp (°C)': 0.27, 'Humidity (%)': 98, 'ReqPerSec': 9.71185, 'Average Latency (ms)': 2.2052869999999998, 'Weather Description_broken clouds': 0.0, 'Weather Description_light rain': 0.0, 'Weather Description_mist': 0.0, 'Weather Description_moderate rain': 0.0, 'Weather Description_overcast clouds': 1.0}
2024-11-27 22:24:51,584 - Anomaly Detection: Anomaly
2024-11-27 22:24:51,584 - Adaptation Occurred: 0, Total Adaptations: 3, Adaptation Frequency: 2
2024-11-27 22:24:51,584 - State Durations - Normal: 744.08s, Degraded: 202.54s
2024-11-27 22:24:51,590 - Content already matches the target. No changes made.
2024-11-27 22:25:01,669 - Avg CPU: 66.02%, Avg Memory: 66.85%, Temp: N/A°C, Latency: 2.21 ms
2024-11-27 22:25:01,669 - Weather: Temp: 0.27°C, Humidity: 98%, Desc: overcast clouds
2024-11-27 22:25:01,670 - Apache Metrics - ReqPerSec: 9.69818, BusyWorkers: 1, IdleWorkers: 49, Cache Hits: N/A, Cache Misses: N/A
2024-11-27 22:25:01,673 - Feature Values: {'CPU Usage (%)': 66.01666666666667, 'Memory Usage (%)': 66.84663687075611, 'CPU Temp (°C)': 0, 'Weather Temp (°C)': 0.27, 'Humidity (%)': 98, 'ReqPerSec': 9.69818, 'Average Latency (ms)': 2.2052869999999998, 'Weather Description_broken clouds': 0.0, 'Weather Description_light rain': 0.0, 'Weather Description_mist': 0.0, 'Weather Description_moderate rain': 0.0, 'Weather Description_overcast clouds': 1.0}
2024-11-27 22:25:01,675 - Anomaly Detection: Anomaly
2024-11-27 22:25:01,675 - Adaptation Occurred: 0, Total Adaptations: 3, Adaptation Frequency: 2
2024-11-27 22:25:01,675 - State Durations - Normal: 744.08s, Degraded: 212.65s
2024-11-27 22:25:01,679 - Content already matches the target. No changes made.
2024-11-27 22:25:11,751 - Avg CPU: 49.48%, Avg Memory: 66.70%, Temp: N/A°C, Latency: 2.21 ms
2024-11-27 22:25:11,751 - Weather: Temp: 0.27°C, Humidity: 98%, Desc: overcast clouds
2024-11-27 22:25:11,752 - Apache Metrics - ReqPerSec: 9.6858, BusyWorkers: 1, IdleWorkers: 49, Cache Hits: N/A, Cache Misses: N/A
2024-11-27 22:25:11,755 - Feature Values: {'CPU Usage (%)': 49.48333333333334, 'Memory Usage (%)': 66.70033063295519, 'CPU Temp (°C)': 0, 'Weather Temp (°C)': 0.27, 'Humidity (%)': 98, 'ReqPerSec': 9.6858, 'Average Latency (ms)': 2.2052869999999998, 'Weather Description_broken clouds': 0.0, 'Weather Description_light rain': 0.0, 'Weather Description_mist': 0.0, 'Weather Description_moderate rain': 0.0, 'Weather Description_overcast clouds': 1.0}
2024-11-27 22:25:11,757 - Anomaly Detection: Normal
2024-11-27 22:25:11,757 - Normal operation. Adjusting CPU Threshold Upper to 82%, Memory Threshold Upper to 82%
2024-11-27 22:25:11,757 - Adaptation Occurred: 1, Total Adaptations: 4, Adaptation Frequency: 2
2024-11-27 22:25:11,757 - State Durations - Normal: 744.08s, Degraded: 222.72s
2024-11-27 22:25:11,761 - Content switched to normal_content.html
2024-11-27 22:25:20,981 - Avg CPU: 32.97%, Avg Memory: 66.52%, Temp: N/A°C, Latency: 2.21 ms
2024-11-27 22:25:20,981 - Weather: Temp: 0.27°C, Humidity: 98%, Desc: overcast clouds
2024-11-27 22:25:20,981 - Apache Metrics - ReqPerSec: 9.6747, BusyWorkers: 1, IdleWorkers: 49, Cache Hits: N/A, Cache Misses: N/A
2024-11-27 22:25:20,985 - Feature Values: {'CPU Usage (%)': 32.96666666666667, 'Memory Usage (%)': 66.52036042886573, 'CPU Temp (°C)': 0, 'Weather Temp (°C)': 0.27, 'Humidity (%)': 98, 'ReqPerSec': 9.6747, 'Average Latency (ms)': 2.2052869999999998, 'Weather Description_broken clouds': 0.0, 'Weather Description_light rain': 0.0, 'Weather Description_mist': 0.0, 'Weather Description_moderate rain': 0.0, 'Weather Description_overcast clouds': 1.0}
2024-11-27 22:25:20,986 - Anomaly Detection: Normal
2024-11-27 22:25:20,987 - Adaptation Occurred: 0, Total Adaptations: 4, Adaptation Frequency: 2
2024-11-27 22:25:20,987 - State Durations - Normal: 753.32s, Degraded: 222.72s
2024-11-27 22:25:20,990 - Content already matches the target. No changes made.
2024-11-27 22:25:31,196 - Avg CPU: 16.40%, Avg Memory: 66.34%, Temp: N/A°C, Latency: 2.21 ms
2024-11-27 22:25:31,197 - Weather: Temp: 0.27°C, Humidity: 98%, Desc: overcast clouds
2024-11-27 22:25:31,197 - Apache Metrics - ReqPerSec: 9.66238, BusyWorkers: 1, IdleWorkers: 49, Cache Hits: N/A, Cache Misses: N/A
2024-11-27 22:25:31,200 - Feature Values: {'CPU Usage (%)': 16.4, 'Memory Usage (%)': 66.34306353974625, 'CPU Temp (°C)': 0, 'Weather Temp (°C)': 0.27, 'Humidity (%)': 98, 'ReqPerSec': 9.66238, 'Average Latency (ms)': 2.2052869999999998, 'Weather Description_broken clouds': 0.0, 'Weather Description_light rain': 0.0, 'Weather Description_mist': 0.0, 'Weather Description_moderate rain': 0.0, 'Weather Description_overcast clouds': 1.0}
2024-11-27 22:25:31,202 - Anomaly Detection: Normal
2024-11-27 22:25:31,202 - Adaptation Occurred: 0, Total Adaptations: 4, Adaptation Frequency: 2
2024-11-27 22:25:31,202 - State Durations - Normal: 763.40s, Degraded: 222.72s
2024-11-27 22:25:31,206 - Content already matches the target. No changes made.
2024-11-27 22:25:41,280 - Avg CPU: 0.88%, Avg Memory: 66.23%, Temp: N/A°C, Latency: 2.21 ms
2024-11-27 22:25:41,281 - Weather: Temp: 0.27°C, Humidity: 98%, Desc: overcast clouds
2024-11-27 22:25:41,281 - Apache Metrics - ReqPerSec: 9.65009, BusyWorkers: 1, IdleWorkers: 49, Cache Hits: N/A, Cache Misses: N/A
2024-11-27 22:25:41,284 - Feature Values: {'CPU Usage (%)': 0.8833333333333334, 'Memory Usage (%)': 66.23085031878456, 'CPU Temp (°C)': 0, 'Weather Temp (°C)': 0.27, 'Humidity (%)': 98, 'ReqPerSec': 9.65009, 'Average Latency (ms)': 2.2052869999999998, 'Weather Description_broken clouds': 0.0, 'Weather Description_light rain': 0.0, 'Weather Description_mist': 0.0, 'Weather Description_moderate rain': 0.0, 'Weather Description_overcast clouds': 1.0}
2024-11-27 22:25:41,286 - Anomaly Detection: Normal
2024-11-27 22:25:41,286 - Adaptation Occurred: 0, Total Adaptations: 4, Adaptation Frequency: 2
2024-11-27 22:25:41,286 - State Durations - Normal: 773.62s, Degraded: 222.72s
2024-11-27 22:25:41,290 - Content already matches the target. No changes made.
2024-11-27 22:25:51,460 - Avg CPU: 0.72%, Avg Memory: 66.15%, Temp: N/A°C, Latency: 2.21 ms
2024-11-27 22:25:51,461 - Weather: Temp: 0.27°C, Humidity: 98%, Desc: overcast clouds
2024-11-27 22:25:51,461 - Apache Metrics - ReqPerSec: 9.63783, BusyWorkers: 1, IdleWorkers: 49, Cache Hits: N/A, Cache Misses: N/A
2024-11-27 22:25:51,464 - Feature Values: {'CPU Usage (%)': 0.7166666666666667, 'Memory Usage (%)': 66.14504020863738, 'CPU Temp (°C)': 0, 'Weather Temp (°C)': 0.27, 'Humidity (%)': 98, 'ReqPerSec': 9.63783, 'Average Latency (ms)': 2.2073063063063065, 'Weather Description_broken clouds': 0.0, 'Weather Description_light rain': 0.0, 'Weather Description_mist': 0.0, 'Weather Description_moderate rain': 0.0, 'Weather Description_overcast clouds': 1.0}
2024-11-27 22:25:51,466 - Anomaly Detection: Normal
2024-11-27 22:25:51,466 - Adaptation Occurred: 0, Total Adaptations: 4, Adaptation Frequency: 2
2024-11-27 22:25:51,466 - State Durations - Normal: 783.70s, Degraded: 222.72s
2024-11-27 22:25:51,470 - Content already matches the target. No changes made.
2024-11-27 22:26:00,725 - Avg CPU: 0.73%, Avg Memory: 66.15%, Temp: N/A°C, Latency: 2.21 ms
2024-11-27 22:26:00,726 - Weather: Temp: 0.27°C, Humidity: 98%, Desc: overcast clouds
2024-11-27 22:26:00,726 - Apache Metrics - ReqPerSec: 9.62561, BusyWorkers: 1, IdleWorkers: 49, Cache Hits: N/A, Cache Misses: N/A
2024-11-27 22:26:00,730 - Feature Values: {'CPU Usage (%)': 0.7333333333333334, 'Memory Usage (%)': 66.14685542250588, 'CPU Temp (°C)': 0, 'Weather Temp (°C)': 0.27, 'Humidity (%)': 98, 'ReqPerSec': 9.62561, 'Average Latency (ms)': 2.2092675350701403, 'Weather Description_broken clouds': 0.0, 'Weather Description_light rain': 0.0, 'Weather Description_mist': 0.0, 'Weather Description_moderate rain': 0.0, 'Weather Description_overcast clouds': 1.0}
2024-11-27 22:26:00,731 - Anomaly Detection: Normal
2024-11-27 22:26:00,731 - Adaptation Occurred: 0, Total Adaptations: 4, Adaptation Frequency: 2
2024-11-27 22:26:00,731 - State Durations - Normal: 793.03s, Degraded: 222.72s
2024-11-27 22:26:00,735 - Content already matches the target. No changes made.
2024-11-27 22:26:10,923 - Avg CPU: 0.70%, Avg Memory: 66.13%, Temp: N/A°C, Latency: 2.21 ms
2024-11-27 22:26:10,924 - Weather: Temp: 0.27°C, Humidity: 98%, Desc: overcast clouds
2024-11-27 22:26:10,924 - Apache Metrics - ReqPerSec: 9.61342, BusyWorkers: 1, IdleWorkers: 49, Cache Hits: N/A, Cache Misses: N/A
2024-11-27 22:26:10,927 - Feature Values: {'CPU Usage (%)': 0.6999999999999998, 'Memory Usage (%)': 66.12837324493573, 'CPU Temp (°C)': 0, 'Weather Temp (°C)': 0.27, 'Humidity (%)': 98, 'ReqPerSec': 9.61342, 'Average Latency (ms)': 2.2102748244734203, 'Weather Description_broken clouds': 0.0, 'Weather Description_light rain': 0.0, 'Weather Description_mist': 0.0, 'Weather Description_moderate rain': 0.0, 'Weather Description_overcast clouds': 1.0}
2024-11-27 22:26:10,929 - Anomaly Detection: Normal
2024-11-27 22:26:10,929 - Adaptation Occurred: 0, Total Adaptations: 4, Adaptation Frequency: 2
2024-11-27 22:26:10,929 - State Durations - Normal: 803.15s, Degraded: 222.72s
2024-11-27 22:26:10,933 - Content already matches the target. No changes made.
2024-11-27 22:26:21,017 - Avg CPU: 0.70%, Avg Memory: 66.11%, Temp: N/A°C, Latency: 2.21 ms
2024-11-27 22:26:21,018 - Weather: Temp: 0.27°C, Humidity: 98%, Desc: overcast clouds
2024-11-27 22:26:21,018 - Apache Metrics - ReqPerSec: 9.60125, BusyWorkers: 1, IdleWorkers: 49, Cache Hits: N/A, Cache Misses: N/A
2024-11-27 22:26:21,021 - Feature Values: {'CPU Usage (%)': 0.7000000000000001, 'Memory Usage (%)': 66.11352149510256, 'CPU Temp (°C)': 0, 'Weather Temp (°C)': 0.27, 'Humidity (%)': 98, 'ReqPerSec': 9.60125, 'Average Latency (ms)': 2.2123112449799196, 'Weather Description_broken clouds': 0.0, 'Weather Description_light rain': 0.0, 'Weather Description_mist': 0.0, 'Weather Description_moderate rain': 0.0, 'Weather Description_overcast clouds': 1.0}
2024-11-27 22:26:21,022 - Anomaly Detection: Normal
2024-11-27 22:26:21,023 - Adaptation Occurred: 0, Total Adaptations: 4, Adaptation Frequency: 2
2024-11-27 22:26:21,023 - State Durations - Normal: 813.35s, Degraded: 222.72s
2024-11-27 22:26:21,026 - Content already matches the target. No changes made.
2024-11-27 22:26:30,368 - Avg CPU: 0.80%, Avg Memory: 66.12%, Temp: N/A°C, Latency: 2.21 ms
2024-11-27 22:26:30,368 - Weather: Temp: 0.27°C, Humidity: 98%, Desc: overcast clouds
2024-11-27 22:26:30,369 - Apache Metrics - ReqPerSec: 9.59035, BusyWorkers: 1, IdleWorkers: 49, Cache Hits: N/A, Cache Misses: N/A
2024-11-27 22:26:30,372 - Feature Values: {'CPU Usage (%)': 0.7999999999999999, 'Memory Usage (%)': 66.1223665372254, 'CPU Temp (°C)': 0, 'Weather Temp (°C)': 0.27, 'Humidity (%)': 98, 'ReqPerSec': 9.59035, 'Average Latency (ms)': 2.213358793969849, 'Weather Description_broken clouds': 0.0, 'Weather Description_light rain': 0.0, 'Weather Description_mist': 0.0, 'Weather Description_moderate rain': 0.0, 'Weather Description_overcast clouds': 1.0}
2024-11-27 22:26:30,373 - Anomaly Detection: Normal
2024-11-27 22:26:30,374 - Adaptation Occurred: 0, Total Adaptations: 4, Adaptation Frequency: 2
2024-11-27 22:26:30,374 - State Durations - Normal: 822.57s, Degraded: 222.72s
2024-11-27 22:26:30,377 - Content already matches the target. No changes made.
